<?xml version="1.0" encoding="utf-8"?>
<TestRun id="d04c3d5e-70dc-47d0-b96e-0dfd2a90563b" name="mtnoo@TASNOORI 2026-08-11 16:22:46" runUser="TASNOORI\mtnoo" xmlns="http://microsoft.com/schemas/VisualStudio/TeamTest/2010">
  <Times creation="2026-08-11T16:22:46.2930638+05:30" queuing="2026-08-11T16:22:46.2930643+05:30" start="2026-08-11T16:21:07.0443959+05:30" finish="2026-08-11T16:43:44.1852039+05:30" />
  <TestSettings name="default" id="741b3552-4139-4ded-91d9-609f05faeb2a">
    <Deployment runDeploymentRoot="mtnoo_TASNOORI_2026-08-11_16_22_46" />
  </TestSettings>
  <Results>
    <UnitTestResult executionId="fc1ef220-5c38-4b4c-84eb-0991e2d484cf" testId="d1f3747c-5eca-0c4a-aa49-6dab5734bd8b" testName="Handle_ValidationFailed_ReturnsError" computerName="TASNOORI" duration="00:00:04.5681459" startTime="2026-08-11T16:31:02.5822187+05:30" endTime="2026-08-11T16:31:07.1503657+05:30" testType="13cdc9d9-ddb5-4fa4-a97d-d965ccfc6d4b" outcome="Passed" testListId="8c84fa94-04c1-424b-9868-57a2d4851a1d" relativeResultsDirectory="fc1ef220-5c38-4b4c-84eb-0991e2d484cf" />
    <UnitTestResult executionId="5fd3e68f-bcef-4947-b448-1444377b4820" testId="3cec8734-608e-df23-064f-0989ce8db124" testName="Handle_DuplicateDoctor_ReturnsError" computerName="TASNOORI" duration="00:00:00.5492920" startTime="2026-08-11T16:28:47.1097273+05:30" endTime="2026-08-11T16:28:47.6590195+05:30" testType="13cdc9d9-ddb5-4fa4-a97d-d965ccfc6d4b" outcome="Passed" testListId="8c84fa94-04c1-424b-9868-57a2d4851a1d" relativeResultsDirectory="5fd3e68f-bcef-4947-b448-1444377b4820" />
    <UnitTestResult executionId="52521f3a-254d-4eaf-b088-2d447a86b509" testId="338dc813-bd82-b573-7a35-395b517b8e10" testName="Handle_HospitalSpecificRowExists_ReturnsIt" computerName="TASNOORI" duration="00:00:00.2185580" startTime="2026-08-11T16:40:06.8176426+05:30" endTime="2026-08-11T16:40:07.0362004+05:30" testType="13cdc9d9-ddb5-4fa4-a97d-d965ccfc6d4b" outcome="Passed" testListId="8c84fa94-04c1-424b-9868-57a2d4851a1d" relativeResultsDirectory="52521f3a-254d-4eaf-b088-2d447a86b509" />
    <UnitTestResult executionId="28b0f1fd-bb0e-458e-b2dc-baaca5feffcd" testId="aea259c3-61cd-587e-294d-5f5b9f2eec03" testName="Handle_FilterByStatus_ReturnsOnlyMatching" computerName="TASNOORI" duration="00:00:00.6465670" startTime="2026-08-11T16:39:56.1657791+05:30" endTime="2026-08-11T16:39:56.8123462+05:30" testType="13cdc9d9-ddb5-4fa4-a97d-d965ccfc6d4b" outcome="Passed" testListId="8c84fa94-04c1-424b-9868-57a2d4851a1d" relativeResultsDirectory="28b0f1fd-bb0e-458e-b2dc-baaca5feffcd" />
    <UnitTestResult executionId="184c3cd5-6938-4a50-85bf-7fd6d906b450" testId="31766e6d-c623-753b-0933-bacf83b9153f" testName="Handle_PackageTypeIds_RoundTrip_OnCreateAndUpdate" computerName="TASNOORI" duration="00:00:01.5161430" startTime="2026-08-11T16:37:34.9886018+05:30" endTime="2026-08-11T16:37:36.5047451+05:30" testType="13cdc9d9-ddb5-4fa4-a97d-d965ccfc6d4b" outcome="Passed" testListId="8c84fa94-04c1-424b-9868-57a2d4851a1d" relativeResultsDirectory="184c3cd5-6938-4a50-85bf-7fd6d906b450" />
    <UnitTestResult executionId="919adfc0-c107-419f-9412-657bd422ba06" testId="975b5c61-caa8-898c-f5d7-e4828e8ee1da" testName="Resolve_NonIcuRoomAboveThreshold_FivePercentNoItc" computerName="TASNOORI" duration="00:00:00.0533590" startTime="2026-08-11T16:42:10.1497264+05:30" endTime="2026-08-11T16:42:10.2030870+05:30" testType="13cdc9d9-ddb5-4fa4-a97d-d965ccfc6d4b" outcome="Passed" testListId="8c84fa94-04c1-424b-9868-57a2d4851a1d" relativeResultsDirectory="919adfc0-c107-419f-9412-657bd422ba06" />
    <UnitTestResult executionId="2027b6d9-6ef8-473e-9b95-5ce7d82f4065" testId="c653f54b-a0d3-a50d-b5f0-a63439ecc399" testName="Handle_NoDocuments_ReturnsEmptyList" computerName="TASNOORI" duration="00:00:00.4746170" startTime="2026-08-11T16:39:53.0017916+05:30" endTime="2026-08-11T16:39:53.4764087+05:30" testType="13cdc9d9-ddb5-4fa4-a97d-d965ccfc6d4b" outcome="Passed" testListId="8c84fa94-04c1-424b-9868-57a2d4851a1d" relativeResultsDirectory="2027b6d9-6ef8-473e-9b95-5ce7d82f4065" />
    <UnitTestResult executionId="74f94517-9e77-4958-ab31-862fd151d280" testId="41c3e116-7221-7414-f044-922680a7b67c" testName="Handle_UnpaidEncounter_StillDischarges_ButFlagsOutstandingBalance" computerName="TASNOORI" duration="00:00:00.5082130" startTime="2026-08-11T16:28:44.1654054+05:30" endTime="2026-08-11T16:28:44.6736185+05:30" testType="13cdc9d9-ddb5-4fa4-a97d-d965ccfc6d4b" outcome="Passed" testListId="8c84fa94-04c1-424b-9868-57a2d4851a1d" relativeResultsDirectory="74f94517-9e77-4958-ab31-862fd151d280" />
    <UnitTestResult executionId="2383783e-7a79-4922-93cd-49e4c0dbc26e" testId="79c4a1c4-5498-06f6-eb4e-30b2d16051f4" testName="Handle_HospitalWithCode_ReturnsValidPng" computerName="TASNOORI" duration="00:00:00.5074220" startTime="2026-08-11T16:40:18.0515414+05:30" endTime="2026-08-11T16:40:18.5589630+05:30" testType="13cdc9d9-ddb5-4fa4-a97d-d965ccfc6d4b" outcome="Passed" testListId="8c84fa94-04c1-424b-9868-57a2d4851a1d" relativeResultsDirectory="2383783e-7a79-4922-93cd-49e4c0dbc26e" />
    <UnitTestResult executionId="db685d0e-56e8-4d56-a968-35b6725fe535" testId="3a0d25a7-5fb3-1201-306b-9869c5b27822" testName="Handle_UnknownCode_ReturnsFailure" computerName="TASNOORI" duration="00:00:00.2684080" startTime="2026-08-11T16:40:11.7952592+05:30" endTime="2026-08-11T16:40:12.0636673+05:30" testType="13cdc9d9-ddb5-4fa4-a97d-d965ccfc6d4b" outcome="Passed" testListId="8c84fa94-04c1-424b-9868-57a2d4851a1d" relativeResultsDirectory="db685d0e-56e8-4d56-a968-35b6725fe535" />
    <UnitTestResult executionId="e7259358-c954-44c2-bb61-8aff56d87c7e" testId="1c93cd9f-db19-2392-9c9b-5f5c3a9f7b0e" testName="Handle_NotFound_ReturnsNull" computerName="TASNOORI" duration="00:00:05.1559880" startTime="2026-08-11T16:43:23.3608206+05:30" endTime="2026-08-11T16:43:28.5168083+05:30" testType="13cdc9d9-ddb5-4fa4-a97d-d965ccfc6d4b" outcome="Passed" testListId="8c84fa94-04c1-424b-9868-57a2d4851a1d" relativeResultsDirectory="e7259358-c954-44c2-bb61-8aff56d87c7e" />
    <UnitTestResult executionId="149a9e02-8872-40d5-9f0a-64e12ea944e7" testId="d1e58e1b-ae9a-45f9-b1ff-774be8b17551" testName="Handle_Success_WithTokenReset_WhenStatusHistoryJsonWasNull" computerName="TASNOORI" duration="00:00:07.5489300" startTime="2026-08-11T16:24:06.2633785+05:30" endTime="2026-08-11T16:24:13.8123082+05:30" testType="13cdc9d9-ddb5-4fa4-a97d-d965ccfc6d4b" outcome="Passed" testListId="8c84fa94-04c1-424b-9868-57a2d4851a1d" relativeResultsDirectory="149a9e02-8872-40d5-9f0a-64e12ea944e7" />
    <UnitTestResult executionId="0ad82892-61a7-4048-b143-4fe67353171a" testId="05b35e36-0434-488c-a0c3-684bec0cbed5" testName="ComputeCoagulationScore_SeverelyLow_ReturnsFour" computerName="TASNOORI" duration="00:00:00.0017780" startTime="2026-08-11T16:43:14.7261356+05:30" endTime="2026-08-11T16:43:14.7279126+05:30" testType="13cdc9d9-ddb5-4fa4-a97d-d965ccfc6d4b" outcome="Passed" testListId="8c84fa94-04c1-424b-9868-57a2d4851a1d" relativeResultsDirectory="0ad82892-61a7-4048-b143-4fe67353171a" />
    <UnitTestResult executionId="3784b4ab-a76c-4bcb-bb29-a48e943ede05" testId="c5d3ff37-9907-ad4e-54f1-01e2b3a3396c" testName="Handle_NoExistingAccessToken_MintsOneAndReturnsValidPng" computerName="TASNOORI" duration="00:00:17.1021870" startTime="2026-08-11T16:31:16.0705439+05:30" endTime="2026-08-11T16:31:33.1727325+05:30" testType="13cdc9d9-ddb5-4fa4-a97d-d965ccfc6d4b" outcome="Passed" testListId="8c84fa94-04c1-424b-9868-57a2d4851a1d" relativeResultsDirectory="3784b4ab-a76c-4bcb-bb29-a48e943ede05" />
    <UnitTestResult executionId="f5abe342-fe26-4d56-acfc-aaf13c281539" testId="27ff7b48-1381-0d7a-0bd1-5361a81958af" testName="Handle_NotFound_ReturnsFailure" computerName="TASNOORI" duration="00:00:00.2790440" startTime="2026-08-11T16:40:07.5706212+05:30" endTime="2026-08-11T16:40:07.8496644+05:30" testType="13cdc9d9-ddb5-4fa4-a97d-d965ccfc6d4b" outcome="Passed" testListId="8c84fa94-04c1-424b-9868-57a2d4851a1d" relativeResultsDirectory="f5abe342-fe26-4d56-acfc-aaf13c281539" />
    <UnitTestResult executionId="e77d1a63-dbb1-444b-9ee3-2d49c3c58c18" testId="6829a244-ce8a-5777-77c7-c04966202e1b" testName="Handle_SummaryNotFound_ReturnsFailure" computerName="TASNOORI" duration="00:00:07.0045280" startTime="2026-08-11T16:31:33.2634214+05:30" endTime="2026-08-11T16:31:40.2679511+05:30" testType="13cdc9d9-ddb5-4fa4-a97d-d965ccfc6d4b" outcome="Passed" testListId="8c84fa94-04c1-424b-9868-57a2d4851a1d" relativeResultsDirectory="e77d1a63-dbb1-444b-9ee3-2d49c3c58c18" />
    <UnitTestResult executionId="7652bea5-9d21-4c2a-ab3d-681efa501419" testId="013247fd-973d-b519-0b99-3e72dc86ef57" testName="ComputeCnsScore_DeeplyUnresponsive_ReturnsFour" computerName="TASNOORI" duration="00:00:00.0017440" startTime="2026-08-11T16:43:14.7202115+05:30" endTime="2026-08-11T16:43:14.7219546+05:30" testType="13cdc9d9-ddb5-4fa4-a97d-d965ccfc6d4b" outcome="Passed" testListId="8c84fa94-04c1-424b-9868-57a2d4851a1d" relativeResultsDirectory="7652bea5-9d21-4c2a-ab3d-681efa501419" />
    <UnitTestResult executionId="495c1497-23b5-412f-9242-35deed46a968" testId="e0694dd2-bdf6-e478-2720-2bcd0794e851" testName="ComputeBloodPressureScore_Normal_ReturnsZero" computerName="TASNOORI" duration="00:00:00.0011990" startTime="2026-08-11T16:39:47.5786852+05:30" endTime="2026-08-11T16:39:47.5798852+05:30" testType="13cdc9d9-ddb5-4fa4-a97d-d965ccfc6d4b" outcome="Passed" testListId="8c84fa94-04c1-424b-9868-57a2d4851a1d" relativeResultsDirectory="495c1497-23b5-412f-9242-35deed46a968" />
    <UnitTestResult executionId="7c90fee1-e428-4139-9434-e5c98058f9c6" testId="ff266228-78c2-3fce-2dbe-de4ede039d2d" testName="ComputeOverlapDays_SpanFullyAfterRange_ReturnsZero" computerName="TASNOORI" duration="00:00:00.0014930" startTime="2026-08-11T16:38:55.5109334+05:30" endTime="2026-08-11T16:38:55.5124265+05:30" testType="13cdc9d9-ddb5-4fa4-a97d-d965ccfc6d4b" outcome="Passed" testListId="8c84fa94-04c1-424b-9868-57a2d4851a1d" relativeResultsDirectory="7c90fee1-e428-4139-9434-e5c98058f9c6" />
    <UnitTestResult executionId="bce1b306-d9f1-4767-be2d-dfe8d784de1f" testId="c3ba7e73-59f2-65c3-4948-16eea4d7b3d6" testName="Handle_NewPrescription_Success" computerName="TASNOORI" duration="00:00:06.4570370" startTime="2026-08-11T16:36:03.0612731+05:30" endTime="2026-08-11T16:36:09.5183110+05:30" testType="13cdc9d9-ddb5-4fa4-a97d-d965ccfc6d4b" outcome="Passed" testListId="8c84fa94-04c1-424b-9868-57a2d4851a1d" relativeResultsDirectory="bce1b306-d9f1-4767-be2d-dfe8d784de1f" />
    <UnitTestResult executionId="aa8dd4fa-799e-4fe1-90ea-f23610674d13" testId="e9081508-f7aa-35bc-3749-eea4be31a445" testName="ComputeReadmissionRate_NoIndexDischarges_ReturnsZero" computerName="TASNOORI" duration="00:00:00.0156890" startTime="2026-08-11T16:42:26.2432653+05:30" endTime="2026-08-11T16:42:26.2589550+05:30" testType="13cdc9d9-ddb5-4fa4-a97d-d965ccfc6d4b" outcome="Passed" testListId="8c84fa94-04c1-424b-9868-57a2d4851a1d" relativeResultsDirectory="aa8dd4fa-799e-4fe1-90ea-f23610674d13" />
    <UnitTestResult executionId="63e83c6f-03f5-401f-8987-df54ddacf5e2" testId="4f17919f-6b8c-b856-36db-7de3d7118ec4" testName="Handle_MissingIds_ReturnsError" computerName="TASNOORI" duration="00:00:00.8690050" startTime="2026-08-11T16:33:44.9854335+05:30" endTime="2026-08-11T16:33:45.8544387+05:30" testType="13cdc9d9-ddb5-4fa4-a97d-d965ccfc6d4b" outcome="Passed" testListId="8c84fa94-04c1-424b-9868-57a2d4851a1d" relativeResultsDirectory="63e83c6f-03f5-401f-8987-df54ddacf5e2" />
    <UnitTestResult executionId="21b2743b-7374-4786-8f10-b6d31023a10d" testId="1e63fe6a-78a9-0c68-190e-61dc889747a0" testName="ComputeReadmissionRate_ReadmissionJustPastThirtyDayBoundary_NotCounted" computerName="TASNOORI" duration="00:00:00.0066830" startTime="2026-08-11T16:42:26.2876940+05:30" endTime="2026-08-11T16:42:26.2943780+05:30" testType="13cdc9d9-ddb5-4fa4-a97d-d965ccfc6d4b" outcome="Passed" testListId="8c84fa94-04c1-424b-9868-57a2d4851a1d" relativeResultsDirectory="21b2743b-7374-4786-8f10-b6d31023a10d" />
    <UnitTestResult executionId="a8a26870-1fdb-4a4e-98e5-75c8ff1440f2" testId="ed3067ce-b38b-0276-f39a-ebc0b403df32" testName="Resolve_BundledPackage_ExemptEvenAboveThresholdAndNonIcu" computerName="TASNOORI" duration="00:00:00.0906750" startTime="2026-08-11T16:42:09.5540156+05:30" endTime="2026-08-11T16:42:09.6446902+05:30" testType="13cdc9d9-ddb5-4fa4-a97d-d965ccfc6d4b" outcome="Passed" testListId="8c84fa94-04c1-424b-9868-57a2d4851a1d" relativeResultsDirectory="a8a26870-1fdb-4a4e-98e5-75c8ff1440f2" />
    <UnitTestResult executionId="a76b1d30-53e3-46a8-8a06-e1df29d5541e" testId="1534eb68-5d5b-3b4b-0ae0-de3a87eb9a98" testName="Handle_PreservesInvoiceLevelDiscount_WhenEditingAChargeThatHasNoLineDiscount" computerName="TASNOORI" duration="00:00:00.3410440" startTime="2026-08-11T16:36:21.6486141+05:30" endTime="2026-08-11T16:36:21.9896577+05:30" testType="13cdc9d9-ddb5-4fa4-a97d-d965ccfc6d4b" outcome="Passed" testListId="8c84fa94-04c1-424b-9868-57a2d4851a1d" relativeResultsDirectory="a76b1d30-53e3-46a8-8a06-e1df29d5541e" />
    <UnitTestResult executionId="2e70fe39-4553-4302-9280-e124ef23f9e1" testId="d0bcecc3-9dbb-2ec3-659f-ba66f9e85381" testName="Handle_NoTokenForAppointment_ReturnsFailure" computerName="TASNOORI" duration="00:00:00.7171260" startTime="2026-08-11T16:41:57.0072410+05:30" endTime="2026-08-11T16:41:57.7243666+05:30" testType="13cdc9d9-ddb5-4fa4-a97d-d965ccfc6d4b" outcome="Passed" testListId="8c84fa94-04c1-424b-9868-57a2d4851a1d" relativeResultsDirectory="2e70fe39-4553-4302-9280-e124ef23f9e1" />
    <UnitTestResult executionId="814ae676-91a8-430b-87b7-56ab24414804" testId="db6c296d-a526-f355-5917-911a45073895" testName="Handle_HospitalNotFound_ReturnsFailure" computerName="TASNOORI" duration="00:00:03.9566950" startTime="2026-08-11T16:30:18.7139202+05:30" endTime="2026-08-11T16:30:22.6706167+05:30" testType="13cdc9d9-ddb5-4fa4-a97d-d965ccfc6d4b" outcome="Passed" testListId="8c84fa94-04c1-424b-9868-57a2d4851a1d" relativeResultsDirectory="814ae676-91a8-430b-87b7-56ab24414804" />
    <UnitTestResult executionId="9b525f1f-38cc-46aa-87f5-c574479853dc" testId="0491219c-589e-878f-3bfd-2fc65e01749a" testName="Handle_WhenDuplicateMobile_ReturnsFailure" computerName="TASNOORI" duration="00:00:03.1937750" startTime="2026-08-11T16:38:19.6744868+05:30" endTime="2026-08-11T16:38:22.8682607+05:30" testType="13cdc9d9-ddb5-4fa4-a97d-d965ccfc6d4b" outcome="Passed" testListId="8c84fa94-04c1-424b-9868-57a2d4851a1d" relativeResultsDirectory="9b525f1f-38cc-46aa-87f5-c574479853dc" />
    <UnitTestResult executionId="9cc37780-442f-42f8-ad2c-8c1bbc120e81" testId="6196df0f-93aa-5206-ccb4-db851f5296d2" testName="Handle_ValidRequest_UpdatesProfile" computerName="TASNOORI" duration="00:00:00.6089540" startTime="2026-08-11T16:36:32.3541840+05:30" endTime="2026-08-11T16:36:32.9631373+05:30" testType="13cdc9d9-ddb5-4fa4-a97d-d965ccfc6d4b" outcome="Passed" testListId="8c84fa94-04c1-424b-9868-57a2d4851a1d" relativeResultsDirectory="9cc37780-442f-42f8-ad2c-8c1bbc120e81" />
    <UnitTestResult executionId="9ba29e94-c528-4e62-b2e3-26fce7ab3cb8" testId="a219d76e-66f2-8bdb-0708-7657e021b967" testName="Handle_ReturnsLanguages_AndHospitalGeolocation" computerName="TASNOORI" duration="00:00:15.6740680" startTime="2026-08-11T16:40:56.6812194+05:30" endTime="2026-08-11T16:41:12.3552862+05:30" testType="13cdc9d9-ddb5-4fa4-a97d-d965ccfc6d4b" outcome="Passed" testListId="8c84fa94-04c1-424b-9868-57a2d4851a1d" relativeResultsDirectory="9ba29e94-c528-4e62-b2e3-26fce7ab3cb8" />
    <UnitTestResult executionId="ad292e13-ca33-484e-b6bd-5af10795d928" testId="e9ddc20d-301e-c52e-d0c9-76581c561f21" testName="ComputeReadmissionRate_SameAdmissionDateAsDischarge_NotCountedAsLater" computerName="TASNOORI" duration="00:00:00.0028580" startTime="2026-08-11T16:42:26.3044807+05:30" endTime="2026-08-11T16:42:26.3073390+05:30" testType="13cdc9d9-ddb5-4fa4-a97d-d965ccfc6d4b" outcome="Passed" testListId="8c84fa94-04c1-424b-9868-57a2d4851a1d" relativeResultsDirectory="ad292e13-ca33-484e-b6bd-5af10795d928" />
    <UnitTestResult executionId="c17b567b-f591-42a5-9268-499a7a46516d" testId="38781800-1c15-3245-cbfb-7d2014c31ff3" testName="Handle_AdmissionNotActive_ReturnsFailure" computerName="TASNOORI" duration="00:00:01.2347930" startTime="2026-08-11T16:22:51.3830906+05:30" endTime="2026-08-11T16:22:52.6178838+05:30" testType="13cdc9d9-ddb5-4fa4-a97d-d965ccfc6d4b" outcome="Passed" testListId="8c84fa94-04c1-424b-9868-57a2d4851a1d" relativeResultsDirectory="c17b567b-f591-42a5-9268-499a7a46516d" />
    <UnitTestResult executionId="2be03450-8f2a-4cca-ab53-0eb88187bf7f" testId="2c606039-e877-2c7e-935e-cdd7a9cee99c" testName="Handle_RanksExactNameMatch_AboveStartsWithAndContains" computerName="TASNOORI" duration="00:00:05.2068160" startTime="2026-08-11T16:43:05.1689658+05:30" endTime="2026-08-11T16:43:10.3757835+05:30" testType="13cdc9d9-ddb5-4fa4-a97d-d965ccfc6d4b" outcome="Passed" testListId="8c84fa94-04c1-424b-9868-57a2d4851a1d" relativeResultsDirectory="2be03450-8f2a-4cca-ab53-0eb88187bf7f" />
    <UnitTestResult executionId="583eaa52-2cef-4518-a427-ff4627a8b4ec" testId="8288e02d-7e55-7705-ed8d-14bf49503810" testName="ComputeOxygenScore_OnRoomAir_ReturnsZero" computerName="TASNOORI" duration="00:00:00.0008610" startTime="2026-08-11T16:39:47.5886130+05:30" endTime="2026-08-11T16:39:47.5894747+05:30" testType="13cdc9d9-ddb5-4fa4-a97d-d965ccfc6d4b" outcome="Passed" testListId="8c84fa94-04c1-424b-9868-57a2d4851a1d" relativeResultsDirectory="583eaa52-2cef-4518-a427-ff4627a8b4ec" />
    <UnitTestResult executionId="d2499895-fb6a-4941-978c-74f3f82168fc" testId="deb031c3-11b0-7f0a-d20e-a141adeb3254" testName="Handle_CmsUnreachable_StillRegistersHospitalWithoutBlocking" computerName="TASNOORI" duration="00:00:17.9077940" startTime="2026-08-11T16:31:40.3522895+05:30" endTime="2026-08-11T16:31:58.2600861+05:30" testType="13cdc9d9-ddb5-4fa4-a97d-d965ccfc6d4b" outcome="Passed" testListId="8c84fa94-04c1-424b-9868-57a2d4851a1d" relativeResultsDirectory="d2499895-fb6a-4941-978c-74f3f82168fc" />
    <UnitTestResult executionId="71245052-e45b-42d5-9581-a5ef344527e2" testId="e3c54ccd-d6ae-588c-ddc5-4d8a3b472d93" testName="Handle_ResolveAlreadyResolvedActivation_ReturnsFailure" computerName="TASNOORI" duration="00:00:05.1350239" startTime="2026-08-11T16:33:53.4347526+05:30" endTime="2026-08-11T16:33:58.5697785+05:30" testType="13cdc9d9-ddb5-4fa4-a97d-d965ccfc6d4b" outcome="Passed" testListId="8c84fa94-04c1-424b-9868-57a2d4851a1d" relativeResultsDirectory="71245052-e45b-42d5-9581-a5ef344527e2" />
    <UnitTestResult executionId="c7fa12bd-b381-4236-a005-36b42053ff92" testId="fff6ff29-36e0-4e21-f203-88970323483b" testName="Handle_NoExistingCode_GeneratesAndPersistsOne" computerName="TASNOORI" duration="00:00:06.4868900" startTime="2026-08-11T16:30:22.6729540+05:30" endTime="2026-08-11T16:30:29.1598466+05:30" testType="13cdc9d9-ddb5-4fa4-a97d-d965ccfc6d4b" outcome="Passed" testListId="8c84fa94-04c1-424b-9868-57a2d4851a1d" relativeResultsDirectory="c7fa12bd-b381-4236-a005-36b42053ff92" />
    <UnitTestResult executionId="4829525c-d01b-4594-befb-06a5d6708016" testId="07683f56-0598-a6bc-fd4b-33f4c089fb24" testName="Handle_MissingName_ReturnsError" computerName="TASNOORI" duration="00:00:00.8880200" startTime="2026-08-11T16:37:42.0120035+05:30" endTime="2026-08-11T16:37:42.9000225+05:30" testType="13cdc9d9-ddb5-4fa4-a97d-d965ccfc6d4b" outcome="Passed" testListId="8c84fa94-04c1-424b-9868-57a2d4851a1d" relativeResultsDirectory="4829525c-d01b-4594-befb-06a5d6708016" />
    <UnitTestResult executionId="319c60f5-2028-4607-9ca6-9b785cc9b564" testId="eb4b7156-6815-ead6-40e9-01147610a0f3" testName="Handle_ReturnsCategory_ForPubliclyBookableDoctor" computerName="TASNOORI" duration="00:00:01.4654450" startTime="2026-08-11T16:41:51.4859247+05:30" endTime="2026-08-11T16:41:52.9513692+05:30" testType="13cdc9d9-ddb5-4fa4-a97d-d965ccfc6d4b" outcome="Passed" testListId="8c84fa94-04c1-424b-9868-57a2d4851a1d" relativeResultsDirectory="319c60f5-2028-4607-9ca6-9b785cc9b564" />
    <UnitTestResult executionId="79c87e85-eb5b-4658-b5ce-62d780ab8ae2" testId="d23fc257-f777-4199-4978-990f2cfe62e5" testName="ComputeBorSeries_ZeroActiveBeds_ReturnsZeroNotDivideByZero" computerName="TASNOORI" duration="00:00:00.0025790" startTime="2026-08-11T16:42:26.2217556+05:30" endTime="2026-08-11T16:42:26.2243372+05:30" testType="13cdc9d9-ddb5-4fa4-a97d-d965ccfc6d4b" outcome="Passed" testListId="8c84fa94-04c1-424b-9868-57a2d4851a1d" relativeResultsDirectory="79c87e85-eb5b-4658-b5ce-62d780ab8ae2" />
    <UnitTestResult executionId="f6ed1b76-5726-4a1c-970e-b18e959d813a" testId="e5ec828f-1cff-1e2e-dc18-e90ae9cea3a9" testName="Handle_InfectionOutsideRange_ExcludedFromCount" computerName="TASNOORI" duration="00:00:00.4276200" startTime="2026-08-11T16:40:20.4516189+05:30" endTime="2026-08-11T16:40:20.8792383+05:30" testType="13cdc9d9-ddb5-4fa4-a97d-d965ccfc6d4b" outcome="Passed" testListId="8c84fa94-04c1-424b-9868-57a2d4851a1d" relativeResultsDirectory="f6ed1b76-5726-4a1c-970e-b18e959d813a" />
    <UnitTestResult executionId="37a4a9f3-d5b4-4b09-9732-3ebc240cd508" testId="a0f5417e-7a29-4837-0986-398d06e91e59" testName="Handle_ReturnsAttachments" computerName="TASNOORI" duration="00:00:00.6760910" startTime="2026-08-11T16:40:37.3017698+05:30" endTime="2026-08-11T16:40:37.9778602+05:30" testType="13cdc9d9-ddb5-4fa4-a97d-d965ccfc6d4b" outcome="Passed" testListId="8c84fa94-04c1-424b-9868-57a2d4851a1d" relativeResultsDirectory="37a4a9f3-d5b4-4b09-9732-3ebc240cd508" />
    <UnitTestResult executionId="a6dc42e6-60b9-4d5e-93b2-477f8fd17ea4" testId="757256dd-467f-81b8-f45d-d689ac7088a4" testName="ComputeOverlapDays_PartialOverlapAtEnd_ClampsToRangeEnd" computerName="TASNOORI" duration="00:00:00.0011869" startTime="2026-08-11T16:38:55.4502102+05:30" endTime="2026-08-11T16:38:55.4513970+05:30" testType="13cdc9d9-ddb5-4fa4-a97d-d965ccfc6d4b" outcome="Passed" testListId="8c84fa94-04c1-424b-9868-57a2d4851a1d" relativeResultsDirectory="a6dc42e6-60b9-4d5e-93b2-477f8fd17ea4" />
    <UnitTestResult executionId="11ad6ae9-9f1f-4a27-9bfc-336658988ba4" testId="64ef2cad-6685-d187-75eb-5a99025151d1" testName="Handle_PackageTypeIdSupplied_SnapshotsName" computerName="TASNOORI" duration="00:00:01.1331039" startTime="2026-08-11T16:23:07.6530588+05:30" endTime="2026-08-11T16:23:08.7861605+05:30" testType="13cdc9d9-ddb5-4fa4-a97d-d965ccfc6d4b" outcome="Passed" testListId="8c84fa94-04c1-424b-9868-57a2d4851a1d" relativeResultsDirectory="11ad6ae9-9f1f-4a27-9bfc-336658988ba4" />
    <UnitTestResult executionId="14078ff6-bce7-42d2-95be-4293acc55d3e" testId="3994a404-ae6a-f387-ebab-7f48038d35e3" testName="ComputeRespiratoryScore_Normal_ReturnsZero" computerName="TASNOORI" duration="00:00:00.0009750" startTime="2026-08-11T16:39:47.5998145+05:30" endTime="2026-08-11T16:39:47.6007902+05:30" testType="13cdc9d9-ddb5-4fa4-a97d-d965ccfc6d4b" outcome="Passed" testListId="8c84fa94-04c1-424b-9868-57a2d4851a1d" relativeResultsDirectory="14078ff6-bce7-42d2-95be-4293acc55d3e" />
    <UnitTestResult executionId="64ae7777-0024-4038-945d-2b05b134489f" testId="bf916e7a-587f-db61-e51f-c1c138fae08e" testName="Handle_ResetPassword_UpdatesPassword" computerName="TASNOORI" duration="00:00:00.2688350" startTime="2026-08-11T16:36:11.5135122+05:30" endTime="2026-08-11T16:36:11.7823468+05:30" testType="13cdc9d9-ddb5-4fa4-a97d-d965ccfc6d4b" outcome="Passed" testListId="8c84fa94-04c1-424b-9868-57a2d4851a1d" relativeResultsDirectory="64ae7777-0024-4038-945d-2b05b134489f" />
    <UnitTestResult executionId="f34d533b-5486-4715-a954-2fafb5aa0c2c" testId="cc940a82-6df6-63ec-5819-8b2f83b5548e" testName="Handle_NoAppointmentToday_ReturnsNoAppointmentFound" computerName="TASNOORI" duration="00:00:07.8542450" startTime="2026-08-11T16:35:24.0630462+05:30" endTime="2026-08-11T16:35:31.9172919+05:30" testType="13cdc9d9-ddb5-4fa4-a97d-d965ccfc6d4b" outcome="Passed" testListId="8c84fa94-04c1-424b-9868-57a2d4851a1d" relativeResultsDirectory="f34d533b-5486-4715-a954-2fafb5aa0c2c" />
    <UnitTestResult executionId="fbf42348-2822-4d31-94e1-54773c0a3cf0" testId="165af27a-5fea-5540-99e6-7297c316450c" testName="Handle_InvalidOtp_ReturnsFailure" computerName="TASNOORI" duration="00:00:00.5385700" startTime="2026-08-11T16:32:37.5439040+05:30" endTime="2026-08-11T16:32:38.0824733+05:30" testType="13cdc9d9-ddb5-4fa4-a97d-d965ccfc6d4b" outcome="Passed" testListId="8c84fa94-04c1-424b-9868-57a2d4851a1d" relativeResultsDirectory="fbf42348-2822-4d31-94e1-54773c0a3cf0" />
    <UnitTestResult executionId="217708e4-cec1-4bf3-8e34-97325a02e588" testId="9b346dd1-499f-f46e-ab57-6c07ca97cb17" testName="Handle_DoctorWithPublicProfileFields_ReturnsLanguagesPhotoAndContactInfo" computerName="TASNOORI" duration="00:00:04.6602590" startTime="2026-08-11T16:39:11.9473378+05:30" endTime="2026-08-11T16:39:16.6075972+05:30" testType="13cdc9d9-ddb5-4fa4-a97d-d965ccfc6d4b" outcome="Passed" testListId="8c84fa94-04c1-424b-9868-57a2d4851a1d" relativeResultsDirectory="217708e4-cec1-4bf3-8e34-97325a02e588" />
    <UnitTestResult executionId="41c597cb-c119-4693-8d8c-9f666844927a" testId="6aec7170-5402-29c8-6174-50a78ea285c2" testName="Handle_NoReviews_ReturnsZeroedAggregate" computerName="TASNOORI" duration="00:00:00.3175020" startTime="2026-08-11T16:40:49.8872938+05:30" endTime="2026-08-11T16:40:50.2047951+05:30" testType="13cdc9d9-ddb5-4fa4-a97d-d965ccfc6d4b" outcome="Passed" testListId="8c84fa94-04c1-424b-9868-57a2d4851a1d" relativeResultsDirectory="41c597cb-c119-4693-8d8c-9f666844927a" />
    <UnitTestResult executionId="b1ae0761-2a5d-4005-9c53-4159970bf7a4" testId="2e6e1210-fa17-63e5-d813-5f1b6daabf4c" testName="Handle_ComputesRatePer1000DeviceDays_ForCentralLineClabsi" computerName="TASNOORI" duration="00:00:00.6007540" startTime="2026-08-11T16:40:19.8508407+05:30" endTime="2026-08-11T16:40:20.4515942+05:30" testType="13cdc9d9-ddb5-4fa4-a97d-d965ccfc6d4b" outcome="Passed" testListId="8c84fa94-04c1-424b-9868-57a2d4851a1d" relativeResultsDirectory="b1ae0761-2a5d-4005-9c53-4159970bf7a4" />
    <UnitTestResult executionId="9c705b84-d793-4b02-812d-5f3372a06306" testId="1495305a-2885-012c-817e-23e6f184e632" testName="Handle_UserNotFound_ReturnsError" computerName="TASNOORI" duration="00:00:00.3613100" startTime="2026-08-11T16:28:47.6590476+05:30" endTime="2026-08-11T16:28:48.0203580+05:30" testType="13cdc9d9-ddb5-4fa4-a97d-d965ccfc6d4b" outcome="Passed" testListId="8c84fa94-04c1-424b-9868-57a2d4851a1d" relativeResultsDirectory="9c705b84-d793-4b02-812d-5f3372a06306" />
    <UnitTestResult executionId="492459c2-aed8-46fa-ab59-9b36456b4443" testId="b8a62e7c-1ae6-937d-95c2-86feda121ed8" testName="Handle_NoEncounter_DischargesWithoutFlaggingAnyBillingWarning" computerName="TASNOORI" duration="00:00:00.5625820" startTime="2026-08-11T16:28:43.0476453+05:30" endTime="2026-08-11T16:28:43.6102276+05:30" testType="13cdc9d9-ddb5-4fa4-a97d-d965ccfc6d4b" outcome="Passed" testListId="8c84fa94-04c1-424b-9868-57a2d4851a1d" relativeResultsDirectory="492459c2-aed8-46fa-ab59-9b36456b4443" />
    <UnitTestResult executionId="f05a7386-e53d-4a96-bf29-93476544e7d3" testId="4372c4c9-45f4-4d8a-a7dd-ecbed394cb02" testName="Handle_InactiveUser_ReturnsFailure" computerName="TASNOORI" duration="00:00:00.9893690" startTime="2026-08-11T16:37:52.0523298+05:30" endTime="2026-08-11T16:37:53.0416988+05:30" testType="13cdc9d9-ddb5-4fa4-a97d-d965ccfc6d4b" outcome="Passed" testListId="8c84fa94-04c1-424b-9868-57a2d4851a1d" relativeResultsDirectory="f05a7386-e53d-4a96-bf29-93476544e7d3" />
    <UnitTestResult executionId="5e584c1c-8ebe-4852-97a2-01a15b075b7a" testId="2c9efc9d-1cd1-14eb-15a4-f4ddfd6b98e3" testName="Handle_ReturnsDoctorsAcrossMultiplePubliclyListedHospitals" computerName="TASNOORI" duration="00:00:00.8116070" startTime="2026-08-11T16:40:55.8695863+05:30" endTime="2026-08-11T16:40:56.6811931+05:30" testType="13cdc9d9-ddb5-4fa4-a97d-d965ccfc6d4b" outcome="Passed" testListId="8c84fa94-04c1-424b-9868-57a2d4851a1d" relativeResultsDirectory="5e584c1c-8ebe-4852-97a2-01a15b075b7a" />
    <UnitTestResult executionId="99d8d3fb-96c0-4eaa-a318-48f17a7cab2a" testId="58a72e1d-658d-9fa1-aa6f-cda43cebeff2" testName="Handle_UnknownDocumentId_ReturnsFailure" computerName="TASNOORI" duration="00:00:10.9238900" startTime="2026-08-11T16:27:18.3328461+05:30" endTime="2026-08-11T16:27:29.2567376+05:30" testType="13cdc9d9-ddb5-4fa4-a97d-d965ccfc6d4b" outcome="Passed" testListId="8c84fa94-04c1-424b-9868-57a2d4851a1d" relativeResultsDirectory="99d8d3fb-96c0-4eaa-a318-48f17a7cab2a" />
    <UnitTestResult executionId="38478114-7ab8-478e-95c7-47dc52eb5ac1" testId="15ebe7b8-f72f-eaa8-ce59-9c934e1cd243" testName="Handle_AdmissionNotFound_ReturnsError" computerName="TASNOORI" duration="00:00:02.8805930" startTime="2026-08-11T16:38:43.5952875+05:30" endTime="2026-08-11T16:38:46.4758809+05:30" testType="13cdc9d9-ddb5-4fa4-a97d-d965ccfc6d4b" outcome="Passed" testListId="8c84fa94-04c1-424b-9868-57a2d4851a1d" relativeResultsDirectory="38478114-7ab8-478e-95c7-47dc52eb5ac1" />
    <UnitTestResult executionId="44c5e730-f372-4999-84b1-c5f09350bd94" testId="e42f32ca-b039-92f4-708f-52b2077197c8" testName="Handle_ValidUpdate_UpdatesHospital" computerName="TASNOORI" duration="00:00:00.5497260" startTime="2026-08-11T16:32:20.1494432+05:30" endTime="2026-08-11T16:32:20.6991698+05:30" testType="13cdc9d9-ddb5-4fa4-a97d-d965ccfc6d4b" outcome="Passed" testListId="8c84fa94-04c1-424b-9868-57a2d4851a1d" relativeResultsDirectory="44c5e730-f372-4999-84b1-c5f09350bd94" />
    <UnitTestResult executionId="7bd3e1e0-7f63-4f8d-a77f-4e72e1d3507c" testId="b39c0b72-7fc4-e6d0-7529-c4640b0961f8" testName="ComputeSlots_Stat_ReturnsSingleSlotAtOrderTime" computerName="TASNOORI" duration="00:00:00.0024130" startTime="2026-08-11T16:42:27.0913317+05:30" endTime="2026-08-11T16:42:27.0937460+05:30" testType="13cdc9d9-ddb5-4fa4-a97d-d965ccfc6d4b" outcome="Passed" testListId="8c84fa94-04c1-424b-9868-57a2d4851a1d" relativeResultsDirectory="7bd3e1e0-7f63-4f8d-a77f-4e72e1d3507c" />
    <UnitTestResult executionId="252bf195-cc59-43a0-975f-0a9aab53fd0c" testId="7a984e68-81b4-8175-31d1-f6f771cba590" testName="Handle_DeletesLinkedCharge_CancelsAccruedIncentive" computerName="TASNOORI" duration="00:00:07.3163700" startTime="2026-08-11T16:27:58.2749507+05:30" endTime="2026-08-11T16:28:05.5913207+05:30" testType="13cdc9d9-ddb5-4fa4-a97d-d965ccfc6d4b" outcome="Passed" testListId="8c84fa94-04c1-424b-9868-57a2d4851a1d" relativeResultsDirectory="252bf195-cc59-43a0-975f-0a9aab53fd0c" />
    <UnitTestResult executionId="2a569f98-40ce-4160-aa5d-c45ced6f4cdc" testId="df5fec23-5b55-ea85-4869-b0e947c177f1" testName="Handle_AppointmentNotFound_ReturnsError" computerName="TASNOORI" duration="00:00:09.0324210" startTime="2026-08-11T16:30:29.4165962+05:30" endTime="2026-08-11T16:30:38.4490229+05:30" testType="13cdc9d9-ddb5-4fa4-a97d-d965ccfc6d4b" outcome="Passed" testListId="8c84fa94-04c1-424b-9868-57a2d4851a1d" relativeResultsDirectory="2a569f98-40ce-4160-aa5d-c45ced6f4cdc" />
    <UnitTestResult executionId="5e335a21-3d8e-4e36-8baa-e5c48ce17abc" testId="9f093f3a-c5e7-1d63-54d4-b48d0e73dc5c" testName="Handle_MissingFields_ReturnsError" computerName="TASNOORI" duration="00:00:03.2635050" startTime="2026-08-11T16:34:19.9203233+05:30" endTime="2026-08-11T16:34:23.1838277+05:30" testType="13cdc9d9-ddb5-4fa4-a97d-d965ccfc6d4b" outcome="Passed" testListId="8c84fa94-04c1-424b-9868-57a2d4851a1d" relativeResultsDirectory="5e335a21-3d8e-4e36-8baa-e5c48ce17abc" />
    <UnitTestResult executionId="c25bae44-2d83-4ec9-a4fe-52bde44837b4" testId="fdb4918a-cfbc-ba70-2f92-7b16ed2467af" testName="Handle_NotFound_ReturnsFailure" computerName="TASNOORI" duration="00:00:00.4780030" startTime="2026-08-11T16:28:54.9087826+05:30" endTime="2026-08-11T16:28:55.3867858+05:30" testType="13cdc9d9-ddb5-4fa4-a97d-d965ccfc6d4b" outcome="Passed" testListId="8c84fa94-04c1-424b-9868-57a2d4851a1d" relativeResultsDirectory="c25bae44-2d83-4ec9-a4fe-52bde44837b4" />
    <UnitTestResult executionId="b9abfdc2-f6b4-4670-b55b-97e62fd84fa6" testId="bb95deb4-3432-9abb-cfd8-2c65d121a4b9" testName="Handle_DeletesLinkedCharge_NeverTouchesAnAlreadyPaidIncentive" computerName="TASNOORI" duration="00:00:09.2248690" startTime="2026-08-11T16:28:05.6016125+05:30" endTime="2026-08-11T16:28:14.8264819+05:30" testType="13cdc9d9-ddb5-4fa4-a97d-d965ccfc6d4b" outcome="Passed" testListId="8c84fa94-04c1-424b-9868-57a2d4851a1d" relativeResultsDirectory="b9abfdc2-f6b4-4670-b55b-97e62fd84fa6" />
    <UnitTestResult executionId="1a0ff789-7065-4ec9-a738-f961f10be44a" testId="e0255649-f106-ee41-22b4-8b59ece0e871" testName="Handle_ValidRequest_CreatesDepartment" computerName="TASNOORI" duration="00:00:02.4817730" startTime="2026-08-11T16:38:52.9635477+05:30" endTime="2026-08-11T16:38:55.4453202+05:30" testType="13cdc9d9-ddb5-4fa4-a97d-d965ccfc6d4b" outcome="Passed" testListId="8c84fa94-04c1-424b-9868-57a2d4851a1d" relativeResultsDirectory="1a0ff789-7065-4ec9-a738-f961f10be44a" />
    <UnitTestResult executionId="2d978fd9-9570-4bfa-b7aa-8d1ef56788e8" testId="f635aba3-6da1-14af-3895-25c0b6167fa9" testName="GenerateRawKey_ProducesUniqueNonEmptyKeys" computerName="TASNOORI" duration="00:00:00.0066330" startTime="2026-08-11T16:38:52.9523353+05:30" endTime="2026-08-11T16:38:52.9589678+05:30" testType="13cdc9d9-ddb5-4fa4-a97d-d965ccfc6d4b" outcome="Passed" testListId="8c84fa94-04c1-424b-9868-57a2d4851a1d" relativeResultsDirectory="2d978fd9-9570-4bfa-b7aa-8d1ef56788e8" />
    <UnitTestResult executionId="0ddc57a2-edd2-4b80-9c39-6716790e8a62" testId="27c822f5-2323-e7ba-ba16-aba2a2468259" testName="Handle_ValidationFailed_ReturnsError" computerName="TASNOORI" duration="00:00:01.0121530" startTime="2026-08-11T16:37:51.0393812+05:30" endTime="2026-08-11T16:37:52.0515331+05:30" testType="13cdc9d9-ddb5-4fa4-a97d-d965ccfc6d4b" outcome="Passed" testListId="8c84fa94-04c1-424b-9868-57a2d4851a1d" relativeResultsDirectory="0ddc57a2-edd2-4b80-9c39-6716790e8a62" />
    <UnitTestResult executionId="ccb92ac2-0544-47e3-a16d-f3533925f275" testId="62deb1f6-b989-d04c-5d52-4ea80716eda9" testName="Handle_MissingFields_ReturnsError" computerName="TASNOORI" duration="00:00:00.3993320" startTime="2026-08-11T16:32:39.5840925+05:30" endTime="2026-08-11T16:32:39.9834241+05:30" testType="13cdc9d9-ddb5-4fa4-a97d-d965ccfc6d4b" outcome="Passed" testListId="8c84fa94-04c1-424b-9868-57a2d4851a1d" relativeResultsDirectory="ccb92ac2-0544-47e3-a16d-f3533925f275" />
    <UnitTestResult executionId="277f44f2-a2f5-40d6-a17d-07a7f5ed4ca8" testId="24edf406-5409-57d6-7220-298ad94f134c" testName="Handle_WithExistingOverride_ShouldUpdateAndAddNew" computerName="TASNOORI" duration="00:00:00.6221700" startTime="2026-08-11T16:28:48.5875889+05:30" endTime="2026-08-11T16:28:49.2097582+05:30" testType="13cdc9d9-ddb5-4fa4-a97d-d965ccfc6d4b" outcome="Passed" testListId="8c84fa94-04c1-424b-9868-57a2d4851a1d" relativeResultsDirectory="277f44f2-a2f5-40d6-a17d-07a7f5ed4ca8" />
    <UnitTestResult executionId="2e2847d9-a56d-4f88-996b-b41435630d91" testId="cf1a7f54-772d-feca-c793-c785bf7a9a48" testName="Hash_SameInput_ProducesSameHash" computerName="TASNOORI" duration="00:00:00.0011740" startTime="2026-08-11T16:38:52.9602242+05:30" endTime="2026-08-11T16:38:52.9613984+05:30" testType="13cdc9d9-ddb5-4fa4-a97d-d965ccfc6d4b" outcome="Passed" testListId="8c84fa94-04c1-424b-9868-57a2d4851a1d" relativeResultsDirectory="2e2847d9-a56d-4f88-996b-b41435630d91" />
    <UnitTestResult executionId="1ab1e12a-cebc-4a75-8152-36420411c33e" testId="b3dcafba-8194-42a4-452a-2bf45878e3dc" testName="ComputeChronicHealthPoints_NonoperativeOrEmergencyPostOp_ReturnsFive" computerName="TASNOORI" duration="00:00:00.0005560" startTime="2026-08-11T16:38:52.9131007+05:30" endTime="2026-08-11T16:38:52.9136566+05:30" testType="13cdc9d9-ddb5-4fa4-a97d-d965ccfc6d4b" outcome="Passed" testListId="8c84fa94-04c1-424b-9868-57a2d4851a1d" relativeResultsDirectory="1ab1e12a-cebc-4a75-8152-36420411c33e" />
    <UnitTestResult executionId="ce803898-2082-458f-87bc-6bfa11a4a4f7" testId="ecedc9e9-b0bc-579b-c336-41ab6d5eaf86" testName="Handle_ReturnsHospitalMappings" computerName="TASNOORI" duration="00:00:00.2611830" startTime="2026-08-11T16:40:12.0639237+05:30" endTime="2026-08-11T16:40:12.3251057+05:30" testType="13cdc9d9-ddb5-4fa4-a97d-d965ccfc6d4b" outcome="Passed" testListId="8c84fa94-04c1-424b-9868-57a2d4851a1d" relativeResultsDirectory="ce803898-2082-458f-87bc-6bfa11a4a4f7" />
    <UnitTestResult executionId="858bff7c-5ca8-4e9a-adf7-8d4fb50ea556" testId="036c511c-80d5-ae60-9b16-887ddc6cfe56" testName="ComputeTotal_MissingInputs_ContributeZeroNotBlocked" computerName="TASNOORI" duration="00:00:00.0015030" startTime="2026-08-11T16:43:14.7722050+05:30" endTime="2026-08-11T16:43:14.7737080+05:30" testType="13cdc9d9-ddb5-4fa4-a97d-d965ccfc6d4b" outcome="Passed" testListId="8c84fa94-04c1-424b-9868-57a2d4851a1d" relativeResultsDirectory="858bff7c-5ca8-4e9a-adf7-8d4fb50ea556" />
    <UnitTestResult executionId="548a8c8d-0403-4461-a42e-917ccad87787" testId="a10c4552-6b4e-7c58-efeb-838b85338677" testName="Handle_ValidUser_UploadsPicture" computerName="TASNOORI" duration="00:00:00.5618370" startTime="2026-08-11T16:36:42.1763769+05:30" endTime="2026-08-11T16:36:42.7382138+05:30" testType="13cdc9d9-ddb5-4fa4-a97d-d965ccfc6d4b" outcome="Passed" testListId="8c84fa94-04c1-424b-9868-57a2d4851a1d" relativeResultsDirectory="548a8c8d-0403-4461-a42e-917ccad87787" />
    <UnitTestResult executionId="8cde398c-04cb-4f13-9262-44d4438c1494" testId="a91fcd6b-5d6b-8dbe-2a14-8b6d75acb0e2" testName="Handle_EmptyMedicationsList_ClearsExistingRows" computerName="TASNOORI" duration="00:00:00.7130370" startTime="2026-08-11T16:28:45.1898348+05:30" endTime="2026-08-11T16:28:45.9028718+05:30" testType="13cdc9d9-ddb5-4fa4-a97d-d965ccfc6d4b" outcome="Passed" testListId="8c84fa94-04c1-424b-9868-57a2d4851a1d" relativeResultsDirectory="8cde398c-04cb-4f13-9262-44d4438c1494" />
    <UnitTestResult executionId="bd91ca6e-08f9-4d08-bf6d-ffec467159aa" testId="0200f6eb-fea0-a685-3148-4fdc6a147546" testName="Handle_PullsLatestVitalReading_InCelsius" computerName="TASNOORI" duration="00:00:00.4174140" startTime="2026-08-11T16:40:09.0851942+05:30" endTime="2026-08-11T16:40:09.5026078+05:30" testType="13cdc9d9-ddb5-4fa4-a97d-d965ccfc6d4b" outcome="Passed" testListId="8c84fa94-04c1-424b-9868-57a2d4851a1d" relativeResultsDirectory="bd91ca6e-08f9-4d08-bf6d-ffec467159aa" />
    <UnitTestResult executionId="723de79f-5c6e-41ed-98de-e626ee8945b3" testId="c82b673e-ec83-9b61-ccfc-12e302ba6a80" testName="ComputeGcsPoints_FullyAlert_ReturnsZero" computerName="TASNOORI" duration="00:00:00.0006980" startTime="2026-08-11T16:38:52.9192310+05:30" endTime="2026-08-11T16:38:52.9199286+05:30" testType="13cdc9d9-ddb5-4fa4-a97d-d965ccfc6d4b" outcome="Passed" testListId="8c84fa94-04c1-424b-9868-57a2d4851a1d" relativeResultsDirectory="723de79f-5c6e-41ed-98de-e626ee8945b3" />
    <UnitTestResult executionId="482a4545-b7bc-48af-9118-83ea6c747a52" testId="86abf809-e59a-5369-ab64-e63df527c9fc" testName="Handle_UpdatesCharge_AndRecomputesInvoiceTotals" computerName="TASNOORI" duration="00:00:00.3493780" startTime="2026-08-11T16:36:22.6832490+05:30" endTime="2026-08-11T16:36:23.0326269+05:30" testType="13cdc9d9-ddb5-4fa4-a97d-d965ccfc6d4b" outcome="Passed" testListId="8c84fa94-04c1-424b-9868-57a2d4851a1d" relativeResultsDirectory="482a4545-b7bc-48af-9118-83ea6c747a52" />
    <UnitTestResult executionId="3717e474-4105-4e1c-a66a-7a7c06ed5134" testId="fb7d6c42-72b5-a2cd-3e36-6d849d078a7e" testName="Handle_HospitalHasNoCode_ReturnsFailure" computerName="TASNOORI" duration="00:00:00.3820560" startTime="2026-08-11T16:40:17.4014633+05:30" endTime="2026-08-11T16:40:17.7835188+05:30" testType="13cdc9d9-ddb5-4fa4-a97d-d965ccfc6d4b" outcome="Passed" testListId="8c84fa94-04c1-424b-9868-57a2d4851a1d" relativeResultsDirectory="3717e474-4105-4e1c-a66a-7a7c06ed5134" />
    <UnitTestResult executionId="451fcc15-beaa-450b-8357-502adfa54c52" testId="91109a3b-3ead-317f-51df-d44e1b6a522b" testName="Handle_CapsResultsAtTwenty" computerName="TASNOORI" duration="00:00:04.7708310" startTime="2026-08-11T16:42:52.2041414+05:30" endTime="2026-08-11T16:42:56.9749738+05:30" testType="13cdc9d9-ddb5-4fa4-a97d-d965ccfc6d4b" outcome="Passed" testListId="8c84fa94-04c1-424b-9868-57a2d4851a1d" relativeResultsDirectory="451fcc15-beaa-450b-8357-502adfa54c52" />
    <UnitTestResult executionId="a336c2b7-243e-4cd7-bf9f-55d2a4c5036a" testId="3fd8b8c6-0e6c-ed32-a66a-72913812e738" testName="Handle_WithValidRequest_ShouldCreateDoctorOverride" computerName="TASNOORI" duration="00:00:00.5823520" startTime="2026-08-11T16:28:51.0375903+05:30" endTime="2026-08-11T16:28:51.6199428+05:30" testType="13cdc9d9-ddb5-4fa4-a97d-d965ccfc6d4b" outcome="Passed" testListId="8c84fa94-04c1-424b-9868-57a2d4851a1d" relativeResultsDirectory="a336c2b7-243e-4cd7-bf9f-55d2a4c5036a" />
    <UnitTestResult executionId="a3d4d757-5d26-4d39-9791-5dbcee4d287e" testId="2f997740-6827-9617-4620-34ecdc9cf86a" testName="Handle_NoLines_ReturnsError" computerName="TASNOORI" duration="00:00:00.3590709" startTime="2026-08-11T16:23:16.7865043+05:30" endTime="2026-08-11T16:23:17.1455749+05:30" testType="13cdc9d9-ddb5-4fa4-a97d-d965ccfc6d4b" outcome="Passed" testListId="8c84fa94-04c1-424b-9868-57a2d4851a1d" relativeResultsDirectory="a3d4d757-5d26-4d39-9791-5dbcee4d287e" />
    <UnitTestResult executionId="78d367d9-5dc9-4e22-bc45-4fb1212d26e1" testId="23bae65d-e7be-f11e-d816-c0f51212b75d" testName="Handle_HospitalNotFound_ReturnsFailure" computerName="TASNOORI" duration="00:00:00.2767230" startTime="2026-08-11T16:40:15.9113437+05:30" endTime="2026-08-11T16:40:16.1880666+05:30" testType="13cdc9d9-ddb5-4fa4-a97d-d965ccfc6d4b" outcome="Passed" testListId="8c84fa94-04c1-424b-9868-57a2d4851a1d" relativeResultsDirectory="78d367d9-5dc9-4e22-bc45-4fb1212d26e1" />
    <UnitTestResult executionId="0eff4896-4e52-4b73-a81f-eb0d06f4f235" testId="c6ce7fe4-d4f0-0331-6641-182e93bf4719" testName="Match_TiedDistance_LatestActedAtWins" computerName="TASNOORI" duration="00:00:00.0073050" startTime="2026-08-11T16:42:28.8814322+05:30" endTime="2026-08-11T16:42:28.8887377+05:30" testType="13cdc9d9-ddb5-4fa4-a97d-d965ccfc6d4b" outcome="Passed" testListId="8c84fa94-04c1-424b-9868-57a2d4851a1d" relativeResultsDirectory="0eff4896-4e52-4b73-a81f-eb0d06f4f235" />
    <UnitTestResult executionId="004b1001-bd26-4620-a178-469002b2f162" testId="29c72610-adc7-63f4-4929-f5cb893d12d6" testName="Handle_ActiveFirst_ThenHistoryByInsertedAtDesc" computerName="TASNOORI" duration="00:00:00.4359340" startTime="2026-08-11T16:40:03.0796493+05:30" endTime="2026-08-11T16:40:03.5155838+05:30" testType="13cdc9d9-ddb5-4fa4-a97d-d965ccfc6d4b" outcome="Passed" testListId="8c84fa94-04c1-424b-9868-57a2d4851a1d" relativeResultsDirectory="004b1001-bd26-4620-a178-469002b2f162" />
    <UnitTestResult executionId="9901c3ca-d3c7-427a-9481-0c73cff44150" testId="0c36186c-36f8-f3bd-83b7-fe5cad2012e5" testName="ComputeConsciousnessScore_NotAlert_ReturnsThree" computerName="TASNOORI" duration="00:00:00.0009920" startTime="2026-08-11T16:39:47.5868253+05:30" endTime="2026-08-11T16:39:47.5878184+05:30" testType="13cdc9d9-ddb5-4fa4-a97d-d965ccfc6d4b" outcome="Passed" testListId="8c84fa94-04c1-424b-9868-57a2d4851a1d" relativeResultsDirectory="9901c3ca-d3c7-427a-9481-0c73cff44150" />
    <UnitTestResult executionId="155aaf42-cc08-4ebc-b4be-e79edccbc27b" testId="af12e9bd-97a5-2656-fc00-ac31a3a2d9dd" testName="Handle_BaseUrlNotConfigured_ReturnsFailure" computerName="TASNOORI" duration="00:00:03.3567310" startTime="2026-08-11T16:31:07.1544554+05:30" endTime="2026-08-11T16:31:10.5111873+05:30" testType="13cdc9d9-ddb5-4fa4-a97d-d965ccfc6d4b" outcome="Passed" testListId="8c84fa94-04c1-424b-9868-57a2d4851a1d" relativeResultsDirectory="155aaf42-cc08-4ebc-b4be-e79edccbc27b" />
    <UnitTestResult executionId="960a97e4-ad44-4739-ad24-bd753e18b77e" testId="154470af-d780-374f-115b-82e1e5c4170a" testName="Handle_ValidationFailed_ReturnsError" computerName="TASNOORI" duration="00:00:00.5671699" startTime="2026-08-11T16:40:30.1306684+05:30" endTime="2026-08-11T16:40:30.6978381+05:30" testType="13cdc9d9-ddb5-4fa4-a97d-d965ccfc6d4b" outcome="Passed" testListId="8c84fa94-04c1-424b-9868-57a2d4851a1d" relativeResultsDirectory="960a97e4-ad44-4739-ad24-bd753e18b77e" />
    <UnitTestResult executionId="7bef18fd-cd6d-4b5a-bfb9-41e524a232fd" testId="738051db-31fd-1833-c31a-838dc1224e9b" testName="Handle_CreateUserProfile_ReturnsSuccess" computerName="TASNOORI" duration="00:00:02.4014080" startTime="2026-08-11T16:37:55.4535637+05:30" endTime="2026-08-11T16:37:57.8549705+05:30" testType="13cdc9d9-ddb5-4fa4-a97d-d965ccfc6d4b" outcome="Passed" testListId="8c84fa94-04c1-424b-9868-57a2d4851a1d" relativeResultsDirectory="7bef18fd-cd6d-4b5a-bfb9-41e524a232fd" />
    <UnitTestResult executionId="aba890c4-f49c-4380-befb-f2100d969e1b" testId="80f2fba1-f229-fd6d-2e25-fd054e70342c" testName="Handle_NoOneCurrentlyCalled_Rejects" computerName="TASNOORI" duration="00:00:00.1639650" startTime="2026-08-11T16:36:12.8949790+05:30" endTime="2026-08-11T16:36:13.0589440+05:30" testType="13cdc9d9-ddb5-4fa4-a97d-d965ccfc6d4b" outcome="Passed" testListId="8c84fa94-04c1-424b-9868-57a2d4851a1d" relativeResultsDirectory="aba890c4-f49c-4380-befb-f2100d969e1b" />
    <UnitTestResult executionId="77dbb65e-e039-4579-b98e-0261964d7a59" testId="b8e1eef2-131d-8592-a368-537ddef100fa" testName="Handle_ValidUpdate_UpdatesGeolocation" computerName="TASNOORI" duration="00:00:00.4494860" startTime="2026-08-11T16:32:19.6993371+05:30" endTime="2026-08-11T16:32:20.1488238+05:30" testType="13cdc9d9-ddb5-4fa4-a97d-d965ccfc6d4b" outcome="Passed" testListId="8c84fa94-04c1-424b-9868-57a2d4851a1d" relativeResultsDirectory="77dbb65e-e039-4579-b98e-0261964d7a59" />
    <UnitTestResult executionId="06b43787-f64b-4750-88c4-f158e0614a28" testId="49da772f-094f-d664-9415-85dacdadde74" testName="Handle_Insert_Valid_Succeeds" computerName="TASNOORI" duration="00:00:00.6335380" startTime="2026-08-11T16:28:36.4842696+05:30" endTime="2026-08-11T16:28:37.1178070+05:30" testType="13cdc9d9-ddb5-4fa4-a97d-d965ccfc6d4b" outcome="Passed" testListId="8c84fa94-04c1-424b-9868-57a2d4851a1d" relativeResultsDirectory="06b43787-f64b-4750-88c4-f158e0614a28" />
    <UnitTestResult executionId="a34b3ba9-2575-41e3-aa7b-5733d63b49d0" testId="fb2a1b89-2995-8121-5550-ab3f2fd03cbf" testName="Handle_InvalidStatus_ReturnsMessage" computerName="TASNOORI" duration="00:00:00.8053150" startTime="2026-08-11T16:36:44.6578891+05:30" endTime="2026-08-11T16:36:45.4632038+05:30" testType="13cdc9d9-ddb5-4fa4-a97d-d965ccfc6d4b" outcome="Passed" testListId="8c84fa94-04c1-424b-9868-57a2d4851a1d" relativeResultsDirectory="a34b3ba9-2575-41e3-aa7b-5733d63b49d0" />
    <UnitTestResult executionId="8d5c9ae3-db00-4cb0-b349-d745bec11b1f" testId="34d127e9-6159-ff42-452e-59a32dfbc8b0" testName="Handle_BlankComponentEntries_AreDropped" computerName="TASNOORI" duration="00:00:01.2604750" startTime="2026-08-11T16:37:39.4353332+05:30" endTime="2026-08-11T16:37:40.6958082+05:30" testType="13cdc9d9-ddb5-4fa4-a97d-d965ccfc6d4b" outcome="Passed" testListId="8c84fa94-04c1-424b-9868-57a2d4851a1d" relativeResultsDirectory="8d5c9ae3-db00-4cb0-b349-d745bec11b1f" />
    <UnitTestResult executionId="ce15c352-78fa-48ad-a5a5-93d1f1811e1b" testId="532a8225-6e57-31d0-7bae-817bc42ef8cf" testName="Handle_InvalidShiftCode_ReturnsFailure" computerName="TASNOORI" duration="00:00:00.6052520" startTime="2026-08-11T16:32:30.8175200+05:30" endTime="2026-08-11T16:32:31.4227717+05:30" testType="13cdc9d9-ddb5-4fa4-a97d-d965ccfc6d4b" outcome="Passed" testListId="8c84fa94-04c1-424b-9868-57a2d4851a1d" relativeResultsDirectory="ce15c352-78fa-48ad-a5a5-93d1f1811e1b" />
    <UnitTestResult executionId="657cf60a-185f-4bb8-84f3-6f7da9e9df85" testId="3909658d-2c6b-a081-256a-cdba1aa21018" testName="Handle_ReturnsFullTileFieldSet_IncludingUnlistedDoctors" computerName="TASNOORI" duration="00:00:00.5533560" startTime="2026-08-11T16:40:42.7284451+05:30" endTime="2026-08-11T16:40:43.2818012+05:30" testType="13cdc9d9-ddb5-4fa4-a97d-d965ccfc6d4b" outcome="Passed" testListId="8c84fa94-04c1-424b-9868-57a2d4851a1d" relativeResultsDirectory="657cf60a-185f-4bb8-84f3-6f7da9e9df85" />
    <UnitTestResult executionId="871487ed-7184-49bd-b937-2c0cf96dba2d" testId="b7d7a6a8-81ec-bfc7-1574-3ef76fea150f" testName="Handle_ReferralIdSupplied_MarksReferralConverted_AndLinksAdmission" computerName="TASNOORI" duration="00:00:01.4513930" startTime="2026-08-11T16:23:10.0102902+05:30" endTime="2026-08-11T16:23:11.4616827+05:30" testType="13cdc9d9-ddb5-4fa4-a97d-d965ccfc6d4b" outcome="Passed" testListId="8c84fa94-04c1-424b-9868-57a2d4851a1d" relativeResultsDirectory="871487ed-7184-49bd-b937-2c0cf96dba2d" />
    <UnitTestResult executionId="080f0d9f-2339-4461-8ccb-9ec4a1b5bbcf" testId="998ac32a-10c2-9630-d2e8-48bba180ebf0" testName="Handle_CancelledAppointment_NotReturned" computerName="TASNOORI" duration="00:00:05.3293330" startTime="2026-08-11T16:38:55.5189084+05:30" endTime="2026-08-11T16:39:00.8482403+05:30" testType="13cdc9d9-ddb5-4fa4-a97d-d965ccfc6d4b" outcome="Passed" testListId="8c84fa94-04c1-424b-9868-57a2d4851a1d" relativeResultsDirectory="080f0d9f-2339-4461-8ccb-9ec4a1b5bbcf" />
    <UnitTestResult executionId="a6fadded-e2ba-4478-8352-5e26c62f3b85" testId="8c1155ad-4343-9dd1-ae6d-966d43220ef5" testName="Handle_ValidRequest_RecordsAssessment" computerName="TASNOORI" duration="00:00:02.9857280" startTime="2026-08-11T16:38:49.9190927+05:30" endTime="2026-08-11T16:38:52.9048205+05:30" testType="13cdc9d9-ddb5-4fa4-a97d-d965ccfc6d4b" outcome="Passed" testListId="8c84fa94-04c1-424b-9868-57a2d4851a1d" relativeResultsDirectory="a6fadded-e2ba-4478-8352-5e26c62f3b85" />
    <UnitTestResult executionId="388c698e-f4ed-48a4-9a97-1426424b3e59" testId="ff469f34-5902-b9ff-d437-f18a59a5c8ac" testName="Handle_ReturnsDepartments" computerName="TASNOORI" duration="00:00:00.3728880" startTime="2026-08-11T16:40:00.1300818+05:30" endTime="2026-08-11T16:40:00.5029699+05:30" testType="13cdc9d9-ddb5-4fa4-a97d-d965ccfc6d4b" outcome="Passed" testListId="8c84fa94-04c1-424b-9868-57a2d4851a1d" relativeResultsDirectory="388c698e-f4ed-48a4-9a97-1426424b3e59" />
    <UnitTestResult executionId="4c96b4f9-1da9-4892-9f61-e610de6e9f3d" testId="3c657319-40c2-4f24-af57-923534fb1585" testName="Handle_ReturnsCommentsNewestFirst" computerName="TASNOORI" duration="00:00:00.3109320" startTime="2026-08-11T16:39:54.6092215+05:30" endTime="2026-08-11T16:39:54.9201530+05:30" testType="13cdc9d9-ddb5-4fa4-a97d-d965ccfc6d4b" outcome="Passed" testListId="8c84fa94-04c1-424b-9868-57a2d4851a1d" relativeResultsDirectory="4c96b4f9-1da9-4892-9f61-e610de6e9f3d" />
    <UnitTestResult executionId="a033397e-793b-455d-8dc8-44bf628555d6" testId="09fb10cd-9a7c-ee27-460a-5441ecb5bde8" testName="Handle_ValidRequest_CreatesReferral_WithPendingStatus_AndHistory" computerName="TASNOORI" duration="00:00:00.7294000" startTime="2026-08-11T16:23:14.7898660+05:30" endTime="2026-08-11T16:23:15.5192666+05:30" testType="13cdc9d9-ddb5-4fa4-a97d-d965ccfc6d4b" outcome="Passed" testListId="8c84fa94-04c1-424b-9868-57a2d4851a1d" relativeResultsDirectory="a033397e-793b-455d-8dc8-44bf628555d6" />
    <UnitTestResult executionId="c83e2ac7-07fe-4167-8f69-01250d1be446" testId="ecc74220-87d9-c556-d5c1-8795b46f7e04" testName="ComputeCardiovascularScore_NoVasopressorsNormalMap_ReturnsZero" computerName="TASNOORI" duration="00:00:00.0008160" startTime="2026-08-11T16:43:14.7193607+05:30" endTime="2026-08-11T16:43:14.7201772+05:30" testType="13cdc9d9-ddb5-4fa4-a97d-d965ccfc6d4b" outcome="Passed" testListId="8c84fa94-04c1-424b-9868-57a2d4851a1d" relativeResultsDirectory="c83e2ac7-07fe-4167-8f69-01250d1be446" />
    <UnitTestResult executionId="e257e13c-a64a-461a-9b39-caaa6f7c8bcb" testId="ce886ac5-0b5c-43df-543e-71676a5ca313" testName="Handle_DoneToken_NoPositionOrEstimate" computerName="TASNOORI" duration="00:00:00.8635770" startTime="2026-08-11T16:41:56.1436145+05:30" endTime="2026-08-11T16:41:57.0071911+05:30" testType="13cdc9d9-ddb5-4fa4-a97d-d965ccfc6d4b" outcome="Passed" testListId="8c84fa94-04c1-424b-9868-57a2d4851a1d" relativeResultsDirectory="e257e13c-a64a-461a-9b39-caaa6f7c8bcb" />
    <UnitTestResult executionId="ca3cfa26-f348-47a0-8e5b-23c71f35ced1" testId="d1faa1d4-7b49-bbd8-82d8-5cc6651671db" testName="Handle_ValidRequest_ReturnsSlots" computerName="TASNOORI" duration="00:00:03.9997780" startTime="2026-08-11T16:39:36.4751526+05:30" endTime="2026-08-11T16:39:40.4749292+05:30" testType="13cdc9d9-ddb5-4fa4-a97d-d965ccfc6d4b" outcome="Passed" testListId="8c84fa94-04c1-424b-9868-57a2d4851a1d" relativeResultsDirectory="ca3cfa26-f348-47a0-8e5b-23c71f35ced1" />
    <UnitTestResult executionId="35abddcf-8da4-4260-978a-75bb1f6ace62" testId="f886570b-dd3c-17ca-ba31-32d138eef3e8" testName="Handle_FollowUp_RequiresDate" computerName="TASNOORI" duration="00:00:00.2100630" startTime="2026-08-11T16:36:20.2873855+05:30" endTime="2026-08-11T16:36:20.4974484+05:30" testType="13cdc9d9-ddb5-4fa4-a97d-d965ccfc6d4b" outcome="Passed" testListId="8c84fa94-04c1-424b-9868-57a2d4851a1d" relativeResultsDirectory="35abddcf-8da4-4260-978a-75bb1f6ace62" />
    <UnitTestResult executionId="9ab58787-74de-489e-aabf-8ef3089b64ca" testId="b1e93462-f0d3-5be8-e6fa-30f05b48e843" testName="Handle_UserNotFound_ReturnsFailure" computerName="TASNOORI" duration="00:00:20.3278800" startTime="2026-08-11T16:26:24.8710547+05:30" endTime="2026-08-11T16:26:45.1989352+05:30" testType="13cdc9d9-ddb5-4fa4-a97d-d965ccfc6d4b" outcome="Passed" testListId="8c84fa94-04c1-424b-9868-57a2d4851a1d" relativeResultsDirectory="9ab58787-74de-489e-aabf-8ef3089b64ca" />
    <UnitTestResult executionId="fa5edfff-ed17-4340-bed5-5932b833bb7d" testId="9ec0a4d3-6df1-c85a-2b28-549cd7f82586" testName="Handle_AdmissionNotFound_ReturnsError" computerName="TASNOORI" duration="00:00:02.8788510" startTime="2026-08-11T16:38:32.8599979+05:30" endTime="2026-08-11T16:38:35.7388479+05:30" testType="13cdc9d9-ddb5-4fa4-a97d-d965ccfc6d4b" outcome="Passed" testListId="8c84fa94-04c1-424b-9868-57a2d4851a1d" relativeResultsDirectory="fa5edfff-ed17-4340-bed5-5932b833bb7d" />
    <UnitTestResult executionId="5eb0d02d-20a4-4b60-be6c-09de8d08c4b2" testId="ee9a53b6-8c37-9a6f-29dd-ae7815310edf" testName="Handle_SameReferrer_ReturnsFailureWithoutChurningHistory" computerName="TASNOORI" duration="00:00:00.5428460" startTime="2026-08-11T16:23:01.0690404+05:30" endTime="2026-08-11T16:23:01.6118864+05:30" testType="13cdc9d9-ddb5-4fa4-a97d-d965ccfc6d4b" outcome="Passed" testListId="8c84fa94-04c1-424b-9868-57a2d4851a1d" relativeResultsDirectory="5eb0d02d-20a4-4b60-be6c-09de8d08c4b2" />
    <UnitTestResult executionId="1acff1de-8e4c-4197-88c2-bff509b37fca" testId="351f048c-71c4-dc8b-99ca-3461752db860" testName="Handle_AppointmentNotFound_Rejects" computerName="TASNOORI" duration="00:00:00.3183000" startTime="2026-08-11T16:32:27.1444743+05:30" endTime="2026-08-11T16:32:27.4627745+05:30" testType="13cdc9d9-ddb5-4fa4-a97d-d965ccfc6d4b" outcome="Passed" testListId="8c84fa94-04c1-424b-9868-57a2d4851a1d" relativeResultsDirectory="1acff1de-8e4c-4197-88c2-bff509b37fca" />
    <UnitTestResult executionId="8e1c9ceb-a2cc-471a-aadf-a16f7d4f9898" testId="3f3c332b-d89c-916a-65d7-bbe7f6535a04" testName="Handle_WithDateRange_ShouldCreateRecordForEachDate" computerName="TASNOORI" duration="00:00:00.5666250" startTime="2026-08-11T16:28:48.0209384+05:30" endTime="2026-08-11T16:28:48.5875626+05:30" testType="13cdc9d9-ddb5-4fa4-a97d-d965ccfc6d4b" outcome="Passed" testListId="8c84fa94-04c1-424b-9868-57a2d4851a1d" relativeResultsDirectory="8e1c9ceb-a2cc-471a-aadf-a16f7d4f9898" />
    <UnitTestResult executionId="3f8f2941-2f24-4642-a28c-3ba58fdf50a7" testId="98aef86e-abf7-f561-2274-e9402099cd54" testName="Handle_NoScores_ReturnsEmptyList" computerName="TASNOORI" duration="00:00:00.2972910" startTime="2026-08-11T16:40:09.5028559+05:30" endTime="2026-08-11T16:40:09.8001470+05:30" testType="13cdc9d9-ddb5-4fa4-a97d-d965ccfc6d4b" outcome="Passed" testListId="8c84fa94-04c1-424b-9868-57a2d4851a1d" relativeResultsDirectory="3f8f2941-2f24-4642-a28c-3ba58fdf50a7" />
    <UnitTestResult executionId="c711c61e-a884-47ce-9877-90533540d74f" testId="877768aa-5a91-53c4-e8c1-d65b2637df55" testName="Handle_NewPersonalizedData_ReturnsSuccess" computerName="TASNOORI" duration="00:00:01.4270910" startTime="2026-08-11T16:37:46.9606138+05:30" endTime="2026-08-11T16:37:48.3877049+05:30" testType="13cdc9d9-ddb5-4fa4-a97d-d965ccfc6d4b" outcome="Passed" testListId="8c84fa94-04c1-424b-9868-57a2d4851a1d" relativeResultsDirectory="c711c61e-a884-47ce-9877-90533540d74f" />
    <UnitTestResult executionId="41dbb8e2-2750-41a4-a6cf-9a07bdf36a49" testId="34880bb5-81e0-20bc-a177-411e1c26fae2" testName="Handle_DepartmentNotFound_ReturnsFailure" computerName="TASNOORI" duration="00:00:00.1825680" startTime="2026-08-11T16:36:23.0328445+05:30" endTime="2026-08-11T16:36:23.2154118+05:30" testType="13cdc9d9-ddb5-4fa4-a97d-d965ccfc6d4b" outcome="Passed" testListId="8c84fa94-04c1-424b-9868-57a2d4851a1d" relativeResultsDirectory="41dbb8e2-2750-41a4-a6cf-9a07bdf36a49" />
    <UnitTestResult executionId="5a216df0-a209-450c-8777-df6c2c315f71" testId="ed63e1b5-13ae-37d5-c378-4e13d627385f" testName="Handle_ExcludesDoctorsFromOtherHospitals" computerName="TASNOORI" duration="00:00:00.6486950" startTime="2026-08-11T16:40:41.3124730+05:30" endTime="2026-08-11T16:40:41.9611675+05:30" testType="13cdc9d9-ddb5-4fa4-a97d-d965ccfc6d4b" outcome="Passed" testListId="8c84fa94-04c1-424b-9868-57a2d4851a1d" relativeResultsDirectory="5a216df0-a209-450c-8777-df6c2c315f71" />
    <UnitTestResult executionId="9ab65d66-9018-4d86-a1bc-9483e6e07f74" testId="ea91cfe3-47f8-215d-cc58-f51023864dbb" testName="ComputeSpo2Score_SeverelyLow_ReturnsThree" computerName="TASNOORI" duration="00:00:00.0009070" startTime="2026-08-11T16:39:47.6087537+05:30" endTime="2026-08-11T16:39:47.6096613+05:30" testType="13cdc9d9-ddb5-4fa4-a97d-d965ccfc6d4b" outcome="Passed" testListId="8c84fa94-04c1-424b-9868-57a2d4851a1d" relativeResultsDirectory="9ab65d66-9018-4d86-a1bc-9483e6e07f74" />
    <UnitTestResult executionId="48b5ce15-59c4-4e53-ab38-82fc9c4c9983" testId="0e48a3be-6c19-2cff-f1d2-7fe3f43aab84" testName="ComputeMapPoints_Normal_ReturnsZero" computerName="TASNOORI" duration="00:00:00.0015570" startTime="2026-08-11T16:38:52.9199905+05:30" endTime="2026-08-11T16:38:52.9215476+05:30" testType="13cdc9d9-ddb5-4fa4-a97d-d965ccfc6d4b" outcome="Passed" testListId="8c84fa94-04c1-424b-9868-57a2d4851a1d" relativeResultsDirectory="48b5ce15-59c4-4e53-ab38-82fc9c4c9983" />
    <UnitTestResult executionId="dfd9022d-2a5e-4ebc-b172-2237173cf55c" testId="86f10fc4-4747-848d-e856-9a985f09356a" testName="ComputePulseScore_VeryLow_ReturnsThree" computerName="TASNOORI" duration="00:00:00.0011320" startTime="2026-08-11T16:39:47.5957365+05:30" endTime="2026-08-11T16:39:47.5968689+05:30" testType="13cdc9d9-ddb5-4fa4-a97d-d965ccfc6d4b" outcome="Passed" testListId="8c84fa94-04c1-424b-9868-57a2d4851a1d" relativeResultsDirectory="dfd9022d-2a5e-4ebc-b172-2237173cf55c" />
    <UnitTestResult executionId="53c82fff-d16c-4e45-949f-69e08be7660a" testId="567e11fe-2bbb-85d2-c6c4-6b8b68677b22" testName="Handle_BlobStorageDeleteFailed_ReturnsError" computerName="TASNOORI" duration="00:00:00.6360460" startTime="2026-08-11T16:28:31.3952363+05:30" endTime="2026-08-11T16:28:32.0312818+05:30" testType="13cdc9d9-ddb5-4fa4-a97d-d965ccfc6d4b" outcome="Passed" testListId="8c84fa94-04c1-424b-9868-57a2d4851a1d" relativeResultsDirectory="53c82fff-d16c-4e45-949f-69e08be7660a" />
    <UnitTestResult executionId="39a50392-8aba-472b-bd07-766748edd99c" testId="7f64a79e-2c24-3726-b9be-e593fd493bcc" testName="Handle_DoctorNotFound_ReturnsError" computerName="TASNOORI" duration="00:00:00.5007030" startTime="2026-08-11T16:23:12.5279137+05:30" endTime="2026-08-11T16:23:13.0286160+05:30" testType="13cdc9d9-ddb5-4fa4-a97d-d965ccfc6d4b" outcome="Passed" testListId="8c84fa94-04c1-424b-9868-57a2d4851a1d" relativeResultsDirectory="39a50392-8aba-472b-bd07-766748edd99c" />
    <UnitTestResult executionId="3693543e-db32-4dad-ab86-b1b043274607" testId="181bed9a-f751-675b-4940-abeb4561f2da" testName="Handle_ExcludesCategory_WhenHospitalNotPubliclyListed" computerName="TASNOORI" duration="00:00:01.1918380" startTime="2026-08-11T16:41:47.5604188+05:30" endTime="2026-08-11T16:41:48.7522571+05:30" testType="13cdc9d9-ddb5-4fa4-a97d-d965ccfc6d4b" outcome="Passed" testListId="8c84fa94-04c1-424b-9868-57a2d4851a1d" relativeResultsDirectory="3693543e-db32-4dad-ab86-b1b043274607" />
    <UnitTestResult executionId="5692acab-ca38-44a5-86e1-147a1ba73671" testId="d873cb9c-4d2c-b046-cbf3-8501f8424057" testName="Handle_UserNotFound_ReturnsFailure" computerName="TASNOORI" duration="00:00:00.5826720" startTime="2026-08-11T16:37:53.8100259+05:30" endTime="2026-08-11T16:37:54.3926975+05:30" testType="13cdc9d9-ddb5-4fa4-a97d-d965ccfc6d4b" outcome="Passed" testListId="8c84fa94-04c1-424b-9868-57a2d4851a1d" relativeResultsDirectory="5692acab-ca38-44a5-86e1-147a1ba73671" />
    <UnitTestResult executionId="06f5ef8a-4141-4cc9-a6b3-90fbdba230a3" testId="e413a385-1d99-4758-0c15-9d37d2a71826" testName="Handle_DoctorNotFound_ReturnsError" computerName="TASNOORI" duration="00:00:00.4133810" startTime="2026-08-11T16:28:24.6157234+05:30" endTime="2026-08-11T16:28:25.0291042+05:30" testType="13cdc9d9-ddb5-4fa4-a97d-d965ccfc6d4b" outcome="Passed" testListId="8c84fa94-04c1-424b-9868-57a2d4851a1d" relativeResultsDirectory="06f5ef8a-4141-4cc9-a6b3-90fbdba230a3" />
    <UnitTestResult executionId="c0e54dab-391a-4c52-a062-edfd624ccadd" testId="1f947272-b60e-1feb-6801-3947bb7dc513" testName="Handle_ChargeNotFound_ReturnsFailure" computerName="TASNOORI" duration="00:00:00.2577450" startTime="2026-08-11T16:36:21.1172334+05:30" endTime="2026-08-11T16:36:21.3749785+05:30" testType="13cdc9d9-ddb5-4fa4-a97d-d965ccfc6d4b" outcome="Passed" testListId="8c84fa94-04c1-424b-9868-57a2d4851a1d" relativeResultsDirectory="c0e54dab-391a-4c52-a062-edfd624ccadd" />
    <UnitTestResult executionId="b58f958a-e29b-4357-a45c-865f0df43279" testId="0824044d-47ec-3da8-2a41-90ac1b98a394" testName="Handle_Open_OnlyReturnsUnresolvedActivations_WithPatientName" computerName="TASNOORI" duration="00:00:08.1789770" startTime="2026-08-11T16:42:00.3448011+05:30" endTime="2026-08-11T16:42:08.5237766+05:30" testType="13cdc9d9-ddb5-4fa4-a97d-d965ccfc6d4b" outcome="Passed" testListId="8c84fa94-04c1-424b-9868-57a2d4851a1d" relativeResultsDirectory="b58f958a-e29b-4357-a45c-865f0df43279" />
    <UnitTestResult executionId="a42d23f0-7350-4d8d-b3a6-fdbe754044b9" testId="22d19ee1-5bed-6913-69ec-95f0b2a325a6" testName="Handle_ValidRequest_CreatesOrderSet_WithSerializedLines" computerName="TASNOORI" duration="00:00:00.4563900" startTime="2026-08-11T16:36:55.1103270+05:30" endTime="2026-08-11T16:36:55.5667171+05:30" testType="13cdc9d9-ddb5-4fa4-a97d-d965ccfc6d4b" outcome="Passed" testListId="8c84fa94-04c1-424b-9868-57a2d4851a1d" relativeResultsDirectory="a42d23f0-7350-4d8d-b3a6-fdbe754044b9" />
    <UnitTestResult executionId="a8eec658-59ea-4709-8454-38b48af2fdf8" testId="a1e254df-c662-5542-9d30-352768fae075" testName="Handle_CallerHasDoctorProfile_FlipsOwnFlag" computerName="TASNOORI" duration="00:00:00.5258100" startTime="2026-08-11T16:36:30.8813149+05:30" endTime="2026-08-11T16:36:31.4071245+05:30" testType="13cdc9d9-ddb5-4fa4-a97d-d965ccfc6d4b" outcome="Passed" testListId="8c84fa94-04c1-424b-9868-57a2d4851a1d" relativeResultsDirectory="a8eec658-59ea-4709-8454-38b48af2fdf8" />
    <UnitTestResult executionId="f613b250-33d8-4333-abec-7d59624d6606" testId="30cf8cf1-fb47-48f1-7cb8-72555c475b6d" testName="Handle_WithinGeofence_IssuesToken" computerName="TASNOORI" duration="00:00:00.8566290" startTime="2026-08-11T16:32:26.2873446+05:30" endTime="2026-08-11T16:32:27.1439737+05:30" testType="13cdc9d9-ddb5-4fa4-a97d-d965ccfc6d4b" outcome="Passed" testListId="8c84fa94-04c1-424b-9868-57a2d4851a1d" relativeResultsDirectory="f613b250-33d8-4333-abec-7d59624d6606" />
    <UnitTestResult executionId="081d7c62-5605-4f6a-8e04-136c64837703" testId="33861515-8c89-7c26-76ac-2e2a737d1f0b" testName="Handle_NewSettings_InsertsRecord" computerName="TASNOORI" duration="00:00:00.4179890" startTime="2026-08-11T16:36:53.1782331+05:30" endTime="2026-08-11T16:36:53.5962221+05:30" testType="13cdc9d9-ddb5-4fa4-a97d-d965ccfc6d4b" outcome="Passed" testListId="8c84fa94-04c1-424b-9868-57a2d4851a1d" relativeResultsDirectory="081d7c62-5605-4f6a-8e04-136c64837703" />
    <UnitTestResult executionId="e51197db-a972-47b3-a09b-e352941622b8" testId="523440fb-7196-f3fa-4e53-a699982e5a26" testName="Handle_ValidComment_IsAddedAndRetrievable" computerName="TASNOORI" duration="00:00:00.6681510" startTime="2026-08-11T16:22:57.3499795+05:30" endTime="2026-08-11T16:22:58.0181304+05:30" testType="13cdc9d9-ddb5-4fa4-a97d-d965ccfc6d4b" outcome="Passed" testListId="8c84fa94-04c1-424b-9868-57a2d4851a1d" relativeResultsDirectory="e51197db-a972-47b3-a09b-e352941622b8" />
    <UnitTestResult executionId="a4717d06-50e6-4a54-b33c-ebed022f0aee" testId="e7c45348-ee2a-3eda-0c15-a901b801278d" testName="Handle_Success_DeletesOverride" computerName="TASNOORI" duration="00:00:00.6019350" startTime="2026-08-11T16:28:52.5844426+05:30" endTime="2026-08-11T16:28:53.1863776+05:30" testType="13cdc9d9-ddb5-4fa4-a97d-d965ccfc6d4b" outcome="Passed" testListId="8c84fa94-04c1-424b-9868-57a2d4851a1d" relativeResultsDirectory="a4717d06-50e6-4a54-b33c-ebed022f0aee" />
    <UnitTestResult executionId="92cfdfb0-4a91-4574-90d4-fd6d93f7d927" testId="9af95d25-076a-4f9e-a96c-9c148aaea901" testName="Handle_Refund_PartialAmount_StillLeavingCredit_AppliesDirectly_NoApprovalNeeded" computerName="TASNOORI" duration="00:00:01.2681670" startTime="2026-08-11T16:22:50.1136876+05:30" endTime="2026-08-11T16:22:51.3818530+05:30" testType="13cdc9d9-ddb5-4fa4-a97d-d965ccfc6d4b" outcome="Passed" testListId="8c84fa94-04c1-424b-9868-57a2d4851a1d" relativeResultsDirectory="92cfdfb0-4a91-4574-90d4-fd6d93f7d927" />
    <UnitTestResult executionId="e06145e8-7b09-4170-b0b8-5eeea3a70fd1" testId="46f5c835-d332-d83e-7b42-38a4ca701e26" testName="Handle_Remove_ActiveDevice_Succeeds" computerName="TASNOORI" duration="00:00:00.6934709" startTime="2026-08-11T16:28:37.1178338+05:30" endTime="2026-08-11T16:28:37.8113043+05:30" testType="13cdc9d9-ddb5-4fa4-a97d-d965ccfc6d4b" outcome="Passed" testListId="8c84fa94-04c1-424b-9868-57a2d4851a1d" relativeResultsDirectory="e06145e8-7b09-4170-b0b8-5eeea3a70fd1" />
    <UnitTestResult executionId="c6141e0b-c784-40a3-b7d2-18ad208d1ffe" testId="19f8c427-3ae0-1801-c972-36ea507fa41f" testName="Handle_MultipleLines_CreatesOneExpensePerLine_WithSharedFieldsAndOwnReason" computerName="TASNOORI" duration="00:00:00.5113510" startTime="2026-08-11T16:23:16.2751218+05:30" endTime="2026-08-11T16:23:16.7864731+05:30" testType="13cdc9d9-ddb5-4fa4-a97d-d965ccfc6d4b" outcome="Passed" testListId="8c84fa94-04c1-424b-9868-57a2d4851a1d" relativeResultsDirectory="c6141e0b-c784-40a3-b7d2-18ad208d1ffe" />
    <UnitTestResult executionId="047ce87d-e1a6-4d76-b504-2dc7cd215eb4" testId="591b4d62-8a33-3a64-d22e-6f63338c3e7e" testName="Handle_ReleaseAlreadyReleased_ReturnsFailure" computerName="TASNOORI" duration="00:00:00.7679960" startTime="2026-08-11T16:32:32.7702490+05:30" endTime="2026-08-11T16:32:33.5382447+05:30" testType="13cdc9d9-ddb5-4fa4-a97d-d965ccfc6d4b" outcome="Passed" testListId="8c84fa94-04c1-424b-9868-57a2d4851a1d" relativeResultsDirectory="047ce87d-e1a6-4d76-b504-2dc7cd215eb4" />
    <UnitTestResult executionId="20f0511b-3a62-4c0e-8165-1a9b6cbd6927" testId="b3cfcd92-f27f-8199-5b69-f1870623fc86" testName="Handle_BlankAuthorName_StoresNull" computerName="TASNOORI" duration="00:00:00.4302400" startTime="2026-08-11T16:36:13.3297940+05:30" endTime="2026-08-11T16:36:13.7600334+05:30" testType="13cdc9d9-ddb5-4fa4-a97d-d965ccfc6d4b" outcome="Passed" testListId="8c84fa94-04c1-424b-9868-57a2d4851a1d" relativeResultsDirectory="20f0511b-3a62-4c0e-8165-1a9b6cbd6927" />
    <UnitTestResult executionId="efddf67e-b282-4ae4-a61e-b76afd021ec6" testId="c08dcfac-7875-8354-6102-802a334683bd" testName="Handle_CallsLowestQueueSequence_SetsCurrentServing" computerName="TASNOORI" duration="00:00:00.5996620" startTime="2026-08-11T16:23:17.1460559+05:30" endTime="2026-08-11T16:23:17.7457176+05:30" testType="13cdc9d9-ddb5-4fa4-a97d-d965ccfc6d4b" outcome="Passed" testListId="8c84fa94-04c1-424b-9868-57a2d4851a1d" relativeResultsDirectory="efddf67e-b282-4ae4-a61e-b76afd021ec6" />
    <UnitTestResult executionId="33ce150e-7b41-4f37-aa4f-0502d005554d" testId="7e6e5f5b-95f6-8159-83c7-f49d3b697b5c" testName="Handle_CallerHasNoDoctorProfile_ReturnsFailure" computerName="TASNOORI" duration="00:00:00.4861710" startTime="2026-08-11T16:36:31.4071670+05:30" endTime="2026-08-11T16:36:31.8933378+05:30" testType="13cdc9d9-ddb5-4fa4-a97d-d965ccfc6d4b" outcome="Passed" testListId="8c84fa94-04c1-424b-9868-57a2d4851a1d" relativeResultsDirectory="33ce150e-7b41-4f37-aa4f-0502d005554d" />
    <UnitTestResult executionId="3f9aa785-68e3-4d9c-b64d-e840706e9d3e" testId="5467372e-507b-973c-fc2a-b27b8f8f85bd" testName="ComputeBorSeries_OneOfTwoBedsOccupiedWholeDay_ReturnsFiftyPercent" computerName="TASNOORI" duration="00:00:00.0050270" startTime="2026-08-11T16:42:26.1916363+05:30" endTime="2026-08-11T16:42:26.1966633+05:30" testType="13cdc9d9-ddb5-4fa4-a97d-d965ccfc6d4b" outcome="Passed" testListId="8c84fa94-04c1-424b-9868-57a2d4851a1d" relativeResultsDirectory="3f9aa785-68e3-4d9c-b64d-e840706e9d3e" />
    <UnitTestResult executionId="f2134c33-0b72-469d-91b2-38bdc3094462" testId="96745384-528a-5732-1d22-eb46d9609755" testName="ComputeBorSeries_BedReleasedBeforeDayStart_NotCountedOccupied" computerName="TASNOORI" duration="00:00:00.0110980" startTime="2026-08-11T16:42:26.1580457+05:30" endTime="2026-08-11T16:42:26.1691445+05:30" testType="13cdc9d9-ddb5-4fa4-a97d-d965ccfc6d4b" outcome="Passed" testListId="8c84fa94-04c1-424b-9868-57a2d4851a1d" relativeResultsDirectory="f2134c33-0b72-469d-91b2-38bdc3094462" />
    <UnitTestResult executionId="d791e113-0091-4f54-8a89-58f394586f35" testId="98366200-cae8-14a2-5ba1-d079e7071a70" testName="Handle_ExcludesReviewsForOtherDoctors" computerName="TASNOORI" duration="00:00:00.3495269" startTime="2026-08-11T16:40:49.1680102+05:30" endTime="2026-08-11T16:40:49.5175369+05:30" testType="13cdc9d9-ddb5-4fa4-a97d-d965ccfc6d4b" outcome="Passed" testListId="8c84fa94-04c1-424b-9868-57a2d4851a1d" relativeResultsDirectory="d791e113-0091-4f54-8a89-58f394586f35" />
    <UnitTestResult executionId="61fb3f98-6536-4b29-9db4-78ca399d7a15" testId="dafd9e8a-e08f-9ef8-5c0c-b7760c1f71b8" testName="Handle_MarketingConsentTrue_SetsConsentAndTimestamp_OnNewPatient" computerName="TASNOORI" duration="00:00:01.0711220" startTime="2026-08-11T16:32:48.2819829+05:30" endTime="2026-08-11T16:32:49.3531044+05:30" testType="13cdc9d9-ddb5-4fa4-a97d-d965ccfc6d4b" outcome="Passed" testListId="8c84fa94-04c1-424b-9868-57a2d4851a1d" relativeResultsDirectory="61fb3f98-6536-4b29-9db4-78ca399d7a15" />
    <UnitTestResult executionId="766b9766-d91d-4c2c-8671-a413c17c1a7b" testId="16ea2c5a-1d79-b401-6483-e16b40a611ef" testName="Handle_ReturnsDocuments_NewestFirst_WithCorrectCount" computerName="TASNOORI" duration="00:00:00.4507610" startTime="2026-08-11T16:39:53.8869955+05:30" endTime="2026-08-11T16:39:54.3377559+05:30" testType="13cdc9d9-ddb5-4fa4-a97d-d965ccfc6d4b" outcome="Passed" testListId="8c84fa94-04c1-424b-9868-57a2d4851a1d" relativeResultsDirectory="766b9766-d91d-4c2c-8671-a413c17c1a7b" />
    <UnitTestResult executionId="e14f7735-8fc9-424f-985e-57fcb2b6d8f0" testId="233f0023-c766-0baf-28fd-dd874817e0a5" testName="Handle_ExplicitEntitledRoomCategory_OverridesOtPlanDefault" computerName="TASNOORI" duration="00:00:01.2293110" startTime="2026-08-11T16:23:05.2951519+05:30" endTime="2026-08-11T16:23:06.5244610+05:30" testType="13cdc9d9-ddb5-4fa4-a97d-d965ccfc6d4b" outcome="Passed" testListId="8c84fa94-04c1-424b-9868-57a2d4851a1d" relativeResultsDirectory="e14f7735-8fc9-424f-985e-57fcb2b6d8f0" />
    <UnitTestResult executionId="cb168a46-a949-4582-8e6d-81345f51a5c5" testId="10cac10a-4372-afbd-2acd-ab8cc99cdea0" testName="Handle_HospitalNotFound_ReturnsError" computerName="TASNOORI" duration="00:00:04.6810010" startTime="2026-08-11T16:30:43.1407151+05:30" endTime="2026-08-11T16:30:47.8217168+05:30" testType="13cdc9d9-ddb5-4fa4-a97d-d965ccfc6d4b" outcome="Passed" testListId="8c84fa94-04c1-424b-9868-57a2d4851a1d" relativeResultsDirectory="cb168a46-a949-4582-8e6d-81345f51a5c5" />
    <UnitTestResult executionId="8af9d6a6-a286-49a8-80bf-4d13fc166843" testId="7eed432d-0dfb-79a3-2d4a-1951cbe3e508" testName="Handle_Release_FlipsToReleased" computerName="TASNOORI" duration="00:00:00.6303649" startTime="2026-08-11T16:32:40.4667902+05:30" endTime="2026-08-11T16:32:41.0971547+05:30" testType="13cdc9d9-ddb5-4fa4-a97d-d965ccfc6d4b" outcome="Passed" testListId="8c84fa94-04c1-424b-9868-57a2d4851a1d" relativeResultsDirectory="8af9d6a6-a286-49a8-80bf-4d13fc166843" />
    <UnitTestResult executionId="54e89e56-6869-4397-be05-2aa9a31d5903" testId="2619e833-4f57-3166-6941-3fdef5130eed" testName="Handle_ValidRequest_ReleasesOldRowAndCreatesNewActiveRow_AndUpdatesAdmissionReferralFields" computerName="TASNOORI" duration="00:00:00.8105019" startTime="2026-08-11T16:23:02.3434485+05:30" endTime="2026-08-11T16:23:03.1539505+05:30" testType="13cdc9d9-ddb5-4fa4-a97d-d965ccfc6d4b" outcome="Passed" testListId="8c84fa94-04c1-424b-9868-57a2d4851a1d" relativeResultsDirectory="54e89e56-6869-4397-be05-2aa9a31d5903" />
    <UnitTestResult executionId="03a68cc5-daa4-4226-8f76-8c90ecb7d066" testId="901d529e-ae5a-d5b8-3060-a5e76cb9beb4" testName="ComputeChronicHealthPoints_None_ReturnsZero" computerName="TASNOORI" duration="00:00:00.0006840" startTime="2026-08-11T16:38:52.9123812+05:30" endTime="2026-08-11T16:38:52.9130650+05:30" testType="13cdc9d9-ddb5-4fa4-a97d-d965ccfc6d4b" outcome="Passed" testListId="8c84fa94-04c1-424b-9868-57a2d4851a1d" relativeResultsDirectory="03a68cc5-daa4-4226-8f76-8c90ecb7d066" />
    <UnitTestResult executionId="e55dcdfc-e76f-46c6-91da-26fc0acbfda2" testId="d97749c0-b6f8-06df-d8a7-504161d06932" testName="Handle_ExcludesDoctorsWithNoHospitalDepartmentAssignment" computerName="TASNOORI" duration="00:00:00.3928380" startTime="2026-08-11T16:40:52.2417161+05:30" endTime="2026-08-11T16:40:52.6345539+05:30" testType="13cdc9d9-ddb5-4fa4-a97d-d965ccfc6d4b" outcome="Passed" testListId="8c84fa94-04c1-424b-9868-57a2d4851a1d" relativeResultsDirectory="e55dcdfc-e76f-46c6-91da-26fc0acbfda2" />
    <UnitTestResult executionId="a9feca9d-7620-4d89-a53e-8172f0080eae" testId="8e3ebe3a-1ac5-9235-8e7f-9716b3d829f8" testName="Handle_DoctorNotAtThisHospital_ReturnsFailure_DoesNotChangeFlag" computerName="TASNOORI" duration="00:00:00.5362930" startTime="2026-08-11T16:36:26.9977636+05:30" endTime="2026-08-11T16:36:27.5340562+05:30" testType="13cdc9d9-ddb5-4fa4-a97d-d965ccfc6d4b" outcome="Passed" testListId="8c84fa94-04c1-424b-9868-57a2d4851a1d" relativeResultsDirectory="a9feca9d-7620-4d89-a53e-8172f0080eae" />
    <UnitTestResult executionId="0c41962f-c188-42f8-b69f-e80938acfc8a" testId="8ef51919-41e4-0e59-00a6-6a8f2a59b6c9" testName="ComputeSlots_Tds_ReturnsThreeSlotsPerDay" computerName="TASNOORI" duration="00:00:00.0021490" startTime="2026-08-11T16:42:27.1753864+05:30" endTime="2026-08-11T16:42:27.1775362+05:30" testType="13cdc9d9-ddb5-4fa4-a97d-d965ccfc6d4b" outcome="Passed" testListId="8c84fa94-04c1-424b-9868-57a2d4851a1d" relativeResultsDirectory="0c41962f-c188-42f8-b69f-e80938acfc8a" />
    <UnitTestResult executionId="fdbb5f8c-0d5e-4d8b-9251-cc2694783582" testId="c4192f4e-139f-0447-4df0-c102c6510294" testName="Resolve_NonIcuRoomBelowThreshold_Exempt" computerName="TASNOORI" duration="00:00:00.0017130" startTime="2026-08-11T16:42:10.2863858+05:30" endTime="2026-08-11T16:42:10.2880994+05:30" testType="13cdc9d9-ddb5-4fa4-a97d-d965ccfc6d4b" outcome="Passed" testListId="8c84fa94-04c1-424b-9868-57a2d4851a1d" relativeResultsDirectory="fdbb5f8c-0d5e-4d8b-9251-cc2694783582" />
    <UnitTestResult executionId="4e54433c-5eae-4dac-a191-b19fc23d30a0" testId="d21c75f0-421d-8793-3805-4cde328a6b83" testName="Handle_AppointmentHasNoPdfUrl_ReturnsFailure" computerName="TASNOORI" duration="00:00:00.8760770" startTime="2026-08-11T16:41:52.9519817+05:30" endTime="2026-08-11T16:41:53.8280580+05:30" testType="13cdc9d9-ddb5-4fa4-a97d-d965ccfc6d4b" outcome="Passed" testListId="8c84fa94-04c1-424b-9868-57a2d4851a1d" relativeResultsDirectory="4e54433c-5eae-4dac-a191-b19fc23d30a0" />
    <UnitTestResult executionId="92ed3f07-a085-4ae7-a5ff-6a33afc256a0" testId="2fb5ab93-62a6-522c-df19-c96d2a36cec5" testName="ComputeTemperatureScore_VeryHigh_ReturnsTwo" computerName="TASNOORI" duration="00:00:00.0014350" startTime="2026-08-11T16:39:47.6121878+05:30" endTime="2026-08-11T16:39:47.6136240+05:30" testType="13cdc9d9-ddb5-4fa4-a97d-d965ccfc6d4b" outcome="Passed" testListId="8c84fa94-04c1-424b-9868-57a2d4851a1d" relativeResultsDirectory="92ed3f07-a085-4ae7-a5ff-6a33afc256a0" />
    <UnitTestResult executionId="3b334d97-5e5a-4a53-874d-216417df0294" testId="ac84f8fa-8187-3828-7d39-df7cae3f2bdd" testName="Handle_WhenMissingMobileOrRoles_ReturnsFailure" computerName="TASNOORI" duration="00:00:02.6063370" startTime="2026-08-11T16:38:25.7189636+05:30" endTime="2026-08-11T16:38:28.3252994+05:30" testType="13cdc9d9-ddb5-4fa4-a97d-d965ccfc6d4b" outcome="Passed" testListId="8c84fa94-04c1-424b-9868-57a2d4851a1d" relativeResultsDirectory="3b334d97-5e5a-4a53-874d-216417df0294" />
    <UnitTestResult executionId="0a06f28e-e448-4d65-b0ca-c8dbb10b41c3" testId="e8c5d49c-e24a-2c63-32db-97d2a69cc34a" testName="Handle_DoctorOnTimeOff_ReturnsUnavailableWithReason" computerName="TASNOORI" duration="00:00:00.5270920" startTime="2026-08-11T16:40:46.5654719+05:30" endTime="2026-08-11T16:40:47.0925640+05:30" testType="13cdc9d9-ddb5-4fa4-a97d-d965ccfc6d4b" outcome="Passed" testListId="8c84fa94-04c1-424b-9868-57a2d4851a1d" relativeResultsDirectory="0a06f28e-e448-4d65-b0ca-c8dbb10b41c3" />
    <UnitTestResult executionId="7b4b7008-3d5f-458d-bbe0-cffa42bd3232" testId="17ac4f67-f18c-90cf-b739-cb5128c7d3ff" testName="Handle_TimeOff_ReturnsTimeOff" computerName="TASNOORI" duration="00:00:04.0704200" startTime="2026-08-11T16:39:32.4045984+05:30" endTime="2026-08-11T16:39:36.4750175+05:30" testType="13cdc9d9-ddb5-4fa4-a97d-d965ccfc6d4b" outcome="Passed" testListId="8c84fa94-04c1-424b-9868-57a2d4851a1d" relativeResultsDirectory="7b4b7008-3d5f-458d-bbe0-cffa42bd3232" />
    <UnitTestResult executionId="875735e1-6167-453a-a005-0c1ef9d969f2" testId="0fa42296-b861-f5f5-5a8e-a0a2d1f51864" testName="Handle_ReleaseNotFound_ReturnsFailure" computerName="TASNOORI" duration="00:00:00.6540610" startTime="2026-08-11T16:32:33.5382700+05:30" endTime="2026-08-11T16:32:34.1923306+05:30" testType="13cdc9d9-ddb5-4fa4-a97d-d965ccfc6d4b" outcome="Passed" testListId="8c84fa94-04c1-424b-9868-57a2d4851a1d" relativeResultsDirectory="875735e1-6167-453a-a005-0c1ef9d969f2" />
    <UnitTestResult executionId="d61bbdd5-4dac-4c61-a103-ee48e5078e79" testId="26ce81c0-c570-dddc-116c-c6d799e8d59d" testName="Handle_ExcludesHiddenReviews_FromListAndAverage" computerName="TASNOORI" duration="00:00:00.3381390" startTime="2026-08-11T16:40:48.8298451+05:30" endTime="2026-08-11T16:40:49.1679836+05:30" testType="13cdc9d9-ddb5-4fa4-a97d-d965ccfc6d4b" outcome="Passed" testListId="8c84fa94-04c1-424b-9868-57a2d4851a1d" relativeResultsDirectory="d61bbdd5-4dac-4c61-a103-ee48e5078e79" />
[...]
    <TestEntry testId="de6feea1-025b-f185-e7ca-a924a834700a" executionId="a6386095-d6ce-4dc2-91e0-c374ba6a398c" testListId="8c84fa94-04c1-424b-9868-57a2d4851a1d" />
    <TestEntry testId="e4a7b75b-3e76-566f-5442-8c2f1c53ec4d" executionId="ce85d34b-45d2-40d2-b8f9-9a0003471f5f" testListId="8c84fa94-04c1-424b-9868-57a2d4851a1d" />
    <TestEntry testId="9d17bc83-2f38-3722-270a-72d42bc1c4a0" executionId="f7851505-0165-4023-9d62-3f50dd391322" testListId="8c84fa94-04c1-424b-9868-57a2d4851a1d" />
    <TestEntry testId="e40cd2cf-af31-570a-1442-15a9a02c408a" executionId="1588772b-fbc2-415f-9a7b-b00457bc7336" testListId="8c84fa94-04c1-424b-9868-57a2d4851a1d" />
    <TestEntry testId="162a25bc-d9c0-06f2-a10c-807e73da194d" executionId="0c4e325a-dc3f-4604-99c8-e797dcb8712a" testListId="8c84fa94-04c1-424b-9868-57a2d4851a1d" />
    <TestEntry testId="a4a693c9-0f0b-a798-06c6-7195e9672379" executionId="efafb187-3892-426b-adfc-5e05ca69ebb2" testListId="8c84fa94-04c1-424b-9868-57a2d4851a1d" />
    <TestEntry testId="c891fda8-4c36-526d-a2fc-fa4ebfc6f011" executionId="40ee3e1e-f574-448e-a8eb-b1ae3707b300" testListId="8c84fa94-04c1-424b-9868-57a2d4851a1d" />
    <TestEntry testId="7b868729-a7d9-b4bd-a35b-2b2d7b5d9bb5" executionId="5049d2d5-a891-45a1-952b-a08a1fbd041c" testListId="8c84fa94-04c1-424b-9868-57a2d4851a1d" />
    <TestEntry testId="435d0ac0-3557-3249-a570-ff42abb21797" executionId="db7ab758-768a-4d59-b482-41df0ce9b063" testListId="8c84fa94-04c1-424b-9868-57a2d4851a1d" />
    <TestEntry testId="e551185a-d579-d0ef-e15f-99ac640e1edf" executionId="8efdf2d8-b360-4b94-8b6a-96073ca2ecda" testListId="8c84fa94-04c1-424b-9868-57a2d4851a1d" />
    <TestEntry testId="83e6377e-a2bb-a7ba-5666-eefe9c5395bd" executionId="13b90336-9bc2-4b0b-af3c-e3e8bfcb9334" testListId="8c84fa94-04c1-424b-9868-57a2d4851a1d" />
    <TestEntry testId="75544dd8-e3ef-7fd1-30b5-460449b3a045" executionId="92994676-abf2-4e0a-afa7-cb1153a8cfaa" testListId="8c84fa94-04c1-424b-9868-57a2d4851a1d" />
    <TestEntry testId="2360b82e-3556-ae4b-94fe-bf467a8d1ccc" executionId="d21da556-5803-4ecd-b453-06ea14f31f4d" testListId="8c84fa94-04c1-424b-9868-57a2d4851a1d" />
    <TestEntry testId="263482ac-b69e-8af2-f727-1f8a18693a35" executionId="31b5f67e-c2b3-43bc-93a7-3a96320c08a8" testListId="8c84fa94-04c1-424b-9868-57a2d4851a1d" />
    <TestEntry testId="21365719-668c-e922-9822-2fec1b110a7d" executionId="e96e02ac-f85b-4a40-ab22-2f8541f570bf" testListId="8c84fa94-04c1-424b-9868-57a2d4851a1d" />
    <TestEntry testId="66a937bc-22e3-ae10-d1fe-48e2cfff75c1" executionId="d7417b89-428f-4215-96b6-39b3c3065834" testListId="8c84fa94-04c1-424b-9868-57a2d4851a1d" />
    <TestEntry testId="4b49ecf4-6248-db58-feb3-2853f10a3219" executionId="7a9671e1-0d6c-4456-8c27-d7f107e29a88" testListId="8c84fa94-04c1-424b-9868-57a2d4851a1d" />
    <TestEntry testId="0c385154-a040-800a-dfee-7c1b2fff156e" executionId="554a7813-2eed-4b98-b70b-ad0d0cdf5baa" testListId="8c84fa94-04c1-424b-9868-57a2d4851a1d" />
    <TestEntry testId="c92c4413-d152-f38f-1637-4fab2c51e51d" executionId="72918c2e-d863-4c36-9eff-83accf4eeeb5" testListId="8c84fa94-04c1-424b-9868-57a2d4851a1d" />
    <TestEntry testId="91aa4001-c285-53db-5e2c-c9b968b98138" executionId="de171b6d-7ba9-46c9-ae83-86545ccab34a" testListId="8c84fa94-04c1-424b-9868-57a2d4851a1d" />
    <TestEntry testId="375ac542-8f7e-5779-b230-525ef9d10693" executionId="925b8850-62fd-47e1-a1c5-7117c7100593" testListId="8c84fa94-04c1-424b-9868-57a2d4851a1d" />
    <TestEntry testId="eaef3527-d3c9-f26c-abc7-ec5c414900f5" executionId="cdd3dc53-3685-4db9-8a4e-514fca2b1f42" testListId="8c84fa94-04c1-424b-9868-57a2d4851a1d" />
    <TestEntry testId="5353bcb0-d0cd-389e-376a-99b5f659e44a" executionId="fc045eea-46c3-4558-8c62-0fdc6278a5c2" testListId="8c84fa94-04c1-424b-9868-57a2d4851a1d" />
    <TestEntry testId="3296565b-b519-fca0-96c0-f2d3963dacdc" executionId="efc5c6fe-b13d-43ba-a08b-a4c5f55cd5be" testListId="8c84fa94-04c1-424b-9868-57a2d4851a1d" />
    <TestEntry testId="6188ed3c-dd1d-eaf2-ce9d-df09f547cdd4" executionId="a4802b19-023a-49d8-ab77-b35d669b0755" testListId="8c84fa94-04c1-424b-9868-57a2d4851a1d" />
    <TestEntry testId="aec8e429-2193-eba5-d973-0b9b63e2146c" executionId="fffa8d15-f4fc-4850-9cab-92bbe3932be0" testListId="8c84fa94-04c1-424b-9868-57a2d4851a1d" />
    <TestEntry testId="13fb5940-3fca-acbb-6865-75587aacd7b6" executionId="f06283f8-bc29-4e75-9b24-921fd2d0e6fa" testListId="8c84fa94-04c1-424b-9868-57a2d4851a1d" />
    <TestEntry testId="f3e82008-a71a-3d8e-9607-7529b561f212" executionId="1e2f3340-141b-4ed1-a57d-8051797a4dfa" testListId="8c84fa94-04c1-424b-9868-57a2d4851a1d" />
    <TestEntry testId="547ed9c1-0360-0183-99a9-116da1001a18" executionId="4e7b350d-6461-474a-88cc-abfd52884c72" testListId="8c84fa94-04c1-424b-9868-57a2d4851a1d" />
    <TestEntry testId="7685d26a-de11-1dfc-5afc-d0017e84c4cf" executionId="b0bbca0a-1b9f-4c09-af03-367e00a0a260" testListId="8c84fa94-04c1-424b-9868-57a2d4851a1d" />
    <TestEntry testId="bfb8b2cf-3c21-b976-1c45-32f2c716750f" executionId="8eac874f-1836-4b6d-af71-20ce7d715469" testListId="8c84fa94-04c1-424b-9868-57a2d4851a1d" />
    <TestEntry testId="199e9ed3-d66e-6365-8cd3-8fc75269dbc4" executionId="4340a269-f14a-4cc2-9f41-651e1b8e4060" testListId="8c84fa94-04c1-424b-9868-57a2d4851a1d" />
    <TestEntry testId="2036e61e-26ac-2229-67c0-4af9cc1ac87b" executionId="ff5b9d2a-1088-4e48-9f32-88c487cf2583" testListId="8c84fa94-04c1-424b-9868-57a2d4851a1d" />
    <TestEntry testId="b2feb690-554a-172c-5880-9601ec99259d" executionId="6294ffc2-e5b9-4d16-8baf-f2d6f717697e" testListId="8c84fa94-04c1-424b-9868-57a2d4851a1d" />
    <TestEntry testId="323c3063-b421-5e3e-bba0-317d762cfe5e" executionId="8cfcd00c-4d01-4c2d-ad80-f9781df26789" testListId="8c84fa94-04c1-424b-9868-57a2d4851a1d" />
    <TestEntry testId="70911cba-16b4-efef-92e8-96db1a4a86d0" executionId="c167dd5f-989b-47ad-9005-ba9f8d3183d4" testListId="8c84fa94-04c1-424b-9868-57a2d4851a1d" />
    <TestEntry testId="0cfd49e9-a200-4e33-a45c-915568413691" executionId="ca9c1d4f-c352-4fc2-b581-daa00f358db7" testListId="8c84fa94-04c1-424b-9868-57a2d4851a1d" />
    <TestEntry testId="b3c702e6-aa5f-0e90-2960-df28347166f0" executionId="84aae46d-d203-479a-8bd7-3e04249a33cb" testListId="8c84fa94-04c1-424b-9868-57a2d4851a1d" />
    <TestEntry testId="a75dc89b-7ac9-a603-9008-1444558babc4" executionId="4b936405-f414-49cc-9ea3-00dd73f53a0b" testListId="8c84fa94-04c1-424b-9868-57a2d4851a1d" />
    <TestEntry testId="4eb466c3-1e4f-0744-9ecd-ee8c737f1611" executionId="cf635f42-3736-41ac-8fb9-b404aae818ac" testListId="8c84fa94-04c1-424b-9868-57a2d4851a1d" />
    <TestEntry testId="614a207e-0573-6d36-a112-b773dbd5d619" executionId="03274646-217b-4bd2-b6c8-898a9e936a0f" testListId="8c84fa94-04c1-424b-9868-57a2d4851a1d" />
    <TestEntry testId="84baeaac-484a-34be-4b7d-f58cce602b1b" executionId="475ebcc6-975b-4812-8fbf-5f93de9726db" testListId="8c84fa94-04c1-424b-9868-57a2d4851a1d" />
    <TestEntry testId="9dd3f7d7-a2bc-5856-0210-df2e1fecfea8" executionId="026db2f8-e801-4720-8605-efdb04959242" testListId="8c84fa94-04c1-424b-9868-57a2d4851a1d" />
    <TestEntry testId="c35be361-c1d2-7039-fb44-0a1375efd0b5" executionId="b9837c39-9dca-4949-98d9-9432f54fa714" testListId="8c84fa94-04c1-424b-9868-57a2d4851a1d" />
    <TestEntry testId="fc76f20a-7965-fcf3-85b0-1b3bf101d044" executionId="0648aa3d-f766-41d3-bd9e-ffa3de79685e" testListId="8c84fa94-04c1-424b-9868-57a2d4851a1d" />
    <TestEntry testId="48b8bf4a-bbf3-bc64-4827-2feb132acc1c" executionId="8824a45f-d483-4adf-a835-50e4c9e261d1" testListId="8c84fa94-04c1-424b-9868-57a2d4851a1d" />
    <TestEntry testId="fc9f278e-fed2-8cc7-7eb1-b5965bb11f63" executionId="3dd0f70c-0ab7-4504-8a68-c53e320404dc" testListId="8c84fa94-04c1-424b-9868-57a2d4851a1d" />
    <TestEntry testId="9c33a329-8448-be62-bfa9-3d5312759acf" executionId="aca30a61-43b2-4427-8db3-62da17927180" testListId="8c84fa94-04c1-424b-9868-57a2d4851a1d" />
    <TestEntry testId="03694c33-746b-2f2a-42b8-061cf06a7804" executionId="d506310b-7c6f-44d9-8d88-2e56ce3badd8" testListId="8c84fa94-04c1-424b-9868-57a2d4851a1d" />
    <TestEntry testId="a1d03212-97b8-6954-9d1f-9114beb4a61f" executionId="b139b6de-572b-4895-8593-8a580cf2a4dd" testListId="8c84fa94-04c1-424b-9868-57a2d4851a1d" />
    <TestEntry testId="022be5cb-60cc-0ee1-eeb8-cf6da61af60f" executionId="ff057bcd-0b39-49e8-9b4d-c4918b6e96af" testListId="8c84fa94-04c1-424b-9868-57a2d4851a1d" />
    <TestEntry testId="c3c31aee-85a9-4887-ee20-56d2ea5fe57e" executionId="5c7eeb9a-0fab-482a-a90b-05d4db119feb" testListId="8c84fa94-04c1-424b-9868-57a2d4851a1d" />
    <TestEntry testId="0572f00f-13df-3f25-4519-b5cd723bdb2b" executionId="e8fc4bf8-6612-4e2e-9b1a-1852244a62e8" testListId="8c84fa94-04c1-424b-9868-57a2d4851a1d" />
    <TestEntry testId="e387080a-e017-d8a2-f40f-77a4746f3331" executionId="af875782-a047-4156-8478-8576f4482794" testListId="8c84fa94-04c1-424b-9868-57a2d4851a1d" />
    <TestEntry testId="b33255aa-498a-5836-ba18-2b482f75ccff" executionId="84b8da67-954d-4959-bc67-beec5e4252b6" testListId="8c84fa94-04c1-424b-9868-57a2d4851a1d" />
    <TestEntry testId="ba480614-76a1-6d6c-4c2a-79e551f6e152" executionId="7e27aef2-7f58-429e-bb42-0ebc67a21b11" testListId="8c84fa94-04c1-424b-9868-57a2d4851a1d" />
    <TestEntry testId="80ba73c3-e7c2-1971-108c-393096f12209" executionId="c6ae13ca-67a0-41af-8a06-a0ccb58aa261" testListId="8c84fa94-04c1-424b-9868-57a2d4851a1d" />
    <TestEntry testId="522763ee-8c2f-35eb-8775-d432c99bf119" executionId="019acc3e-14ae-4b13-bdc0-78bd76a8509e" testListId="8c84fa94-04c1-424b-9868-57a2d4851a1d" />
    <TestEntry testId="72d06ebf-1166-df2f-fb96-34a89bd07041" executionId="e626bf84-8f88-4834-a858-b02e7a195b37" testListId="8c84fa94-04c1-424b-9868-57a2d4851a1d" />
    <TestEntry testId="b41c679d-ea66-10c4-f0dc-887e0b8a30fb" executionId="83aa8f5d-f65c-4320-9be8-bb540fdcba81" testListId="8c84fa94-04c1-424b-9868-57a2d4851a1d" />
    <TestEntry testId="a0d58eed-c9b5-22f9-5b92-5f1535c609a9" executionId="a80b3723-33d0-450d-a704-ecfa93f074cb" testListId="8c84fa94-04c1-424b-9868-57a2d4851a1d" />
    <TestEntry testId="434027a9-b8fd-6fe2-a06a-7d793e4cd13e" executionId="df1b3d71-88c9-457c-b33f-588d0202f94b" testListId="8c84fa94-04c1-424b-9868-57a2d4851a1d" />
    <TestEntry testId="3ece7415-f851-bdd9-df0f-5a09c525a9d2" executionId="bc87f378-b141-412b-8630-3db1bd6a98dd" testListId="8c84fa94-04c1-424b-9868-57a2d4851a1d" />
    <TestEntry testId="e4c96418-2a91-ead7-da04-6c238d305b67" executionId="8f34aeb3-0a06-4a32-8b52-5045c7319fc4" testListId="8c84fa94-04c1-424b-9868-57a2d4851a1d" />
    <TestEntry testId="1d6d4647-dc8b-7b19-46cb-80759d5c038b" executionId="10665237-39a4-4c4e-a7f0-606dddd4b290" testListId="8c84fa94-04c1-424b-9868-57a2d4851a1d" />
    <TestEntry testId="13a8a671-4b80-ad2f-0b33-eac4bc3a7d27" executionId="1c68e00a-bebb-4d25-bd97-cea02e2c63ac" testListId="8c84fa94-04c1-424b-9868-57a2d4851a1d" />
    <TestEntry testId="90a86e04-2620-ff98-55fe-ada2a0a49371" executionId="9aad6f12-6063-435b-98b3-b74a03e6b6f9" testListId="8c84fa94-04c1-424b-9868-57a2d4851a1d" />
    <TestEntry testId="77c774bb-54c9-298d-28c4-3f9155e04f64" executionId="43b01f4e-1e69-40ec-98d2-22cdd74bf3ff" testListId="8c84fa94-04c1-424b-9868-57a2d4851a1d" />
    <TestEntry testId="b4e7f916-d1aa-2ec4-3f0b-0fd8d7232be6" executionId="f06e1969-c52d-43b1-b8bc-4983bfbd19bd" testListId="8c84fa94-04c1-424b-9868-57a2d4851a1d" />
    <TestEntry testId="fb20d50a-de6a-d8a3-7066-5cff91e6636a" executionId="8c71d2c1-9f22-423e-abd4-e2ef1b6cbd0f" testListId="8c84fa94-04c1-424b-9868-57a2d4851a1d" />
    <TestEntry testId="2ef35ef1-d5cf-0e8a-bb61-f38a2c1f358d" executionId="a1735860-662b-4b0d-b77a-9c888ba6def5" testListId="8c84fa94-04c1-424b-9868-57a2d4851a1d" />
    <TestEntry testId="3057c916-22d5-c91d-684d-1f0bb33e063c" executionId="89a833a5-f7c8-41f8-ba1f-ec1adb1b5d7b" testListId="8c84fa94-04c1-424b-9868-57a2d4851a1d" />
    <TestEntry testId="5451a881-966b-de98-8871-0c9c2b05dd86" executionId="a9238cd3-19cf-4ee9-9629-a8fe2a6ab3f1" testListId="8c84fa94-04c1-424b-9868-57a2d4851a1d" />
    <TestEntry testId="87dfe139-585c-4608-91f5-acdfbf08198d" executionId="83442293-215e-43ef-b013-cf0f39aada9d" testListId="8c84fa94-04c1-424b-9868-57a2d4851a1d" />
    <TestEntry testId="ab1c5f68-6e45-f5cd-90cc-d5704d6fdeec" executionId="36b7f54f-08be-4197-a876-663aaffb18e7" testListId="8c84fa94-04c1-424b-9868-57a2d4851a1d" />
    <TestEntry testId="4b2a309f-eba0-1b71-c86f-0549f6b1304d" executionId="5dae13f1-d66f-4945-90af-31544733be43" testListId="8c84fa94-04c1-424b-9868-57a2d4851a1d" />
    <TestEntry testId="1993d5a1-a7b3-ca60-e566-97efedc24cb2" executionId="32c1148b-64a2-448b-861b-10217516bbba" testListId="8c84fa94-04c1-424b-9868-57a2d4851a1d" />
    <TestEntry testId="c6c2bb6f-83a8-8cbd-9a43-b9efc1a0a7de" executionId="2419420c-d45b-46a4-942a-302389dfbc21" testListId="8c84fa94-04c1-424b-9868-57a2d4851a1d" />
    <TestEntry testId="857efc3f-62b5-e764-f028-43f8c21b0cfb" executionId="6c3b2bda-8de6-45fb-84ee-e63d427fde8f" testListId="8c84fa94-04c1-424b-9868-57a2d4851a1d" />
    <TestEntry testId="a04a9acd-7bba-7c69-bc9e-63cc747e3835" executionId="3b3089ec-8ad7-43a2-9f46-a9992ea59286" testListId="8c84fa94-04c1-424b-9868-57a2d4851a1d" />
    <TestEntry testId="ac3e1b18-de7d-b90b-eaba-25951cb6a4f4" executionId="9e538102-2db1-44c3-b7c3-e67a2e355fec" testListId="8c84fa94-04c1-424b-9868-57a2d4851a1d" />
    <TestEntry testId="fc57092c-f558-f07b-f180-b5d843ec6035" executionId="117e2ab1-ba64-4c29-a0d1-311b8816054f" testListId="8c84fa94-04c1-424b-9868-57a2d4851a1d" />
    <TestEntry testId="8a31fdcd-7701-6e26-3585-8ccad978486a" executionId="fd28b009-fd23-42fe-864f-5c2a1345ac11" testListId="8c84fa94-04c1-424b-9868-57a2d4851a1d" />
    <TestEntry testId="60fb8aec-01bc-e803-a8c5-ebd962549333" executionId="b4373323-0eb4-4050-a9b7-b5a9a89e8977" testListId="8c84fa94-04c1-424b-9868-57a2d4851a1d" />
    <TestEntry testId="b2f19d5a-009d-1ad4-e796-96cd94db914c" executionId="be807b5f-4ca1-4215-9a5b-1b42eb5cf587" testListId="8c84fa94-04c1-424b-9868-57a2d4851a1d" />
    <TestEntry testId="96e34c88-cf2a-94e9-f2f6-18dc72a74889" executionId="660043af-2382-4349-9f12-5f77b24354e0" testListId="8c84fa94-04c1-424b-9868-57a2d4851a1d" />
    <TestEntry testId="0f1e5f56-7f6e-17d2-2d62-38b06d59f61f" executionId="4f06a1ba-253b-40e3-a2a0-559da919155f" testListId="8c84fa94-04c1-424b-9868-57a2d4851a1d" />
    <TestEntry testId="07a4e82b-bc88-7902-ec70-3bc03f399bc3" executionId="fdf6249c-4bee-429e-b100-db6e2fef5d3a" testListId="8c84fa94-04c1-424b-9868-57a2d4851a1d" />
    <TestEntry testId="16cb4dbf-c996-fec3-c5f9-116a26ef8669" executionId="617c34e6-ebe6-4708-b23e-690df272c6e3" testListId="8c84fa94-04c1-424b-9868-57a2d4851a1d" />
    <TestEntry testId="e173c1c9-10bd-ebda-c266-dc1fd9e5ce2d" executionId="401c85b3-287b-4b18-989f-e87fd22ca08a" testListId="8c84fa94-04c1-424b-9868-57a2d4851a1d" />
    <TestEntry testId="bf937fef-1f4f-4fc0-6493-52711429797f" executionId="dbfce358-8ac0-4b8f-a753-677f45fd40cc" testListId="8c84fa94-04c1-424b-9868-57a2d4851a1d" />
    <TestEntry testId="2059eacc-19c1-6522-b721-3ece1eac747b" executionId="152d02fd-e690-4df5-80de-23921d4c3dd9" testListId="8c84fa94-04c1-424b-9868-57a2d4851a1d" />
    <TestEntry testId="980e369b-b387-777f-1863-080ea651a2f6" executionId="40568318-7306-4b8b-92bf-c9dca4d46527" testListId="8c84fa94-04c1-424b-9868-57a2d4851a1d" />
    <TestEntry testId="ff2134f8-db75-b232-983f-ca7c12846cc8" executionId="6c76fa91-b921-4a40-a0f4-7a74c7849031" testListId="8c84fa94-04c1-424b-9868-57a2d4851a1d" />
    <TestEntry testId="76051859-7ac0-8b79-ccaa-ab7615fa6ca9" executionId="44a641b9-50e6-43c1-8e15-87828b2ff222" testListId="8c84fa94-04c1-424b-9868-57a2d4851a1d" />
    <TestEntry testId="f09ace51-625a-63d7-4ccc-d40515627159" executionId="2c03b87b-b493-4ca9-845b-2c427088d85f" testListId="8c84fa94-04c1-424b-9868-57a2d4851a1d" />
    <TestEntry testId="ef0593bd-a62b-a4b3-0764-3040e19f31fc" executionId="dceffc0c-316c-4957-9f91-e1925113cb4e" testListId="8c84fa94-04c1-424b-9868-57a2d4851a1d" />
    <TestEntry testId="61882a3d-172e-99d7-737c-39ebe8e3c46e" executionId="68c5c3fb-9c57-4ee4-9756-5ab9cb408abb" testListId="8c84fa94-04c1-424b-9868-57a2d4851a1d" />
    <TestEntry testId="2d85b58d-ccad-36ba-d99e-18700e4c2af9" executionId="1b7d9f06-3549-4729-9874-3c17b4ce12cb" testListId="8c84fa94-04c1-424b-9868-57a2d4851a1d" />
    <TestEntry testId="074eb24f-1b9f-bc4c-6e54-3c61928b85b1" executionId="b9dad67a-d89a-48c4-b6ec-d2b73d7b1923" testListId="8c84fa94-04c1-424b-9868-57a2d4851a1d" />
    <TestEntry testId="c708e35f-fa80-f514-5ce2-0b0cc0be164e" executionId="e5a517e2-f21d-47df-b229-9f451cf6718e" testListId="8c84fa94-04c1-424b-9868-57a2d4851a1d" />
    <TestEntry testId="8f42b79d-cbd4-d635-22d7-a432fa6165eb" executionId="1fdf8d29-dc61-4343-a1dd-b5c1fd983309" testListId="8c84fa94-04c1-424b-9868-57a2d4851a1d" />
    <TestEntry testId="3de41b9c-e120-ac38-dbec-67693b4ee615" executionId="88b6418c-364f-4ddb-81b0-6042af318097" testListId="8c84fa94-04c1-424b-9868-57a2d4851a1d" />
    <TestEntry testId="e531e068-09da-154c-68e6-aeda1487cb32" executionId="d196a779-9669-4070-8d4f-2ecaa617dec6" testListId="8c84fa94-04c1-424b-9868-57a2d4851a1d" />
    <TestEntry testId="e10436c9-27d4-0760-91ce-3c782d03dc50" executionId="44a829cf-24c1-48c1-824d-5d27c5751386" testListId="8c84fa94-04c1-424b-9868-57a2d4851a1d" />
    <TestEntry testId="e7d06d88-8c2f-913c-4e2d-2ae3657598dd" executionId="2df6ee9d-1c87-470b-8874-67bd12b23512" testListId="8c84fa94-04c1-424b-9868-57a2d4851a1d" />
    <TestEntry testId="fe966e71-eb31-13fc-584d-209b796c0143" executionId="834b2173-d620-4632-8e61-448b64cd2aba" testListId="8c84fa94-04c1-424b-9868-57a2d4851a1d" />
    <TestEntry testId="2c5f894e-2a78-65a7-206a-999687069702" executionId="381d8ebf-cbc2-49cc-b399-10a19417e221" testListId="8c84fa94-04c1-424b-9868-57a2d4851a1d" />
    <TestEntry testId="53ce4674-e532-668f-90ba-7574b83cae1b" executionId="f06cfb4e-2f93-42f9-9a69-475cde9a06c5" testListId="8c84fa94-04c1-424b-9868-57a2d4851a1d" />
    <TestEntry testId="f613d61b-044e-4e8c-b013-d952509a5a10" executionId="3c52d9ee-6f7f-4718-9772-9558ee3c7259" testListId="8c84fa94-04c1-424b-9868-57a2d4851a1d" />
    <TestEntry testId="65cb1889-5a39-27e2-9cdb-374b1190f86e" executionId="62deb4ea-f02e-49ae-9bd0-9977d84862aa" testListId="8c84fa94-04c1-424b-9868-57a2d4851a1d" />
    <TestEntry testId="33fc274e-acf4-5bbb-b9f7-97dfcc5efbbb" executionId="11dbf120-a22a-4bd0-a44b-06ddd8b39e14" testListId="8c84fa94-04c1-424b-9868-57a2d4851a1d" />
    <TestEntry testId="03e7943a-3a85-b865-9cc9-5086866667ef" executionId="0f31c2b4-63d9-4e68-ac11-3c46d23fc816" testListId="8c84fa94-04c1-424b-9868-57a2d4851a1d" />
    <TestEntry testId="49065e5b-3a88-d63f-35fa-5cc08cca2d13" executionId="8732a6e3-9742-4bab-886e-1a15aaeca14b" testListId="8c84fa94-04c1-424b-9868-57a2d4851a1d" />
    <TestEntry testId="fbf1097e-d5da-aa9f-42ff-c7169961e682" executionId="f60f4df3-9b80-455d-a5c6-92aa72479a89" testListId="8c84fa94-04c1-424b-9868-57a2d4851a1d" />
  </TestEntries>
  <TestLists>
    <TestList name="Results Not in a List" id="8c84fa94-04c1-424b-9868-57a2d4851a1d" />
    <TestList name="All Loaded Results" id="19431567-8539-422a-85d7-44ee4e166bda" />
  </TestLists>
  <ResultSummary outcome="Completed">
    <Counters total="691" executed="691" passed="691" failed="0" error="0" timeout="0" aborted="0" inconclusive="0" passedButRunAborted="0" notRunnable="0" notExecuted="0" disconnected="0" warning="0" completed="0" inProgress="0" pending="0" />
    <Output>
      <StdOut>NUnit Adapter 4.5.0.0: Test execution started&#xD;
Running all tests in C:\Users\mtnoo\OneDrive\Desktop\EasyHMS\easyHMSAPI\EasyHMSAPI.UnitTests\bin\Debug\net8.0\EasyHMSAPI.UnitTests.dll&#xD;
   NUnit3TestExecutor discovered 691 of 691 NUnit test cases using Current Discovery mode, Non-Explicit run&#xD;
NUnit Adapter 4.5.0.0: Test execution complete&#xD;
</StdOut>
    </Output>
  </ResultSummary>
</TestRun>