<?xml version="1.0" encoding="utf-8"?>
<TestRun id="379ad619-0f87-4de4-8a6d-d0798e1b3986" name="mtnoo@TASNOORI 2026-08-10 12:10:04" runUser="TASNOORI\mtnoo" xmlns="http://microsoft.com/schemas/VisualStudio/TeamTest/2010">
  <Times creation="2026-08-10T12:10:04.7263215+05:30" queuing="2026-08-10T12:10:04.7263236+05:30" start="2026-08-10T12:09:14.6356241+05:30" finish="2026-08-10T13:02:59.0669065+05:30" />
  <TestSettings name="default" id="100c4741-40dd-4ac4-bb31-2f92e5e83646">
    <Deployment runDeploymentRoot="mtnoo_TASNOORI_2026-08-10_12_10_04" />
  </TestSettings>
  <Results>
    <UnitTestResult executionId="16727192-1c38-4d71-a518-7e3ecce28e2d" testId="ce59f888-d029-9549-1517-0c616e2962b8" testName="Handle_NoLines_ReturnsError" computerName="TASNOORI" duration="00:00:02.8855950" startTime="2026-08-10T12:41:49.2910783+05:30" endTime="2026-08-10T12:41:52.1766740+05:30" testType="13cdc9d9-ddb5-4fa4-a97d-d965ccfc6d4b" outcome="Passed" testListId="8c84fa94-04c1-424b-9868-57a2d4851a1d" relativeResultsDirectory="16727192-1c38-4d71-a518-7e3ecce28e2d" />
    <UnitTestResult executionId="57b9add0-169f-4ae3-9af3-a35913d1d4e7" testId="484b5307-947e-384f-f98f-fda92757fe09" testName="Handle_SignedButNoPdfUploadedYet_ReturnsFailure" computerName="TASNOORI" duration="00:00:04.0382650" startTime="2026-08-10T12:57:13.2387805+05:30" endTime="2026-08-10T12:57:17.2770460+05:30" testType="13cdc9d9-ddb5-4fa4-a97d-d965ccfc6d4b" outcome="Passed" testListId="8c84fa94-04c1-424b-9868-57a2d4851a1d" relativeResultsDirectory="57b9add0-169f-4ae3-9af3-a35913d1d4e7" />
    <UnitTestResult executionId="c1826d9a-ab58-4054-87ad-942ce6fb27d6" testId="ba4e8ec0-3bb6-27b5-0b28-04fdab6e04dc" testName="Handle_ResolvesMultiplePackageTypes_PerPlan" computerName="TASNOORI" duration="00:00:04.2311550" startTime="2026-08-10T12:53:57.0676422+05:30" endTime="2026-08-10T12:54:01.2987969+05:30" testType="13cdc9d9-ddb5-4fa4-a97d-d965ccfc6d4b" outcome="Passed" testListId="8c84fa94-04c1-424b-9868-57a2d4851a1d" relativeResultsDirectory="c1826d9a-ab58-4054-87ad-942ce6fb27d6" />
    <UnitTestResult executionId="78281f40-18d9-47ed-8d67-5ea8b9b0c792" testId="5e354d59-3107-2f8a-4b93-0c2519c8a366" testName="Handle_SavesMedications_ViaDeleteAndReinsert" computerName="TASNOORI" duration="00:00:05.2211640" startTime="2026-08-10T12:21:40.4542621+05:30" endTime="2026-08-10T12:21:45.6754254+05:30" testType="13cdc9d9-ddb5-4fa4-a97d-d965ccfc6d4b" outcome="Passed" testListId="8c84fa94-04c1-424b-9868-57a2d4851a1d" relativeResultsDirectory="78281f40-18d9-47ed-8d67-5ea8b9b0c792" />
    <UnitTestResult executionId="f04b0507-ae04-4bcb-8134-605433eecfed" testId="98919f41-5e51-78f7-8855-60ea670efed2" testName="ComputeRespiratoryScore_SevereWithSupport_ReturnsFour" computerName="TASNOORI" duration="00:00:00.0013580" startTime="2026-08-10T13:02:39.8920795+05:30" endTime="2026-08-10T13:02:39.8934374+05:30" testType="13cdc9d9-ddb5-4fa4-a97d-d965ccfc6d4b" outcome="Passed" testListId="8c84fa94-04c1-424b-9868-57a2d4851a1d" relativeResultsDirectory="f04b0507-ae04-4bcb-8134-605433eecfed" />
    <UnitTestResult executionId="324ccf54-83f6-4a5e-9485-9d5c896b80fe" testId="ee9a53b6-8c37-9a6f-29dd-ae7815310edf" testName="Handle_SameReferrer_ReturnsFailureWithoutChurningHistory" computerName="TASNOORI" duration="00:00:07.9081630" startTime="2026-08-10T12:12:37.7906515+05:30" endTime="2026-08-10T12:12:45.6988159+05:30" testType="13cdc9d9-ddb5-4fa4-a97d-d965ccfc6d4b" outcome="Passed" testListId="8c84fa94-04c1-424b-9868-57a2d4851a1d" relativeResultsDirectory="324ccf54-83f6-4a5e-9485-9d5c896b80fe" />
    <UnitTestResult executionId="583daa7d-d965-4e21-be75-0f3456d9776a" testId="67ef4368-5fd7-a6d0-9a25-e08ae6e70ff6" testName="Handle_NewVitals_CreatesRecord" computerName="TASNOORI" duration="00:00:06.4086920" startTime="2026-08-10T12:39:05.2817757+05:30" endTime="2026-08-10T12:39:11.6904680+05:30" testType="13cdc9d9-ddb5-4fa4-a97d-d965ccfc6d4b" outcome="Passed" testListId="8c84fa94-04c1-424b-9868-57a2d4851a1d" relativeResultsDirectory="583daa7d-d965-4e21-be75-0f3456d9776a" />
    <UnitTestResult executionId="f6f339c0-47af-4be0-bf5a-539eb02c457a" testId="019b9dbe-adf0-4422-12e5-7bb7eb3e7b24" testName="Handle_Success_DeletesDrawing" computerName="TASNOORI" duration="00:00:05.1328699" startTime="2026-08-10T12:19:33.4304276+05:30" endTime="2026-08-10T12:19:38.5631072+05:30" testType="13cdc9d9-ddb5-4fa4-a97d-d965ccfc6d4b" outcome="Passed" testListId="8c84fa94-04c1-424b-9868-57a2d4851a1d" relativeResultsDirectory="f6f339c0-47af-4be0-bf5a-539eb02c457a" />
    <UnitTestResult executionId="0e4a2743-32a4-4a9a-bc92-c0ce0def3030" testId="15ebe7b8-f72f-eaa8-ce59-9c934e1cd243" testName="Handle_AdmissionNotFound_ReturnsError" computerName="TASNOORI" duration="00:00:03.5657410" startTime="2026-08-10T12:45:01.3246558+05:30" endTime="2026-08-10T12:45:04.8903968+05:30" testType="13cdc9d9-ddb5-4fa4-a97d-d965ccfc6d4b" outcome="Passed" testListId="8c84fa94-04c1-424b-9868-57a2d4851a1d" relativeResultsDirectory="0e4a2743-32a4-4a9a-bc92-c0ce0def3030" />
    <UnitTestResult executionId="55c7015a-518b-49b4-bac9-0da02f9a83e8" testId="2d7f12c7-7a0f-0fe8-c56d-94ae41c1e969" testName="Handle_ReturnsVitals" computerName="TASNOORI" duration="00:00:02.8361760" startTime="2026-08-10T12:55:27.9943709+05:30" endTime="2026-08-10T12:55:30.8305463+05:30" testType="13cdc9d9-ddb5-4fa4-a97d-d965ccfc6d4b" outcome="Passed" testListId="8c84fa94-04c1-424b-9868-57a2d4851a1d" relativeResultsDirectory="55c7015a-518b-49b4-bac9-0da02f9a83e8" />
    <UnitTestResult executionId="a1710e8d-b1b9-403e-a8d5-b5e92951aaf2" testId="298077a7-4a96-0f2c-f8c8-e2d4b32d4fe5" testName="Handle_BlobStorageDeleteFailed_ReturnsError" computerName="TASNOORI" duration="00:00:05.1020370" startTime="2026-08-10T12:19:15.8458769+05:30" endTime="2026-08-10T12:19:20.9479136+05:30" testType="13cdc9d9-ddb5-4fa4-a97d-d965ccfc6d4b" outcome="Passed" testListId="8c84fa94-04c1-424b-9868-57a2d4851a1d" relativeResultsDirectory="a1710e8d-b1b9-403e-a8d5-b5e92951aaf2" />
    <UnitTestResult executionId="2fb5382c-94bf-4f1c-b3e5-572a5ad21263" testId="0649ef1f-5003-c2d9-4890-a463c89e996e" testName="Handle_SamePassword_ReturnsFailure" computerName="TASNOORI" duration="00:00:20.0864020" startTime="2026-08-10T12:32:58.7038300+05:30" endTime="2026-08-10T12:33:18.7902325+05:30" testType="13cdc9d9-ddb5-4fa4-a97d-d965ccfc6d4b" outcome="Passed" testListId="8c84fa94-04c1-424b-9868-57a2d4851a1d" relativeResultsDirectory="2fb5382c-94bf-4f1c-b3e5-572a5ad21263" />
    <UnitTestResult executionId="1f0bfcd8-7dbf-4c82-b18b-bd05947d55ec" testId="012b975e-abb7-4abc-be58-064691612310" testName="Handle_AlreadyConvertedReferral_LeftUnchanged_AdmissionStillSucceeds" computerName="TASNOORI" duration="00:00:11.5865550" startTime="2026-08-10T12:13:05.3625590+05:30" endTime="2026-08-10T12:13:16.9491144+05:30" testType="13cdc9d9-ddb5-4fa4-a97d-d965ccfc6d4b" outcome="Passed" testListId="8c84fa94-04c1-424b-9868-57a2d4851a1d" relativeResultsDirectory="1f0bfcd8-7dbf-4c82-b18b-bd05947d55ec" />
    <UnitTestResult executionId="4f26c304-20c4-4e8c-99cc-6a37503e69f1" testId="e1818bd8-d0f6-f8a6-a02c-000eccb72d96" testName="ComputeConsciousnessScore_Alert_ReturnsZero" computerName="TASNOORI" duration="00:00:00.0009410" startTime="2026-08-10T12:47:03.2438703+05:30" endTime="2026-08-10T12:47:03.2448120+05:30" testType="13cdc9d9-ddb5-4fa4-a97d-d965ccfc6d4b" outcome="Passed" testListId="8c84fa94-04c1-424b-9868-57a2d4851a1d" relativeResultsDirectory="4f26c304-20c4-4e8c-99cc-6a37503e69f1" />
    <UnitTestResult executionId="df29fb05-793e-4a54-bc9b-046b6ba2e3dc" testId="39d720a8-9aab-f437-9e28-68734015bb71" testName="Handle_ReferralNotFound_ReturnsFailure" computerName="TASNOORI" duration="00:00:04.2241380" startTime="2026-08-10T12:11:49.9363272+05:30" endTime="2026-08-10T12:11:54.1604672+05:30" testType="13cdc9d9-ddb5-4fa4-a97d-d965ccfc6d4b" outcome="Passed" testListId="8c84fa94-04c1-424b-9868-57a2d4851a1d" relativeResultsDirectory="df29fb05-793e-4a54-bc9b-046b6ba2e3dc" />
    <UnitTestResult executionId="65b8f95d-145c-4759-9631-71d7f52a309d" testId="61882a3d-172e-99d7-737c-39ebe8e3c46e" testName="Handle_ExcludesDoctorsFromNonPubliclyListedHospitals" computerName="TASNOORI" duration="00:00:08.2666720" startTime="2026-08-10T12:58:29.6921650+05:30" endTime="2026-08-10T12:58:37.9588373+05:30" testType="13cdc9d9-ddb5-4fa4-a97d-d965ccfc6d4b" outcome="Passed" testListId="8c84fa94-04c1-424b-9868-57a2d4851a1d" relativeResultsDirectory="65b8f95d-145c-4759-9631-71d7f52a309d" />
    <UnitTestResult executionId="6712b0ca-52d4-4556-8805-038f0a916cba" testId="6196df0f-93aa-5206-ccb4-db851f5296d2" testName="Handle_ValidRequest_UpdatesProfile" computerName="TASNOORI" duration="00:00:05.6117200" startTime="2026-08-10T12:38:47.5751367+05:30" endTime="2026-08-10T12:38:53.1868566+05:30" testType="13cdc9d9-ddb5-4fa4-a97d-d965ccfc6d4b" outcome="Passed" testListId="8c84fa94-04c1-424b-9868-57a2d4851a1d" relativeResultsDirectory="6712b0ca-52d4-4556-8805-038f0a916cba" />
    <UnitTestResult executionId="290865d2-2995-45bf-8305-35849a79007e" testId="ccd6c41d-7b5c-3589-e950-1b9d98c97ddb" testName="Handle_Advance_ExceedingDue_HoldsExcessAsCredit_NoApprovalNeeded" computerName="TASNOORI" duration="00:00:17.2210270" startTime="2026-08-10T12:10:03.9693678+05:30" endTime="2026-08-10T12:10:21.1903984+05:30" testType="13cdc9d9-ddb5-4fa4-a97d-d965ccfc6d4b" outcome="Passed" testListId="8c84fa94-04c1-424b-9868-57a2d4851a1d" relativeResultsDirectory="290865d2-2995-45bf-8305-35849a79007e" />
    <UnitTestResult executionId="9684a2e4-3912-4add-b024-95198c82c6e2" testId="614a207e-0573-6d36-a112-b773dbd5d619" testName="Handle_WrongHospitalId_ReturnsFailure" computerName="TASNOORI" duration="00:00:09.5605930" startTime="2026-08-10T12:12:02.1731939+05:30" endTime="2026-08-10T12:12:11.7333834+05:30" testType="13cdc9d9-ddb5-4fa4-a97d-d965ccfc6d4b" outcome="Passed" testListId="8c84fa94-04c1-424b-9868-57a2d4851a1d" relativeResultsDirectory="9684a2e4-3912-4add-b024-95198c82c6e2" />
    <UnitTestResult executionId="85b85a0b-daaa-4a16-831c-c4dbea7f1e3a" testId="5eb2bc4d-7697-d80a-29ae-4e39cc684ac7" testName="Handle_StatusCounts_RespectsCaseTypeFilter" computerName="TASNOORI" duration="00:00:06.8787740" startTime="2026-08-10T12:48:41.2999599+05:30" endTime="2026-08-10T12:48:48.1787332+05:30" testType="13cdc9d9-ddb5-4fa4-a97d-d965ccfc6d4b" outcome="Passed" testListId="8c84fa94-04c1-424b-9868-57a2d4851a1d" relativeResultsDirectory="85b85a0b-daaa-4a16-831c-c4dbea7f1e3a" />
    <UnitTestResult executionId="83726edb-3b8e-474a-b99e-28c62d9e5115" testId="23bae65d-e7be-f11e-d816-c0f51212b75d" testName="Handle_HospitalNotFound_ReturnsFailure" computerName="TASNOORI" duration="00:00:02.7602750" startTime="2026-08-10T12:51:59.3653012+05:30" endTime="2026-08-10T12:52:02.1255753+05:30" testType="13cdc9d9-ddb5-4fa4-a97d-d965ccfc6d4b" outcome="Passed" testListId="8c84fa94-04c1-424b-9868-57a2d4851a1d" relativeResultsDirectory="83726edb-3b8e-474a-b99e-28c62d9e5115" />
    <UnitTestResult executionId="e826fd8e-bf63-4e48-b926-25c5018edd4a" testId="5d7e9c6a-091a-1b82-6c17-e89ebe37a34a" testName="Handle_NurseNotInHospital_ReturnsError" computerName="TASNOORI" duration="00:00:05.1983309" startTime="2026-08-10T12:28:23.9468601+05:30" endTime="2026-08-10T12:28:29.1451919+05:30" testType="13cdc9d9-ddb5-4fa4-a97d-d965ccfc6d4b" outcome="Passed" testListId="8c84fa94-04c1-424b-9868-57a2d4851a1d" relativeResultsDirectory="e826fd8e-bf63-4e48-b926-25c5018edd4a" />
    <UnitTestResult executionId="289d8599-995d-42b7-a1eb-a9de1607821c" testId="3de41b9c-e120-ac38-dbec-67693b4ee615" testName="Handle_BlankCommentText_ReturnsFailure" computerName="TASNOORI" duration="00:00:07.6068540" startTime="2026-08-10T12:11:42.3249765+05:30" endTime="2026-08-10T12:11:49.9318329+05:30" testType="13cdc9d9-ddb5-4fa4-a97d-d965ccfc6d4b" outcome="Passed" testListId="8c84fa94-04c1-424b-9868-57a2d4851a1d" relativeResultsDirectory="289d8599-995d-42b7-a1eb-a9de1607821c" />
    <UnitTestResult executionId="78a9199c-ad45-49b5-97e6-1bb9f83fbd2e" testId="0b7ca725-354a-4810-ee75-a0712c9d04e9" testName="Handle_ReturnsCanonicalItems_ForDeviceType" computerName="TASNOORI" duration="00:00:05.1293290" startTime="2026-08-10T12:49:29.8938665+05:30" endTime="2026-08-10T12:49:35.0231971+05:30" testType="13cdc9d9-ddb5-4fa4-a97d-d965ccfc6d4b" outcome="Passed" testListId="8c84fa94-04c1-424b-9868-57a2d4851a1d" relativeResultsDirectory="78a9199c-ad45-49b5-97e6-1bb9f83fbd2e" />
    <UnitTestResult executionId="23f877b5-3ecb-4905-a9f9-59906e574e0a" testId="f31cd910-3a0e-161e-8cc4-c830bbb6f0b4" testName="ComputeRenalScore_BothNormal_ReturnsZero" computerName="TASNOORI" duration="00:00:00.0048640" startTime="2026-08-10T13:02:39.8761306+05:30" endTime="2026-08-10T13:02:39.8809952+05:30" testType="13cdc9d9-ddb5-4fa4-a97d-d965ccfc6d4b" outcome="Passed" testListId="8c84fa94-04c1-424b-9868-57a2d4851a1d" relativeResultsDirectory="23f877b5-3ecb-4905-a9f9-59906e574e0a" />
    <UnitTestResult executionId="1e33aad2-fce5-4753-8993-52529cfb4b5b" testId="84b03693-a85f-6b3e-5bb8-0fea81f6c3a9" testName="Handle_BatchCreationFails_ReturnsErrorAndNeverRecordsMovement" computerName="TASNOORI" duration="00:00:03.2342350" startTime="2026-08-10T12:30:08.2585273+05:30" endTime="2026-08-10T12:30:11.4927612+05:30" testType="13cdc9d9-ddb5-4fa4-a97d-d965ccfc6d4b" outcome="Passed" testListId="8c84fa94-04c1-424b-9868-57a2d4851a1d" relativeResultsDirectory="1e33aad2-fce5-4753-8993-52529cfb4b5b" />
    <UnitTestResult executionId="e73e6bed-ed60-445f-8f89-d52fbf33f176" testId="8f42b79d-cbd4-d635-22d7-a432fa6165eb" testName="ComputeAlos_NoAdmissions_ReturnsZeroAndEmptyTrend" computerName="TASNOORI" duration="00:00:00.0159140" startTime="2026-08-10T13:01:50.7450885+05:30" endTime="2026-08-10T13:01:50.7610033+05:30" testType="13cdc9d9-ddb5-4fa4-a97d-d965ccfc6d4b" outcome="Passed" testListId="8c84fa94-04c1-424b-9868-57a2d4851a1d" relativeResultsDirectory="e73e6bed-ed60-445f-8f89-d52fbf33f176" />
    <UnitTestResult executionId="098daea0-0c83-425a-ade5-6ebea9acd40e" testId="e5ec828f-1cff-1e2e-dc18-e90ae9cea3a9" testName="Handle_InfectionOutsideRange_ExcludedFromCount" computerName="TASNOORI" duration="00:00:13.5151880" startTime="2026-08-10T12:52:51.1341490+05:30" endTime="2026-08-10T12:53:04.6493371+05:30" testType="13cdc9d9-ddb5-4fa4-a97d-d965ccfc6d4b" outcome="Passed" testListId="8c84fa94-04c1-424b-9868-57a2d4851a1d" relativeResultsDirectory="098daea0-0c83-425a-ade5-6ebea9acd40e" />
    <UnitTestResult executionId="16e991c2-6b83-452a-b8fb-b2c817091584" testId="f635aba3-6da1-14af-3895-25c0b6167fa9" testName="GenerateRawKey_ProducesUniqueNonEmptyKeys" computerName="TASNOORI" duration="00:00:00.0262120" startTime="2026-08-10T12:45:14.6922070+05:30" endTime="2026-08-10T12:45:14.7184179+05:30" testType="13cdc9d9-ddb5-4fa4-a97d-d965ccfc6d4b" outcome="Passed" testListId="8c84fa94-04c1-424b-9868-57a2d4851a1d" relativeResultsDirectory="16e991c2-6b83-452a-b8fb-b2c817091584" />
    <UnitTestResult executionId="aaebabb2-d080-484d-a0bb-98762fed8aa8" testId="ff2134f8-db75-b232-983f-ca7c12846cc8" testName="ComputeTotal_CriticallyIllElderlyPatient_SumsAcrossComponents" computerName="TASNOORI" duration="00:00:00.0037610" startTime="2026-08-10T12:45:14.6803177+05:30" endTime="2026-08-10T12:45:14.6840793+05:30" testType="13cdc9d9-ddb5-4fa4-a97d-d965ccfc6d4b" outcome="Passed" testListId="8c84fa94-04c1-424b-9868-57a2d4851a1d" relativeResultsDirectory="aaebabb2-d080-484d-a0bb-98762fed8aa8" />
    <UnitTestResult executionId="8d4596a3-d9d5-40ef-a53b-322c049d611c" testId="f17f8983-4b30-1924-b964-b27583e5ec8d" testName="Handle_PreferenceNotFound_ReturnsFailure" computerName="TASNOORI" duration="00:00:03.1810880" startTime="2026-08-10T12:38:03.4122616+05:30" endTime="2026-08-10T12:38:06.5933492+05:30" testType="13cdc9d9-ddb5-4fa4-a97d-d965ccfc6d4b" outcome="Passed" testListId="8c84fa94-04c1-424b-9868-57a2d4851a1d" relativeResultsDirectory="8d4596a3-d9d5-40ef-a53b-322c049d611c" />
    <UnitTestResult executionId="a082d817-c416-42dd-a092-bb98d5c68778" testId="b2f19d5a-009d-1ad4-e796-96cd94db914c" testName="Handle_AttachmentNotFound_ReturnsError" computerName="TASNOORI" duration="00:00:02.8440320" startTime="2026-08-10T12:19:12.9995002+05:30" endTime="2026-08-10T12:19:15.8435322+05:30" testType="13cdc9d9-ddb5-4fa4-a97d-d965ccfc6d4b" outcome="Passed" testListId="8c84fa94-04c1-424b-9868-57a2d4851a1d" relativeResultsDirectory="a082d817-c416-42dd-a092-bb98d5c68778" />
    <UnitTestResult executionId="a93d142b-151a-48de-9094-a1142569aac2" testId="26f002a8-30e4-2a22-2c9f-61e47c2263bd" testName="Handle_BothMovementsSucceed_ReturnsSuccess" computerName="TASNOORI" duration="00:00:03.0624400" startTime="2026-08-10T12:35:58.8519095+05:30" endTime="2026-08-10T12:36:01.9143513+05:30" testType="13cdc9d9-ddb5-4fa4-a97d-d965ccfc6d4b" outcome="Passed" testListId="8c84fa94-04c1-424b-9868-57a2d4851a1d" relativeResultsDirectory="a93d142b-151a-48de-9094-a1142569aac2" />
    <UnitTestResult executionId="7e4d7194-9012-430e-a694-d5f411df41fd" testId="d72d13be-cb73-3a1a-d9bb-100746fd6e91" testName="Handle_DoctorNotActive_ThrowsException" computerName="TASNOORI" duration="00:00:04.6027110" startTime="2026-08-10T12:31:26.3094992+05:30" endTime="2026-08-10T12:31:30.9122105+05:30" testType="13cdc9d9-ddb5-4fa4-a97d-d965ccfc6d4b" outcome="Passed" testListId="8c84fa94-04c1-424b-9868-57a2d4851a1d" relativeResultsDirectory="7e4d7194-9012-430e-a694-d5f411df41fd" />
    <UnitTestResult executionId="ccf563c5-0744-45b2-bd70-a1b13fd14948" testId="598f13bb-1147-d8e8-e2df-e49aad1cd6b9" testName="Handle_LookupTypeNotFound_ReturnsError" computerName="TASNOORI" duration="00:00:05.8017519" startTime="2026-08-10T12:42:42.4293033+05:30" endTime="2026-08-10T12:42:48.2310559+05:30" testType="13cdc9d9-ddb5-4fa4-a97d-d965ccfc6d4b" outcome="Passed" testListId="8c84fa94-04c1-424b-9868-57a2d4851a1d" relativeResultsDirectory="ccf563c5-0744-45b2-bd70-a1b13fd14948" />
    <UnitTestResult executionId="b462f102-d6c2-4ea4-941a-5532e613310e" testId="2c82b2da-32fd-0df1-7ef9-fd49f9f2c6ae" testName="Handle_DifferentPatientMobile_BothRatingsPersist" computerName="TASNOORI" duration="00:00:11.2533550" startTime="2026-08-10T12:34:08.3704151+05:30" endTime="2026-08-10T12:34:19.6237708+05:30" testType="13cdc9d9-ddb5-4fa4-a97d-d965ccfc6d4b" outcome="Passed" testListId="8c84fa94-04c1-424b-9868-57a2d4851a1d" relativeResultsDirectory="b462f102-d6c2-4ea4-941a-5532e613310e" />
    <UnitTestResult executionId="ca3cdcd6-f277-4c6f-a5a8-3c4827581d20" testId="e5476e38-ccdb-989f-4d39-36204d516356" testName="ComputeGcsPoints_DeeplyUnresponsive_ReturnsTwelve" computerName="TASNOORI" duration="00:00:00.0021810" startTime="2026-08-10T12:45:14.6281110+05:30" endTime="2026-08-10T12:45:14.6302921+05:30" testType="13cdc9d9-ddb5-4fa4-a97d-d965ccfc6d4b" outcome="Passed" testListId="8c84fa94-04c1-424b-9868-57a2d4851a1d" relativeResultsDirectory="ca3cdcd6-f277-4c6f-a5a8-3c4827581d20" />
    <UnitTestResult executionId="e5d70788-7c9b-430f-9bc3-2508cab472b5" testId="5a5037b4-8e06-542e-b3b6-6a06bc0623d1" testName="Handle_ReturnsActivePackageTypes_WithDeserializedComponents" computerName="TASNOORI" duration="00:00:03.9711910" startTime="2026-08-10T12:54:11.2758275+05:30" endTime="2026-08-10T12:54:15.2470193+05:30" testType="13cdc9d9-ddb5-4fa4-a97d-d965ccfc6d4b" outcome="Passed" testListId="8c84fa94-04c1-424b-9868-57a2d4851a1d" relativeResultsDirectory="e5d70788-7c9b-430f-9bc3-2508cab472b5" />
    <UnitTestResult executionId="71f03495-6507-44fc-88d9-ba8257cd2084" testId="41c3e116-7221-7414-f044-922680a7b67c" testName="Handle_UnpaidEncounter_StillDischarges_ButFlagsOutstandingBalance" computerName="TASNOORI" duration="00:00:05.5407260" startTime="2026-08-10T12:21:15.0811222+05:30" endTime="2026-08-10T12:21:20.6218487+05:30" testType="13cdc9d9-ddb5-4fa4-a97d-d965ccfc6d4b" outcome="Passed" testListId="8c84fa94-04c1-424b-9868-57a2d4851a1d" relativeResultsDirectory="71f03495-6507-44fc-88d9-ba8257cd2084" />
    <UnitTestResult executionId="4d475153-048a-429c-8737-0605228c9f1a" testId="414412b2-50a3-4180-094a-c7f7fac5a794" testName="Handle_Insert_DifferentDeviceTypesConcurrently_Succeeds" computerName="TASNOORI" duration="00:00:04.9781250" startTime="2026-08-10T12:19:46.2167907+05:30" endTime="2026-08-10T12:19:51.1949177+05:30" testType="13cdc9d9-ddb5-4fa4-a97d-d965ccfc6d4b" outcome="Passed" testListId="8c84fa94-04c1-424b-9868-57a2d4851a1d" relativeResultsDirectory="4d475153-048a-429c-8737-0605228c9f1a" />
    <UnitTestResult executionId="af2d7a10-9b7d-48eb-b394-f60105f36aaf" testId="53ce4674-e532-668f-90ba-7574b83cae1b" testName="Handle_VoidCharges_NeverCountTowardRunningTotal" computerName="TASNOORI" duration="00:00:05.5461940" startTime="2026-08-10T12:49:03.3775799+05:30" endTime="2026-08-10T12:49:08.9237733+05:30" testType="13cdc9d9-ddb5-4fa4-a97d-d965ccfc6d4b" outcome="Passed" testListId="8c84fa94-04c1-424b-9868-57a2d4851a1d" relativeResultsDirectory="af2d7a10-9b7d-48eb-b394-f60105f36aaf" />
    <UnitTestResult executionId="dd0f2962-5c0d-49c1-a0b6-bbcdc61ab297" testId="baa8a949-d7f5-805e-b239-2a656b2aac77" testName="Handle_MovementRecordingFails_ReturnsError" computerName="TASNOORI" duration="00:00:03.1511610" startTime="2026-08-10T12:30:18.3083753+05:30" endTime="2026-08-10T12:30:21.4595353+05:30" testType="13cdc9d9-ddb5-4fa4-a97d-d965ccfc6d4b" outcome="Passed" testListId="8c84fa94-04c1-424b-9868-57a2d4851a1d" relativeResultsDirectory="dd0f2962-5c0d-49c1-a0b6-bbcdc61ab297" />
    <UnitTestResult executionId="49060462-c0f9-4c17-a195-c55c64455401" testId="b3cfcd92-f27f-8199-5b69-f1870623fc86" testName="Handle_BlankAuthorName_StoresNull" computerName="TASNOORI" duration="00:00:07.3089500" startTime="2026-08-10T12:33:52.2066649+05:30" endTime="2026-08-10T12:33:59.5156156+05:30" testType="13cdc9d9-ddb5-4fa4-a97d-d965ccfc6d4b" outcome="Passed" testListId="8c84fa94-04c1-424b-9868-57a2d4851a1d" relativeResultsDirectory="49060462-c0f9-4c17-a195-c55c64455401" />
    <UnitTestResult executionId="65d58ec8-366b-4d2e-b8fa-b81581b612a6" testId="cbd3bbb0-488c-7e6b-be41-03e7cd305b5b" testName="ComputeReadmissionRate_ReadmissionExactlyAtThirtyDayBoundary_CountsAsReadmission" computerName="TASNOORI" duration="00:00:00.0277670" startTime="2026-08-10T13:01:50.9961288+05:30" endTime="2026-08-10T13:01:51.0238963+05:30" testType="13cdc9d9-ddb5-4fa4-a97d-d965ccfc6d4b" outcome="Passed" testListId="8c84fa94-04c1-424b-9868-57a2d4851a1d" relativeResultsDirectory="65d58ec8-366b-4d2e-b8fa-b81581b612a6" />
    <UnitTestResult executionId="9bacd525-80e1-4af3-a982-68bf89c15c8f" testId="9d17bc83-2f38-3722-270a-72d42bc1c4a0" testName="DeriveSlotStatus_MoreThan15MinBeforeDue_IsPending" computerName="TASNOORI" duration="00:00:00.0025980" startTime="2026-08-10T13:01:51.0980037+05:30" endTime="2026-08-10T13:01:51.1006019+05:30" testType="13cdc9d9-ddb5-4fa4-a97d-d965ccfc6d4b" outcome="Passed" testListId="8c84fa94-04c1-424b-9868-57a2d4851a1d" relativeResultsDirectory="9bacd525-80e1-4af3-a982-68bf89c15c8f" />
    <UnitTestResult executionId="beaffb16-4c79-4b88-af2c-a344cb0ba573" testId="24edf406-5409-57d6-7220-298ad94f134c" testName="Handle_WithExistingOverride_ShouldUpdateAndAddNew" computerName="TASNOORI" duration="00:00:08.9570980" startTime="2026-08-10T12:22:03.5140164+05:30" endTime="2026-08-10T12:22:12.4711173+05:30" testType="13cdc9d9-ddb5-4fa4-a97d-d965ccfc6d4b" outcome="Passed" testListId="8c84fa94-04c1-424b-9868-57a2d4851a1d" relativeResultsDirectory="beaffb16-4c79-4b88-af2c-a344cb0ba573" />
    <UnitTestResult executionId="ca7de4e5-a381-4085-bab8-c6b70942f4ad" testId="c2f583fe-e9fc-7041-d8c8-98a69f4bbb92" testName="Handle_DiscountExceedsChargeMasterCap_PostsWithoutApproval" computerName="TASNOORI" duration="00:00:34.1670450" startTime="2026-08-10T12:09:29.7491476+05:30" endTime="2026-08-10T12:10:03.9156352+05:30" testType="13cdc9d9-ddb5-4fa4-a97d-d965ccfc6d4b" outcome="Passed" testListId="8c84fa94-04c1-424b-9868-57a2d4851a1d" relativeResultsDirectory="ca7de4e5-a381-4085-bab8-c6b70942f4ad" />
    <UnitTestResult executionId="55f98449-137b-402e-bc93-583fa40a0654" testId="f7858a61-0418-2678-72b5-c8510d1472b4" testName="Handle_ConfirmsPendingPreAppointment_AllocatesToken_ResolvesFutureStatus" computerName="TASNOORI" duration="00:00:07.2244290" startTime="2026-08-10T12:16:50.0888859+05:30" endTime="2026-08-10T12:16:57.3133142+05:30" testType="13cdc9d9-ddb5-4fa4-a97d-d965ccfc6d4b" outcome="Passed" testListId="8c84fa94-04c1-424b-9868-57a2d4851a1d" relativeResultsDirectory="55f98449-137b-402e-bc93-583fa40a0654" />
    <UnitTestResult executionId="da816249-46fc-4340-86fb-86ce17891c6b" testId="7e2d3571-f2ff-98a7-4489-389f2f7bc9b4" testName="Handle_AlreadyCompleted_ReturnsError" computerName="TASNOORI" duration="00:00:06.2926560" startTime="2026-08-10T12:15:27.3171379+05:30" endTime="2026-08-10T12:15:33.6097949+05:30" testType="13cdc9d9-ddb5-4fa4-a97d-d965ccfc6d4b" outcome="Passed" testListId="8c84fa94-04c1-424b-9868-57a2d4851a1d" relativeResultsDirectory="da816249-46fc-4340-86fb-86ce17891c6b" />
    <UnitTestResult executionId="88064c7b-5576-4ce6-98bd-3bf590450fc0" testId="d4ad21c2-71e9-846b-f451-32daaaea50fd" testName="Handle_HospitalScoping_ExcludesOtherHospitalPatients" computerName="TASNOORI" duration="00:00:04.7995370" startTime="2026-08-10T13:02:24.6349185+05:30" endTime="2026-08-10T13:02:29.4344569+05:30" testType="13cdc9d9-ddb5-4fa4-a97d-d965ccfc6d4b" outcome="Passed" testListId="8c84fa94-04c1-424b-9868-57a2d4851a1d" relativeResultsDirectory="88064c7b-5576-4ce6-98bd-3bf590450fc0" />
    <UnitTestResult executionId="06c66f44-3c6e-4412-863e-10f557eff92e" testId="3296565b-b519-fca0-96c0-f2d3963dacdc" testName="Handle_DeletesCharge_Immediately_NoReasonRequired_NoApproval" computerName="TASNOORI" duration="00:00:05.1149750" startTime="2026-08-10T12:18:02.6837627+05:30" endTime="2026-08-10T12:18:07.7987374+05:30" testType="13cdc9d9-ddb5-4fa4-a97d-d965ccfc6d4b" outcome="Passed" testListId="8c84fa94-04c1-424b-9868-57a2d4851a1d" relativeResultsDirectory="06c66f44-3c6e-4412-863e-10f557eff92e" />
    <UnitTestResult executionId="b70c61e3-dc55-47d0-9036-90d7f9439eb0" testId="d9e45849-bb31-a4e5-904f-974b7f10a9af" testName="ComputeOverlapDays_OpenEndedSpan_ClampsToRangeEnd" computerName="TASNOORI" duration="00:00:00.0065700" startTime="2026-08-10T12:45:19.5292785+05:30" endTime="2026-08-10T12:45:19.5358486+05:30" testType="13cdc9d9-ddb5-4fa4-a97d-d965ccfc6d4b" outcome="Passed" testListId="8c84fa94-04c1-424b-9868-57a2d4851a1d" relativeResultsDirectory="b70c61e3-dc55-47d0-9036-90d7f9439eb0" />
    <UnitTestResult executionId="ecd32307-5bc9-412a-810c-8dc2e39c2b7f" testId="453678bf-2979-a04b-a5da-2f7487fa9c2d" testName="Handle_ReturnsProfile" computerName="TASNOORI" duration="00:00:04.7562210" startTime="2026-08-10T12:54:43.8679628+05:30" endTime="2026-08-10T12:54:48.6241832+05:30" testType="13cdc9d9-ddb5-4fa4-a97d-d965ccfc6d4b" outcome="Passed" testListId="8c84fa94-04c1-424b-9868-57a2d4851a1d" relativeResultsDirectory="ecd32307-5bc9-412a-810c-8dc2e39c2b7f" />
    <UnitTestResult executionId="082c1269-85ee-461b-9087-635cfcb015ca" testId="0f1e5f56-7f6e-17d2-2d62-38b06d59f61f" testName="Handle_HideReview_SetsIsHidden" computerName="TASNOORI" duration="00:00:03.2311190" startTime="2026-08-10T12:26:55.8394241+05:30" endTime="2026-08-10T12:26:59.0705431+05:30" testType="13cdc9d9-ddb5-4fa4-a97d-d965ccfc6d4b" outcome="Passed" testListId="8c84fa94-04c1-424b-9868-57a2d4851a1d" relativeResultsDirectory="082c1269-85ee-461b-9087-635cfcb015ca" />
    <UnitTestResult executionId="5754d2e4-a26a-4561-a8c9-f8ca19a16c45" testId="547ed9c1-0360-0183-99a9-116da1001a18" testName="Handle_ReturnsDetails" computerName="TASNOORI" duration="00:00:05.1979499" startTime="2026-08-10T12:51:18.3553374+05:30" endTime="2026-08-10T12:51:23.5532872+05:30" testType="13cdc9d9-ddb5-4fa4-a97d-d965ccfc6d4b" outcome="Passed" testListId="8c84fa94-04c1-424b-9868-57a2d4851a1d" relativeResultsDirectory="5754d2e4-a26a-4561-a8c9-f8ca19a16c45" />
    <UnitTestResult executionId="e9bd8fcc-a77c-423b-a578-4b5798381f39" testId="df5fec23-5b55-ea85-4869-b0e947c177f1" testName="Handle_AppointmentNotFound_ReturnsError" computerName="TASNOORI" duration="00:00:07.1593270" startTime="2026-08-10T12:24:19.0874275+05:30" endTime="2026-08-10T12:24:26.2467559+05:30" testType="13cdc9d9-ddb5-4fa4-a97d-d965ccfc6d4b" outcome="Passed" testListId="8c84fa94-04c1-424b-9868-57a2d4851a1d" relativeResultsDirectory="e9bd8fcc-a77c-423b-a578-4b5798381f39" />
    <UnitTestResult executionId="5b2d3024-d961-40f2-bbcd-fd460b0b8f92" testId="386c4c4b-3760-2a86-03d7-e3614c71f5ad" testName="Handle_DoctorNotAtHospital_RejectsRequest" computerName="TASNOORI" duration="00:00:05.2242810" startTime="2026-08-10T12:35:45.8004092+05:30" endTime="2026-08-10T12:35:51.0246901+05:30" testType="13cdc9d9-ddb5-4fa4-a97d-d965ccfc6d4b" outcome="Passed" testListId="8c84fa94-04c1-424b-9868-57a2d4851a1d" relativeResultsDirectory="5b2d3024-d961-40f2-bbcd-fd460b0b8f92" />
    <UnitTestResult executionId="4ccb5fa0-9641-4c49-b940-799e59c4aa91" testId="33fc274e-acf4-5bbb-b9f7-97dfcc5efbbb" testName="Handle_ExcludesCategory_WhenDoctorNotPubliclyListed" computerName="TASNOORI" duration="00:00:07.9733520" startTime="2026-08-10T13:00:18.3886577+05:30" endTime="2026-08-10T13:00:26.3620124+05:30" testType="13cdc9d9-ddb5-4fa4-a97d-d965ccfc6d4b" outcome="Passed" testListId="8c84fa94-04c1-424b-9868-57a2d4851a1d" relativeResultsDirectory="4ccb5fa0-9641-4c49-b940-799e59c4aa91" />
    <UnitTestResult executionId="6b8ab1fb-c209-459a-b2b3-0f17ab028ee1" testId="5db20d54-1299-6913-ba76-5c31c4a4c6c7" testName="Handle_SamePatientMobile_SecondRatingForSameDoctor_ReturnsFailure" computerName="TASNOORI" duration="00:00:11.2735480" startTime="2026-08-10T12:34:56.3056188+05:30" endTime="2026-08-10T12:35:07.5791649+05:30" testType="13cdc9d9-ddb5-4fa4-a97d-d965ccfc6d4b" outcome="Passed" testListId="8c84fa94-04c1-424b-9868-57a2d4851a1d" relativeResultsDirectory="6b8ab1fb-c209-459a-b2b3-0f17ab028ee1" />
    <UnitTestResult executionId="5433505f-7704-4081-ad02-0ac6b6b2d547" testId="7685d26a-de11-1dfc-5afc-d0017e84c4cf" testName="Handle_DrawingNotFound_ReturnsError" computerName="TASNOORI" duration="00:00:02.7909419" startTime="2026-08-10T12:19:30.6372077+05:30" endTime="2026-08-10T12:19:33.4281493+05:30" testType="13cdc9d9-ddb5-4fa4-a97d-d965ccfc6d4b" outcome="Passed" testListId="8c84fa94-04c1-424b-9868-57a2d4851a1d" relativeResultsDirectory="5433505f-7704-4081-ad02-0ac6b6b2d547" />
    <UnitTestResult executionId="88760200-a9c0-4d6f-81a1-820219628614" testId="84400453-eb06-f903-90d6-daf61d9c0e87" testName="Handle_InvalidInfectionType_ReturnsFailure" computerName="TASNOORI" duration="00:00:04.6621920" startTime="2026-08-10T12:25:46.7830511+05:30" endTime="2026-08-10T12:25:51.4452479+05:30" testType="13cdc9d9-ddb5-4fa4-a97d-d965ccfc6d4b" outcome="Passed" testListId="8c84fa94-04c1-424b-9868-57a2d4851a1d" relativeResultsDirectory="88760200-a9c0-4d6f-81a1-820219628614" />
    <UnitTestResult executionId="2455862f-af10-4263-82c2-a99272e8989b" testId="f4327102-7a87-eb53-2c85-f5d248cbc353" testName="Handle_SwitchToSelf_ClearsReferrerFields" computerName="TASNOORI" duration="00:00:06.4111120" startTime="2026-08-10T12:12:45.6998919+05:30" endTime="2026-08-10T12:12:52.1110070+05:30" testType="13cdc9d9-ddb5-4fa4-a97d-d965ccfc6d4b" outcome="Passed" testListId="8c84fa94-04c1-424b-9868-57a2d4851a1d" relativeResultsDirectory="2455862f-af10-4263-82c2-a99272e8989b" />
    <UnitTestResult executionId="dfb98613-b76d-4dbf-88e8-3c7e5129ff20" testId="016bf2f1-df16-a342-9272-3c7aedd499ed" testName="Handle_ReturnsAppointments" computerName="TASNOORI" duration="00:00:10.0411030" startTime="2026-08-10T12:45:37.6999840+05:30" endTime="2026-08-10T12:45:47.7410865+05:30" testType="13cdc9d9-ddb5-4fa4-a97d-d965ccfc6d4b" outcome="Passed" testListId="8c84fa94-04c1-424b-9868-57a2d4851a1d" relativeResultsDirectory="dfb98613-b76d-4dbf-88e8-3c7e5129ff20" />
    <UnitTestResult executionId="fd24db1c-d1bb-4c23-8bf1-76c97323e5b7" testId="d2db02e6-31a4-d6bd-baa6-91b385ed13c4" testName="Handle_HospitalNotFound_ReturnsFailure" computerName="TASNOORI" duration="00:00:02.9909160" startTime="2026-08-10T12:25:29.5941504+05:30" endTime="2026-08-10T12:25:32.5850657+05:30" testType="13cdc9d9-ddb5-4fa4-a97d-d965ccfc6d4b" outcome="Passed" testListId="8c84fa94-04c1-424b-9868-57a2d4851a1d" relativeResultsDirectory="fd24db1c-d1bb-4c23-8bf1-76c97323e5b7" />
    <UnitTestResult executionId="1e71ba39-84a0-4da1-8f7d-201e4d602e4e" testId="b3dcafba-8194-42a4-452a-2bf45878e3dc" testName="ComputeChronicHealthPoints_NonoperativeOrEmergencyPostOp_ReturnsFive" computerName="TASNOORI" duration="00:00:00.0008950" startTime="2026-08-10T12:45:14.6206261+05:30" endTime="2026-08-10T12:45:14.6215205+05:30" testType="13cdc9d9-ddb5-4fa4-a97d-d965ccfc6d4b" outcome="Passed" testListId="8c84fa94-04c1-424b-9868-57a2d4851a1d" relativeResultsDirectory="1e71ba39-84a0-4da1-8f7d-201e4d602e4e" />
    <UnitTestResult executionId="4fc48c27-9484-40b6-b2f4-c794f05daf66" testId="ff90f8ae-e95c-a91e-8666-03e696199838" testName="Handle_PersonalizedDataNotFound_ReturnsError" computerName="TASNOORI" duration="00:00:04.9113420" startTime="2026-08-10T12:18:46.7951784+05:30" endTime="2026-08-10T12:18:51.7065203+05:30" testType="13cdc9d9-ddb5-4fa4-a97d-d965ccfc6d4b" outcome="Passed" testListId="8c84fa94-04c1-424b-9868-57a2d4851a1d" relativeResultsDirectory="4fc48c27-9484-40b6-b2f4-c794f05daf66" />
    <UnitTestResult executionId="4043298c-e3a6-4f91-9952-f8186b1a8f27" testId="57ab64be-7d44-e21d-a541-715c20a75153" testName="Handle_HospitalHasNoLocationConfigured_Rejects" computerName="TASNOORI" duration="00:00:05.6686080" startTime="2026-08-10T12:26:02.2006113+05:30" endTime="2026-08-10T12:26:07.8692186+05:30" testType="13cdc9d9-ddb5-4fa4-a97d-d965ccfc6d4b" outcome="Passed" testListId="8c84fa94-04c1-424b-9868-57a2d4851a1d" relativeResultsDirectory="4043298c-e3a6-4f91-9952-f8186b1a8f27" />
    <UnitTestResult executionId="2b9596d0-fbf4-4623-b36b-ced9f677d2bc" testId="03e7943a-3a85-b865-9cc9-5086866667ef" testName="Handle_RatingOutOfRange_ReturnsFailure(6)" computerName="TASNOORI" duration="00:00:08.3150200" startTime="2026-08-10T12:34:47.9885687+05:30" endTime="2026-08-10T12:34:56.3035889+05:30" testType="13cdc9d9-ddb5-4fa4-a97d-d965ccfc6d4b" outcome="Passed" testListId="8c84fa94-04c1-424b-9868-57a2d4851a1d" relativeResultsDirectory="2b9596d0-fbf4-4623-b36b-ced9f677d2bc" />
    <UnitTestResult executionId="e18c5fce-83e5-4235-8ca9-22df9224a394" testId="2ed8cd95-1685-2cc5-d3bc-483288f319af" testName="Handle_ProfileCompletionCalculation_ReturnsCorrectScore" computerName="TASNOORI" duration="00:00:08.1086320" startTime="2026-08-10T12:43:53.3400653+05:30" endTime="2026-08-10T12:44:01.4486974+05:30" testType="13cdc9d9-ddb5-4fa4-a97d-d965ccfc6d4b" outcome="Passed" testListId="8c84fa94-04c1-424b-9868-57a2d4851a1d" relativeResultsDirectory="e18c5fce-83e5-4235-8ca9-22df9224a394" />
    <UnitTestResult executionId="907a759d-4613-4933-bda9-e09461578949" testId="21dc8752-3a31-f0cd-a7c9-eb55969240aa" testName="ComputeTemperaturePoints_NormalRange_ReturnsZero" computerName="TASNOORI" duration="00:00:00.0040679" startTime="2026-08-10T12:45:14.6392460+05:30" endTime="2026-08-10T12:45:14.6433151+05:30" testType="13cdc9d9-ddb5-4fa4-a97d-d965ccfc6d4b" outcome="Passed" testListId="8c84fa94-04c1-424b-9868-57a2d4851a1d" relativeResultsDirectory="907a759d-4613-4933-bda9-e09461578949" />
    <UnitTestResult executionId="42a6b5aa-d8db-4126-9dc3-93966cc9dc6a" testId="d4556c88-8924-3e02-06a0-f55d28ae2acc" testName="Handle_SkipsCalledPatient_RequeuesThreePositionsLater" computerName="TASNOORI" duration="00:00:05.2406320" startTime="2026-08-10T12:33:46.9418962+05:30" endTime="2026-08-10T12:33:52.1825277+05:30" testType="13cdc9d9-ddb5-4fa4-a97d-d965ccfc6d4b" outcome="Passed" testListId="8c84fa94-04c1-424b-9868-57a2d4851a1d" relativeResultsDirectory="42a6b5aa-d8db-4126-9dc3-93966cc9dc6a" />
    <UnitTestResult executionId="c8f0162a-e123-48ea-80d5-17800da12991" testId="8af60b31-1b42-cd4d-64dc-1154d26e0e48" testName="Handle_Success_ReturnsPrescriptionData" computerName="TASNOORI" duration="00:00:09.4244520" startTime="2026-08-10T12:24:40.5328598+05:30" endTime="2026-08-10T12:24:49.9573126+05:30" testType="13cdc9d9-ddb5-4fa4-a97d-d965ccfc6d4b" outcome="Passed" testListId="8c84fa94-04c1-424b-9868-57a2d4851a1d" relativeResultsDirectory="c8f0162a-e123-48ea-80d5-17800da12991" />
    <UnitTestResult executionId="402570e9-e793-4eb7-a7b7-a3690f39e4e5" testId="3994a404-ae6a-f387-ebab-7f48038d35e3" testName="ComputeRespiratoryScore_Normal_ReturnsZero" computerName="TASNOORI" duration="00:00:00.0241810" startTime="2026-08-10T12:47:03.2544908+05:30" endTime="2026-08-10T12:47:03.2786732+05:30" testType="13cdc9d9-ddb5-4fa4-a97d-d965ccfc6d4b" outcome="Passed" testListId="8c84fa94-04c1-424b-9868-57a2d4851a1d" relativeResultsDirectory="402570e9-e793-4eb7-a7b7-a3690f39e4e5" />
    <UnitTestResult executionId="47858fe1-e443-47ea-8372-f391ba76a18a" testId="868c51cd-2ed0-caf4-930e-a32f76e34612" testName="Handle_MissingCategoryOrHospitalId_ReturnsError" computerName="TASNOORI" duration="00:00:03.0106400" startTime="2026-08-10T12:14:55.3648353+05:30" endTime="2026-08-10T12:14:58.3754755+05:30" testType="13cdc9d9-ddb5-4fa4-a97d-d965ccfc6d4b" outcome="Passed" testListId="8c84fa94-04c1-424b-9868-57a2d4851a1d" relativeResultsDirectory="47858fe1-e443-47ea-8372-f391ba76a18a" />
    <UnitTestResult executionId="193352e1-39a2-479b-a06a-62b0f5648883" testId="4789219e-918d-46c2-8166-90823bdcfe3e" testName="Handle_ExistingLegacyNullHospitalRow_DoesNotTouchIt_CreatesNewHospitalRow" computerName="TASNOORI" duration="00:00:03.3787290" startTime="2026-08-10T12:37:31.3080341+05:30" endTime="2026-08-10T12:37:34.6867625+05:30" testType="13cdc9d9-ddb5-4fa4-a97d-d965ccfc6d4b" outcome="Passed" testListId="8c84fa94-04c1-424b-9868-57a2d4851a1d" relativeResultsDirectory="193352e1-39a2-479b-a06a-62b0f5648883" />
    <UnitTestResult executionId="a98e61d4-0492-4cad-874b-4d78009f05d0" testId="78a6e13e-fdaf-3c44-d997-673db943a503" testName="Handle_OverrideNotFound_ReturnsError" computerName="TASNOORI" duration="00:00:03.7006610" startTime="2026-08-10T12:22:40.9451649+05:30" endTime="2026-08-10T12:22:44.6458261+05:30" testType="13cdc9d9-ddb5-4fa4-a97d-d965ccfc6d4b" outcome="Passed" testListId="8c84fa94-04c1-424b-9868-57a2d4851a1d" relativeResultsDirectory="a98e61d4-0492-4cad-874b-4d78009f05d0" />
    <UnitTestResult executionId="dc54e77a-a0d3-4e03-a337-b515e500d86c" testId="dafd9e8a-e08f-9ef8-5c0c-b7760c1f71b8" testName="Handle_MarketingConsentTrue_SetsConsentAndTimestamp_OnNewPatient" computerName="TASNOORI" duration="00:00:08.0232490" startTime="2026-08-10T12:29:36.2933890+05:30" endTime="2026-08-10T12:29:44.3166384+05:30" testType="13cdc9d9-ddb5-4fa4-a97d-d965ccfc6d4b" outcome="Passed" testListId="8c84fa94-04c1-424b-9868-57a2d4851a1d" relativeResultsDirectory="dc54e77a-a0d3-4e03-a337-b515e500d86c" />
    <UnitTestResult executionId="6ba0d407-9e8d-4f35-896e-705f3feedda1" testId="77c774bb-54c9-298d-28c4-3f9155e04f64" testName="Handle_HospitalNotFound_ReturnsError" computerName="TASNOORI" duration="00:00:05.6148710" startTime="2026-08-10T12:42:36.8137646+05:30" endTime="2026-08-10T12:42:42.4286353+05:30" testType="13cdc9d9-ddb5-4fa4-a97d-d965ccfc6d4b" outcome="Passed" testListId="8c84fa94-04c1-424b-9868-57a2d4851a1d" relativeResultsDirectory="6ba0d407-9e8d-4f35-896e-705f3feedda1" />
    <UnitTestResult executionId="d8f5b312-e0c7-4951-aad6-d533bb776e26" testId="3057c916-22d5-c91d-684d-1f0bb33e063c" testName="Handle_SecondDrawingForSameAppointment_IncrementsSequenceNo" computerName="TASNOORI" duration="00:00:06.9293560" startTime="2026-08-10T12:40:59.3367012+05:30" endTime="2026-08-10T12:41:06.2660576+05:30" testType="13cdc9d9-ddb5-4fa4-a97d-d965ccfc6d4b" outcome="Passed" testListId="8c84fa94-04c1-424b-9868-57a2d4851a1d" relativeResultsDirectory="d8f5b312-e0c7-4951-aad6-d533bb776e26" />
    <UnitTestResult executionId="4a89f649-0882-433f-8c5c-7610c2f78046" testId="263482ac-b69e-8af2-f727-1f8a18693a35" testName="Handle_ValidRequest_CreatesPackageType_WithComponents" computerName="TASNOORI" duration="00:00:04.0198130" startTime="2026-08-10T12:42:27.7358455+05:30" endTime="2026-08-10T12:42:31.7556587+05:30" testType="13cdc9d9-ddb5-4fa4-a97d-d965ccfc6d4b" outcome="Passed" testListId="8c84fa94-04c1-424b-9868-57a2d4851a1d" relativeResultsDirectory="4a89f649-0882-433f-8c5c-7610c2f78046" />
    <UnitTestResult executionId="5405b7ff-8c64-4e9c-80dd-2e7d21fe6c2c" testId="cd2018ec-1e4d-e580-aa9e-3fd3f3d4ade1" testName="Handle_ReturnsShiftConfig" computerName="TASNOORI" duration="00:00:08.9426460" startTime="2026-08-10T12:46:12.9569236+05:30" endTime="2026-08-10T12:46:21.8995697+05:30" testType="13cdc9d9-ddb5-4fa4-a97d-d965ccfc6d4b" outcome="Passed" testListId="8c84fa94-04c1-424b-9868-57a2d4851a1d" relativeResultsDirectory="5405b7ff-8c64-4e9c-80dd-2e7d21fe6c2c" />
    <UnitTestResult executionId="209a4957-d5be-4022-9992-3ffd7d22658e" testId="9bd0cbf0-8919-44b3-59af-13964863011f" testName="DeriveSlotStatus_PastMissedThreshold_IsMissed" computerName="TASNOORI" duration="00:00:00.0013680" startTime="2026-08-10T13:01:51.1048261+05:30" endTime="2026-08-10T13:01:51.1061948+05:30" testType="13cdc9d9-ddb5-4fa4-a97d-d965ccfc6d4b" outcome="Passed" testListId="8c84fa94-04c1-424b-9868-57a2d4851a1d" relativeResultsDirectory="209a4957-d5be-4022-9992-3ffd7d22658e" />
    <UnitTestResult executionId="c7b1a325-4e91-466d-801c-bb62fd7a7ea6" testId="3e311f46-9cf2-2186-00e6-6195c14b1c6a" testName="Handle_MedicineNotFound_ReturnsFailure" computerName="TASNOORI" duration="00:00:05.1174190" startTime="2026-08-10T12:19:01.3621526+05:30" endTime="2026-08-10T12:19:06.4795718+05:30" testType="13cdc9d9-ddb5-4fa4-a97d-d965ccfc6d4b" outcome="Passed" testListId="8c84fa94-04c1-424b-9868-57a2d4851a1d" relativeResultsDirectory="c7b1a325-4e91-466d-801c-bb62fd7a7ea6" />
    <UnitTestResult executionId="065eef94-aa82-4714-bf68-a7a7cdca1fcb" testId="d23fc257-f777-4199-4978-990f2cfe62e5" testName="ComputeBorSeries_ZeroActiveBeds_ReturnsZeroNotDivideByZero" computerName="TASNOORI" duration="00:00:00.0033610" startTime="2026-08-10T13:01:50.9609185+05:30" endTime="2026-08-10T13:01:50.9642802+05:30" testType="13cdc9d9-ddb5-4fa4-a97d-d965ccfc6d4b" outcome="Passed" testListId="8c84fa94-04c1-424b-9868-57a2d4851a1d" relativeResultsDirectory="065eef94-aa82-4714-bf68-a7a7cdca1fcb" />
    <UnitTestResult executionId="c1acb59b-f6be-4bb3-98e9-7c85072355eb" testId="dfb1a37d-89a5-05df-3061-da37a355015b" testName="Handle_ReturnsSettings" computerName="TASNOORI" duration="00:00:04.0926450" startTime="2026-08-10T12:53:12.0442973+05:30" endTime="2026-08-10T12:53:16.1369424+05:30" testType="13cdc9d9-ddb5-4fa4-a97d-d965ccfc6d4b" outcome="Passed" testListId="8c84fa94-04c1-424b-9868-57a2d4851a1d" relativeResultsDirectory="c1acb59b-f6be-4bb3-98e9-7c85072355eb" />
    <UnitTestResult executionId="7b0dc243-802d-464a-ae5d-e88c97134b90" testId="1953cfc3-0009-5765-821d-9cf20f8eb81c" testName="Handle_AppointmentNotFound_ReturnsFailure" computerName="TASNOORI" duration="00:00:04.0290580" startTime="2026-08-10T12:31:44.0184939+05:30" endTime="2026-08-10T12:31:48.0475539+05:30" testType="13cdc9d9-ddb5-4fa4-a97d-d965ccfc6d4b" outcome="Passed" testListId="8c84fa94-04c1-424b-9868-57a2d4851a1d" relativeResultsDirectory="7b0dc243-802d-464a-ae5d-e88c97134b90" />
    <UnitTestResult executionId="07338778-2827-4ed1-a663-afeb6be2b2f6" testId="b41c679d-ea66-10c4-f0dc-887e0b8a30fb" testName="Handle_NoDeviceDays_RateIsNull" computerName="TASNOORI" duration="00:00:04.5316060" startTime="2026-08-10T12:53:04.6501595+05:30" endTime="2026-08-10T12:53:09.1817658+05:30" testType="13cdc9d9-ddb5-4fa4-a97d-d965ccfc6d4b" outcome="Passed" testListId="8c84fa94-04c1-424b-9868-57a2d4851a1d" relativeResultsDirectory="07338778-2827-4ed1-a663-afeb6be2b2f6" />
    <UnitTestResult executionId="f50cd3c8-567d-4292-adab-ecb5785e3f12" testId="aaf8d489-0dc3-c6b3-1ce4-bdbd3b5665ea" testName="Handle_HospitalResponse_ListedButExcludedFromAverage" computerName="TASNOORI" duration="00:00:07.7329140" startTime="2026-08-10T12:51:35.9140779+05:30" endTime="2026-08-10T12:51:43.6469913+05:30" testType="13cdc9d9-ddb5-4fa4-a97d-d965ccfc6d4b" outcome="Passed" testListId="8c84fa94-04c1-424b-9868-57a2d4851a1d" relativeResultsDirectory="f50cd3c8-567d-4292-adab-ecb5785e3f12" />
    <UnitTestResult executionId="82037a2a-738d-48cb-987f-7f853e7293c7" testId="73951815-2e3a-bd31-2d8f-d6514f98dcfb" testName="ComputeCardiovascularScore_NoVasopressorsLowMap_ReturnsOne" computerName="TASNOORI" duration="00:00:00.0283840" startTime="2026-08-10T13:02:39.7386440+05:30" endTime="2026-08-10T13:02:39.7670287+05:30" testType="13cdc9d9-ddb5-4fa4-a97d-d965ccfc6d4b" outcome="Passed" testListId="8c84fa94-04c1-424b-9868-57a2d4851a1d" relativeResultsDirectory="82037a2a-738d-48cb-987f-7f853e7293c7" />
    <UnitTestResult executionId="c4aa9d34-f429-45fc-8e13-ec969ea715de" testId="1c93cd9f-db19-2392-9c9b-5f5c3a9f7b0e" testName="Handle_NotFound_ReturnsNull" computerName="TASNOORI" duration="00:00:03.5273310" startTime="2026-08-10T13:02:47.2754905+05:30" endTime="2026-08-10T13:02:50.8028212+05:30" testType="13cdc9d9-ddb5-4fa4-a97d-d965ccfc6d4b" outcome="Passed" testListId="8c84fa94-04c1-424b-9868-57a2d4851a1d" relativeResultsDirectory="c4aa9d34-f429-45fc-8e13-ec969ea715de" />
    <UnitTestResult executionId="1d89af56-618b-4348-b5fd-a1d39e10ceaf" testId="fc76f20a-7965-fcf3-85b0-1b3bf101d044" testName="Handle_ConfirmsPendingPreAppointment_SendsWhatsAppConfirmation" computerName="TASNOORI" duration="00:00:08.3875949" startTime="2026-08-10T12:16:57.3137157+05:30" endTime="2026-08-10T12:17:05.7013099+05:30" testType="13cdc9d9-ddb5-4fa4-a97d-d965ccfc6d4b" outcome="Passed" testListId="8c84fa94-04c1-424b-9868-57a2d4851a1d" relativeResultsDirectory="1d89af56-618b-4348-b5fd-a1d39e10ceaf" />
    <UnitTestResult executionId="00cb84e4-9faa-4916-a5a0-2e1f8d94ca2c" testId="4f17919f-6b8c-b856-36db-7de3d7118ec4" testName="Handle_MissingIds_ReturnsError" computerName="TASNOORI" duration="00:00:03.2162180" startTime="2026-08-10T12:30:15.0912137+05:30" endTime="2026-08-10T12:30:18.3074312+05:30" testType="13cdc9d9-ddb5-4fa4-a97d-d965ccfc6d4b" outcome="Passed" testListId="8c84fa94-04c1-424b-9868-57a2d4851a1d" relativeResultsDirectory="00cb84e4-9faa-4916-a5a0-2e1f8d94ca2c" />
    <UnitTestResult executionId="670a89bf-7244-43dd-b616-1ac34d5092df" testId="a91fcd6b-5d6b-8dbe-2a14-8b6d75acb0e2" testName="Handle_EmptyMedicationsList_ClearsExistingRows" computerName="TASNOORI" duration="00:00:06.2722260" startTime="2026-08-10T12:21:28.9918949+05:30" endTime="2026-08-10T12:21:35.2641210+05:30" testType="13cdc9d9-ddb5-4fa4-a97d-d965ccfc6d4b" outcome="Passed" testListId="8c84fa94-04c1-424b-9868-57a2d4851a1d" relativeResultsDirectory="670a89bf-7244-43dd-b616-1ac34d5092df" />
    <UnitTestResult executionId="282d09ca-5adb-41b5-80ff-d53124a4be3a" testId="7b93c885-8a2a-e908-211b-059abde70998" testName="Handle_ValidRequest_UploadsSummaryAndSendsWhatsApp" computerName="TASNOORI" duration="00:00:06.6580890" startTime="2026-08-10T12:41:23.9725603+05:30" endTime="2026-08-10T12:41:30.6306503+05:30" testType="13cdc9d9-ddb5-4fa4-a97d-d965ccfc6d4b" outcome="Passed" testListId="8c84fa94-04c1-424b-9868-57a2d4851a1d" relativeResultsDirectory="282d09ca-5adb-41b5-80ff-d53124a4be3a" />
    <UnitTestResult executionId="20d721ba-e115-4cef-877a-ababb1b735e7" testId="62deb1f6-b989-d04c-5d52-4ea80716eda9" testName="Handle_MissingFields_ReturnsError" computerName="TASNOORI" duration="00:00:04.2303010" startTime="2026-08-10T12:28:19.7113175+05:30" endTime="2026-08-10T12:28:23.9416181+05:30" testType="13cdc9d9-ddb5-4fa4-a97d-d965ccfc6d4b" outcome="Passed" testListId="8c84fa94-04c1-424b-9868-57a2d4851a1d" relativeResultsDirectory="20d721ba-e115-4cef-877a-ababb1b735e7" />
    <UnitTestResult executionId="053f50ab-4801-464b-9ac5-4a9965f0d86b" testId="4fa3dcef-0e15-f42f-71fd-94c74e05b41d" testName="Handle_ValidRequest_UploadsAndPersistsDocument" computerName="TASNOORI" duration="00:00:06.0280590" startTime="2026-08-10T12:39:56.3159220+05:30" endTime="2026-08-10T12:40:02.3439799+05:30" testType="13cdc9d9-ddb5-4fa4-a97d-d965ccfc6d4b" outcome="Passed" testListId="8c84fa94-04c1-424b-9868-57a2d4851a1d" relativeResultsDirectory="053f50ab-4801-464b-9ac5-4a9965f0d86b" />
    <UnitTestResult executionId="5e2c2722-3475-4acc-8f6e-43c856d31de2" testId="d1e58e1b-ae9a-45f9-b1ff-774be8b17551" testName="Handle_Success_WithTokenReset_WhenStatusHistoryJsonWasNull" computerName="TASNOORI" duration="00:00:08.2566120" startTime="2026-08-10T12:16:10.4971849+05:30" endTime="2026-08-10T12:16:18.7537957+05:30" testType="13cdc9d9-ddb5-4fa4-a97d-d965ccfc6d4b" outcome="Passed" testListId="8c84fa94-04c1-424b-9868-57a2d4851a1d" relativeResultsDirectory="5e2c2722-3475-4acc-8f6e-43c856d31de2" />
    <UnitTestResult executionId="36ad7e95-10ed-475d-ba65-6117538fa625" testId="172b7551-5460-fe21-0678-c737896a5e62" testName="Handle_ReturnsMedicines" computerName="TASNOORI" duration="00:00:08.6911090" startTime="2026-08-10T13:02:05.9397288+05:30" endTime="2026-08-10T13:02:14.6308385+05:30" testType="13cdc9d9-ddb5-4fa4-a97d-d965ccfc6d4b" outcome="Passed" testListId="8c84fa94-04c1-424b-9868-57a2d4851a1d" relativeResultsDirectory="36ad7e95-10ed-475d-ba65-6117538fa625" />
    <UnitTestResult executionId="af9b40b5-21ac-47cf-85fc-e99b7e28fa1e" testId="fb20d50a-de6a-d8a3-7066-5cff91e6636a" testName="Handle_UnknownDoctorId_ReturnsFailure" computerName="TASNOORI" duration="00:00:06.5730540" startTime="2026-08-10T12:58:03.5224093+05:30" endTime="2026-08-10T12:58:10.0954630+05:30" testType="13cdc9d9-ddb5-4fa4-a97d-d965ccfc6d4b" outcome="Passed" testListId="8c84fa94-04c1-424b-9868-57a2d4851a1d" relativeResultsDirectory="af9b40b5-21ac-47cf-85fc-e99b7e28fa1e" />
    <UnitTestResult executionId="0aee8061-a63b-421a-93fd-45662845c3de" testId="e387080a-e017-d8a2-f40f-77a4746f3331" testName="Handle_IncludeInactive_ReturnsAll" computerName="TASNOORI" duration="00:00:03.1875400" startTime="2026-08-10T12:53:40.7326978+05:30" endTime="2026-08-10T12:53:43.9202378+05:30" testType="13cdc9d9-ddb5-4fa4-a97d-d965ccfc6d4b" outcome="Passed" testListId="8c84fa94-04c1-424b-9868-57a2d4851a1d" relativeResultsDirectory="0aee8061-a63b-421a-93fd-45662845c3de" />
    <UnitTestResult executionId="a32b39ee-75af-47bc-81ee-6d0955055dec" testId="8e67bfab-9b67-3726-2f3e-2b4c7615147f" testName="Handle_InactiveOpdConsultFee_IsNotReturned" computerName="TASNOORI" duration="00:00:09.3653120" startTime="2026-08-10T12:59:22.9830476+05:30" endTime="2026-08-10T12:59:32.3483599+05:30" testType="13cdc9d9-ddb5-4fa4-a97d-d965ccfc6d4b" outcome="Passed" testListId="8c84fa94-04c1-424b-9868-57a2d4851a1d" relativeResultsDirectory="a32b39ee-75af-47bc-81ee-6d0955055dec" />
    <UnitTestResult executionId="782a08e2-4712-4498-bb60-3aa74186fc03" testId="5467372e-507b-973c-fc2a-b27b8f8f85bd" testName="ComputeBorSeries_OneOfTwoBedsOccupiedWholeDay_ReturnsFiftyPercent" computerName="TASNOORI" duration="00:00:00.0048199" startTime="2026-08-10T13:01:50.9552929+05:30" endTime="2026-08-10T13:01:50.9601130+05:30" testType="13cdc9d9-ddb5-4fa4-a97d-d965ccfc6d4b" outcome="Passed" testListId="8c84fa94-04c1-424b-9868-57a2d4851a1d" relativeResultsDirectory="782a08e2-4712-4498-bb60-3aa74186fc03" />
    <UnitTestResult executionId="e2b23472-1f2a-47c4-8e9c-bb3543d0604b" testId="b39c0b72-7fc4-e6d0-7529-c4640b0961f8" testName="ComputeSlots_Stat_ReturnsSingleSlotAtOrderTime" computerName="TASNOORI" duration="00:00:00.0021580" startTime="2026-08-10T13:01:51.0864490+05:30" endTime="2026-08-10T13:01:51.0886079+05:30" testType="13cdc9d9-ddb5-4fa4-a97d-d965ccfc6d4b" outcome="Passed" testListId="8c84fa94-04c1-424b-9868-57a2d4851a1d" relativeResultsDirectory="e2b23472-1f2a-47c4-8e9c-bb3543d0604b" />
    <UnitTestResult executionId="5a486545-1159-435e-88ce-fe32b9f6cc95" testId="38781800-1c15-3245-cbfb-7d2014c31ff3" testName="Handle_AdmissionNotActive_ReturnsFailure" computerName="TASNOORI" duration="00:00:08.4861360" startTime="2026-08-10T12:10:51.6440133+05:30" endTime="2026-08-10T12:11:00.1301491+05:30" testType="13cdc9d9-ddb5-4fa4-a97d-d965ccfc6d4b" outcome="Passed" testListId="8c84fa94-04c1-424b-9868-57a2d4851a1d" relativeResultsDirectory="5a486545-1159-435e-88ce-fe32b9f6cc95" />
    <UnitTestResult executionId="aac3d37c-e473-4535-af13-b2b7a023f68c" testId="ef0593bd-a62b-a4b3-0764-3040e19f31fc" testName="Handle_ValidUser_SendsOtpViaWhatsApp" computerName="TASNOORI" duration="00:00:04.4570100" startTime="2026-08-10T12:27:57.1686357+05:30" endTime="2026-08-10T12:28:01.6256472+05:30" testType="13cdc9d9-ddb5-4fa4-a97d-d965ccfc6d4b" outcome="Passed" testListId="8c84fa94-04c1-424b-9868-57a2d4851a1d" relativeResultsDirectory="aac3d37c-e473-4535-af13-b2b7a023f68c" />
    <UnitTestResult executionId="fda6f42e-59d1-4c6d-a077-8a06c6a2559f" testId="fc57092c-f558-f07b-f180-b5d843ec6035" testName="Handle_NotFound_ReturnsNull" computerName="TASNOORI" duration="00:00:10.2486350" startTime="2026-08-10T12:52:13.6030609+05:30" endTime="2026-08-10T12:52:23.8516957+05:30" testType="13cdc9d9-ddb5-4fa4-a97d-d965ccfc6d4b" outcome="Passed" testListId="8c84fa94-04c1-424b-9868-57a2d4851a1d" relativeResultsDirectory="fda6f42e-59d1-4c6d-a077-8a06c6a2559f" />
    <UnitTestResult executionId="a59c0851-a48d-4d43-9771-0d34c508d7ed" testId="9af95d25-076a-4f9e-a96c-9c148aaea901" testName="Handle_Refund_PartialAmount_StillLeavingCredit_AppliesDirectly_NoApprovalNeeded" computerName="TASNOORI" duration="00:00:09.0502630" startTime="2026-08-10T12:10:42.5843991+05:30" endTime="2026-08-10T12:10:51.6346636+05:30" testType="13cdc9d9-ddb5-4fa4-a97d-d965ccfc6d4b" outcome="Passed" testListId="8c84fa94-04c1-424b-9868-57a2d4851a1d" relativeResultsDirectory="a59c0851-a48d-4d43-9771-0d34c508d7ed" />
    <UnitTestResult executionId="2a666c1a-bd72-41c3-915b-76dacebe2324" testId="c8ab2aa8-63ff-b76e-96e3-3aa47b9973ea" testName="ComputeBloodPressureScore_VeryLow_ReturnsThree" computerName="TASNOORI" duration="00:00:00.0008870" startTime="2026-08-10T12:47:03.2424523+05:30" endTime="2026-08-10T12:47:03.2433401+05:30" testType="13cdc9d9-ddb5-4fa4-a97d-d965ccfc6d4b" outcome="Passed" testListId="8c84fa94-04c1-424b-9868-57a2d4851a1d" relativeResultsDirectory="2a666c1a-bd72-41c3-915b-76dacebe2324" />
    <UnitTestResult executionId="6a811047-64ca-4816-8504-8f34ec302477" testId="1495305a-2885-012c-817e-23e6f184e632" testName="Handle_UserNotFound_ReturnsError" computerName="TASNOORI" duration="00:00:03.7680360" startTime="2026-08-10T12:21:50.1421944+05:30" endTime="2026-08-10T12:21:53.9102307+05:30" testType="13cdc9d9-ddb5-4fa4-a97d-d965ccfc6d4b" outcome="Passed" testListId="8c84fa94-04c1-424b-9868-57a2d4851a1d" relativeResultsDirectory="6a811047-64ca-4816-8504-8f34ec302477" />
    <UnitTestResult executionId="7f891cda-bbcf-4ef2-9f94-a650413c5ea3" testId="2b425c46-25df-8191-a619-507f14eaacb8" testName="Handle_ComposesStructuredMedicationRows_FromActiveClinicalOrders_WhenNoSummaryExists" computerName="TASNOORI" duration="00:00:05.4798490" startTime="2026-08-10T12:49:41.6422894+05:30" endTime="2026-08-10T12:49:47.1221398+05:30" testType="13cdc9d9-ddb5-4fa4-a97d-d965ccfc6d4b" outcome="Passed" testListId="8c84fa94-04c1-424b-9868-57a2d4851a1d" relativeResultsDirectory="7f891cda-bbcf-4ef2-9f94-a650413c5ea3" />
    <UnitTestResult executionId="39d2794f-1c5b-499f-a30e-d7ca5fe4cd90" testId="60caa2aa-0e71-0a14-7817-fd00f1b01352" testName="Handle_MissingFile_ReturnsFailure" computerName="TASNOORI" duration="00:00:06.0513570" startTime="2026-08-10T12:39:36.7234140+05:30" endTime="2026-08-10T12:39:42.7747706+05:30" testType="13cdc9d9-ddb5-4fa4-a97d-d965ccfc6d4b" outcome="Passed" testListId="8c84fa94-04c1-424b-9868-57a2d4851a1d" relativeResultsDirectory="39d2794f-1c5b-499f-a30e-d7ca5fe4cd90" />
    <UnitTestResult executionId="05daaebd-6911-4795-9b7b-32d150cad56f" testId="8675f733-6e75-5289-d607-211d8e274dc3" testName="ComputeSlots_Sos_ReturnsNoSlots" computerName="TASNOORI" duration="00:00:00.0016640" startTime="2026-08-10T13:01:51.0825954+05:30" endTime="2026-08-10T13:01:51.0842602+05:30" testType="13cdc9d9-ddb5-4fa4-a97d-d965ccfc6d4b" outcome="Passed" testListId="8c84fa94-04c1-424b-9868-57a2d4851a1d" relativeResultsDirectory="05daaebd-6911-4795-9b7b-32d150cad56f" />
    <UnitTestResult executionId="cc444c3e-400b-4bca-afbf-1cd06ffa9b69" testId="0176d3aa-b785-a71c-59b0-9038f15c8b0f" testName="Handle_DoctorRevoked_ReturnsError" computerName="TASNOORI" duration="00:00:06.9765100" startTime="2026-08-10T12:15:43.3187270+05:30" endTime="2026-08-10T12:15:50.2952376+05:30" testType="13cdc9d9-ddb5-4fa4-a97d-d965ccfc6d4b" outcome="Passed" testListId="8c84fa94-04c1-424b-9868-57a2d4851a1d" relativeResultsDirectory="cc444c3e-400b-4bca-afbf-1cd06ffa9b69" />
    <UnitTestResult executionId="fa5a1685-68ac-4195-88de-eeaca950ee54" testId="37bb2fde-b36d-a0fd-5dda-ab11ad244842" testName="Handle_ReviewBelongsToDifferentHospital_RejectsRequest" computerName="TASNOORI" duration="00:00:03.1924760" startTime="2026-08-10T12:26:59.0748177+05:30" endTime="2026-08-10T12:27:02.2672938+05:30" testType="13cdc9d9-ddb5-4fa4-a97d-d965ccfc6d4b" outcome="Passed" testListId="8c84fa94-04c1-424b-9868-57a2d4851a1d" relativeResultsDirectory="fa5a1685-68ac-4195-88de-eeaca950ee54" />
    <UnitTestResult executionId="2fa852cc-aeae-41ae-8323-c663148f90b9" testId="162a25bc-d9c0-06f2-a10c-807e73da194d" testName="Handle_ReturnsSettings" computerName="TASNOORI" duration="00:00:07.6602680" startTime="2026-08-10T12:56:22.2250927+05:30" endTime="2026-08-10T12:56:29.8853603+05:30" testType="13cdc9d9-ddb5-4fa4-a97d-d965ccfc6d4b" outcome="Passed" testListId="8c84fa94-04c1-424b-9868-57a2d4851a1d" relativeResultsDirectory="2fa852cc-aeae-41ae-8323-c663148f90b9" />
    <UnitTestResult executionId="63915969-2e1b-42c7-aba2-f792e0b194b3" testId="b89e2a9a-ddcb-f147-514f-759e9c81a1b6" testName="Resolve_NonRoomNonPharmacyItem_FallsThroughToItemOwnSettings_Exempt" computerName="TASNOORI" duration="00:00:00.0020920" startTime="2026-08-10T13:01:33.8208720+05:30" endTime="2026-08-10T13:01:33.8229679+05:30" testType="13cdc9d9-ddb5-4fa4-a97d-d965ccfc6d4b" outcome="Passed" testListId="8c84fa94-04c1-424b-9868-57a2d4851a1d" relativeResultsDirectory="63915969-2e1b-42c7-aba2-f792e0b194b3" />
    <UnitTestResult executionId="4e348175-3ff9-4ed0-a27f-4feab499ad87" testId="1a341dea-dc87-f58d-7c43-e9dac8bda97c" testName="Handle_OtPlanIdSupplied_SnapshotsProcedureAndIcuLevel_AndDefaultsRoomCategory" computerName="TASNOORI" duration="00:00:14.9802680" startTime="2026-08-10T12:13:29.7165828+05:30" endTime="2026-08-10T12:13:44.6968599+05:30" testType="13cdc9d9-ddb5-4fa4-a97d-d965ccfc6d4b" outcome="Passed" testListId="8c84fa94-04c1-424b-9868-57a2d4851a1d" relativeResultsDirectory="4e348175-3ff9-4ed0-a27f-4feab499ad87" />
    <UnitTestResult executionId="1dd7abed-f290-4f45-8ba4-1487eaeffda7" testId="165af27a-5fea-5540-99e6-7297c316450c" testName="Handle_InvalidOtp_ReturnsFailure" computerName="TASNOORI" duration="00:00:04.3811790" startTime="2026-08-10T12:28:01.6291248+05:30" endTime="2026-08-10T12:28:06.0103042+05:30" testType="13cdc9d9-ddb5-4fa4-a97d-d965ccfc6d4b" outcome="Passed" testListId="8c84fa94-04c1-424b-9868-57a2d4851a1d" relativeResultsDirectory="1dd7abed-f290-4f45-8ba4-1487eaeffda7" />
    <UnitTestResult executionId="a0899a5d-9c15-4c3e-8469-02c6333e03b9" testId="3ffad1c2-f906-efdb-3f8c-5ad08152f07f" testName="Handle_ValidDoctorId_ReturnsDoctorDetails" computerName="TASNOORI" duration="00:00:14.4831030" startTime="2026-08-10T12:45:58.4690392+05:30" endTime="2026-08-10T12:46:12.9521417+05:30" testType="13cdc9d9-ddb5-4fa4-a97d-d965ccfc6d4b" outcome="Passed" testListId="8c84fa94-04c1-424b-9868-57a2d4851a1d" relativeResultsDirectory="a0899a5d-9c15-4c3e-8469-02c6333e03b9" />
    <UnitTestResult executionId="a5bb724b-ad4d-4dac-a7fa-100971c31877" testId="f886570b-dd3c-17ca-ba31-32d138eef3e8" testName="Handle_FollowUp_RequiresDate" computerName="TASNOORI" duration="00:00:04.3188380" startTime="2026-08-10T12:36:29.1351631+05:30" endTime="2026-08-10T12:36:33.4540013+05:30" testType="13cdc9d9-ddb5-4fa4-a97d-d965ccfc6d4b" outcome="Passed" testListId="8c84fa94-04c1-424b-9868-57a2d4851a1d" relativeResultsDirectory="a5bb724b-ad4d-4dac-a7fa-100971c31877" />
    <UnitTestResult executionId="f569afb1-f93f-4c16-b577-5147dff8f925" testId="e9081508-f7aa-35bc-3749-eea4be31a445" testName="ComputeReadmissionRate_NoIndexDischarges_ReturnsZero" computerName="TASNOORI" duration="00:00:00.0173059" startTime="2026-08-10T13:01:50.9776900+05:30" endTime="2026-08-10T13:01:50.9949965+05:30" testType="13cdc9d9-ddb5-4fa4-a97d-d965ccfc6d4b" outcome="Passed" testListId="8c84fa94-04c1-424b-9868-57a2d4851a1d" relativeResultsDirectory="f569afb1-f93f-4c16-b577-5147dff8f925" />
    <UnitTestResult executionId="874dd99a-0eab-4104-8f9d-b66724aebbd1" testId="34f3d3b0-112f-ee87-eb32-55b9e3e24881" testName="Handle_Remove_AlreadyRemoved_ReturnsFailure" computerName="TASNOORI" duration="00:00:06.3457460" startTime="2026-08-10T12:20:18.0884967+05:30" endTime="2026-08-10T12:20:24.4342420+05:30" testType="13cdc9d9-ddb5-4fa4-a97d-d965ccfc6d4b" outcome="Passed" testListId="8c84fa94-04c1-424b-9868-57a2d4851a1d" relativeResultsDirectory="874dd99a-0eab-4104-8f9d-b66724aebbd1" />
    <UnitTestResult executionId="7ed983e1-97d9-4880-b07a-1e8907eb6b62" testId="d48a570d-bbb3-b666-5589-23987ed30a46" testName="Handle_PassedWithoutPerformed_ForcesPassedFalse" computerName="TASNOORI" duration="00:00:04.9381310" startTime="2026-08-10T12:45:04.8928539+05:30" endTime="2026-08-10T12:45:09.8309849+05:30" testType="13cdc9d9-ddb5-4fa4-a97d-d965ccfc6d4b" outcome="Passed" testListId="8c84fa94-04c1-424b-9868-57a2d4851a1d" relativeResultsDirectory="7ed983e1-97d9-4880-b07a-1e8907eb6b62" />
    <UnitTestResult executionId="383c88fb-0a20-454e-b142-422c43f46611" testId="7f4e0e35-9cee-ea38-e61e-7a0483d67533" testName="Handle_MissingPlanName_ReturnsError" computerName="TASNOORI" duration="00:00:03.7713940" startTime="2026-08-10T12:41:59.5331723+05:30" endTime="2026-08-10T12:42:03.3045662+05:30" testType="13cdc9d9-ddb5-4fa4-a97d-d965ccfc6d4b" outcome="Passed" testListId="8c84fa94-04c1-424b-9868-57a2d4851a1d" relativeResultsDirectory="383c88fb-0a20-454e-b142-422c43f46611" />
    <UnitTestResult executionId="9190712c-5533-42fe-9781-aeab9fa0f82f" testId="e4303fbd-08b2-c5da-60cd-1a8194a53f6d" testName="Handle_WhenInvalidRole_ReturnsFailure" computerName="TASNOORI" duration="00:00:03.7216750" startTime="2026-08-10T12:44:34.9964632+05:30" endTime="2026-08-10T12:44:38.7181376+05:30" testType="13cdc9d9-ddb5-4fa4-a97d-d965ccfc6d4b" outcome="Passed" testListId="8c84fa94-04c1-424b-9868-57a2d4851a1d" relativeResultsDirectory="9190712c-5533-42fe-9781-aeab9fa0f82f" />
    <UnitTestResult executionId="af2fbba8-f67b-432b-910b-29f7754d3126" testId="52378d08-d675-4161-9d3a-c8700274ae33" testName="ComputeTemperaturePoints_Null_ReturnsZero" computerName="TASNOORI" duration="00:00:00.0016270" startTime="2026-08-10T12:45:14.6456615+05:30" endTime="2026-08-10T12:45:14.6472895+05:30" testType="13cdc9d9-ddb5-4fa4-a97d-d965ccfc6d4b" outcome="Passed" testListId="8c84fa94-04c1-424b-9868-57a2d4851a1d" relativeResultsDirectory="af2fbba8-f67b-432b-910b-29f7754d3126" />
    <UnitTestResult executionId="45f534b0-b737-4889-94bb-05038ed8e58a" testId="40807e00-bda7-d393-b76d-5e39cf567e98" testName="Handle_DoctorAtHospital_ReturnsHiddenAndVisibleReviews" computerName="TASNOORI" duration="00:00:07.1797610" startTime="2026-08-10T12:51:23.5561718+05:30" endTime="2026-08-10T12:51:30.7359323+05:30" testType="13cdc9d9-ddb5-4fa4-a97d-d965ccfc6d4b" outcome="Passed" testListId="8c84fa94-04c1-424b-9868-57a2d4851a1d" relativeResultsDirectory="45f534b0-b737-4889-94bb-05038ed8e58a" />
    <UnitTestResult executionId="6e192bd5-4c44-48ca-a556-30697c2f1d3f" testId="9427decb-f306-3d31-f59a-77bbc1b0e6a9" testName="Handle_NotCompleted_ReturnsError" computerName="TASNOORI" duration="00:00:03.2450980" startTime="2026-08-10T12:55:18.5997890+05:30" endTime="2026-08-10T12:55:21.8448862+05:30" testType="13cdc9d9-ddb5-4fa4-a97d-d965ccfc6d4b" outcome="Passed" testListId="8c84fa94-04c1-424b-9868-57a2d4851a1d" relativeResultsDirectory="6e192bd5-4c44-48ca-a556-30697c2f1d3f" />
    <UnitTestResult executionId="881f4c49-c1d2-460e-9b9a-dd99df1207a8" testId="78d113a5-e711-ca29-1059-557b08f8c4b2" testName="Handle_InvalidOrderTypeOnLine_ReturnsError" computerName="TASNOORI" duration="00:00:03.5447950" startTime="2026-08-10T12:41:42.2984424+05:30" endTime="2026-08-10T12:41:45.8432375+05:30" testType="13cdc9d9-ddb5-4fa4-a97d-d965ccfc6d4b" outcome="Passed" testListId="8c84fa94-04c1-424b-9868-57a2d4851a1d" relativeResultsDirectory="881f4c49-c1d2-460e-9b9a-dd99df1207a8" />
    <UnitTestResult executionId="af857b74-b2f2-49f3-bb20-8d11015a57bc" testId="d97749c0-b6f8-06df-d8a7-504161d06932" testName="Handle_ExcludesDoctorsWithNoHospitalDepartmentAssignment" computerName="TASNOORI" duration="00:00:05.8355530" startTime="2026-08-10T12:58:48.9779681+05:30" endTime="2026-08-10T12:58:54.8135213+05:30" testType="13cdc9d9-ddb5-4fa4-a97d-d965ccfc6d4b" outcome="Passed" testListId="8c84fa94-04c1-424b-9868-57a2d4851a1d" relativeResultsDirectory="af857b74-b2f2-49f3-bb20-8d11015a57bc" />
    <UnitTestResult executionId="872e0026-3411-491a-bb70-d90f73358351" testId="21bbfb1e-3de7-5419-95d8-fa638b26a9d3" testName="Match_CandidateExactlyAtSlot_Matches" computerName="TASNOORI" duration="00:00:00.1277230" startTime="2026-08-10T13:01:51.1539295+05:30" endTime="2026-08-10T13:01:51.2816526+05:30" testType="13cdc9d9-ddb5-4fa4-a97d-d965ccfc6d4b" outcome="Passed" testListId="8c84fa94-04c1-424b-9868-57a2d4851a1d" relativeResultsDirectory="872e0026-3411-491a-bb70-d90f73358351" />
    <UnitTestResult executionId="d3eb65ef-e393-42b4-aead-6994a4956365" testId="181bed9a-f751-675b-4940-abeb4561f2da" testName="Handle_ExcludesCategory_WhenHospitalNotPubliclyListed" computerName="TASNOORI" duration="00:00:09.1480830" startTime="2026-08-10T13:00:26.3629431+05:30" endTime="2026-08-10T13:00:35.5110265+05:30" testType="13cdc9d9-ddb5-4fa4-a97d-d965ccfc6d4b" outcome="Passed" testListId="8c84fa94-04c1-424b-9868-57a2d4851a1d" relativeResultsDirectory="d3eb65ef-e393-42b4-aead-6994a4956365" />
    <UnitTestResult executionId="214caf7a-3f1e-43e0-941d-a7013b9f4fa0" testId="33861515-8c89-7c26-76ac-2e2a737d1f0b" testName="Handle_NewSettings_InsertsRecord" computerName="TASNOORI" duration="00:00:04.0704540" startTime="2026-08-10T12:41:34.1999347+05:30" endTime="2026-08-10T12:41:38.2703882+05:30" testType="13cdc9d9-ddb5-4fa4-a97d-d965ccfc6d4b" outcome="Passed" testListId="8c84fa94-04c1-424b-9868-57a2d4851a1d" relativeResultsDirectory="214caf7a-3f1e-43e0-941d-a7013b9f4fa0" />
    <UnitTestResult executionId="ed791848-a2e9-413d-b400-fab37eb851f5" testId="b706a1f5-edd2-44ec-5ead-1a315290ea02" testName="Handle_ValidUser_DeactivatesUserAndLocksAuth" computerName="TASNOORI" duration="00:00:06.6761580" startTime="2026-08-10T12:17:29.4064654+05:30" endTime="2026-08-10T12:17:36.0826240+05:30" testType="13cdc9d9-ddb5-4fa4-a97d-d965ccfc6d4b" outcome="Passed" testListId="8c84fa94-04c1-424b-9868-57a2d4851a1d" relativeResultsDirectory="ed791848-a2e9-413d-b400-fab37eb851f5" />
    <UnitTestResult executionId="aaf36847-663a-413a-9532-3b05572668fa" testId="c6682c43-3d4e-f7f2-4286-a1b5e1872b2f" testName="Handle_ValidUser_DeletesPictureSuccessfully" computerName="TASNOORI" duration="00:00:04.3605890" startTime="2026-08-10T12:19:41.8516021+05:30" endTime="2026-08-10T12:19:46.2121912+05:30" testType="13cdc9d9-ddb5-4fa4-a97d-d965ccfc6d4b" outcome="Passed" testListId="8c84fa94-04c1-424b-9868-57a2d4851a1d" relativeResultsDirectory="aaf36847-663a-413a-9532-3b05572668fa" />
    <UnitTestResult executionId="09fc2a95-d753-45f8-a2de-3c11c78a4fdc" testId="c6ce7fe4-d4f0-0331-6641-182e93bf4719" testName="Match_TiedDistance_LatestActedAtWins" computerName="TASNOORI" duration="00:00:00.0350790" startTime="2026-08-10T13:01:51.3180311+05:30" endTime="2026-08-10T13:01:51.3531091+05:30" testType="13cdc9d9-ddb5-4fa4-a97d-d965ccfc6d4b" outcome="Passed" testListId="8c84fa94-04c1-424b-9868-57a2d4851a1d" relativeResultsDirectory="09fc2a95-d753-45f8-a2de-3c11c78a4fdc" />
    <UnitTestResult executionId="7bd614b4-4175-4583-90a3-1e0bf355e2ac" testId="e5ad5608-f43f-8d2c-0b19-f877f98a1952" testName="Handle_ExistingPackageTypeId_UpdatesInPlace" computerName="TASNOORI" duration="00:00:03.2349150" startTime="2026-08-10T12:42:17.6642261+05:30" endTime="2026-08-10T12:42:20.8991416+05:30" testType="13cdc9d9-ddb5-4fa4-a97d-d965ccfc6d4b" outcome="Passed" testListId="8c84fa94-04c1-424b-9868-57a2d4851a1d" relativeResultsDirectory="7bd614b4-4175-4583-90a3-1e0bf355e2ac" />
    <UnitTestResult executionId="d9eb1452-1bdb-4a91-891e-4042f2a1c43f" testId="1a913e2c-5511-ff35-50cc-ad703f1a4f5f" testName="ComputeSlots_Bd_ReturnsTwoSlotsPerDayAtWardClockTimes" computerName="TASNOORI" duration="00:00:00.0161040" startTime="2026-08-10T13:01:51.0404229+05:30" endTime="2026-08-10T13:01:51.0565268+05:30" testType="13cdc9d9-ddb5-4fa4-a97d-d965ccfc6d4b" outcome="Passed" testListId="8c84fa94-04c1-424b-9868-57a2d4851a1d" relativeResultsDirectory="d9eb1452-1bdb-4a91-891e-4042f2a1c43f" />
    <UnitTestResult executionId="0bf01bd3-a89e-4d23-9d36-6a7fca4d340d" testId="19e64c5e-a634-ad3d-4ba4-811bf9d183d0" testName="Handle_UnknownDoctorId_ReturnsFailure" computerName="TASNOORI" duration="00:00:07.7982110" startTime="2026-08-10T12:30:00.4547704+05:30" endTime="2026-08-10T12:30:08.2529808+05:30" testType="13cdc9d9-ddb5-4fa4-a97d-d965ccfc6d4b" outcome="Passed" testListId="8c84fa94-04c1-424b-9868-57a2d4851a1d" relativeResultsDirectory="0bf01bd3-a89e-4d23-9d36-6a7fca4d340d" />
    <UnitTestResult executionId="746dfe3a-9f22-45f1-9afb-7e42b4161976" testId="ea91cfe3-47f8-215d-cc58-f51023864dbb" testName="ComputeSpo2Score_SeverelyLow_ReturnsThree" computerName="TASNOORI" duration="00:00:00.0017580" startTime="2026-08-10T12:47:03.2965530+05:30" endTime="2026-08-10T12:47:03.2983110+05:30" testType="13cdc9d9-ddb5-4fa4-a97d-d965ccfc6d4b" outcome="Passed" testListId="8c84fa94-04c1-424b-9868-57a2d4851a1d" relativeResultsDirectory="746dfe3a-9f22-45f1-9afb-7e42b4161976" />
    <UnitTestResult executionId="f9c8e9e4-996e-4811-b615-d26d1e33d290" testId="4db5e030-c0fb-44d6-c204-9ecadc9ceefe" testName="Handle_OtPlanSupplied_AutoFillsProcedureName" computerName="TASNOORI" duration="00:00:06.0178880" startTime="2026-08-10T12:14:34.2572972+05:30" endTime="2026-08-10T12:14:40.2751867+05:30" testType="13cdc9d9-ddb5-4fa4-a97d-d965ccfc6d4b" outcome="Passed" testListId="8c84fa94-04c1-424b-9868-57a2d4851a1d" relativeResultsDirectory="f9c8e9e4-996e-4811-b615-d26d1e33d290" />
    <UnitTestResult executionId="d719c6d8-2b30-449a-89a3-51c3bea46857" testId="036c511c-80d5-ae60-9b16-887ddc6cfe56" testName="ComputeTotal_MissingInputs_ContributeZeroNotBlocked" computerName="TASNOORI" duration="00:00:00.0020650" startTime="2026-08-10T13:02:39.8983505+05:30" endTime="2026-08-10T13:02:39.9004167+05:30" testType="13cdc9d9-ddb5-4fa4-a97d-d965ccfc6d4b" outcome="Passed" testListId="8c84fa94-04c1-424b-9868-57a2d4851a1d" relativeResultsDirectory="d719c6d8-2b30-449a-89a3-51c3bea46857" />
    <UnitTestResult executionId="bc2108fc-bbaf-43c4-b490-2b5ada8ac41b" testId="a04a9acd-7bba-7c69-bc9e-63cc747e3835" testName="Handle_DoctorNotInHospital_ReturnsFailure" computerName="TASNOORI" duration="00:00:11.6443470" startTime="2026-08-10T12:11:09.3344472+05:30" endTime="2026-08-10T12:11:20.9787978+05:30" testType="13cdc9d9-ddb5-4fa4-a97d-d965ccfc6d4b" outcome="Passed" testListId="8c84fa94-04c1-424b-9868-57a2d4851a1d" relativeResultsDirectory="bc2108fc-bbaf-43c4-b490-2b5ada8ac41b" />
    <UnitTestResult executionId="791ec68a-a812-4fea-8c38-85bf237db1ba" testId="0d030f15-1fd1-1d5a-219e-102a91454aae" testName="Handle_ExcludesDoctorsFromInactiveHospital" computerName="TASNOORI" duration="00:00:05.9460030" startTime="2026-08-10T12:58:23.7453375+05:30" endTime="2026-08-10T12:58:29.6913415+05:30" testType="13cdc9d9-ddb5-4fa4-a97d-d965ccfc6d4b" outcome="Passed" testListId="8c84fa94-04c1-424b-9868-57a2d4851a1d" relativeResultsDirectory="791ec68a-a812-4fea-8c38-85bf237db1ba" />
    <UnitTestResult executionId="2fee92ea-abf2-44dd-8789-9e095593b0a5" testId="0fa42296-b861-f5f5-5a8e-a0a2d1f51864" testName="Handle_ReleaseNotFound_ReturnsFailure" computerName="TASNOORI" duration="00:00:05.0800550" startTime="2026-08-10T12:27:31.9157833+05:30" endTime="2026-08-10T12:27:36.9958387+05:30" testType="13cdc9d9-ddb5-4fa4-a97d-d965ccfc6d4b" outcome="Passed" testListId="8c84fa94-04c1-424b-9868-57a2d4851a1d" relativeResultsDirectory="2fee92ea-abf2-44dd-8789-9e095593b0a5" />
    <UnitTestResult executionId="5e75aed6-a51a-45b8-baa3-929b30d21639" testId="efb8146f-dd85-2ad5-6b69-4cb028cd1ad2" testName="Handle_UnfinalizedInvoice_StillDischarges_ButFlagsIt" computerName="TASNOORI" duration="00:00:05.9174080" startTime="2026-08-10T12:21:09.1632229+05:30" endTime="2026-08-10T12:21:15.0806319+05:30" testType="13cdc9d9-ddb5-4fa4-a97d-d965ccfc6d4b" outcome="Passed" testListId="8c84fa94-04c1-424b-9868-57a2d4851a1d" relativeResultsDirectory="5e75aed6-a51a-45b8-baa3-929b30d21639" />
    <UnitTestResult executionId="bf55d9a3-f3b5-4a96-8a98-bcce923a728f" testId="0c36186c-36f8-f3bd-83b7-fe5cad2012e5" testName="ComputeConsciousnessScore_NotAlert_ReturnsThree" computerName="TASNOORI" duration="00:00:00.0006810" startTime="2026-08-10T12:47:03.2449945+05:30" endTime="2026-08-10T12:47:03.2456764+05:30" testType="13cdc9d9-ddb5-4fa4-a97d-d965ccfc6d4b" outcome="Passed" testListId="8c84fa94-04c1-424b-9868-57a2d4851a1d" relativeResultsDirectory="bf55d9a3-f3b5-4a96-8a98-bcce923a728f" />
    <UnitTestResult executionId="aba4d229-40ae-42cc-b230-d7c8195a75bb" testId="9dd3f7d7-a2bc-5856-0210-df2e1fecfea8" testName="Handle_UnknownToken_ReturnsFailure" computerName="TASNOORI" duration="00:00:02.8419819" startTime="2026-08-10T12:57:21.6722270+05:30" endTime="2026-08-10T12:57:24.5142087+05:30" testType="13cdc9d9-ddb5-4fa4-a97d-d965ccfc6d4b" outcome="Passed" testListId="8c84fa94-04c1-424b-9868-57a2d4851a1d" relativeResultsDirectory="aba4d229-40ae-42cc-b230-d7c8195a75bb" />
    <UnitTestResult executionId="f74a04ff-be84-438c-82df-e6b202f54c0d" testId="ecc74220-87d9-c556-d5c1-8795b46f7e04" testName="ComputeCardiovascularScore_NoVasopressorsNormalMap_ReturnsZero" computerName="TASNOORI" duration="00:00:00.0013820" startTime="2026-08-10T13:02:39.8294206+05:30" endTime="2026-08-10T13:02:39.8308041+05:30" testType="13cdc9d9-ddb5-4fa4-a97d-d965ccfc6d4b" outcome="Passed" testListId="8c84fa94-04c1-424b-9868-57a2d4851a1d" relativeResultsDirectory="f74a04ff-be84-438c-82df-e6b202f54c0d" />
    <UnitTestResult executionId="aae8a79a-3296-4825-8ce1-fe1d88d1ef30" testId="4c50c6be-4f47-d525-c26e-bad8c73b756c" testName="Handle_ReturnsPdfUrl" computerName="TASNOORI" duration="00:00:02.9000339" startTime="2026-08-10T12:55:21.8450705+05:30" endTime="2026-08-10T12:55:24.7451040+05:30" testType="13cdc9d9-ddb5-4fa4-a97d-d965ccfc6d4b" outcome="Passed" testListId="8c84fa94-04c1-424b-9868-57a2d4851a1d" relativeResultsDirectory="aae8a79a-3296-4825-8ce1-fe1d88d1ef30" />
    <UnitTestResult executionId="c78b8a42-8841-4944-9424-d1fe541b4e3c" testId="4bff5c38-20fa-9522-3f78-f210e8f95756" testName="Handle_MarketingConsentNotSet_LeavesExistingConsentTrue_Untouched" computerName="TASNOORI" duration="00:00:08.6238569" startTime="2026-08-10T12:29:27.6690128+05:30" endTime="2026-08-10T12:29:36.2928692+05:30" testType="13cdc9d9-ddb5-4fa4-a97d-d965ccfc6d4b" outcome="Passed" testListId="8c84fa94-04c1-424b-9868-57a2d4851a1d" relativeResultsDirectory="c78b8a42-8841-4944-9424-d1fe541b4e3c" />
    <UnitTestResult executionId="986260d5-a728-43a3-a2f7-0daf2cce5e89" testId="4eb466c3-1e4f-0744-9ecd-ee8c737f1611" testName="Handle_NullMedications_PreservesLegacyTextAndLeavesRowsUntouched" computerName="TASNOORI" duration="00:00:05.1888280" startTime="2026-08-10T12:21:35.2644797+05:30" endTime="2026-08-10T12:21:40.4533076+05:30" testType="13cdc9d9-ddb5-4fa4-a97d-d965ccfc6d4b" outcome="Passed" testListId="8c84fa94-04c1-424b-9868-57a2d4851a1d" relativeResultsDirectory="986260d5-a728-43a3-a2f7-0daf2cce5e89" />
    <UnitTestResult executionId="da0be017-009f-41d9-a008-8ad4235cb3f0" testId="b8e1eef2-131d-8592-a368-537ddef100fa" testName="Handle_ValidUpdate_UpdatesGeolocation" computerName="TASNOORI" duration="00:00:03.8871990" startTime="2026-08-10T12:25:32.5855650+05:30" endTime="2026-08-10T12:25:36.4727644+05:30" testType="13cdc9d9-ddb5-4fa4-a97d-d965ccfc6d4b" outcome="Passed" testListId="8c84fa94-04c1-424b-9868-57a2d4851a1d" relativeResultsDirectory="da0be017-009f-41d9-a008-8ad4235cb3f0" />
    <UnitTestResult executionId="0b078981-31f6-4d36-8031-8951eb00afbc" testId="71909572-44e0-bd4e-8be5-75d6ad0a7afd" testName="Handle_ValidReferralCode_SnapshotsRewardOnTrialSubscription" computerName="TASNOORI" duration="00:00:07.5980320" startTime="2026-08-10T12:25:14.8766421+05:30" endTime="2026-08-10T12:25:22.4746733+05:30" testType="13cdc9d9-ddb5-4fa4-a97d-d965ccfc6d4b" outcome="Passed" testListId="8c84fa94-04c1-424b-9868-57a2d4851a1d" relativeResultsDirectory="0b078981-31f6-4d36-8031-8951eb00afbc" />
    <UnitTestResult executionId="f97fc5d6-fff0-4a3a-b70e-f2a6f5149b6c" testId="a0f5417e-7a29-4837-0986-398d06e91e59" testName="Handle_ReturnsAttachments" computerName="TASNOORI" duration="00:00:06.6591630" startTime="2026-08-10T12:55:43.7400891+05:30" endTime="2026-08-10T12:55:50.3992527+05:30" testType="13cdc9d9-ddb5-4fa4-a97d-d965ccfc6d4b" outcome="Passed" testListId="8c84fa94-04c1-424b-9868-57a2d4851a1d" relativeResultsDirectory="f97fc5d6-fff0-4a3a-b70e-f2a6f5149b6c" />
    <UnitTestResult executionId="4313d0ee-e807-43fc-8d44-0c1a6d433ffe" testId="7bcab9c1-6d26-6760-a7d3-0c5a68c42192" testName="Resolve_PharmacyIpd_Exempt" computerName="TASNOORI" duration="00:00:00.0022759" startTime="2026-08-10T13:01:34.5743378+05:30" endTime="2026-08-10T13:01:34.5766171+05:30" testType="13cdc9d9-ddb5-4fa4-a97d-d965ccfc6d4b" outcome="Passed" testListId="8c84fa94-04c1-424b-9868-57a2d4851a1d" relativeResultsDirectory="4313d0ee-e807-43fc-8d44-0c1a6d433ffe" />
    <UnitTestResult executionId="4b36a255-460e-4f1d-b380-e2ac1d1323f9" testId="7817af49-1fec-e6bf-10d1-396cfa4280dd" testName="Handle_AlreadyHasCode_ReturnsExistingCode_DoesNotChangeIt" computerName="TASNOORI" duration="00:00:06.1415340" startTime="2026-08-10T12:24:02.6617489+05:30" endTime="2026-08-10T12:24:08.8032835+05:30" testType="13cdc9d9-ddb5-4fa4-a97d-d965ccfc6d4b" outcome="Passed" testListId="8c84fa94-04c1-424b-9868-57a2d4851a1d" relativeResultsDirectory="4b36a255-460e-4f1d-b380-e2ac1d1323f9" />
    <UnitTestResult executionId="4cc53c44-2be3-448e-9873-5352685cf3a7" testId="338dc813-bd82-b573-7a35-395b517b8e10" testName="Handle_HospitalSpecificRowExists_ReturnsIt" computerName="TASNOORI" duration="00:00:04.1376310" startTime="2026-08-10T12:50:01.2024321+05:30" endTime="2026-08-10T12:50:05.3400635+05:30" testType="13cdc9d9-ddb5-4fa4-a97d-d965ccfc6d4b" outcome="Passed" testListId="8c84fa94-04c1-424b-9868-57a2d4851a1d" relativeResultsDirectory="4cc53c44-2be3-448e-9873-5352685cf3a7" />
    <UnitTestResult executionId="831db758-3754-4e50-829a-256a458e2ecd" testId="6ffa6ac0-06e3-6f92-4fd1-52cdb7a14458" testName="ComputeOverlapDays_SpanFullyBeforeRange_ReturnsZero" computerName="TASNOORI" duration="00:00:00.0014030" startTime="2026-08-10T12:45:19.5467859+05:30" endTime="2026-08-10T12:45:19.5481884+05:30" testType="13cdc9d9-ddb5-4fa4-a97d-d965ccfc6d4b" outcome="Passed" testListId="8c84fa94-04c1-424b-9868-57a2d4851a1d" relativeResultsDirectory="831db758-3754-4e50-829a-256a458e2ecd" />
[...]
    <TestEntry testId="47de21bb-d2d9-058c-8e11-40fd5044da19" executionId="e595b239-19e8-44df-bf7b-c6b4dd1e9a92" testListId="8c84fa94-04c1-424b-9868-57a2d4851a1d" />
    <TestEntry testId="7f64b96b-11ae-e40d-3227-523967940dd5" executionId="42e2f28d-53b2-435e-8bb5-edf0e3e023d4" testListId="8c84fa94-04c1-424b-9868-57a2d4851a1d" />
    <TestEntry testId="c3ba7e73-59f2-65c3-4948-16eea4d7b3d6" executionId="44f68cef-14bf-410b-ba79-c1e079b3ffda" testListId="8c84fa94-04c1-424b-9868-57a2d4851a1d" />
    <TestEntry testId="72e3145c-4ea1-d1a7-64e1-28f713cddac2" executionId="799e512a-eb79-4ae3-bff3-b551e12029e3" testListId="8c84fa94-04c1-424b-9868-57a2d4851a1d" />
    <TestEntry testId="d71b89ba-42a4-fd1e-3c59-df1efa14fb75" executionId="1eeff724-310d-4993-9c7b-90ea1f2331d5" testListId="8c84fa94-04c1-424b-9868-57a2d4851a1d" />
    <TestEntry testId="a62dad6c-c397-bfb0-c5b7-4de22125e930" executionId="1f58bbc6-5091-4d0d-a1a4-41db3389e3e2" testListId="8c84fa94-04c1-424b-9868-57a2d4851a1d" />
    <TestEntry testId="027e71f9-8514-e3f3-dbe1-8c0b2019646f" executionId="eb9cb9ba-ac6b-4f42-91f6-6ee392658379" testListId="8c84fa94-04c1-424b-9868-57a2d4851a1d" />
    <TestEntry testId="7b48de88-aea4-118d-3bcc-09b7b4cc5039" executionId="765856c4-b5f4-4271-9851-914039fb9d96" testListId="8c84fa94-04c1-424b-9868-57a2d4851a1d" />
    <TestEntry testId="e8789788-d062-7bcb-8ca7-f4bbe3703bf0" executionId="90bffaf0-9926-4b78-a191-a85c42948e6f" testListId="8c84fa94-04c1-424b-9868-57a2d4851a1d" />
    <TestEntry testId="d8cdfede-01cb-7739-668c-089bbbeda9a7" executionId="ec09419f-e80b-4d93-b547-a0910827c7cf" testListId="8c84fa94-04c1-424b-9868-57a2d4851a1d" />
    <TestEntry testId="fae3e5b1-3471-b55c-201c-61cba1fe0533" executionId="df068751-624e-43a7-9a76-7e8f394343a0" testListId="8c84fa94-04c1-424b-9868-57a2d4851a1d" />
    <TestEntry testId="8c1155ad-4343-9dd1-ae6d-966d43220ef5" executionId="4f23cc4d-b1b2-4c55-be2a-8568c8882e1a" testListId="8c84fa94-04c1-424b-9868-57a2d4851a1d" />
    <TestEntry testId="8e2fe845-629a-a7c8-ff56-94450b3bd2c1" executionId="096f5273-e4f0-4902-b54c-72068cfe4dab" testListId="8c84fa94-04c1-424b-9868-57a2d4851a1d" />
    <TestEntry testId="794c1e72-42f1-5286-06ff-938579b77fa7" executionId="59e6ece0-2200-4e11-a033-79f5a619e32a" testListId="8c84fa94-04c1-424b-9868-57a2d4851a1d" />
    <TestEntry testId="d5901e4a-8aee-a7fa-2bea-7b3dea27901a" executionId="e44f9a78-118e-4068-acae-7bdf9159b7ba" testListId="8c84fa94-04c1-424b-9868-57a2d4851a1d" />
    <TestEntry testId="2cf02ceb-d519-d9b8-fed7-3dda1691d3fa" executionId="21e1e513-43be-474d-8f66-e04dd6b94fb0" testListId="8c84fa94-04c1-424b-9868-57a2d4851a1d" />
    <TestEntry testId="5962e9cf-b449-71c5-053c-ba29de44fa57" executionId="bd5dcc36-d20d-4d5b-9a39-ff540448210c" testListId="8c84fa94-04c1-424b-9868-57a2d4851a1d" />
    <TestEntry testId="93e97ad6-bfc4-378d-49eb-6e13e1504485" executionId="fee6abcd-8ae8-4217-be79-726100f46574" testListId="8c84fa94-04c1-424b-9868-57a2d4851a1d" />
    <TestEntry testId="c653f54b-a0d3-a50d-b5f0-a63439ecc399" executionId="d21d033d-4232-426a-94db-97cede98c1db" testListId="8c84fa94-04c1-424b-9868-57a2d4851a1d" />
    <TestEntry testId="6c0e4753-97aa-375d-ef52-9757d3fc329c" executionId="d16c051b-d377-4441-9f51-d78955ce4f99" testListId="8c84fa94-04c1-424b-9868-57a2d4851a1d" />
    <TestEntry testId="91109a3b-3ead-317f-51df-d44e1b6a522b" executionId="3447854a-8e59-4571-9446-79dd9793fc8e" testListId="8c84fa94-04c1-424b-9868-57a2d4851a1d" />
    <TestEntry testId="5e848489-626d-2239-1cbe-a4af920af76c" executionId="0ddb0233-686d-4559-bdb8-62ad9ec2dfe8" testListId="8c84fa94-04c1-424b-9868-57a2d4851a1d" />
    <TestEntry testId="abaa323a-e7a3-2a1d-18c3-7e58b6baecbc" executionId="b75d23e1-7cc4-4b1e-8a4b-c8457a5871b5" testListId="8c84fa94-04c1-424b-9868-57a2d4851a1d" />
    <TestEntry testId="ff469f34-5902-b9ff-d437-f18a59a5c8ac" executionId="d40d2ab5-8aa4-4726-9ce2-afe0b0d8c757" testListId="8c84fa94-04c1-424b-9868-57a2d4851a1d" />
    <TestEntry testId="ebc5c2ff-3972-2af3-328e-5730aac953cb" executionId="3edfc600-5496-4297-bc92-de3a44153e7b" testListId="8c84fa94-04c1-424b-9868-57a2d4851a1d" />
    <TestEntry testId="87dfe139-585c-4608-91f5-acdfbf08198d" executionId="ff29c580-5fa1-411a-978f-5b9048e90a0a" testListId="8c84fa94-04c1-424b-9868-57a2d4851a1d" />
    <TestEntry testId="5b247540-f931-0b43-bf06-c82ac6392e38" executionId="7c5e9a1a-a571-43b1-99c1-054f808ce466" testListId="8c84fa94-04c1-424b-9868-57a2d4851a1d" />
    <TestEntry testId="ea30df35-b0fa-f0c0-0ae7-aac224ada89f" executionId="8ddf3bae-70e6-40c9-b78d-7d934912f979" testListId="8c84fa94-04c1-424b-9868-57a2d4851a1d" />
    <TestEntry testId="edc60e2d-982c-a3bf-9d64-e7008a76ac08" executionId="501cf745-262e-4b74-affa-5bf22abb4cca" testListId="8c84fa94-04c1-424b-9868-57a2d4851a1d" />
    <TestEntry testId="d0bcecc3-9dbb-2ec3-659f-ba66f9e85381" executionId="2df01a67-0560-49a1-b909-2aa2a99de827" testListId="8c84fa94-04c1-424b-9868-57a2d4851a1d" />
    <TestEntry testId="32f26af2-0005-9f9a-6d54-f04f93ff169f" executionId="f74dc7bd-b1a3-44b7-9360-9c32acf52f45" testListId="8c84fa94-04c1-424b-9868-57a2d4851a1d" />
    <TestEntry testId="ac97045b-eef5-b72a-369e-7f0e4275bee3" executionId="f1d26c34-3cdd-4922-81b2-60ad17efbd31" testListId="8c84fa94-04c1-424b-9868-57a2d4851a1d" />
    <TestEntry testId="7365dfad-7e5f-2e1b-5b31-c9fed30361aa" executionId="2f417153-6515-4a56-b465-ecaa842b1626" testListId="8c84fa94-04c1-424b-9868-57a2d4851a1d" />
    <TestEntry testId="46dbcea5-ad36-8433-43ee-84e03076d2de" executionId="e6e52a95-f6e2-47a7-8cbf-cf71599efefb" testListId="8c84fa94-04c1-424b-9868-57a2d4851a1d" />
    <TestEntry testId="801e69e9-b94e-0f4d-7f1a-a4b43948a455" executionId="24903f9e-a1f0-46b6-a3a4-ad15db2be8b9" testListId="8c84fa94-04c1-424b-9868-57a2d4851a1d" />
    <TestEntry testId="78492cbd-35a3-ee64-bf7e-2cce7e19657b" executionId="106783a8-fced-47c8-8c60-e2d33e33615c" testListId="8c84fa94-04c1-424b-9868-57a2d4851a1d" />
    <TestEntry testId="135e7e14-3297-914c-d0a8-51ad112fcf60" executionId="c03f904d-6a2a-4bd6-99a5-a188630dabc6" testListId="8c84fa94-04c1-424b-9868-57a2d4851a1d" />
    <TestEntry testId="7a984e68-81b4-8175-31d1-f6f771cba590" executionId="33011d42-13e0-442e-9c2f-f15eef958fea" testListId="8c84fa94-04c1-424b-9868-57a2d4851a1d" />
    <TestEntry testId="9fa45809-b148-8576-ca37-a6f99ef4fefc" executionId="3b97edfd-df44-4e93-a41b-114dd86dc9f1" testListId="8c84fa94-04c1-424b-9868-57a2d4851a1d" />
    <TestEntry testId="b3c702e6-aa5f-0e90-2960-df28347166f0" executionId="7fe4668d-39bf-455b-9191-d48ff22f3860" testListId="8c84fa94-04c1-424b-9868-57a2d4851a1d" />
    <TestEntry testId="c3f0693d-dfa5-caca-c013-3cd1b44587ba" executionId="90817ed4-a0ee-4c24-9f97-85f18be76d63" testListId="8c84fa94-04c1-424b-9868-57a2d4851a1d" />
    <TestEntry testId="8ef51919-41e4-0e59-00a6-6a8f2a59b6c9" executionId="c996a91c-97cb-4060-baa7-ac587df9ebbd" testListId="8c84fa94-04c1-424b-9868-57a2d4851a1d" />
    <TestEntry testId="b7d7a6a8-81ec-bfc7-1574-3ef76fea150f" executionId="16f83a18-83c8-402c-8900-146fd5dff27d" testListId="8c84fa94-04c1-424b-9868-57a2d4851a1d" />
    <TestEntry testId="10cac10a-4372-afbd-2acd-ab8cc99cdea0" executionId="991c0dc7-1f30-471c-8c5d-ae1a69bb57a3" testListId="8c84fa94-04c1-424b-9868-57a2d4851a1d" />
    <TestEntry testId="e0255649-f106-ee41-22b4-8b59ece0e871" executionId="626aa867-571a-461f-9031-a003fdf8c6aa" testListId="8c84fa94-04c1-424b-9868-57a2d4851a1d" />
    <TestEntry testId="07a4e82b-bc88-7902-ec70-3bc03f399bc3" executionId="b896b72f-8ce8-4b44-9c80-ca456082abee" testListId="8c84fa94-04c1-424b-9868-57a2d4851a1d" />
    <TestEntry testId="d1f3747c-5eca-0c4a-aa49-6dab5734bd8b" executionId="f9ce6274-24a2-4f7e-a4c6-89a95b66f8da" testListId="8c84fa94-04c1-424b-9868-57a2d4851a1d" />
    <TestEntry testId="ff5971e0-f35e-b399-e469-8891283abcc2" executionId="2f9acc62-e6de-4022-9f66-44e2818d0632" testListId="8c84fa94-04c1-424b-9868-57a2d4851a1d" />
    <TestEntry testId="f22a5d20-89cb-4f6e-2e61-d2d4c456ebff" executionId="e8395f67-3a2e-4acc-8b6d-2df6970fe02d" testListId="8c84fa94-04c1-424b-9868-57a2d4851a1d" />
    <TestEntry testId="90db6bd5-20a4-40fe-78f3-5daaff917f0e" executionId="232a58e6-656a-40e9-8441-284d86a46cfd" testListId="8c84fa94-04c1-424b-9868-57a2d4851a1d" />
    <TestEntry testId="2ef35ef1-d5cf-0e8a-bb61-f38a2c1f358d" executionId="bb0bad48-2df9-428d-8b52-2fd09122b731" testListId="8c84fa94-04c1-424b-9868-57a2d4851a1d" />
    <TestEntry testId="dfeadfcc-d335-58a2-4fe6-4cc30cd1d50e" executionId="2dc51bb5-e3ae-425f-85c1-131b7c7e3823" testListId="8c84fa94-04c1-424b-9868-57a2d4851a1d" />
    <TestEntry testId="993fe58d-a7ac-aef5-2333-c6f88c0ad855" executionId="b553e1f3-ccd4-4c65-bef8-7286f0459118" testListId="8c84fa94-04c1-424b-9868-57a2d4851a1d" />
    <TestEntry testId="31612edc-1b0f-02a1-578a-3ad30c20565a" executionId="df237678-4028-4034-81da-e18189a10caf" testListId="8c84fa94-04c1-424b-9868-57a2d4851a1d" />
    <TestEntry testId="deea8e4d-0e49-742f-0d23-7df0e2c0fe62" executionId="b8f18cf9-fa32-4fdd-b80e-d0ee363d9b95" testListId="8c84fa94-04c1-424b-9868-57a2d4851a1d" />
    <TestEntry testId="9c556f79-8d44-806e-c9b4-3b14d3179995" executionId="c149f1c7-fdf7-4570-857f-088ba48ac416" testListId="8c84fa94-04c1-424b-9868-57a2d4851a1d" />
    <TestEntry testId="fee49d3c-75ce-239d-1ef5-cac9ea1cfdb7" executionId="b71bd8cf-0833-412a-a864-c9854df64b1e" testListId="8c84fa94-04c1-424b-9868-57a2d4851a1d" />
    <TestEntry testId="dcd5f237-9590-5d25-a215-3b62b0372abc" executionId="78f38039-c16f-44b9-8651-6bcbab937e12" testListId="8c84fa94-04c1-424b-9868-57a2d4851a1d" />
    <TestEntry testId="58a72e1d-658d-9fa1-aa6f-cda43cebeff2" executionId="d94da5e5-7581-4f17-9aa8-63172260c934" testListId="8c84fa94-04c1-424b-9868-57a2d4851a1d" />
    <TestEntry testId="fb2a1b89-2995-8121-5550-ab3f2fd03cbf" executionId="5a5f9b96-ea54-4efc-9aa3-34e103f9c3cd" testListId="8c84fa94-04c1-424b-9868-57a2d4851a1d" />
    <TestEntry testId="157ae660-a297-96ff-e63b-5b2ac90d8d9a" executionId="8cdf9fc3-2d78-4756-ba8c-3d9185d844ef" testListId="8c84fa94-04c1-424b-9868-57a2d4851a1d" />
    <TestEntry testId="09fb10cd-9a7c-ee27-460a-5441ecb5bde8" executionId="105aa411-0881-45c8-a2b1-0bf54ed1a59e" testListId="8c84fa94-04c1-424b-9868-57a2d4851a1d" />
    <TestEntry testId="4dd0b092-bf5a-6094-2e01-2d646b311156" executionId="d2e5ef89-099f-4c7f-9376-08f1a7526ac9" testListId="8c84fa94-04c1-424b-9868-57a2d4851a1d" />
    <TestEntry testId="8baa8a84-f7e4-363c-e3cb-af145b587551" executionId="922bf572-62c6-40fd-b7ba-e47fd10a44cf" testListId="8c84fa94-04c1-424b-9868-57a2d4851a1d" />
    <TestEntry testId="3c97ade7-9c24-196d-7cc8-9299cb95757d" executionId="e83c71df-e7bc-480a-9e7a-dc33a94eafbb" testListId="8c84fa94-04c1-424b-9868-57a2d4851a1d" />
    <TestEntry testId="27ff7b48-1381-0d7a-0bd1-5361a81958af" executionId="d1627e81-932e-45d2-92d6-45bd3231a3c4" testListId="8c84fa94-04c1-424b-9868-57a2d4851a1d" />
    <TestEntry testId="6f51eb25-d8b0-54db-4f93-481fdbb24eee" executionId="43c96dd4-c3da-42a6-a99e-ff0a7c8b7e54" testListId="8c84fa94-04c1-424b-9868-57a2d4851a1d" />
    <TestEntry testId="75457597-f459-570c-4bd5-ae4917bac806" executionId="73b4da33-4096-4752-9cc8-e2dc0ac92d19" testListId="8c84fa94-04c1-424b-9868-57a2d4851a1d" />
    <TestEntry testId="372e63e1-da0a-9b1a-7b1e-d44eb4f08df3" executionId="b3849607-15cc-465b-be44-f2967902d26e" testListId="8c84fa94-04c1-424b-9868-57a2d4851a1d" />
    <TestEntry testId="b28f6e12-7b06-8d74-9b8d-4cb2c2b53e09" executionId="46ca1a25-39c3-42fa-8d63-44cac2142e20" testListId="8c84fa94-04c1-424b-9868-57a2d4851a1d" />
    <TestEntry testId="75cf22a4-0426-dcd9-3084-6e32c6701228" executionId="88252d7b-c0b8-4f3c-b841-5e599611bbfb" testListId="8c84fa94-04c1-424b-9868-57a2d4851a1d" />
    <TestEntry testId="70911cba-16b4-efef-92e8-96db1a4a86d0" executionId="76fa8a01-393a-480a-b7cf-e54853970495" testListId="8c84fa94-04c1-424b-9868-57a2d4851a1d" />
    <TestEntry testId="4372c4c9-45f4-4d8a-a7dd-ecbed394cb02" executionId="ef38b5f1-5a9e-4825-a4e1-245068d2e332" testListId="8c84fa94-04c1-424b-9868-57a2d4851a1d" />
    <TestEntry testId="16ea2c5a-1d79-b401-6483-e16b40a611ef" executionId="16f15fae-4332-4a11-a65e-e73f7a99547a" testListId="8c84fa94-04c1-424b-9868-57a2d4851a1d" />
    <TestEntry testId="4b49ecf4-6248-db58-feb3-2853f10a3219" executionId="404904df-e4b7-451e-ad50-9d5d44fd7391" testListId="8c84fa94-04c1-424b-9868-57a2d4851a1d" />
    <TestEntry testId="e90ce1ba-0bc8-6b16-ef97-900938447fe4" executionId="81656979-22f9-4569-b3b4-ee3b9c362862" testListId="8c84fa94-04c1-424b-9868-57a2d4851a1d" />
    <TestEntry testId="2e493a4c-6310-6f74-1b31-f32ba92d12a8" executionId="eb5f1fdf-6fc3-4c28-88b9-aba02d404e62" testListId="8c84fa94-04c1-424b-9868-57a2d4851a1d" />
    <TestEntry testId="062a688c-4fde-27de-d870-b728fe6c388a" executionId="2b021a1a-fc6b-492c-a27f-ee9b82c89187" testListId="8c84fa94-04c1-424b-9868-57a2d4851a1d" />
    <TestEntry testId="ad8b30a8-effa-598c-4e8f-5c7b0e8831ef" executionId="c87094f8-8f05-48a5-ac78-1a20a7c18e98" testListId="8c84fa94-04c1-424b-9868-57a2d4851a1d" />
    <TestEntry testId="7f64a79e-2c24-3726-b9be-e593fd493bcc" executionId="3672e94f-8d4b-4ef6-b21f-186de2228b6c" testListId="8c84fa94-04c1-424b-9868-57a2d4851a1d" />
    <TestEntry testId="2036e61e-26ac-2229-67c0-4af9cc1ac87b" executionId="c60c96de-e5d4-44e7-a415-4dfb4b361e1f" testListId="8c84fa94-04c1-424b-9868-57a2d4851a1d" />
    <TestEntry testId="75f3555a-6e91-c412-8d90-ecfc2512c75a" executionId="31d853bd-4a64-4309-8f2f-47f69c3ccf81" testListId="8c84fa94-04c1-424b-9868-57a2d4851a1d" />
    <TestEntry testId="18ebb823-3562-ee94-3fa8-3b5c2847f5fa" executionId="6eb0b42e-6eb3-4ff5-bafa-03e02d2c6131" testListId="8c84fa94-04c1-424b-9868-57a2d4851a1d" />
    <TestEntry testId="63ea0160-59e8-4ba6-c3a6-9bc5313aefcd" executionId="5da603d4-673f-4f63-8877-7d02d6e68cd0" testListId="8c84fa94-04c1-424b-9868-57a2d4851a1d" />
    <TestEntry testId="eb4b7156-6815-ead6-40e9-01147610a0f3" executionId="b0c2567d-9466-44c9-bcab-6521ae679b96" testListId="8c84fa94-04c1-424b-9868-57a2d4851a1d" />
    <TestEntry testId="9d11fb06-30ac-d3a0-ce87-4d4edae4d817" executionId="22617513-721c-4878-90ea-e856603daf3a" testListId="8c84fa94-04c1-424b-9868-57a2d4851a1d" />
    <TestEntry testId="a5ccd618-3a5e-38bc-9afc-69889ce2e136" executionId="f3988158-4d05-4035-847d-0499a1f1c015" testListId="8c84fa94-04c1-424b-9868-57a2d4851a1d" />
    <TestEntry testId="4acf9d14-d095-6d4a-1506-8f6e7e682136" executionId="2cfbc1a5-da58-49c9-9c82-ff1f28eec700" testListId="8c84fa94-04c1-424b-9868-57a2d4851a1d" />
    <TestEntry testId="ec2bb5ce-8ba6-da2f-68fc-027eb9686dc6" executionId="4adb650e-2f4e-4ea6-9d31-5d2eba407eb5" testListId="8c84fa94-04c1-424b-9868-57a2d4851a1d" />
    <TestEntry testId="a2d2c65d-7250-413a-fe71-64abf3c6a5f9" executionId="1077b3e6-b2ec-430c-a811-17ea082001a0" testListId="8c84fa94-04c1-424b-9868-57a2d4851a1d" />
    <TestEntry testId="2c9efc9d-1cd1-14eb-15a4-f4ddfd6b98e3" executionId="342004c3-f2ff-4c09-b366-405166e59a49" testListId="8c84fa94-04c1-424b-9868-57a2d4851a1d" />
    <TestEntry testId="e531e068-09da-154c-68e6-aeda1487cb32" executionId="4af1658a-d782-477f-a702-40dd7b3e23fa" testListId="8c84fa94-04c1-424b-9868-57a2d4851a1d" />
    <TestEntry testId="6f1c9bac-3344-687c-d49a-8016924ba8da" executionId="cdecfc0f-4d21-49e9-a6e0-d588a9b59231" testListId="8c84fa94-04c1-424b-9868-57a2d4851a1d" />
    <TestEntry testId="120de174-1a36-b490-9f3c-95245662193a" executionId="31fc2fde-f9ec-4bac-993c-f9eb8deea51f" testListId="8c84fa94-04c1-424b-9868-57a2d4851a1d" />
    <TestEntry testId="e413a385-1d99-4758-0c15-9d37d2a71826" executionId="1c79e1cd-3179-4310-ac45-8a7f3fe12a5f" testListId="8c84fa94-04c1-424b-9868-57a2d4851a1d" />
    <TestEntry testId="48b8bf4a-bbf3-bc64-4827-2feb132acc1c" executionId="3fda4bab-2c5e-4dc0-94aa-4e293be58948" testListId="8c84fa94-04c1-424b-9868-57a2d4851a1d" />
    <TestEntry testId="5c5c0142-804a-fe1d-4b1f-c99b229e4491" executionId="a8bd64c0-c323-491b-90fc-c83afe42f410" testListId="8c84fa94-04c1-424b-9868-57a2d4851a1d" />
    <TestEntry testId="68f80643-e924-6bec-f377-6e38c3f8e61a" executionId="69ef6bae-5a68-4254-b9ef-03f4bdc6be4a" testListId="8c84fa94-04c1-424b-9868-57a2d4851a1d" />
    <TestEntry testId="2059eacc-19c1-6522-b721-3ece1eac747b" executionId="a9d7efcf-bd9e-4b23-8418-6b9fd06a0b56" testListId="8c84fa94-04c1-424b-9868-57a2d4851a1d" />
    <TestEntry testId="b94009ad-b2d6-d312-3130-797e3b73ee0f" executionId="213d99a3-36bc-49a5-95e7-f6fc78a4970b" testListId="8c84fa94-04c1-424b-9868-57a2d4851a1d" />
    <TestEntry testId="bf937fef-1f4f-4fc0-6493-52711429797f" executionId="4beeacd6-0b46-4c67-b471-038cce5adc89" testListId="8c84fa94-04c1-424b-9868-57a2d4851a1d" />
    <TestEntry testId="60e2dc9f-c7f1-d051-6e02-0f369f93a959" executionId="f44b3579-787f-4ae6-8d05-868f30e899dd" testListId="8c84fa94-04c1-424b-9868-57a2d4851a1d" />
    <TestEntry testId="93113b9b-590d-7674-be0a-f715504dfeea" executionId="36c16669-1cfa-4496-b2c9-ba1d13c8606f" testListId="8c84fa94-04c1-424b-9868-57a2d4851a1d" />
    <TestEntry testId="4f94d29f-00b3-0b43-5a8e-bb0f7865bba3" executionId="bbbb53a8-582f-4917-818b-400394ebb0f3" testListId="8c84fa94-04c1-424b-9868-57a2d4851a1d" />
    <TestEntry testId="03694c33-746b-2f2a-42b8-061cf06a7804" executionId="ce0dcea4-7081-4281-8211-420e5f3c9810" testListId="8c84fa94-04c1-424b-9868-57a2d4851a1d" />
    <TestEntry testId="e9ddc20d-301e-c52e-d0c9-76581c561f21" executionId="279160d3-bda0-4b78-aa35-c4e74d84a673" testListId="8c84fa94-04c1-424b-9868-57a2d4851a1d" />
    <TestEntry testId="1e04c12f-a303-8205-6d76-ebcfca6efaed" executionId="9c0ea812-6f9f-4f9e-93d1-b21054288fdc" testListId="8c84fa94-04c1-424b-9868-57a2d4851a1d" />
    <TestEntry testId="fdb4918a-cfbc-ba70-2f92-7b16ed2467af" executionId="6c6f40fc-17e9-4f14-92eb-28b0718919c7" testListId="8c84fa94-04c1-424b-9868-57a2d4851a1d" />
    <TestEntry testId="0824044d-47ec-3da8-2a41-90ac1b98a394" executionId="a8170a69-2968-400c-a798-800319cf6f7e" testListId="8c84fa94-04c1-424b-9868-57a2d4851a1d" />
    <TestEntry testId="233f0023-c766-0baf-28fd-dd874817e0a5" executionId="32861b0f-56e2-4f87-ab74-3ae63cc861b7" testListId="8c84fa94-04c1-424b-9868-57a2d4851a1d" />
    <TestEntry testId="84baeaac-484a-34be-4b7d-f58cce602b1b" executionId="ed288cd5-7eac-493b-b900-034edcec3732" testListId="8c84fa94-04c1-424b-9868-57a2d4851a1d" />
    <TestEntry testId="f39bbf36-fb3b-97e7-e8d1-87997b927b72" executionId="5a311276-8372-4377-851a-de30183793ef" testListId="8c84fa94-04c1-424b-9868-57a2d4851a1d" />
    <TestEntry testId="a0d58eed-c9b5-22f9-5b92-5f1535c609a9" executionId="744e847a-75cd-4c3e-970a-a4cb6701c7ea" testListId="8c84fa94-04c1-424b-9868-57a2d4851a1d" />
    <TestEntry testId="3fd8b8c6-0e6c-ed32-a66a-72913812e738" executionId="512b9002-7f20-4d8f-9da6-cdb4fdf7ad33" testListId="8c84fa94-04c1-424b-9868-57a2d4851a1d" />
    <TestEntry testId="fb471511-64d4-640c-adf4-936f6a4f1aa9" executionId="aa39f281-485c-4373-a572-e2da2486ce1d" testListId="8c84fa94-04c1-424b-9868-57a2d4851a1d" />
  </TestEntries>
  <TestLists>
    <TestList name="Results Not in a List" id="8c84fa94-04c1-424b-9868-57a2d4851a1d" />
    <TestList name="All Loaded Results" id="19431567-8539-422a-85d7-44ee4e166bda" />
  </TestLists>
  <ResultSummary outcome="Completed">
    <Counters total="654" executed="654" passed="654" failed="0" error="0" timeout="0" aborted="0" inconclusive="0" passedButRunAborted="0" notRunnable="0" notExecuted="0" disconnected="0" warning="0" completed="0" inProgress="0" pending="0" />
    <Output>
      <StdOut>NUnit Adapter 4.5.0.0: Test execution started&#xD;
Running all tests in C:\Users\mtnoo\OneDrive\Desktop\EasyHMS\easyHMSAPI\EasyHMSAPI.UnitTests\bin\Debug\net8.0\EasyHMSAPI.UnitTests.dll&#xD;
   NUnit3TestExecutor discovered 654 of 654 NUnit test cases using Current Discovery mode, Non-Explicit run&#xD;
NUnit Adapter 4.5.0.0: Test execution complete&#xD;
</StdOut>
    </Output>
  </ResultSummary>
</TestRun>