<?xml version="1.0" encoding="utf-8"?>
<TestRun id="bec416d2-475a-440b-a76c-deac96f1597e" name="mtnoo@TASNOORI 2026-08-11 14:03:39" runUser="TASNOORI\mtnoo" xmlns="http://microsoft.com/schemas/VisualStudio/TeamTest/2010">
  <Times creation="2026-08-11T14:03:39.6603827+05:30" queuing="2026-08-11T14:03:39.6603835+05:30" start="2026-08-11T14:03:35.9375403+05:30" finish="2026-08-11T14:20:04.0675361+05:30" />
  <TestSettings name="default" id="4449a1e9-ce94-4b1a-9d39-bd6acef85475">
    <Deployment runDeploymentRoot="mtnoo_TASNOORI_2026-08-11_14_03_39" />
  </TestSettings>
  <Results>
    <UnitTestResult executionId="d6df62a9-fe46-4a58-a295-1a3b91a4e897" testId="d72d13be-cb73-3a1a-d9bb-100746fd6e91" testName="Handle_DoctorNotActive_ThrowsException" computerName="TASNOORI" duration="00:00:00.4925130" startTime="2026-08-11T14:10:52.2204671+05:30" endTime="2026-08-11T14:10:52.7129795+05:30" testType="13cdc9d9-ddb5-4fa4-a97d-d965ccfc6d4b" outcome="Passed" testListId="8c84fa94-04c1-424b-9868-57a2d4851a1d" relativeResultsDirectory="d6df62a9-fe46-4a58-a295-1a3b91a4e897" />
    <UnitTestResult executionId="6b624e4a-8e30-4a04-a6c2-94984f0787ab" testId="3a0d25a7-5fb3-1201-306b-9869c5b27822" testName="Handle_UnknownCode_ReturnsFailure" computerName="TASNOORI" duration="00:00:00.1728080" startTime="2026-08-11T14:15:40.9739275+05:30" endTime="2026-08-11T14:15:41.1467351+05:30" testType="13cdc9d9-ddb5-4fa4-a97d-d965ccfc6d4b" outcome="Passed" testListId="8c84fa94-04c1-424b-9868-57a2d4851a1d" relativeResultsDirectory="6b624e4a-8e30-4a04-a6c2-94984f0787ab" />
    <UnitTestResult executionId="8fc5b577-e0eb-493e-b49f-daf977b4af6b" testId="20205d9c-412f-3559-961b-bb2073255fdb" testName="Handle_ExcludesHospitalResponses_FromRatingAggregate" computerName="TASNOORI" duration="00:00:01.0223610" startTime="2026-08-11T14:19:17.3637589+05:30" endTime="2026-08-11T14:19:18.3861197+05:30" testType="13cdc9d9-ddb5-4fa4-a97d-d965ccfc6d4b" outcome="Passed" testListId="8c84fa94-04c1-424b-9868-57a2d4851a1d" relativeResultsDirectory="8fc5b577-e0eb-493e-b49f-daf977b4af6b" />
    <UnitTestResult executionId="9a567760-e208-4bcd-93b5-94512854b5b5" testId="3c657319-40c2-4f24-af57-923534fb1585" testName="Handle_ReturnsCommentsNewestFirst" computerName="TASNOORI" duration="00:00:00.3669380" startTime="2026-08-11T14:15:23.6921867+05:30" endTime="2026-08-11T14:15:24.0591245+05:30" testType="13cdc9d9-ddb5-4fa4-a97d-d965ccfc6d4b" outcome="Passed" testListId="8c84fa94-04c1-424b-9868-57a2d4851a1d" relativeResultsDirectory="9a567760-e208-4bcd-93b5-94512854b5b5" />
    <UnitTestResult executionId="771e0877-5b9d-464d-8684-566469b3f91a" testId="ecc74220-87d9-c556-d5c1-8795b46f7e04" testName="ComputeCardiovascularScore_NoVasopressorsNormalMap_ReturnsZero" computerName="TASNOORI" duration="00:00:00.0001590" startTime="2026-08-11T14:19:59.5951632+05:30" endTime="2026-08-11T14:19:59.5953216+05:30" testType="13cdc9d9-ddb5-4fa4-a97d-d965ccfc6d4b" outcome="Passed" testListId="8c84fa94-04c1-424b-9868-57a2d4851a1d" relativeResultsDirectory="771e0877-5b9d-464d-8684-566469b3f91a" />
    <UnitTestResult executionId="01ec28ca-1e50-479a-b018-dc149017f818" testId="93113b9b-590d-7674-be0a-f715504dfeea" testName="Handle_CancelledAppointment_ReturnsError" computerName="TASNOORI" duration="00:00:02.7146950" startTime="2026-08-11T14:05:13.8720972+05:30" endTime="2026-08-11T14:05:16.5867923+05:30" testType="13cdc9d9-ddb5-4fa4-a97d-d965ccfc6d4b" outcome="Passed" testListId="8c84fa94-04c1-424b-9868-57a2d4851a1d" relativeResultsDirectory="01ec28ca-1e50-479a-b018-dc149017f818" />
    <UnitTestResult executionId="ad73c40f-85c5-48dc-97d2-6a465a62cc23" testId="db719eaa-955c-207b-6942-e1c6bf5e183c" testName="Handle_ExcludesChargesMarkedNonPayable_FromRunningTotal" computerName="TASNOORI" duration="00:00:00.6473989" startTime="2026-08-11T14:15:30.0674857+05:30" endTime="2026-08-11T14:15:30.7148844+05:30" testType="13cdc9d9-ddb5-4fa4-a97d-d965ccfc6d4b" outcome="Passed" testListId="8c84fa94-04c1-424b-9868-57a2d4851a1d" relativeResultsDirectory="ad73c40f-85c5-48dc-97d2-6a465a62cc23" />
    <UnitTestResult executionId="5d95f240-5786-490c-b228-3902642f513e" testId="5b75d28e-c7eb-bfab-942c-e44582da9dfb" testName="Match_NoCandidateWithinTolerance_ReturnsUnmatchedSlot" computerName="TASNOORI" duration="00:00:00.0149370" startTime="2026-08-11T14:19:38.1729163+05:30" endTime="2026-08-11T14:19:38.1878545+05:30" testType="13cdc9d9-ddb5-4fa4-a97d-d965ccfc6d4b" outcome="Passed" testListId="8c84fa94-04c1-424b-9868-57a2d4851a1d" relativeResultsDirectory="5d95f240-5786-490c-b228-3902642f513e" />
    <UnitTestResult executionId="c41cb847-9119-4dd8-848a-f10d418b9455" testId="19f8c427-3ae0-1801-c972-36ea507fa41f" testName="Handle_MultipleLines_CreatesOneExpensePerLine_WithSharedFieldsAndOwnReason" computerName="TASNOORI" duration="00:00:00.7657360" startTime="2026-08-11T14:04:45.4726904+05:30" endTime="2026-08-11T14:04:46.2384260+05:30" testType="13cdc9d9-ddb5-4fa4-a97d-d965ccfc6d4b" outcome="Passed" testListId="8c84fa94-04c1-424b-9868-57a2d4851a1d" relativeResultsDirectory="c41cb847-9119-4dd8-848a-f10d418b9455" />
    <UnitTestResult executionId="51bfebfc-756b-4f76-b379-888dff37a7af" testId="093caed3-053b-2c2f-7cc7-e8c77196952b" testName="Handle_WardRoster_StillWorksAsBefore" computerName="TASNOORI" duration="00:00:09.9964610" startTime="2026-08-11T14:16:57.0198844+05:30" endTime="2026-08-11T14:17:07.0163449+05:30" testType="13cdc9d9-ddb5-4fa4-a97d-d965ccfc6d4b" outcome="Passed" testListId="8c84fa94-04c1-424b-9868-57a2d4851a1d" relativeResultsDirectory="51bfebfc-756b-4f76-b379-888dff37a7af" />
    <UnitTestResult executionId="dd815b67-d882-44ca-8896-cf746452d212" testId="ba480614-76a1-6d6c-4c2a-79e551f6e152" testName="ComputeBedTurnaroundHours_ReleaseOutsideWindow_Excluded" computerName="TASNOORI" duration="00:00:00.0002060" startTime="2026-08-11T14:19:33.0136479+05:30" endTime="2026-08-11T14:19:33.0138539+05:30" testType="13cdc9d9-ddb5-4fa4-a97d-d965ccfc6d4b" outcome="Passed" testListId="8c84fa94-04c1-424b-9868-57a2d4851a1d" relativeResultsDirectory="dd815b67-d882-44ca-8896-cf746452d212" />
    <UnitTestResult executionId="3a7e39d7-3c35-469b-a33f-96e9775b23ae" testId="4767ca0e-bc69-5cf7-f9f2-d803ebbb5299" testName="Handle_InvalidCaseType_ReturnsError" computerName="TASNOORI" duration="00:00:00.4715080" startTime="2026-08-11T14:04:40.0804053+05:30" endTime="2026-08-11T14:04:40.5519144+05:30" testType="13cdc9d9-ddb5-4fa4-a97d-d965ccfc6d4b" outcome="Passed" testListId="8c84fa94-04c1-424b-9868-57a2d4851a1d" relativeResultsDirectory="3a7e39d7-3c35-469b-a33f-96e9775b23ae" />
    <UnitTestResult executionId="3d69e780-9d73-40ea-8ca4-4766e3d3c894" testId="75457597-f459-570c-4bd5-ae4917bac806" testName="Handle_ReturnsMedicines" computerName="TASNOORI" duration="00:00:00.8074800" startTime="2026-08-11T14:18:56.1878557+05:30" endTime="2026-08-11T14:18:56.9953358+05:30" testType="13cdc9d9-ddb5-4fa4-a97d-d965ccfc6d4b" outcome="Passed" testListId="8c84fa94-04c1-424b-9868-57a2d4851a1d" relativeResultsDirectory="3d69e780-9d73-40ea-8ca4-4766e3d3c894" />
    <UnitTestResult executionId="a4f1af8e-4333-40ca-acf6-07459f14a7ab" testId="393ffada-b08d-3c99-c587-8f72ed73e967" testName="Handle_ActivateInvalidTriggerReason_ReturnsFailure" computerName="TASNOORI" duration="00:00:00.4810480" startTime="2026-08-11T14:10:47.3053559+05:30" endTime="2026-08-11T14:10:47.7864038+05:30" testType="13cdc9d9-ddb5-4fa4-a97d-d965ccfc6d4b" outcome="Passed" testListId="8c84fa94-04c1-424b-9868-57a2d4851a1d" relativeResultsDirectory="a4f1af8e-4333-40ca-acf6-07459f14a7ab" />
    <UnitTestResult executionId="14213b86-383c-431a-88eb-5076fe3316c3" testId="1fbc4186-ee00-3e8d-ed95-dde2ec7cf866" testName="Handle_ReferrerNotInHospital_ReturnsFailure" computerName="TASNOORI" duration="00:00:00.4498790" startTime="2026-08-11T14:03:48.7164257+05:30" endTime="2026-08-11T14:03:49.1663039+05:30" testType="13cdc9d9-ddb5-4fa4-a97d-d965ccfc6d4b" outcome="Passed" testListId="8c84fa94-04c1-424b-9868-57a2d4851a1d" relativeResultsDirectory="14213b86-383c-431a-88eb-5076fe3316c3" />
    <UnitTestResult executionId="8b9833b6-669c-4b85-bbc8-90e42a26fc52" testId="6c0e4753-97aa-375d-ef52-9757d3fc329c" testName="Handle_DoctorNotFound_ReturnsMessage" computerName="TASNOORI" duration="00:00:08.2012450" startTime="2026-08-11T14:11:53.9899517+05:30" endTime="2026-08-11T14:12:02.1911965+05:30" testType="13cdc9d9-ddb5-4fa4-a97d-d965ccfc6d4b" outcome="Passed" testListId="8c84fa94-04c1-424b-9868-57a2d4851a1d" relativeResultsDirectory="8b9833b6-669c-4b85-bbc8-90e42a26fc52" />
    <UnitTestResult executionId="a78308ec-58da-4e47-a6e2-fce7b9c99973" testId="656ca81a-46e1-4010-3243-90ff2b3ae505" testName="Handle_NoHospitalSpecificRow_FallsBackToLegacyNullHospitalRow" computerName="TASNOORI" duration="00:00:00.2729750" startTime="2026-08-11T14:15:36.7768967+05:30" endTime="2026-08-11T14:15:37.0498718+05:30" testType="13cdc9d9-ddb5-4fa4-a97d-d965ccfc6d4b" outcome="Passed" testListId="8c84fa94-04c1-424b-9868-57a2d4851a1d" relativeResultsDirectory="a78308ec-58da-4e47-a6e2-fce7b9c99973" />
    <UnitTestResult executionId="b4a62c00-503e-480f-a271-07f11e9e635a" testId="cc9a949d-494c-c822-f238-81f542602eb5" testName="Handle_ValidRequest_AdmitsExistingPatient" computerName="TASNOORI" duration="00:00:01.8418920" startTime="2026-08-11T14:04:37.7865761+05:30" endTime="2026-08-11T14:04:39.6284680+05:30" testType="13cdc9d9-ddb5-4fa4-a97d-d965ccfc6d4b" outcome="Passed" testListId="8c84fa94-04c1-424b-9868-57a2d4851a1d" relativeResultsDirectory="b4a62c00-503e-480f-a271-07f11e9e635a" />
    <UnitTestResult executionId="81338dfb-6aa9-4a34-aecf-d3781f30f742" testId="22e0d527-5cb2-64ee-f1ad-9143da83108c" testName="ComputeSlots_NullFrequency_ReturnsNoSlots" computerName="TASNOORI" duration="00:00:00.0087390" startTime="2026-08-11T14:19:33.8645407+05:30" endTime="2026-08-11T14:19:33.8732821+05:30" testType="13cdc9d9-ddb5-4fa4-a97d-d965ccfc6d4b" outcome="Passed" testListId="8c84fa94-04c1-424b-9868-57a2d4851a1d" relativeResultsDirectory="81338dfb-6aa9-4a34-aecf-d3781f30f742" />
    <UnitTestResult executionId="3be7df9f-666b-4271-97c0-398f63930f0a" testId="6ff814d5-612f-95cf-9921-89b898ba221d" testName="Handle_AdmissionNotFound_ReturnsFailure" computerName="TASNOORI" duration="00:00:00.3919000" startTime="2026-08-11T14:03:47.9234432+05:30" endTime="2026-08-11T14:03:48.3153423+05:30" testType="13cdc9d9-ddb5-4fa4-a97d-d965ccfc6d4b" outcome="Passed" testListId="8c84fa94-04c1-424b-9868-57a2d4851a1d" relativeResultsDirectory="3be7df9f-666b-4271-97c0-398f63930f0a" />
    <UnitTestResult executionId="46a9118b-aba4-4519-817c-251728a8e441" testId="d8cdfede-01cb-7739-668c-089bbbeda9a7" testName="Handle_UserNotFound_ReturnsError" computerName="TASNOORI" duration="00:00:00.4763690" startTime="2026-08-11T14:07:07.8420658+05:30" endTime="2026-08-11T14:07:08.3184348+05:30" testType="13cdc9d9-ddb5-4fa4-a97d-d965ccfc6d4b" outcome="Passed" testListId="8c84fa94-04c1-424b-9868-57a2d4851a1d" relativeResultsDirectory="46a9118b-aba4-4519-817c-251728a8e441" />
    <UnitTestResult executionId="141346c9-feda-4dfc-82bc-66903b61187b" testId="0c385154-a040-800a-dfee-7c1b2fff156e" testName="Handle_ReturnsActiveOrderSets_WithDeserializedLines" computerName="TASNOORI" duration="00:00:05.5870530" startTime="2026-08-11T14:17:25.8386550+05:30" endTime="2026-08-11T14:17:31.4257082+05:30" testType="13cdc9d9-ddb5-4fa4-a97d-d965ccfc6d4b" outcome="Passed" testListId="8c84fa94-04c1-424b-9868-57a2d4851a1d" relativeResultsDirectory="141346c9-feda-4dfc-82bc-66903b61187b" />
    <UnitTestResult executionId="2d63dca5-e50c-4511-ae83-0eb2539ea957" testId="86abf809-e59a-5369-ab64-e63df527c9fc" testName="Handle_UpdatesCharge_AndRecomputesInvoiceTotals" computerName="TASNOORI" duration="00:00:00.6131790" startTime="2026-08-11T14:11:28.1176446+05:30" endTime="2026-08-11T14:11:28.7308233+05:30" testType="13cdc9d9-ddb5-4fa4-a97d-d965ccfc6d4b" outcome="Passed" testListId="8c84fa94-04c1-424b-9868-57a2d4851a1d" relativeResultsDirectory="2d63dca5-e50c-4511-ae83-0eb2539ea957" />
    <UnitTestResult executionId="205e1aaf-7ee1-437e-820a-eee358bd252f" testId="34f3d3b0-112f-ee87-eb32-55b9e3e24881" testName="Handle_Remove_AlreadyRemoved_ReturnsFailure" computerName="TASNOORI" duration="00:00:00.7257630" startTime="2026-08-11T14:06:47.2365776+05:30" endTime="2026-08-11T14:06:47.9623410+05:30" testType="13cdc9d9-ddb5-4fa4-a97d-d965ccfc6d4b" outcome="Passed" testListId="8c84fa94-04c1-424b-9868-57a2d4851a1d" relativeResultsDirectory="205e1aaf-7ee1-437e-820a-eee358bd252f" />
    <UnitTestResult executionId="76857c78-90ae-4d23-9ba9-b7fe49169690" testId="c5b31c46-8223-5270-7905-5fc667d266c3" testName="Handle_UpdateExistingUserProfile_ReturnsSuccess" computerName="TASNOORI" duration="00:00:04.6803840" startTime="2026-08-11T14:14:00.4982686+05:30" endTime="2026-08-11T14:14:05.1786547+05:30" testType="13cdc9d9-ddb5-4fa4-a97d-d965ccfc6d4b" outcome="Passed" testListId="8c84fa94-04c1-424b-9868-57a2d4851a1d" relativeResultsDirectory="76857c78-90ae-4d23-9ba9-b7fe49169690" />
    <UnitTestResult executionId="1a6d8fa8-151e-4231-a457-d5ee7f1c60f4" testId="abe88068-d022-61cb-95ae-10397fdcd3e3" testName="Hash_DifferentInput_ProducesDifferentHash" computerName="TASNOORI" duration="00:00:00.0002540" startTime="2026-08-11T14:15:11.8889282+05:30" endTime="2026-08-11T14:15:11.8891825+05:30" testType="13cdc9d9-ddb5-4fa4-a97d-d965ccfc6d4b" outcome="Passed" testListId="8c84fa94-04c1-424b-9868-57a2d4851a1d" relativeResultsDirectory="1a6d8fa8-151e-4231-a457-d5ee7f1c60f4" />
    <UnitTestResult executionId="3aafcf59-3179-464f-b6ba-d33743b52393" testId="c653f54b-a0d3-a50d-b5f0-a63439ecc399" testName="Handle_NoDocuments_ReturnsEmptyList" computerName="TASNOORI" duration="00:00:00.4860910" startTime="2026-08-11T14:15:21.7271200+05:30" endTime="2026-08-11T14:15:22.2132103+05:30" testType="13cdc9d9-ddb5-4fa4-a97d-d965ccfc6d4b" outcome="Passed" testListId="8c84fa94-04c1-424b-9868-57a2d4851a1d" relativeResultsDirectory="3aafcf59-3179-464f-b6ba-d33743b52393" />
    <UnitTestResult executionId="9f2c0e3a-9f15-4517-97e2-97d24175cc6d" testId="0ca16dfc-a68b-7945-ff8a-1c6527da6e36" testName="GenerateWithLogo_IsDeterministic_SameInputSameOutput" computerName="TASNOORI" duration="00:00:00.4193370" startTime="2026-08-11T14:20:02.8538931+05:30" endTime="2026-08-11T14:20:03.2732303+05:30" testType="13cdc9d9-ddb5-4fa4-a97d-d965ccfc6d4b" outcome="Passed" testListId="8c84fa94-04c1-424b-9868-57a2d4851a1d" relativeResultsDirectory="9f2c0e3a-9f15-4517-97e2-97d24175cc6d" />
    <UnitTestResult executionId="3901f0dd-6426-45b8-8163-7d699177699e" testId="41c3e116-7221-7414-f044-922680a7b67c" testName="Handle_UnpaidEncounter_StillDischarges_ButFlagsOutstandingBalance" computerName="TASNOORI" duration="00:00:00.5919510" startTime="2026-08-11T14:06:53.7525650+05:30" endTime="2026-08-11T14:06:54.3445160+05:30" testType="13cdc9d9-ddb5-4fa4-a97d-d965ccfc6d4b" outcome="Passed" testListId="8c84fa94-04c1-424b-9868-57a2d4851a1d" relativeResultsDirectory="3901f0dd-6426-45b8-8163-7d699177699e" />
    <UnitTestResult executionId="e98be9d1-dae3-4455-b606-0fe0c2789389" testId="591b4d62-8a33-3a64-d22e-6f63338c3e7e" testName="Handle_ReleaseAlreadyReleased_ReturnsFailure" computerName="TASNOORI" duration="00:00:09.2672560" startTime="2026-08-11T14:09:59.3764613+05:30" endTime="2026-08-11T14:10:08.6437194+05:30" testType="13cdc9d9-ddb5-4fa4-a97d-d965ccfc6d4b" outcome="Passed" testListId="8c84fa94-04c1-424b-9868-57a2d4851a1d" relativeResultsDirectory="e98be9d1-dae3-4455-b606-0fe0c2789389" />
    <UnitTestResult executionId="e23c0b2b-478a-4481-a46c-cb4f57021b71" testId="ea30df35-b0fa-f0c0-0ae7-aac224ada89f" testName="Handle_MissingName_ReturnsError" computerName="TASNOORI" duration="00:00:00.6591100" startTime="2026-08-11T14:12:40.1578726+05:30" endTime="2026-08-11T14:12:40.8169827+05:30" testType="13cdc9d9-ddb5-4fa4-a97d-d965ccfc6d4b" outcome="Passed" testListId="8c84fa94-04c1-424b-9868-57a2d4851a1d" relativeResultsDirectory="e23c0b2b-478a-4481-a46c-cb4f57021b71" />
    <UnitTestResult executionId="67cc28fb-91be-458d-990c-b9a694879b20" testId="a219d76e-66f2-8bdb-0708-7657e021b967" testName="Handle_ReturnsLanguages_AndHospitalGeolocation" computerName="TASNOORI" duration="00:00:00.7904550" startTime="2026-08-11T14:19:22.1318768+05:30" endTime="2026-08-11T14:19:22.9223315+05:30" testType="13cdc9d9-ddb5-4fa4-a97d-d965ccfc6d4b" outcome="Passed" testListId="8c84fa94-04c1-424b-9868-57a2d4851a1d" relativeResultsDirectory="67cc28fb-91be-458d-990c-b9a694879b20" />
    <UnitTestResult executionId="0cbde2bc-3b33-4b2b-a3a4-645d2aa9d5d1" testId="ce886ac5-0b5c-43df-543e-71676a5ca313" testName="Handle_DoneToken_NoPositionOrEstimate" computerName="TASNOORI" duration="00:00:00.3463510" startTime="2026-08-11T14:19:29.2143772+05:30" endTime="2026-08-11T14:19:29.5607280+05:30" testType="13cdc9d9-ddb5-4fa4-a97d-d965ccfc6d4b" outcome="Passed" testListId="8c84fa94-04c1-424b-9868-57a2d4851a1d" relativeResultsDirectory="0cbde2bc-3b33-4b2b-a3a4-645d2aa9d5d1" />
    <UnitTestResult executionId="7315e3ba-e752-40d3-969a-3d5419f17cb3" testId="e42f32ca-b039-92f4-708f-52b2077197c8" testName="Handle_ValidUpdate_UpdatesHospital" computerName="TASNOORI" duration="00:00:01.2476449" startTime="2026-08-11T14:08:02.1196562+05:30" endTime="2026-08-11T14:08:03.3673008+05:30" testType="13cdc9d9-ddb5-4fa4-a97d-d965ccfc6d4b" outcome="Passed" testListId="8c84fa94-04c1-424b-9868-57a2d4851a1d" relativeResultsDirectory="7315e3ba-e752-40d3-969a-3d5419f17cb3" />
    <UnitTestResult executionId="157c6d15-69f1-4704-aeb2-5e7c68a6e87e" testId="022be5cb-60cc-0ee1-eeb8-cf6da61af60f" testName="Handle_ReturnsUser" computerName="TASNOORI" duration="00:00:00.7372430" startTime="2026-08-11T14:16:30.7502009+05:30" endTime="2026-08-11T14:16:31.4874439+05:30" testType="13cdc9d9-ddb5-4fa4-a97d-d965ccfc6d4b" outcome="Passed" testListId="8c84fa94-04c1-424b-9868-57a2d4851a1d" relativeResultsDirectory="157c6d15-69f1-4704-aeb2-5e7c68a6e87e" />
    <UnitTestResult executionId="09a56f1d-fb12-4356-9fda-cd6dcc7b0df9" testId="372e63e1-da0a-9b1a-7b1e-d44eb4f08df3" testName="Handle_NewPrimaryDoctorId_WritesAdmissionDoctorAssignmentRow_NotJustOverwritesField" computerName="TASNOORI" duration="00:00:00.4351990" startTime="2026-08-11T14:03:50.1877111+05:30" endTime="2026-08-11T14:03:50.6229099+05:30" testType="13cdc9d9-ddb5-4fa4-a97d-d965ccfc6d4b" outcome="Passed" testListId="8c84fa94-04c1-424b-9868-57a2d4851a1d" relativeResultsDirectory="09a56f1d-fb12-4356-9fda-cd6dcc7b0df9" />
    <UnitTestResult executionId="f462aafc-b6d6-44af-87f3-479796775580" testId="1a341dea-dc87-f58d-7c43-e9dac8bda97c" testName="Handle_OtPlanIdSupplied_SnapshotsProcedureAndIcuLevel_AndDefaultsRoomCategory" computerName="TASNOORI" duration="00:00:00.5609020" startTime="2026-08-11T14:03:51.8196601+05:30" endTime="2026-08-11T14:03:52.3805622+05:30" testType="13cdc9d9-ddb5-4fa4-a97d-d965ccfc6d4b" outcome="Passed" testListId="8c84fa94-04c1-424b-9868-57a2d4851a1d" relativeResultsDirectory="f462aafc-b6d6-44af-87f3-479796775580" />
    <UnitTestResult executionId="5acaeb7c-27b4-4f0d-8227-b13471808d5d" testId="64ddde1a-a739-4bd8-d414-de4201070b32" testName="Handle_StorageDeleteFails_ReturnsFailure_AndKeepsDbRow" computerName="TASNOORI" duration="00:00:03.7410420" startTime="2026-08-11T14:05:51.4232515+05:30" endTime="2026-08-11T14:05:55.1642927+05:30" testType="13cdc9d9-ddb5-4fa4-a97d-d965ccfc6d4b" outcome="Passed" testListId="8c84fa94-04c1-424b-9868-57a2d4851a1d" relativeResultsDirectory="5acaeb7c-27b4-4f0d-8227-b13471808d5d" />
    <UnitTestResult executionId="926b6057-1682-4c2d-8249-3cb2306d875b" testId="c60b4526-d778-4f83-d2dc-006c6acdc79d" testName="Handle_ReturnsDoctors" computerName="TASNOORI" duration="00:00:00.5824450" startTime="2026-08-11T14:15:31.8796775+05:30" endTime="2026-08-11T14:15:32.4621227+05:30" testType="13cdc9d9-ddb5-4fa4-a97d-d965ccfc6d4b" outcome="Passed" testListId="8c84fa94-04c1-424b-9868-57a2d4851a1d" relativeResultsDirectory="926b6057-1682-4c2d-8249-3cb2306d875b" />
    <UnitTestResult executionId="cb40d728-c5ef-4d62-afb6-2d0b7c48bddb" testId="26b1b6d1-8b86-5146-144c-c09af69f71fa" testName="ComputeSlots_DurationDaysNull_IsBoundedOnlyByWindow" computerName="TASNOORI" duration="00:00:00.0192030" startTime="2026-08-11T14:19:33.8421608+05:30" endTime="2026-08-11T14:19:33.8613633+05:30" testType="13cdc9d9-ddb5-4fa4-a97d-d965ccfc6d4b" outcome="Passed" testListId="8c84fa94-04c1-424b-9868-57a2d4851a1d" relativeResultsDirectory="cb40d728-c5ef-4d62-afb6-2d0b7c48bddb" />
    <UnitTestResult executionId="8e79f0c1-d7ad-48ca-89f4-d753a396aaef" testId="30cf8cf1-fb47-48f1-7cb8-72555c475b6d" testName="Handle_WithinGeofence_IssuesToken" computerName="TASNOORI" duration="00:00:10.3105049" startTime="2026-08-11T14:08:42.1197118+05:30" endTime="2026-08-11T14:08:52.4302165+05:30" testType="13cdc9d9-ddb5-4fa4-a97d-d965ccfc6d4b" outcome="Passed" testListId="8c84fa94-04c1-424b-9868-57a2d4851a1d" relativeResultsDirectory="8e79f0c1-d7ad-48ca-89f4-d753a396aaef" />
    <UnitTestResult executionId="ecbf160e-ad60-4590-b571-a46588c9f410" testId="135602f0-d064-8eba-ccdf-01ecd173ab49" testName="Handle_OversizeFile_ReturnsFailure" computerName="TASNOORI" duration="00:00:00.4822410" startTime="2026-08-11T14:11:44.0662957+05:30" endTime="2026-08-11T14:11:44.5485362+05:30" testType="13cdc9d9-ddb5-4fa4-a97d-d965ccfc6d4b" outcome="Passed" testListId="8c84fa94-04c1-424b-9868-57a2d4851a1d" relativeResultsDirectory="ecbf160e-ad60-4590-b571-a46588c9f410" />
    <UnitTestResult executionId="3416468e-cfa0-4a54-81bd-bf0519d60b0d" testId="4fe6ade9-41d6-26a7-c9ab-05343c1f53e2" testName="Handle_DoctorNotAtThisHospital_ReturnsFailure_DoesNotChangeFlag" computerName="TASNOORI" duration="00:00:00.6970710" startTime="2026-08-11T14:11:36.6332669+05:30" endTime="2026-08-11T14:11:37.3303379+05:30" testType="13cdc9d9-ddb5-4fa4-a97d-d965ccfc6d4b" outcome="Passed" testListId="8c84fa94-04c1-424b-9868-57a2d4851a1d" relativeResultsDirectory="3416468e-cfa0-4a54-81bd-bf0519d60b0d" />
    <UnitTestResult executionId="3864ef6b-8f02-4133-822d-940dad2ef884" testId="8711a076-8239-89f5-f767-c6a6953372f1" testName="Handle_CancelledAppointment_Rejects" computerName="TASNOORI" duration="00:00:01.1467250" startTime="2026-08-11T14:08:06.6909751+05:30" endTime="2026-08-11T14:08:07.8376997+05:30" testType="13cdc9d9-ddb5-4fa4-a97d-d965ccfc6d4b" outcome="Passed" testListId="8c84fa94-04c1-424b-9868-57a2d4851a1d" relativeResultsDirectory="3864ef6b-8f02-4133-822d-940dad2ef884" />
    <UnitTestResult executionId="eadfd63f-489a-4076-930f-ccec5e58b805" testId="e0694dd2-bdf6-e478-2720-2bcd0794e851" testName="ComputeBloodPressureScore_Normal_ReturnsZero" computerName="TASNOORI" duration="00:00:00.0001720" startTime="2026-08-11T14:15:20.7239651+05:30" endTime="2026-08-11T14:15:20.7241370+05:30" testType="13cdc9d9-ddb5-4fa4-a97d-d965ccfc6d4b" outcome="Passed" testListId="8c84fa94-04c1-424b-9868-57a2d4851a1d" relativeResultsDirectory="eadfd63f-489a-4076-930f-ccec5e58b805" />
    <UnitTestResult executionId="680cc261-069c-46d9-a47e-42423753560e" testId="c35be361-c1d2-7039-fb44-0a1375efd0b5" testName="ComputeTotal_MissingInputs_TreatedAsZeroNotBlocking" computerName="TASNOORI" duration="00:00:00.0002030" startTime="2026-08-11T14:15:20.7405250+05:30" endTime="2026-08-11T14:15:20.7407283+05:30" testType="13cdc9d9-ddb5-4fa4-a97d-d965ccfc6d4b" outcome="Passed" testListId="8c84fa94-04c1-424b-9868-57a2d4851a1d" relativeResultsDirectory="680cc261-069c-46d9-a47e-42423753560e" />
    <UnitTestResult executionId="cf126e35-7d3e-4e90-9450-b678f23c5d77" testId="fc76f20a-7965-fcf3-85b0-1b3bf101d044" testName="Handle_ConfirmsPendingPreAppointment_SendsWhatsAppConfirmation" computerName="TASNOORI" duration="00:00:05.7624000" startTime="2026-08-11T14:05:29.0190520+05:30" endTime="2026-08-11T14:05:34.7814518+05:30" testType="13cdc9d9-ddb5-4fa4-a97d-d965ccfc6d4b" outcome="Passed" testListId="8c84fa94-04c1-424b-9868-57a2d4851a1d" relativeResultsDirectory="cf126e35-7d3e-4e90-9450-b678f23c5d77" />
    <UnitTestResult executionId="c6ecc55d-3b22-4ab6-8df1-6277596cc870" testId="5ab78136-736a-e9dd-4dfd-cb294d10e29c" testName="Handle_GroupsMultipleDoctors_UnderSameCategory_AndCountsThem" computerName="TASNOORI" duration="00:00:00.6993290" startTime="2026-08-11T14:19:27.6636605+05:30" endTime="2026-08-11T14:19:28.3629893+05:30" testType="13cdc9d9-ddb5-4fa4-a97d-d965ccfc6d4b" outcome="Passed" testListId="8c84fa94-04c1-424b-9868-57a2d4851a1d" relativeResultsDirectory="c6ecc55d-3b22-4ab6-8df1-6277596cc870" />
    <UnitTestResult executionId="da72c127-0ebe-4667-ac87-6f1f51a858a3" testId="165af27a-5fea-5540-99e6-7297c316450c" testName="Handle_InvalidOtp_ReturnsFailure" computerName="TASNOORI" duration="00:00:00.4975830" startTime="2026-08-11T14:10:32.1207225+05:30" endTime="2026-08-11T14:10:32.6183051+05:30" testType="13cdc9d9-ddb5-4fa4-a97d-d965ccfc6d4b" outcome="Passed" testListId="8c84fa94-04c1-424b-9868-57a2d4851a1d" relativeResultsDirectory="da72c127-0ebe-4667-ac87-6f1f51a858a3" />
    <UnitTestResult executionId="0a49531a-d5eb-4135-97bc-d1ad94bc33f0" testId="0d320f5b-2931-3c9a-3988-a5c6e8bf38bf" testName="ComputeDischargeTatHours_OnePair_ComputesHours" computerName="TASNOORI" duration="00:00:00.0080839" startTime="2026-08-11T14:19:33.0808834+05:30" endTime="2026-08-11T14:19:33.0889663+05:30" testType="13cdc9d9-ddb5-4fa4-a97d-d965ccfc6d4b" outcome="Passed" testListId="8c84fa94-04c1-424b-9868-57a2d4851a1d" relativeResultsDirectory="0a49531a-d5eb-4135-97bc-d1ad94bc33f0" />
    <UnitTestResult executionId="93d62c4a-0f90-41dd-9abc-34156b1001f2" testId="3e311f46-9cf2-2186-00e6-6195c14b1c6a" testName="Handle_MedicineNotFound_ReturnsFailure" computerName="TASNOORI" duration="00:00:00.3807060" startTime="2026-08-11T14:06:38.8861325+05:30" endTime="2026-08-11T14:06:39.2668381+05:30" testType="13cdc9d9-ddb5-4fa4-a97d-d965ccfc6d4b" outcome="Passed" testListId="8c84fa94-04c1-424b-9868-57a2d4851a1d" relativeResultsDirectory="93d62c4a-0f90-41dd-9abc-34156b1001f2" />
    <UnitTestResult executionId="fe505e5d-8c38-47cc-a19e-f15010443693" testId="d2db02e6-31a4-d6bd-baa6-91b385ed13c4" testName="Handle_HospitalNotFound_ReturnsFailure" computerName="TASNOORI" duration="00:00:01.0434800" startTime="2026-08-11T14:07:59.8705508+05:30" endTime="2026-08-11T14:08:00.9140308+05:30" testType="13cdc9d9-ddb5-4fa4-a97d-d965ccfc6d4b" outcome="Passed" testListId="8c84fa94-04c1-424b-9868-57a2d4851a1d" relativeResultsDirectory="fe505e5d-8c38-47cc-a19e-f15010443693" />
    <UnitTestResult executionId="534a2537-595c-4b68-82bc-3bb234b44180" testId="c891fda8-4c36-526d-a2fc-fa4ebfc6f011" testName="Handle_ExistingHospitalSpecificRow_UpdatesInPlace_DoesNotDuplicate" computerName="TASNOORI" duration="00:00:00.4260330" startTime="2026-08-11T14:11:29.9905086+05:30" endTime="2026-08-11T14:11:30.4165408+05:30" testType="13cdc9d9-ddb5-4fa4-a97d-d965ccfc6d4b" outcome="Passed" testListId="8c84fa94-04c1-424b-9868-57a2d4851a1d" relativeResultsDirectory="534a2537-595c-4b68-82bc-3bb234b44180" />
    <UnitTestResult executionId="e942a1bc-af6b-4093-a297-18300b0cd220" testId="91aa4001-c285-53db-5e2c-c9b968b98138" testName="Handle_ValidRequest_DeletesFromStorageAndDb" computerName="TASNOORI" duration="00:00:05.0513640" startTime="2026-08-11T14:05:59.3745960+05:30" endTime="2026-08-11T14:06:04.4259594+05:30" testType="13cdc9d9-ddb5-4fa4-a97d-d965ccfc6d4b" outcome="Passed" testListId="8c84fa94-04c1-424b-9868-57a2d4851a1d" relativeResultsDirectory="e942a1bc-af6b-4093-a297-18300b0cd220" />
    <UnitTestResult executionId="d9f5ebc6-d4b3-4a20-bb8f-69c813135d8b" testId="408eda0d-e01d-3a87-0648-f11b6f7d1bb7" testName="Handle_MissingIds_ReturnsError" computerName="TASNOORI" duration="00:00:00.2922300" startTime="2026-08-11T14:11:21.3746065+05:30" endTime="2026-08-11T14:11:21.6668359+05:30" testType="13cdc9d9-ddb5-4fa4-a97d-d965ccfc6d4b" outcome="Passed" testListId="8c84fa94-04c1-424b-9868-57a2d4851a1d" relativeResultsDirectory="d9f5ebc6-d4b3-4a20-bb8f-69c813135d8b" />
    <UnitTestResult executionId="67484705-c744-441e-adf9-869310f1f94b" testId="21dc8752-3a31-f0cd-a7c9-eb55969240aa" testName="ComputeTemperaturePoints_NormalRange_ReturnsZero" computerName="TASNOORI" duration="00:00:00.0005620" startTime="2026-08-11T14:15:11.8787496+05:30" endTime="2026-08-11T14:15:11.8793114+05:30" testType="13cdc9d9-ddb5-4fa4-a97d-d965ccfc6d4b" outcome="Passed" testListId="8c84fa94-04c1-424b-9868-57a2d4851a1d" relativeResultsDirectory="67484705-c744-441e-adf9-869310f1f94b" />
    <UnitTestResult executionId="2fc5694c-5236-4d2b-bb09-41a713cc0d72" testId="2619e833-4f57-3166-6941-3fdef5130eed" testName="Handle_ValidRequest_ReleasesOldRowAndCreatesNewActiveRow_AndUpdatesAdmissionReferralFields" computerName="TASNOORI" duration="00:00:00.3610170" startTime="2026-08-11T14:03:49.8257692+05:30" endTime="2026-08-11T14:03:50.1867863+05:30" testType="13cdc9d9-ddb5-4fa4-a97d-d965ccfc6d4b" outcome="Passed" testListId="8c84fa94-04c1-424b-9868-57a2d4851a1d" relativeResultsDirectory="2fc5694c-5236-4d2b-bb09-41a713cc0d72" />
    <UnitTestResult executionId="553ab038-7cf8-491c-8c05-12a6d4261d9e" testId="60fb8aec-01bc-e803-a8c5-ebd962549333" testName="ComputeCoagulationScore_NormalPlatelets_ReturnsZero" computerName="TASNOORI" duration="00:00:00.0003940" startTime="2026-08-11T14:19:59.5958087+05:30" endTime="2026-08-11T14:19:59.5962027+05:30" testType="13cdc9d9-ddb5-4fa4-a97d-d965ccfc6d4b" outcome="Passed" testListId="8c84fa94-04c1-424b-9868-57a2d4851a1d" relativeResultsDirectory="553ab038-7cf8-491c-8c05-12a6d4261d9e" />
    <UnitTestResult executionId="34addd9c-fda7-46de-9440-eb6a7659ea36" testId="4bff5c38-20fa-9522-3f78-f210e8f95756" testName="Handle_MarketingConsentNotSet_LeavesExistingConsentTrue_Untouched" computerName="TASNOORI" duration="00:00:00.9324330" startTime="2026-08-11T14:10:40.8704670+05:30" endTime="2026-08-11T14:10:41.8028998+05:30" testType="13cdc9d9-ddb5-4fa4-a97d-d965ccfc6d4b" outcome="Passed" testListId="8c84fa94-04c1-424b-9868-57a2d4851a1d" relativeResultsDirectory="34addd9c-fda7-46de-9440-eb6a7659ea36" />
    <UnitTestResult executionId="946b29f4-787c-41ba-8935-053823c9b3a0" testId="2cf02ceb-d519-d9b8-fed7-3dda1691d3fa" testName="Handle_ReturnsProfilePictureUrl" computerName="TASNOORI" duration="00:00:00.3878280" startTime="2026-08-11T14:19:01.0329363+05:30" endTime="2026-08-11T14:19:01.4207640+05:30" testType="13cdc9d9-ddb5-4fa4-a97d-d965ccfc6d4b" outcome="Passed" testListId="8c84fa94-04c1-424b-9868-57a2d4851a1d" relativeResultsDirectory="946b29f4-787c-41ba-8935-053823c9b3a0" />
    <UnitTestResult executionId="604c6b99-9a22-44c5-80e0-fd9b6ae19310" testId="ff469f34-5902-b9ff-d437-f18a59a5c8ac" testName="Handle_ReturnsDepartments" computerName="TASNOORI" duration="00:00:00.4264130" startTime="2026-08-11T14:15:29.6390055+05:30" endTime="2026-08-11T14:15:30.0654178+05:30" testType="13cdc9d9-ddb5-4fa4-a97d-d965ccfc6d4b" outcome="Passed" testListId="8c84fa94-04c1-424b-9868-57a2d4851a1d" relativeResultsDirectory="604c6b99-9a22-44c5-80e0-fd9b6ae19310" />
    <UnitTestResult executionId="085a94ec-ab3f-41bf-b9c6-c0e75cb1d10a" testId="3de41b9c-e120-ac38-dbec-67693b4ee615" testName="Handle_BlankCommentText_ReturnsFailure" computerName="TASNOORI" duration="00:00:00.4083770" startTime="2026-08-11T14:03:46.0252006+05:30" endTime="2026-08-11T14:03:46.4335764+05:30" testType="13cdc9d9-ddb5-4fa4-a97d-d965ccfc6d4b" outcome="Passed" testListId="8c84fa94-04c1-424b-9868-57a2d4851a1d" relativeResultsDirectory="085a94ec-ab3f-41bf-b9c6-c0e75cb1d10a" />
    <UnitTestResult executionId="e41e770c-6055-431f-917c-42db48142100" testId="7365dfad-7e5f-2e1b-5b31-c9fed30361aa" testName="Handle_AlreadyConverted_ReturnsError" computerName="TASNOORI" duration="00:00:00.5380140" startTime="2026-08-11T14:11:22.8761215+05:30" endTime="2026-08-11T14:11:23.4141355+05:30" testType="13cdc9d9-ddb5-4fa4-a97d-d965ccfc6d4b" outcome="Passed" testListId="8c84fa94-04c1-424b-9868-57a2d4851a1d" relativeResultsDirectory="e41e770c-6055-431f-917c-42db48142100" />
    <UnitTestResult executionId="e4f024e8-f43e-46d8-ae03-5a2892889a1f" testId="f1179646-b843-a662-4be5-d45c6777dad4" testName="Handle_ValidRequest_RecordsSettings" computerName="TASNOORI" duration="00:00:08.0867120" startTime="2026-08-11T14:14:51.8180387+05:30" endTime="2026-08-11T14:14:59.9047505+05:30" testType="13cdc9d9-ddb5-4fa4-a97d-d965ccfc6d4b" outcome="Passed" testListId="8c84fa94-04c1-424b-9868-57a2d4851a1d" relativeResultsDirectory="e4f024e8-f43e-46d8-ae03-5a2892889a1f" />
    <UnitTestResult executionId="abd22dd0-b6df-4ac9-b057-2bdf48c72ab9" testId="592aa567-e568-47a5-d718-0288996418de" testName="ComputeBloodPressureScore_VeryHigh_ReturnsThree" computerName="TASNOORI" duration="00:00:00.0001040" startTime="2026-08-11T14:15:20.7242832+05:30" endTime="2026-08-11T14:15:20.7243872+05:30" testType="13cdc9d9-ddb5-4fa4-a97d-d965ccfc6d4b" outcome="Passed" testListId="8c84fa94-04c1-424b-9868-57a2d4851a1d" relativeResultsDirectory="abd22dd0-b6df-4ac9-b057-2bdf48c72ab9" />
    <UnitTestResult executionId="5bffd124-da3e-4f15-a131-672cb31aedc1" testId="7b93c885-8a2a-e908-211b-059abde70998" testName="Handle_ValidRequest_UploadsSummaryAndSendsWhatsApp" computerName="TASNOORI" duration="00:00:02.9762550" startTime="2026-08-11T14:12:33.8119431+05:30" endTime="2026-08-11T14:12:36.7881974+05:30" testType="13cdc9d9-ddb5-4fa4-a97d-d965ccfc6d4b" outcome="Passed" testListId="8c84fa94-04c1-424b-9868-57a2d4851a1d" relativeResultsDirectory="5bffd124-da3e-4f15-a131-672cb31aedc1" />
    <UnitTestResult executionId="1ea99421-7680-48cb-b415-d222d97c7fdd" testId="7f64b96b-11ae-e40d-3227-523967940dd5" testName="Handle_Pagination_ReturnsCorrectPageAndTotalCount" computerName="TASNOORI" duration="00:00:00.6159580" startTime="2026-08-11T14:15:26.9392241+05:30" endTime="2026-08-11T14:15:27.5551821+05:30" testType="13cdc9d9-ddb5-4fa4-a97d-d965ccfc6d4b" outcome="Passed" testListId="8c84fa94-04c1-424b-9868-57a2d4851a1d" relativeResultsDirectory="1ea99421-7680-48cb-b415-d222d97c7fdd" />
    <UnitTestResult executionId="9f5009c7-68fd-41f2-ad7c-c63dcd8c4910" testId="0e0c7390-d7c3-ba5b-3c56-f16fe59d1e3a" testName="Handle_DifferentDoctorsHospitalRowsDoNotLeak" computerName="TASNOORI" duration="00:00:00.2281180" startTime="2026-08-11T14:15:36.0391736+05:30" endTime="2026-08-11T14:15:36.2672913+05:30" testType="13cdc9d9-ddb5-4fa4-a97d-d965ccfc6d4b" outcome="Passed" testListId="8c84fa94-04c1-424b-9868-57a2d4851a1d" relativeResultsDirectory="9f5009c7-68fd-41f2-ad7c-c63dcd8c4910" />
    <UnitTestResult executionId="d05c2bab-a91e-4830-9b68-6dcf830bc1ee" testId="bc1f356f-6242-757f-66fc-22e23142e5cf" testName="Resolve_IcuWinsOverBundledCheck_StillExemptViaIcuReason" computerName="TASNOORI" duration="00:00:00.0002509" startTime="2026-08-11T14:19:31.5490408+05:30" endTime="2026-08-11T14:19:31.5492912+05:30" testType="13cdc9d9-ddb5-4fa4-a97d-d965ccfc6d4b" outcome="Passed" testListId="8c84fa94-04c1-424b-9868-57a2d4851a1d" relativeResultsDirectory="d05c2bab-a91e-4830-9b68-6dcf830bc1ee" />
    <UnitTestResult executionId="4c028a90-6a46-4846-8b1a-6fd1e2359605" testId="8409f7dd-c2cd-831a-575e-c5aa0f6b0e99" testName="Handle_ReturnsPersonalizedData" computerName="TASNOORI" duration="00:00:00.8730670" startTime="2026-08-11T14:18:55.3142977+05:30" endTime="2026-08-11T14:18:56.1873643+05:30" testType="13cdc9d9-ddb5-4fa4-a97d-d965ccfc6d4b" outcome="Passed" testListId="8c84fa94-04c1-424b-9868-57a2d4851a1d" relativeResultsDirectory="4c028a90-6a46-4846-8b1a-6fd1e2359605" />
    <UnitTestResult executionId="b786568e-5c0d-4bfe-92fc-2dd724e78763" testId="90db6bd5-20a4-40fe-78f3-5daaff917f0e" testName="Handle_OnlyReturnsDocumentsForTheRequestedAdmission" computerName="TASNOORI" duration="00:00:00.5447000" startTime="2026-08-11T14:15:22.2132345+05:30" endTime="2026-08-11T14:15:22.7579338+05:30" testType="13cdc9d9-ddb5-4fa4-a97d-d965ccfc6d4b" outcome="Passed" testListId="8c84fa94-04c1-424b-9868-57a2d4851a1d" relativeResultsDirectory="b786568e-5c0d-4bfe-92fc-2dd724e78763" />
    <UnitTestResult executionId="f2ee45ea-301d-483d-8ace-f73b3d9f11fc" testId="84baeaac-484a-34be-4b7d-f58cce602b1b" testName="Handle_NoWardRoster_ButDirectPatientAssignment_StillShowsPatient" computerName="TASNOORI" duration="00:00:05.6714030" startTime="2026-08-11T14:16:51.3473328+05:30" endTime="2026-08-11T14:16:57.0187358+05:30" testType="13cdc9d9-ddb5-4fa4-a97d-d965ccfc6d4b" outcome="Passed" testListId="8c84fa94-04c1-424b-9868-57a2d4851a1d" relativeResultsDirectory="f2ee45ea-301d-483d-8ace-f73b3d9f11fc" />
    <UnitTestResult executionId="234d49eb-b1b2-4074-9b50-6a53c9e9c7bb" testId="386c4c4b-3760-2a86-03d7-e3614c71f5ad" testName="Handle_DoctorNotAtHospital_RejectsRequest" computerName="TASNOORI" duration="00:00:00.5506440" startTime="2026-08-11T14:11:19.2143598+05:30" endTime="2026-08-11T14:11:19.7650034+05:30" testType="13cdc9d9-ddb5-4fa4-a97d-d965ccfc6d4b" outcome="Passed" testListId="8c84fa94-04c1-424b-9868-57a2d4851a1d" relativeResultsDirectory="234d49eb-b1b2-4074-9b50-6a53c9e9c7bb" />
    <UnitTestResult executionId="7a267f54-d6bc-4f24-826f-cc9946747134" testId="deb031c3-11b0-7f0a-d20e-a141adeb3254" testName="Handle_CmsUnreachable_StillRegistersHospitalWithoutBlocking" computerName="TASNOORI" duration="00:00:02.5243040" startTime="2026-08-11T14:07:46.7364353+05:30" endTime="2026-08-11T14:07:49.2607389+05:30" testType="13cdc9d9-ddb5-4fa4-a97d-d965ccfc6d4b" outcome="Passed" testListId="8c84fa94-04c1-424b-9868-57a2d4851a1d" relativeResultsDirectory="7a267f54-d6bc-4f24-826f-cc9946747134" />
    <UnitTestResult executionId="c54fa1bb-9c8c-4702-9fea-8630d363c8f8" testId="9fa45809-b148-8576-ca37-a6f99ef4fefc" testName="Handle_WithValidInput_CreatesUserAndReturnsToken" computerName="TASNOORI" duration="00:00:10.1994190" startTime="2026-08-11T14:14:32.5733411+05:30" endTime="2026-08-11T14:14:42.7727624+05:30" testType="13cdc9d9-ddb5-4fa4-a97d-d965ccfc6d4b" outcome="Passed" testListId="8c84fa94-04c1-424b-9868-57a2d4851a1d" relativeResultsDirectory="c54fa1bb-9c8c-4702-9fea-8630d363c8f8" />
    <UnitTestResult executionId="81720d25-a291-4a08-8b47-3e90b7581bc2" testId="172b7551-5460-fe21-0678-c737896a5e62" testName="Handle_ReturnsMedicines" computerName="TASNOORI" duration="00:00:01.3675150" startTime="2026-08-11T14:19:54.1361773+05:30" endTime="2026-08-11T14:19:55.5036916+05:30" testType="13cdc9d9-ddb5-4fa4-a97d-d965ccfc6d4b" outcome="Passed" testListId="8c84fa94-04c1-424b-9868-57a2d4851a1d" relativeResultsDirectory="81720d25-a291-4a08-8b47-3e90b7581bc2" />
    <UnitTestResult executionId="67032dfb-b661-404c-8cf0-9378a678ba62" testId="3c2c469e-f384-180e-c67f-80db48878922" testName="Handle_NoHistory_ReturnsEmptyList" computerName="TASNOORI" duration="00:00:00.3172450" startTime="2026-08-11T14:15:20.7414882+05:30" endTime="2026-08-11T14:15:21.0587326+05:30" testType="13cdc9d9-ddb5-4fa4-a97d-d965ccfc6d4b" outcome="Passed" testListId="8c84fa94-04c1-424b-9868-57a2d4851a1d" relativeResultsDirectory="67032dfb-b661-404c-8cf0-9378a678ba62" />
    <UnitTestResult executionId="4e522402-e51b-4caf-ade3-2937c21fe5ed" testId="4372c4c9-45f4-4d8a-a7dd-ecbed394cb02" testName="Handle_InactiveUser_ReturnsFailure" computerName="TASNOORI" duration="00:00:05.7866750" startTime="2026-08-11T14:13:21.7229705+05:30" endTime="2026-08-11T14:13:27.5096445+05:30" testType="13cdc9d9-ddb5-4fa4-a97d-d965ccfc6d4b" outcome="Passed" testListId="8c84fa94-04c1-424b-9868-57a2d4851a1d" relativeResultsDirectory="4e522402-e51b-4caf-ade3-2937c21fe5ed" />
    <UnitTestResult executionId="54b37810-d2ca-4757-a811-097b28a51b03" testId="fc9f278e-fed2-8cc7-7eb1-b5965bb11f63" testName="Handle_PatientNotFound_ReturnsFailure" computerName="TASNOORI" duration="00:00:03.3807660" startTime="2026-08-11T14:18:16.5286628+05:30" endTime="2026-08-11T14:18:19.9094289+05:30" testType="13cdc9d9-ddb5-4fa4-a97d-d965ccfc6d4b" outcome="Passed" testListId="8c84fa94-04c1-424b-9868-57a2d4851a1d" relativeResultsDirectory="54b37810-d2ca-4757-a811-097b28a51b03" />
    <UnitTestResult executionId="97b3dd06-18b8-4ce3-bd6d-28f407673f66" testId="48b8bf4a-bbf3-bc64-4827-2feb132acc1c" testName="Handle_ValidFullyCompliantCheck_Succeeds" computerName="TASNOORI" duration="00:00:00.7652970" startTime="2026-08-11T14:06:50.7507648+05:30" endTime="2026-08-11T14:06:51.5160615+05:30" testType="13cdc9d9-ddb5-4fa4-a97d-d965ccfc6d4b" outcome="Passed" testListId="8c84fa94-04c1-424b-9868-57a2d4851a1d" relativeResultsDirectory="97b3dd06-18b8-4ce3-bd6d-28f407673f66" />
    <UnitTestResult executionId="f62f00f1-bc0e-49d7-a921-ef7625ec6328" testId="6bba261d-fb63-2082-da99-1b50047bfd92" testName="Handle_ValidReview_PersistsAndReturnsSuccess" computerName="TASNOORI" duration="00:00:00.8032330" startTime="2026-08-11T14:11:16.9500253+05:30" endTime="2026-08-11T14:11:17.7532578+05:30" testType="13cdc9d9-ddb5-4fa4-a97d-d965ccfc6d4b" outcome="Passed" testListId="8c84fa94-04c1-424b-9868-57a2d4851a1d" relativeResultsDirectory="f62f00f1-bc0e-49d7-a921-ef7625ec6328" />
    <UnitTestResult executionId="7568cecf-1e2f-4447-9f51-e87da9c5f949" testId="ecedc9e9-b0bc-579b-c336-41ab6d5eaf86" testName="Handle_ReturnsHospitalMappings" computerName="TASNOORI" duration="00:00:00.2041900" startTime="2026-08-11T14:15:41.1469312+05:30" endTime="2026-08-11T14:15:41.3511206+05:30" testType="13cdc9d9-ddb5-4fa4-a97d-d965ccfc6d4b" outcome="Passed" testListId="8c84fa94-04c1-424b-9868-57a2d4851a1d" relativeResultsDirectory="7568cecf-1e2f-4447-9f51-e87da9c5f949" />
    <UnitTestResult executionId="945c2940-12e7-47e3-b23f-0403320f8d96" testId="1ea6b939-07c1-2538-ecf9-b97f009b0f2e" testName="Handle_PlanIdNotFound_ReturnsError" computerName="TASNOORI" duration="00:00:00.7621639" startTime="2026-08-11T14:12:44.6043195+05:30" endTime="2026-08-11T14:12:45.3664836+05:30" testType="13cdc9d9-ddb5-4fa4-a97d-d965ccfc6d4b" outcome="Passed" testListId="8c84fa94-04c1-424b-9868-57a2d4851a1d" relativeResultsDirectory="945c2940-12e7-47e3-b23f-0403320f8d96" />
    <UnitTestResult executionId="7d4c5007-8bb2-4c5a-8cd9-434e0b940c89" testId="dc7f9bc2-b9b5-f0fc-6ddd-012c4cdb4aad" testName="Handle_UnknownAdmission_ReturnsFailure" computerName="TASNOORI" duration="00:00:00.6276210" startTime="2026-08-11T14:07:11.2164980+05:30" endTime="2026-08-11T14:07:11.8441183+05:30" testType="13cdc9d9-ddb5-4fa4-a97d-d965ccfc6d4b" outcome="Passed" testListId="8c84fa94-04c1-424b-9868-57a2d4851a1d" relativeResultsDirectory="7d4c5007-8bb2-4c5a-8cd9-434e0b940c89" />
    <UnitTestResult executionId="8f7d3a4a-a8fb-45ce-a2a1-3880006fbb15" testId="33861515-8c89-7c26-76ac-2e2a737d1f0b" testName="Handle_NewSettings_InsertsRecord" computerName="TASNOORI" duration="00:00:00.9237500" startTime="2026-08-11T14:12:37.6401047+05:30" endTime="2026-08-11T14:12:38.5638546+05:30" testType="13cdc9d9-ddb5-4fa4-a97d-d965ccfc6d4b" outcome="Passed" testListId="8c84fa94-04c1-424b-9868-57a2d4851a1d" relativeResultsDirectory="8f7d3a4a-a8fb-45ce-a2a1-3880006fbb15" />
    <UnitTestResult executionId="b3c2d7bc-9fad-4fd2-9a4d-ec499e738422" testId="19e64c5e-a634-ad3d-4ba4-811bf9d183d0" testName="Handle_UnknownDoctorId_ReturnsFailure" computerName="TASNOORI" duration="00:00:00.6568370" startTime="2026-08-11T14:10:44.5232478+05:30" endTime="2026-08-11T14:10:45.1800840+05:30" testType="13cdc9d9-ddb5-4fa4-a97d-d965ccfc6d4b" outcome="Passed" testListId="8c84fa94-04c1-424b-9868-57a2d4851a1d" relativeResultsDirectory="b3c2d7bc-9fad-4fd2-9a4d-ec499e738422" />
    <UnitTestResult executionId="37813113-f495-477c-9488-d04996001d65" testId="17de1ce6-1d98-2b0f-4067-47f70bd5da13" testName="Handle_DoctorNotPubliclyListedThemselves_ReturnsFailure" computerName="TASNOORI" duration="00:00:00.8474460" startTime="2026-08-11T14:19:08.2533810+05:30" endTime="2026-08-11T14:19:09.1008271+05:30" testType="13cdc9d9-ddb5-4fa4-a97d-d965ccfc6d4b" outcome="Passed" testListId="8c84fa94-04c1-424b-9868-57a2d4851a1d" relativeResultsDirectory="37813113-f495-477c-9488-d04996001d65" />
    <UnitTestResult executionId="db8d3e70-fc1d-4750-bc60-134b3fe71883" testId="1d6d4647-dc8b-7b19-46cb-80759d5c038b" testName="Handle_MismatchedItemKeys_ReturnsFailure" computerName="TASNOORI" duration="00:00:00.6301390" startTime="2026-08-11T14:06:47.9643707+05:30" endTime="2026-08-11T14:06:48.5945099+05:30" testType="13cdc9d9-ddb5-4fa4-a97d-d965ccfc6d4b" outcome="Passed" testListId="8c84fa94-04c1-424b-9868-57a2d4851a1d" relativeResultsDirectory="db8d3e70-fc1d-4750-bc60-134b3fe71883" />
    <UnitTestResult executionId="8f3b85c4-be27-49af-9eec-defedfea24bb" testId="dafd9e8a-e08f-9ef8-5c0c-b7760c1f71b8" testName="Handle_MarketingConsentTrue_SetsConsentAndTimestamp_OnNewPatient" computerName="TASNOORI" duration="00:00:00.9381490" startTime="2026-08-11T14:10:41.8029272+05:30" endTime="2026-08-11T14:10:42.7410762+05:30" testType="13cdc9d9-ddb5-4fa4-a97d-d965ccfc6d4b" outcome="Passed" testListId="8c84fa94-04c1-424b-9868-57a2d4851a1d" relativeResultsDirectory="8f3b85c4-be27-49af-9eec-defedfea24bb" />
    <UnitTestResult executionId="c90de2ad-a0ad-433a-8218-eb9434c934bc" testId="f68e5d04-6d2e-9e29-d97e-1813992204cf" testName="Handle_SearchByMobile_ReturnsPatient" computerName="TASNOORI" duration="00:00:00.8932730" startTime="2026-08-11T14:19:58.7009329+05:30" endTime="2026-08-11T14:19:59.5942053+05:30" testType="13cdc9d9-ddb5-4fa4-a97d-d965ccfc6d4b" outcome="Passed" testListId="8c84fa94-04c1-424b-9868-57a2d4851a1d" relativeResultsDirectory="c90de2ad-a0ad-433a-8218-eb9434c934bc" />
    <UnitTestResult executionId="5333dca6-d2e5-40b8-825f-a7bb5e47fe70" testId="deaf8f9e-7cc8-2d09-d712-583752ccbe90" testName="Handle_MissingHospitalIdOrMobile_Rejects" computerName="TASNOORI" duration="00:00:00.3379950" startTime="2026-08-11T14:10:57.0607808+05:30" endTime="2026-08-11T14:10:57.3987750+05:30" testType="13cdc9d9-ddb5-4fa4-a97d-d965ccfc6d4b" outcome="Passed" testListId="8c84fa94-04c1-424b-9868-57a2d4851a1d" relativeResultsDirectory="5333dca6-d2e5-40b8-825f-a7bb5e47fe70" />
    <UnitTestResult executionId="0c54c417-52db-4b4d-932e-14ac5f07570c" testId="2059eacc-19c1-6522-b721-3ece1eac747b" testName="Handle_ValidRequest_CreatesPlan" computerName="TASNOORI" duration="00:00:00.6885080" startTime="2026-08-11T14:12:45.3665288+05:30" endTime="2026-08-11T14:12:46.0550362+05:30" testType="13cdc9d9-ddb5-4fa4-a97d-d965ccfc6d4b" outcome="Passed" testListId="8c84fa94-04c1-424b-9868-57a2d4851a1d" relativeResultsDirectory="0c54c417-52db-4b4d-932e-14ac5f07570c" />
    <UnitTestResult executionId="5b0f1cf1-68c3-458d-8c5b-dbc60c0e0a4c" testId="39f69375-3b78-2adc-9077-cfb5c61ca986" testName="ComputeDischargeTatHours_NoPairs_ReturnsZero" computerName="TASNOORI" duration="00:00:00.0094090" startTime="2026-08-11T14:19:33.0712040+05:30" endTime="2026-08-11T14:19:33.0806132+05:30" testType="13cdc9d9-ddb5-4fa4-a97d-d965ccfc6d4b" outcome="Passed" testListId="8c84fa94-04c1-424b-9868-57a2d4851a1d" relativeResultsDirectory="5b0f1cf1-68c3-458d-8c5b-dbc60c0e0a4c" />
    <UnitTestResult executionId="f5dd3ed4-7bf8-4350-ab7c-15df46d39fcd" testId="aec8e429-2193-eba5-d973-0b9b63e2146c" testName="Handle_ExcludesDoctorsAtOtherHospitals" computerName="TASNOORI" duration="00:00:02.6969390" startTime="2026-08-11T14:16:20.5046666+05:30" endTime="2026-08-11T14:16:23.2016069+05:30" testType="13cdc9d9-ddb5-4fa4-a97d-d965ccfc6d4b" outcome="Passed" testListId="8c84fa94-04c1-424b-9868-57a2d4851a1d" relativeResultsDirectory="f5dd3ed4-7bf8-4350-ab7c-15df46d39fcd" />
    <UnitTestResult executionId="24411c6a-366a-48ca-879d-3b8b044d062a" testId="4db5e030-c0fb-44d6-c204-9ecadc9ceefe" testName="Handle_OtPlanSupplied_AutoFillsProcedureName" computerName="TASNOORI" duration="00:00:00.9332300" startTime="2026-08-11T14:04:40.5519822+05:30" endTime="2026-08-11T14:04:41.4852118+05:30" testType="13cdc9d9-ddb5-4fa4-a97d-d965ccfc6d4b" outcome="Passed" testListId="8c84fa94-04c1-424b-9868-57a2d4851a1d" relativeResultsDirectory="24411c6a-366a-48ca-879d-3b8b044d062a" />
    <UnitTestResult executionId="cf444a93-6214-4799-961c-32fe05188d7a" testId="57a09339-d9b5-f621-5f37-0d0b4c8e22a5" testName="Handle_AlreadySkippedTwice_RejectsAsHardStop" computerName="TASNOORI" duration="00:00:00.5102540" startTime="2026-08-11T14:11:07.6579390+05:30" endTime="2026-08-11T14:11:08.1681924+05:30" testType="13cdc9d9-ddb5-4fa4-a97d-d965ccfc6d4b" outcome="Passed" testListId="8c84fa94-04c1-424b-9868-57a2d4851a1d" relativeResultsDirectory="cf444a93-6214-4799-961c-32fe05188d7a" />
    <UnitTestResult executionId="1d832c62-e251-4f3b-b2f1-1b4dfbb73c67" testId="027527c8-f307-4337-0b84-4caf29d0c731" testName="Handle_SameNurseTwiceForSameShift_ReturnsError" computerName="TASNOORI" duration="00:00:00.5603950" startTime="2026-08-11T14:10:36.0441505+05:30" endTime="2026-08-11T14:10:36.6045457+05:30" testType="13cdc9d9-ddb5-4fa4-a97d-d965ccfc6d4b" outcome="Passed" testListId="8c84fa94-04c1-424b-9868-57a2d4851a1d" relativeResultsDirectory="1d832c62-e251-4f3b-b2f1-1b4dfbb73c67" />
    <UnitTestResult executionId="41a40a86-bbe9-4f80-b43c-b73a93461818" testId="558a20f4-2cc7-33db-5240-3b98003a6d01" testName="Handle_ReturnsPublicSafeFields_WithPhotoUrl_NoLicenseOrInternalFields" computerName="TASNOORI" duration="00:00:00.9008820" startTime="2026-08-11T14:19:23.7184057+05:30" endTime="2026-08-11T14:19:24.6192875+05:30" testType="13cdc9d9-ddb5-4fa4-a97d-d965ccfc6d4b" outcome="Passed" testListId="8c84fa94-04c1-424b-9868-57a2d4851a1d" relativeResultsDirectory="41a40a86-bbe9-4f80-b43c-b73a93461818" />
    <UnitTestResult executionId="df58719e-2168-48dc-b7cb-a4a9bc2f46ad" testId="2f997740-6827-9617-4620-34ecdc9cf86a" testName="Handle_NoLines_ReturnsError" computerName="TASNOORI" duration="00:00:00.5732220" startTime="2026-08-11T14:04:46.2385056+05:30" endTime="2026-08-11T14:04:46.8117273+05:30" testType="13cdc9d9-ddb5-4fa4-a97d-d965ccfc6d4b" outcome="Passed" testListId="8c84fa94-04c1-424b-9868-57a2d4851a1d" relativeResultsDirectory="df58719e-2168-48dc-b7cb-a4a9bc2f46ad" />
    <UnitTestResult executionId="18197ba2-4456-4f45-855b-66f1e668280c" testId="e10436c9-27d4-0760-91ce-3c782d03dc50" testName="Handle_InvalidDoctor_ReturnsFailure" computerName="TASNOORI" duration="00:00:00.1983820" startTime="2026-08-11T14:15:35.8405382+05:30" endTime="2026-08-11T14:15:36.0389196+05:30" testType="13cdc9d9-ddb5-4fa4-a97d-d965ccfc6d4b" outcome="Passed" testListId="8c84fa94-04c1-424b-9868-57a2d4851a1d" relativeResultsDirectory="18197ba2-4456-4f45-855b-66f1e668280c" />
    <UnitTestResult executionId="fef07093-add4-44e8-8eb4-19c895653732" testId="4b7c7512-add8-c8b9-9b23-7d6f0e1b79dd" testName="ComputeSlots_Q4h_RollsForwardFromOrderTimeNotWardClock" computerName="TASNOORI" duration="00:00:00.0192780" startTime="2026-08-11T14:19:33.8789899+05:30" endTime="2026-08-11T14:19:33.8982397+05:30" testType="13cdc9d9-ddb5-4fa4-a97d-d965ccfc6d4b" outcome="Passed" testListId="8c84fa94-04c1-424b-9868-57a2d4851a1d" relativeResultsDirectory="fef07093-add4-44e8-8eb4-19c895653732" />
    <UnitTestResult executionId="2e6f0fa7-7cdb-47af-a618-826487f96c62" testId="4053b3a6-4db5-9cd1-c102-96723599f028" testName="Handle_ValidRequest_ReleasesOldRowAndCreatesNewActiveRow_AndUpdatesAdmissionPrimaryDoctorId" computerName="TASNOORI" duration="00:00:00.5520929" startTime="2026-08-11T14:03:45.4728839+05:30" endTime="2026-08-11T14:03:46.0249767+05:30" testType="13cdc9d9-ddb5-4fa4-a97d-d965ccfc6d4b" outcome="Passed" testListId="8c84fa94-04c1-424b-9868-57a2d4851a1d" relativeResultsDirectory="2e6f0fa7-7cdb-47af-a618-826487f96c62" />
    <UnitTestResult executionId="d042c45d-956e-4a77-a917-5e7e7b5ef8c0" testId="b3cfcd92-f27f-8199-5b69-f1870623fc86" testName="Handle_BlankAuthorName_StoresNull" computerName="TASNOORI" duration="00:00:00.7213490" startTime="2026-08-11T14:11:09.6300049+05:30" endTime="2026-08-11T14:11:10.3513540+05:30" testType="13cdc9d9-ddb5-4fa4-a97d-d965ccfc6d4b" outcome="Passed" testListId="8c84fa94-04c1-424b-9868-57a2d4851a1d" relativeResultsDirectory="d042c45d-956e-4a77-a917-5e7e7b5ef8c0" />
    <UnitTestResult executionId="a723bf4c-cc4c-4f54-bb6e-ebda98fa85b6" testId="3cd769f1-a0de-ba6b-aaa1-2949ac9c0428" testName="Handle_HospitalResponse_IncludedInListButExcludedFromAverage" computerName="TASNOORI" duration="00:00:00.4757410" startTime="2026-08-11T14:19:13.4779905+05:30" endTime="2026-08-11T14:19:13.9537309+05:30" testType="13cdc9d9-ddb5-4fa4-a97d-d965ccfc6d4b" outcome="Passed" testListId="8c84fa94-04c1-424b-9868-57a2d4851a1d" relativeResultsDirectory="a723bf4c-cc4c-4f54-bb6e-ebda98fa85b6" />
    <UnitTestResult executionId="70a1a67a-1849-4461-aaf1-b8212083935f" testId="fdb4918a-cfbc-ba70-2f92-7b16ed2467af" testName="Handle_NotFound_ReturnsFailure" computerName="TASNOORI" duration="00:00:00.4436390" startTime="2026-08-11T14:07:05.4371804+05:30" endTime="2026-08-11T14:07:05.8808195+05:30" testType="13cdc9d9-ddb5-4fa4-a97d-d965ccfc6d4b" outcome="Passed" testListId="8c84fa94-04c1-424b-9868-57a2d4851a1d" relativeResultsDirectory="70a1a67a-1849-4461-aaf1-b8212083935f" />
    <UnitTestResult executionId="80056aa1-eaf6-4857-bb0e-17a6bc8cb0e7" testId="71d9c8e3-264b-2cc8-f9d6-ef4c8ffa3a68" testName="Handle_ExcludesDoctor_WithNoPrimarySpeciality" computerName="TASNOORI" duration="00:00:00.7657940" startTime="2026-08-11T14:19:26.8978262+05:30" endTime="2026-08-11T14:19:27.6636206+05:30" testType="13cdc9d9-ddb5-4fa4-a97d-d965ccfc6d4b" outcome="Passed" testListId="8c84fa94-04c1-424b-9868-57a2d4851a1d" relativeResultsDirectory="80056aa1-eaf6-4857-bb0e-17a6bc8cb0e7" />
    <UnitTestResult executionId="0b8a051e-3d66-478c-a2ed-b92a325773ae" testId="eaef3527-d3c9-f26c-abc7-ec5c414900f5" testName="Handle_NoOverrideOrTemplate_ReturnsUnavailable" computerName="TASNOORI" duration="00:00:00.9540880" startTime="2026-08-11T14:19:10.0183409+05:30" endTime="2026-08-11T14:19:10.9724293+05:30" testType="13cdc9d9-ddb5-4fa4-a97d-d965ccfc6d4b" outcome="Passed" testListId="8c84fa94-04c1-424b-9868-57a2d4851a1d" relativeResultsDirectory="0b8a051e-3d66-478c-a2ed-b92a325773ae" />
    <UnitTestResult executionId="075c1fd2-fb54-41ce-908b-51eb028fc1a7" testId="deea8e4d-0e49-742f-0d23-7df0e2c0fe62" testName="Handle_WardNotFound_ReturnsFailure" computerName="TASNOORI" duration="00:00:00.9825650" startTime="2026-08-11T14:10:30.3370797+05:30" endTime="2026-08-11T14:10:31.3196447+05:30" testType="13cdc9d9-ddb5-4fa4-a97d-d965ccfc6d4b" outcome="Passed" testListId="8c84fa94-04c1-424b-9868-57a2d4851a1d" relativeResultsDirectory="075c1fd2-fb54-41ce-908b-51eb028fc1a7" />
    <UnitTestResult executionId="4a4a9a52-b07c-40a4-b36a-ca8b64333508" testId="2ed8cd95-1685-2cc5-d3bc-483288f319af" testName="Handle_ProfileCompletionCalculation_ReturnsCorrectScore" computerName="TASNOORI" duration="00:00:07.2104200" startTime="2026-08-11T14:13:53.2873959+05:30" endTime="2026-08-11T14:14:00.4978175+05:30" testType="13cdc9d9-ddb5-4fa4-a97d-d965ccfc6d4b" outcome="Passed" testListId="8c84fa94-04c1-424b-9868-57a2d4851a1d" relativeResultsDirectory="4a4a9a52-b07c-40a4-b36a-ca8b64333508" />
    <UnitTestResult executionId="6d64c729-a80c-462a-a93d-c61573b79980" testId="81b68e44-dc16-996e-8c2b-5e0705306136" testName="Handle_AdminEditingDoctorNotAtSpecifiedHospital_RejectsUpdate" computerName="TASNOORI" duration="00:00:00.6867050" startTime="2026-08-11T14:07:07.1544953+05:30" endTime="2026-08-11T14:07:07.8411999+05:30" testType="13cdc9d9-ddb5-4fa4-a97d-d965ccfc6d4b" outcome="Passed" testListId="8c84fa94-04c1-424b-9868-57a2d4851a1d" relativeResultsDirectory="6d64c729-a80c-462a-a93d-c61573b79980" />
    <UnitTestResult executionId="244b3ce0-2c75-4c80-9aae-982e04408c98" testId="36327acf-e918-bea7-fa32-c554a91ac2ea" testName="Handle_WithMultipleShifts_ShouldCreateAllShifts" computerName="TASNOORI" duration="00:00:00.6067399" startTime="2026-08-11T14:07:00.7074714+05:30" endTime="2026-08-11T14:07:01.3142113+05:30" testType="13cdc9d9-ddb5-4fa4-a97d-d965ccfc6d4b" outcome="Passed" testListId="8c84fa94-04c1-424b-9868-57a2d4851a1d" relativeResultsDirectory="244b3ce0-2c75-4c80-9aae-982e04408c98" />
    <UnitTestResult executionId="1428145e-9eab-47f6-aa35-fe9813457d54" testId="fc57092c-f558-f07b-f180-b5d843ec6035" testName="Handle_NotFound_ReturnsNull" computerName="TASNOORI" duration="00:00:00.3886730" startTime="2026-08-11T14:16:30.3614903+05:30" endTime="2026-08-11T14:16:30.7501632+05:30" testType="13cdc9d9-ddb5-4fa4-a97d-d965ccfc6d4b" outcome="Passed" testListId="8c84fa94-04c1-424b-9868-57a2d4851a1d" relativeResultsDirectory="1428145e-9eab-47f6-aa35-fe9813457d54" />
    <UnitTestResult executionId="e6b332f6-f8a6-42e7-92c4-1950998da860" testId="857efc3f-62b5-e764-f028-43f8c21b0cfb" testName="Handle_ReviewNotFound_ReturnsFailure" computerName="TASNOORI" duration="00:00:03.1288330" startTime="2026-08-11T14:09:12.9822473+05:30" endTime="2026-08-11T14:09:16.1110809+05:30" testType="13cdc9d9-ddb5-4fa4-a97d-d965ccfc6d4b" outcome="Passed" testListId="8c84fa94-04c1-424b-9868-57a2d4851a1d" relativeResultsDirectory="e6b332f6-f8a6-42e7-92c4-1950998da860" />
    <UnitTestResult executionId="644a0d66-9b57-40f6-9645-df249792eb7b" testId="fb2a1b89-2995-8121-5550-ab3f2fd03cbf" testName="Handle_InvalidStatus_ReturnsMessage" computerName="TASNOORI" duration="00:00:00.5157550" startTime="2026-08-11T14:11:48.0441635+05:30" endTime="2026-08-11T14:11:48.5599179+05:30" testType="13cdc9d9-ddb5-4fa4-a97d-d965ccfc6d4b" outcome="Passed" testListId="8c84fa94-04c1-424b-9868-57a2d4851a1d" relativeResultsDirectory="644a0d66-9b57-40f6-9645-df249792eb7b" />
    <UnitTestResult executionId="b1475631-402e-4ce4-8f94-d1349395355f" testId="e70d44a4-37a0-2f57-4230-65f7cbe2b147" testName="Handle_ZeroQty_ReturnsError" computerName="TASNOORI" duration="00:00:00.4463260" startTime="2026-08-11T14:10:46.8583886+05:30" endTime="2026-08-11T14:10:47.3047140+05:30" testType="13cdc9d9-ddb5-4fa4-a97d-d965ccfc6d4b" outcome="Passed" testListId="8c84fa94-04c1-424b-9868-57a2d4851a1d" relativeResultsDirectory="b1475631-402e-4ce4-8f94-d1349395355f" />
    <UnitTestResult executionId="f7e9f7c3-0e1e-4552-8bf3-25e4dbdcfa72" testId="8288e02d-7e55-7705-ed8d-14bf49503810" testName="ComputeOxygenScore_OnRoomAir_ReturnsZero" computerName="TASNOORI" duration="00:00:00.0000960" startTime="2026-08-11T14:15:20.7254994+05:30" endTime="2026-08-11T14:15:20.7255954+05:30" testType="13cdc9d9-ddb5-4fa4-a97d-d965ccfc6d4b" outcome="Passed" testListId="8c84fa94-04c1-424b-9868-57a2d4851a1d" relativeResultsDirectory="f7e9f7c3-0e1e-4552-8bf3-25e4dbdcfa72" />
    <UnitTestResult executionId="d0fd3ab1-a190-4193-922a-4126d267c7d5" testId="a1d03212-97b8-6954-9d1f-9114beb4a61f" testName="Handle_ReturnsLookupData" computerName="TASNOORI" duration="00:00:12.6057990" startTime="2026-08-11T14:19:39.2569971+05:30" endTime="2026-08-11T14:19:51.8627970+05:30" testType="13cdc9d9-ddb5-4fa4-a97d-d965ccfc6d4b" outcome="Passed" testListId="8c84fa94-04c1-424b-9868-57a2d4851a1d" relativeResultsDirectory="d0fd3ab1-a190-4193-922a-4126d267c7d5" />
    <UnitTestResult executionId="d6e8e64d-2006-4af0-a158-27a1432d9284" testId="049d6a22-905e-980f-9c6d-a6d8d183e851" testName="Handle_NoTemplateLinesJson_ReturnsEmptyLines" computerName="TASNOORI" duration="00:00:06.8691320" startTime="2026-08-11T14:17:18.9657727+05:30" endTime="2026-08-11T14:17:25.8349055+05:30" testType="13cdc9d9-ddb5-4fa4-a97d-d965ccfc6d4b" outcome="Passed" testListId="8c84fa94-04c1-424b-9868-57a2d4851a1d" relativeResultsDirectory="d6e8e64d-2006-4af0-a158-27a1432d9284" />
    <UnitTestResult executionId="c813b2e1-74d0-4a79-b903-b910356bc9d7" testId="a88bd57b-ba5d-7b65-5415-c85ab331ecaf" testName="Handle_ValidationFailed_ReturnsError" computerName="TASNOORI" duration="00:00:00.5949350" startTime="2026-08-11T14:11:05.6877351+05:30" endTime="2026-08-11T14:11:06.2826700+05:30" testType="13cdc9d9-ddb5-4fa4-a97d-d965ccfc6d4b" outcome="Passed" testListId="8c84fa94-04c1-424b-9868-57a2d4851a1d" relativeResultsDirectory="c813b2e1-74d0-4a79-b903-b910356bc9d7" />
    <UnitTestResult executionId="c5253001-ffc0-49b6-941e-d8b6017c86c3" testId="5eb2bc4d-7697-d80a-29ae-4e39cc684ac7" testName="Handle_StatusCounts_RespectsCaseTypeFilter" computerName="TASNOORI" duration="00:00:00.6334220" startTime="2026-08-11T14:15:29.0049646+05:30" endTime="2026-08-11T14:15:29.6383864+05:30" testType="13cdc9d9-ddb5-4fa4-a97d-d965ccfc6d4b" outcome="Passed" testListId="8c84fa94-04c1-424b-9868-57a2d4851a1d" relativeResultsDirectory="c5253001-ffc0-49b6-941e-d8b6017c86c3" />
    <UnitTestResult executionId="6f5de9b0-fdce-41db-b824-4b52a97511bc" testId="aea259c3-61cd-587e-294d-5f5b9f2eec03" testName="Handle_FilterByStatus_ReturnsOnlyMatching" computerName="TASNOORI" duration="00:00:00.5816190" startTime="2026-08-11T14:15:25.7964572+05:30" endTime="2026-08-11T14:15:26.3780758+05:30" testType="13cdc9d9-ddb5-4fa4-a97d-d965ccfc6d4b" outcome="Passed" testListId="8c84fa94-04c1-424b-9868-57a2d4851a1d" relativeResultsDirectory="6f5de9b0-fdce-41db-b824-4b52a97511bc" />
    <UnitTestResult executionId="7b44a3f7-bae3-45d6-8c1a-7520900f3156" testId="a10c4552-6b4e-7c58-efeb-838b85338677" testName="Handle_ValidUser_UploadsPicture" computerName="TASNOORI" duration="00:00:00.4452780" startTime="2026-08-11T14:11:47.0222461+05:30" endTime="2026-08-11T14:11:47.4675242+05:30" testType="13cdc9d9-ddb5-4fa4-a97d-d965ccfc6d4b" outcome="Passed" testListId="8c84fa94-04c1-424b-9868-57a2d4851a1d" relativeResultsDirectory="7b44a3f7-bae3-45d6-8c1a-7520900f3156" />
    <UnitTestResult executionId="4936d6d6-654b-4895-afab-eb65459e6317" testId="d63fc25b-6559-7f65-7508-dd27b9d34cf0" testName="Handle_ReturnsScores_NewestFirst" computerName="TASNOORI" duration="00:00:00.3979890" startTime="2026-08-11T14:15:39.5313842+05:30" endTime="2026-08-11T14:15:39.9293725+05:30" testType="13cdc9d9-ddb5-4fa4-a97d-d965ccfc6d4b" outcome="Passed" testListId="8c84fa94-04c1-424b-9868-57a2d4851a1d" relativeResultsDirectory="4936d6d6-654b-4895-afab-eb65459e6317" />
    <UnitTestResult executionId="f3fe69a3-ac9f-416f-bc46-830beb889b3d" testId="5c5c0142-804a-fe1d-4b1f-c99b229e4491" testName="Handle_FlagsSourceAppointmentCancelled_OnlyForPendingReferrals" computerName="TASNOORI" duration="00:00:00.5611010" startTime="2026-08-11T14:15:26.3781008+05:30" endTime="2026-08-11T14:15:26.9392015+05:30" testType="13cdc9d9-ddb5-4fa4-a97d-d965ccfc6d4b" outcome="Passed" testListId="8c84fa94-04c1-424b-9868-57a2d4851a1d" relativeResultsDirectory="f3fe69a3-ac9f-416f-bc46-830beb889b3d" />
    <UnitTestResult executionId="a41c4c7e-3d58-4cf6-a543-626636967785" testId="a74df3c8-cc48-4e1c-526e-ea83773da1d2" testName="Handle_BlankComment_ReturnsFailure" computerName="TASNOORI" duration="00:00:00.3295650" startTime="2026-08-11T14:11:41.3794746+05:30" endTime="2026-08-11T14:11:41.7090393+05:30" testType="13cdc9d9-ddb5-4fa4-a97d-d965ccfc6d4b" outcome="Passed" testListId="8c84fa94-04c1-424b-9868-57a2d4851a1d" relativeResultsDirectory="a41c4c7e-3d58-4cf6-a543-626636967785" />
    <UnitTestResult executionId="cfa4b10d-7550-4730-9cfb-299a778add2a" testId="57d93360-67cb-376d-ae18-75d4c8eab0b6" testName="Handle_ReturnsUserPermissions" computerName="TASNOORI" duration="00:00:00.8505660" startTime="2026-08-11T14:20:00.1151967+05:30" endTime="2026-08-11T14:20:00.9657617+05:30" testType="13cdc9d9-ddb5-4fa4-a97d-d965ccfc6d4b" outcome="Passed" testListId="8c84fa94-04c1-424b-9868-57a2d4851a1d" relativeResultsDirectory="cfa4b10d-7550-4730-9cfb-299a778add2a" />
    <UnitTestResult executionId="1897aca3-3625-49e1-b8bb-a3afc930e4b0" testId="6196df0f-93aa-5206-ccb4-db851f5296d2" testName="Handle_ValidRequest_UpdatesProfile" computerName="TASNOORI" duration="00:00:00.5789240" startTime="2026-08-11T14:11:39.4799151+05:30" endTime="2026-08-11T14:11:40.0588386+05:30" testType="13cdc9d9-ddb5-4fa4-a97d-d965ccfc6d4b" outcome="Passed" testListId="8c84fa94-04c1-424b-9868-57a2d4851a1d" relativeResultsDirectory="1897aca3-3625-49e1-b8bb-a3afc930e4b0" />
    <UnitTestResult executionId="626b00ba-e2fd-4614-9990-a72896b4359f" testId="9326be49-a85d-431a-97e9-4ff3e2507528" testName="ComputeCreatininePoints_AcuteRenalFailure_DoublesPoints" computerName="TASNOORI" duration="00:00:00.0010990" startTime="2026-08-11T14:15:11.8755620+05:30" endTime="2026-08-11T14:15:11.8766605+05:30" testType="13cdc9d9-ddb5-4fa4-a97d-d965ccfc6d4b" outcome="Passed" testListId="8c84fa94-04c1-424b-9868-57a2d4851a1d" relativeResultsDirectory="626b00ba-e2fd-4614-9990-a72896b4359f" />
    <UnitTestResult executionId="e4bd850b-4054-4a7a-a3ad-fb54bd9706cf" testId="2c5f894e-2a78-65a7-206a-999687069702" testName="Handle_ZeroQty_ReturnsError" computerName="TASNOORI" duration="00:00:00.3647430" startTime="2026-08-11T14:11:22.5110459+05:30" endTime="2026-08-11T14:11:22.8757892+05:30" testType="13cdc9d9-ddb5-4fa4-a97d-d965ccfc6d4b" outcome="Passed" testListId="8c84fa94-04c1-424b-9868-57a2d4851a1d" relativeResultsDirectory="e4bd850b-4054-4a7a-a3ad-fb54bd9706cf" />
    <UnitTestResult executionId="95e57bbe-3b37-4834-8260-6c99433456bb" testId="fe966e71-eb31-13fc-584d-209b796c0143" testName="Handle_FuzzySpellingVariant_StillSurfaces_RankedBelowExactMatch" computerName="TASNOORI" duration="00:00:00.7913690" startTime="2026-08-11T14:19:56.3446225+05:30" endTime="2026-08-11T14:19:57.1359912+05:30" testType="13cdc9d9-ddb5-4fa4-a97d-d965ccfc6d4b" outcome="Passed" testListId="8c84fa94-04c1-424b-9868-57a2d4851a1d" relativeResultsDirectory="95e57bbe-3b37-4834-8260-6c99433456bb" />
    <UnitTestResult executionId="338413e1-1abd-4ab1-a977-1b0f396ab8f8" testId="8cf39109-590c-cb3e-6275-ba9020cb5e1a" testName="Handle_ExcludesHospitalResponses_FromRatingAggregate" computerName="TASNOORI" duration="00:00:00.8504860" startTime="2026-08-11T14:19:02.5045480+05:30" endTime="2026-08-11T14:19:03.3550337+05:30" testType="13cdc9d9-ddb5-4fa4-a97d-d965ccfc6d4b" outcome="Passed" testListId="8c84fa94-04c1-424b-9868-57a2d4851a1d" relativeResultsDirectory="338413e1-1abd-4ab1-a977-1b0f396ab8f8" />
    <UnitTestResult executionId="4a233de8-42bd-47d7-b028-f8759aa600bf" testId="e1dcc626-add3-3790-ede6-ef60298d6b64" testName="Handle_ExistingPlanId_UpdatesInPlace" computerName="TASNOORI" duration="00:00:00.8296860" startTime="2026-08-11T14:12:42.2416390+05:30" endTime="2026-08-11T14:12:43.0713249+05:30" testType="13cdc9d9-ddb5-4fa4-a97d-d965ccfc6d4b" outcome="Passed" testListId="8c84fa94-04c1-424b-9868-57a2d4851a1d" relativeResultsDirectory="4a233de8-42bd-47d7-b028-f8759aa600bf" />
    <UnitTestResult executionId="4fef6520-624f-4d83-a608-2109053c8eef" testId="e1a97532-2c6e-d1ff-63d3-e6e3629eb73c" testName="ComputeRiskBand_TotalFiveOrSix_ReturnsMedium" computerName="TASNOORI" duration="00:00:00.0001180" startTime="2026-08-11T14:15:20.7306526+05:30" endTime="2026-08-11T14:15:20.7307705+05:30" testType="13cdc9d9-ddb5-4fa4-a97d-d965ccfc6d4b" outcome="Passed" testListId="8c84fa94-04c1-424b-9868-57a2d4851a1d" relativeResultsDirectory="4fef6520-624f-4d83-a608-2109053c8eef" />
    <UnitTestResult executionId="9d1f0c28-53fc-4430-b39d-2697a42c9514" testId="e413a385-1d99-4758-0c15-9d37d2a71826" testName="Handle_DoctorNotFound_ReturnsError" computerName="TASNOORI" duration="00:00:00.3239929" startTime="2026-08-11T14:06:36.9373506+05:30" endTime="2026-08-11T14:06:37.2613431+05:30" testType="13cdc9d9-ddb5-4fa4-a97d-d965ccfc6d4b" outcome="Passed" testListId="8c84fa94-04c1-424b-9868-57a2d4851a1d" relativeResultsDirectory="9d1f0c28-53fc-4430-b39d-2697a42c9514" />
    <UnitTestResult executionId="84f679fa-88f2-4338-8676-6178e72c1c9f" testId="a1e254df-c662-5542-9d30-352768fae075" testName="Handle_CallerHasDoctorProfile_FlipsOwnFlag" computerName="TASNOORI" duration="00:00:00.5843890" startTime="2026-08-11T14:11:37.9138504+05:30" endTime="2026-08-11T14:11:38.4982383+05:30" testType="13cdc9d9-ddb5-4fa4-a97d-d965ccfc6d4b" outcome="Passed" testListId="8c84fa94-04c1-424b-9868-57a2d4851a1d" relativeResultsDirectory="84f679fa-88f2-4338-8676-6178e72c1c9f" />
    <UnitTestResult executionId="4600b451-dd5f-4355-80b5-4de51e0c5ab3" testId="dcd5f237-9590-5d25-a215-3b62b0372abc" testName="Handle_PrimaryDoctorIdSupplied_SeedsInitialAdmissionDoctorAssignmentRow" computerName="TASNOORI" duration="00:00:30.0118110" startTime="2026-08-11T14:04:03.9784221+05:30" endTime="2026-08-11T14:04:33.9902645+05:30" testType="13cdc9d9-ddb5-4fa4-a97d-d965ccfc6d4b" outcome="Passed" testListId="8c84fa94-04c1-424b-9868-57a2d4851a1d" relativeResultsDirectory="4600b451-dd5f-4355-80b5-4de51e0c5ab3" />
    <UnitTestResult executionId="ce74b518-38d2-4809-877c-22da95dd33ea" testId="9bd0cbf0-8919-44b3-59af-13964863011f" testName="DeriveSlotStatus_PastMissedThreshold_IsMissed" computerName="TASNOORI" duration="00:00:00.0045900" startTime="2026-08-11T14:19:34.9224644+05:30" endTime="2026-08-11T14:19:34.9270538+05:30" testType="13cdc9d9-ddb5-4fa4-a97d-d965ccfc6d4b" outcome="Passed" testListId="8c84fa94-04c1-424b-9868-57a2d4851a1d" relativeResultsDirectory="ce74b518-38d2-4809-877c-22da95dd33ea" />
    <UnitTestResult executionId="1c2ad344-3336-4cba-af07-47149963aba0" testId="86f10fc4-4747-848d-e856-9a985f09356a" testName="ComputePulseScore_VeryLow_ReturnsThree" computerName="TASNOORI" duration="00:00:00.0002000" startTime="2026-08-11T14:15:20.7286053+05:30" endTime="2026-08-11T14:15:20.7288051+05:30" testType="13cdc9d9-ddb5-4fa4-a97d-d965ccfc6d4b" outcome="Passed" testListId="8c84fa94-04c1-424b-9868-57a2d4851a1d" relativeResultsDirectory="1c2ad344-3336-4cba-af07-47149963aba0" />
    <UnitTestResult executionId="8f630355-3b2a-4b89-bfc0-c5848af21b09" testId="f09ace51-625a-63d7-4ccc-d40515627159" testName="Handle_ChargePostingFails_ReturnsError" computerName="TASNOORI" duration="00:00:00.5584080" startTime="2026-08-11T14:10:49.5539352+05:30" endTime="2026-08-11T14:10:50.1123427+05:30" testType="13cdc9d9-ddb5-4fa4-a97d-d965ccfc6d4b" outcome="Passed" testListId="8c84fa94-04c1-424b-9868-57a2d4851a1d" relativeResultsDirectory="8f630355-3b2a-4b89-bfc0-c5848af21b09" />
    <UnitTestResult executionId="be88b337-bd24-4ca4-b35f-8b8409f60759" testId="f4327102-7a87-eb53-2c85-f5d248cbc353" testName="Handle_SwitchToSelf_ClearsReferrerFields" computerName="TASNOORI" duration="00:00:00.3270260" startTime="2026-08-11T14:03:49.4987082+05:30" endTime="2026-08-11T14:03:49.8257341+05:30" testType="13cdc9d9-ddb5-4fa4-a97d-d965ccfc6d4b" outcome="Passed" testListId="8c84fa94-04c1-424b-9868-57a2d4851a1d" relativeResultsDirectory="be88b337-bd24-4ca4-b35f-8b8409f60759" />
    <UnitTestResult executionId="59827e99-31db-4069-a7ef-cadd4c9a3e1d" testId="09fb10cd-9a7c-ee27-460a-5441ecb5bde8" testName="Handle_ValidRequest_CreatesReferral_WithPendingStatus_AndHistory" computerName="TASNOORI" duration="00:00:01.3755220" startTime="2026-08-11T14:04:42.8301893+05:30" endTime="2026-08-11T14:04:44.2057122+05:30" testType="13cdc9d9-ddb5-4fa4-a97d-d965ccfc6d4b" outcome="Passed" testListId="8c84fa94-04c1-424b-9868-57a2d4851a1d" relativeResultsDirectory="59827e99-31db-4069-a7ef-cadd4c9a3e1d" />
    <UnitTestResult executionId="d7427045-b72b-471b-bb32-e7ac215fe5e2" testId="414412b2-50a3-4180-094a-c7f7fac5a794" testName="Handle_Insert_DifferentDeviceTypesConcurrently_Succeeds" computerName="TASNOORI" duration="00:00:00.6112870" startTime="2026-08-11T14:06:43.4752219+05:30" endTime="2026-08-11T14:06:44.0865094+05:30" testType="13cdc9d9-ddb5-4fa4-a97d-d965ccfc6d4b" outcome="Passed" testListId="8c84fa94-04c1-424b-9868-57a2d4851a1d" relativeResultsDirectory="d7427045-b72b-471b-bb32-e7ac215fe5e2" />
    <UnitTestResult executionId="1be0da5c-1293-478f-9c6f-1b500dd3aab1" testId="37c8950c-8e6a-a29d-b5b2-6d2dbb8818bf" testName="Handle_UnknownDoctorId_ReturnsFailure" computerName="TASNOORI" duration="00:00:00.6053180" startTime="2026-08-11T14:11:33.8273066+05:30" endTime="2026-08-11T14:11:34.4326247+05:30" testType="13cdc9d9-ddb5-4fa4-a97d-d965ccfc6d4b" outcome="Passed" testListId="8c84fa94-04c1-424b-9868-57a2d4851a1d" relativeResultsDirectory="1be0da5c-1293-478f-9c6f-1b500dd3aab1" />
    <UnitTestResult executionId="f11d8328-d83a-496f-acf3-407ccebc4505" testId="c74a4f01-62c2-b437-575e-b17a0f539936" testName="Handle_StatusCounts_IncludesZeroCountStatuses_AndIgnoresStatusFilter" computerName="TASNOORI" duration="00:00:00.6437160" startTime="2026-08-11T14:15:28.3612020+05:30" endTime="2026-08-11T14:15:29.0049178+05:30" testType="13cdc9d9-ddb5-4fa4-a97d-d965ccfc6d4b" outcome="Passed" testListId="8c84fa94-04c1-424b-9868-57a2d4851a1d" relativeResultsDirectory="f11d8328-d83a-496f-acf3-407ccebc4505" />
    <UnitTestResult executionId="50a5022b-3c9d-4540-b1b6-0a54064b7d22" testId="cc0de877-1b6b-5917-c426-a061af464bd6" testName="ComputeRiskBand_TotalSevenOrMore_ReturnsHigh" computerName="TASNOORI" duration="00:00:00.0000910" startTime="2026-08-11T14:15:20.7308803+05:30" endTime="2026-08-11T14:15:20.7309711+05:30" testType="13cdc9d9-ddb5-4fa4-a97d-d965ccfc6d4b" outcome="Passed" testListId="8c84fa94-04c1-424b-9868-57a2d4851a1d" relativeResultsDirectory="50a5022b-3c9d-4540-b1b6-0a54064b7d22" />
    <UnitTestResult executionId="96b2a186-5375-44a4-a5ef-8299f1a02853" testId="a4a693c9-0f0b-a798-06c6-7195e9672379" testName="Handle_ReturnsChecks_NewestFirst_WithDeserializedItems" computerName="TASNOORI" duration="00:00:00.5088080" startTime="2026-08-11T14:15:34.4961945+05:30" endTime="2026-08-11T14:15:35.0050026+05:30" testType="13cdc9d9-ddb5-4fa4-a97d-d965ccfc6d4b" outcome="Passed" testListId="8c84fa94-04c1-424b-9868-57a2d4851a1d" relativeResultsDirectory="96b2a186-5375-44a4-a5ef-8299f1a02853" />
    <UnitTestResult executionId="0a497057-f1e5-4061-9236-606b2c48afd1" testId="73a2097e-282a-8abc-f878-bfefd5bfdc4f" testName="Handle_Insert_InvalidDeviceType_ReturnsFailure" computerName="TASNOORI" duration="00:00:00.5665740" startTime="2026-08-11T14:06:44.8377178+05:30" endTime="2026-08-11T14:06:45.4042917+05:30" testType="13cdc9d9-ddb5-4fa4-a97d-d965ccfc6d4b" outcome="Passed" testListId="8c84fa94-04c1-424b-9868-57a2d4851a1d" relativeResultsDirectory="0a497057-f1e5-4061-9236-606b2c48afd1" />
    <UnitTestResult executionId="ffebf931-0b78-4650-afb7-c7fb4fe620f6" testId="16ea2c5a-1d79-b401-6483-e16b40a611ef" testName="Handle_ReturnsDocuments_NewestFirst_WithCorrectCount" computerName="TASNOORI" duration="00:00:00.5596800" startTime="2026-08-11T14:15:22.7579612+05:30" endTime="2026-08-11T14:15:23.3176414+05:30" testType="13cdc9d9-ddb5-4fa4-a97d-d965ccfc6d4b" outcome="Passed" testListId="8c84fa94-04c1-424b-9868-57a2d4851a1d" relativeResultsDirectory="ffebf931-0b78-4650-afb7-c7fb4fe620f6" />
    <UnitTestResult executionId="89b96280-4091-4f31-aac1-3f7a3d9be07a" testId="d9e45849-bb31-a4e5-904f-974b7f10a9af" testName="ComputeOverlapDays_OpenEndedSpan_ClampsToRangeEnd" computerName="TASNOORI" duration="00:00:00.0025790" startTime="2026-08-11T14:15:12.3028512+05:30" endTime="2026-08-11T14:15:12.3054300+05:30" testType="13cdc9d9-ddb5-4fa4-a97d-d965ccfc6d4b" outcome="Passed" testListId="8c84fa94-04c1-424b-9868-57a2d4851a1d" relativeResultsDirectory="89b96280-4091-4f31-aac1-3f7a3d9be07a" />
    <UnitTestResult executionId="7b1f7eda-457a-42af-b663-ab8e4b891b68" testId="4b2a309f-eba0-1b71-c86f-0549f6b1304d" testName="Handle_ReturnsLookupData" computerName="TASNOORI" duration="00:00:11.3564160" startTime="2026-08-11T14:18:36.4317058+05:30" endTime="2026-08-11T14:18:47.7881228+05:30" testType="13cdc9d9-ddb5-4fa4-a97d-d965ccfc6d4b" outcome="Passed" testListId="8c84fa94-04c1-424b-9868-57a2d4851a1d" relativeResultsDirectory="7b1f7eda-457a-42af-b663-ab8e4b891b68" />
    <UnitTestResult executionId="fb7cd821-ce90-4bfa-810e-c5edb6610ba3" testId="4b49ecf4-6248-db58-feb3-2853f10a3219" testName="Handle_FewerThanThreeWaiting_RequeuesAtEnd" computerName="TASNOORI" duration="00:00:00.5400960" startTime="2026-08-11T14:11:08.1682215+05:30" endTime="2026-08-11T14:11:08.7083166+05:30" testType="13cdc9d9-ddb5-4fa4-a97d-d965ccfc6d4b" outcome="Passed" testListId="8c84fa94-04c1-424b-9868-57a2d4851a1d" relativeResultsDirectory="fb7cd821-ce90-4bfa-810e-c5edb6610ba3" />
    <UnitTestResult executionId="02badf3d-e179-49df-a164-c8927c067a23" testId="5353bcb0-d0cd-389e-376a-99b5f659e44a" testName="Handle_UpdateExistingPersonalizedData_ReturnsSuccess" computerName="TASNOORI" duration="00:00:09.6451809" startTime="2026-08-11T14:13:07.5075033+05:30" endTime="2026-08-11T14:13:17.1526845+05:30" testType="13cdc9d9-ddb5-4fa4-a97d-d965ccfc6d4b" outcome="Passed" testListId="8c84fa94-04c1-424b-9868-57a2d4851a1d" relativeResultsDirectory="02badf3d-e179-49df-a164-c8927c067a23" />
    <UnitTestResult executionId="060453fa-1a9d-424d-8db2-5e743aec5e72" testId="3ece7415-f851-bdd9-df0f-5a09c525a9d2" testName="Handle_MultipleAppointmentsToday_ReturnsCandidatesWithoutIssuingToken" computerName="TASNOORI" duration="00:00:00.7548100" startTime="2026-08-11T14:10:57.3988058+05:30" endTime="2026-08-11T14:10:58.1536159+05:30" testType="13cdc9d9-ddb5-4fa4-a97d-d965ccfc6d4b" outcome="Passed" testListId="8c84fa94-04c1-424b-9868-57a2d4851a1d" relativeResultsDirectory="060453fa-1a9d-424d-8db2-5e743aec5e72" />
    <UnitTestResult executionId="a7c82b6b-e4af-4229-beae-13da1d5087b6" testId="1f947272-b60e-1feb-6801-3947bb7dc513" testName="Handle_ChargeNotFound_ReturnsFailure" computerName="TASNOORI" duration="00:00:00.5039180" startTime="2026-08-11T14:11:24.9523452+05:30" endTime="2026-08-11T14:11:25.4562628+05:30" testType="13cdc9d9-ddb5-4fa4-a97d-d965ccfc6d4b" outcome="Passed" testListId="8c84fa94-04c1-424b-9868-57a2d4851a1d" relativeResultsDirectory="a7c82b6b-e4af-4229-beae-13da1d5087b6" />
    <UnitTestResult executionId="7f02c38e-2a88-4b1d-92da-49b3f5c7dcf8" testId="34d127e9-6159-ff42-452e-59a32dfbc8b0" testName="Handle_BlankComponentEntries_AreDropped" computerName="TASNOORI" duration="00:00:00.7224130" startTime="2026-08-11T14:12:46.0562231+05:30" endTime="2026-08-11T14:12:46.7786355+05:30" testType="13cdc9d9-ddb5-4fa4-a97d-d965ccfc6d4b" outcome="Passed" testListId="8c84fa94-04c1-424b-9868-57a2d4851a1d" relativeResultsDirectory="7f02c38e-2a88-4b1d-92da-49b3f5c7dcf8" />
    <UnitTestResult executionId="dd17c258-b88e-46bf-b3b1-60376b222b69" testId="1a09fec0-1e5c-9c39-4225-2e8d99687f3f" testName="ComputeBedTurnaroundHours_NoGapsInWindow_ReturnsZero" computerName="TASNOORI" duration="00:00:00.0002160" startTime="2026-08-11T14:19:33.0132188+05:30" endTime="2026-08-11T14:19:33.0134350+05:30" testType="13cdc9d9-ddb5-4fa4-a97d-d965ccfc6d4b" outcome="Passed" testListId="8c84fa94-04c1-424b-9868-57a2d4851a1d" relativeResultsDirectory="dd17c258-b88e-46bf-b3b1-60376b222b69" />
    <UnitTestResult executionId="13d398aa-ebe2-4e22-b2b7-1eb076626b8d" testId="f613d61b-044e-4e8c-b013-d952509a5a10" testName="Handle_DoctorAtHospital_TurnsOffListing" computerName="TASNOORI" duration="00:00:00.7127070" startTime="2026-08-11T14:11:35.2267326+05:30" endTime="2026-08-11T14:11:35.9394391+05:30" testType="13cdc9d9-ddb5-4fa4-a97d-d965ccfc6d4b" outcome="Passed" testListId="8c84fa94-04c1-424b-9868-57a2d4851a1d" relativeResultsDirectory="13d398aa-ebe2-4e22-b2b7-1eb076626b8d" />
    <UnitTestResult executionId="ffb84806-f8f0-4649-b515-45f6d50cd156" testId="a2d2c65d-7250-413a-fe71-64abf3c6a5f9" testName="ComputeRiskBand_LowTotalNoRedFlag_ReturnsLow" computerName="TASNOORI" duration="00:00:00.0000810" startTime="2026-08-11T14:15:20.7304034+05:30" endTime="2026-08-11T14:15:20.7304840+05:30" testType="13cdc9d9-ddb5-4fa4-a97d-d965ccfc6d4b" outcome="Passed" testListId="8c84fa94-04c1-424b-9868-57a2d4851a1d" relativeResultsDirectory="ffb84806-f8f0-4649-b515-45f6d50cd156" />
    <UnitTestResult executionId="b70e4825-cd68-42d4-8517-199c6ae3dec2" testId="21bbfb1e-3de7-5419-95d8-fa638b26a9d3" testName="Match_CandidateExactlyAtSlot_Matches" computerName="TASNOORI" duration="00:00:01.5310729" startTime="2026-08-11T14:19:36.5774648+05:30" endTime="2026-08-11T14:19:38.1085382+05:30" testType="13cdc9d9-ddb5-4fa4-a97d-d965ccfc6d4b" outcome="Passed" testListId="8c84fa94-04c1-424b-9868-57a2d4851a1d" relativeResultsDirectory="b70e4825-cd68-42d4-8517-199c6ae3dec2" />
[...]
    <TestEntry testId="9f093f3a-c5e7-1d63-54d4-b48d0e73dc5c" executionId="a6ec0b11-82a3-4140-b23e-0176dd8f7ed0" testListId="8c84fa94-04c1-424b-9868-57a2d4851a1d" />
    <TestEntry testId="49481988-80b1-7ce0-2d70-4de4cea489c2" executionId="4d1ba1ac-51eb-463d-8d20-339d19d04a31" testListId="8c84fa94-04c1-424b-9868-57a2d4851a1d" />
    <TestEntry testId="ab1c5f68-6e45-f5cd-90cc-d5704d6fdeec" executionId="76f86606-10e6-4f2c-8f36-302e51a372a1" testListId="8c84fa94-04c1-424b-9868-57a2d4851a1d" />
    <TestEntry testId="120de174-1a36-b490-9f3c-95245662193a" executionId="1fa8ec9d-23fa-4e78-bd49-e081fee44c3a" testListId="8c84fa94-04c1-424b-9868-57a2d4851a1d" />
    <TestEntry testId="08bcc3cc-9541-6c91-a47a-a777e6ab90aa" executionId="ad8fe5fa-0131-4236-a3d1-194c3876a12c" testListId="8c84fa94-04c1-424b-9868-57a2d4851a1d" />
    <TestEntry testId="53ce4674-e532-668f-90ba-7574b83cae1b" executionId="670e0c70-3288-41ef-ad85-15f28857fb1f" testListId="8c84fa94-04c1-424b-9868-57a2d4851a1d" />
    <TestEntry testId="dfb1a37d-89a5-05df-3061-da37a355015b" executionId="8d3f6b9a-33d7-4972-801c-f534f211aa39" testListId="8c84fa94-04c1-424b-9868-57a2d4851a1d" />
    <TestEntry testId="d50d05dc-cb56-ff5b-0334-89e09541c01f" executionId="08dfe04f-8012-4e90-93e9-e00ee97a5b16" testListId="8c84fa94-04c1-424b-9868-57a2d4851a1d" />
    <TestEntry testId="5ab553f4-ed76-5709-b748-b3c925284dcc" executionId="c98924cf-389a-4432-ac14-dc4cd7e0f8b9" testListId="8c84fa94-04c1-424b-9868-57a2d4851a1d" />
    <TestEntry testId="26f002a8-30e4-2a22-2c9f-61e47c2263bd" executionId="6a1471e5-90c8-41b2-990a-89aa1c66658b" testListId="8c84fa94-04c1-424b-9868-57a2d4851a1d" />
    <TestEntry testId="0824044d-47ec-3da8-2a41-90ac1b98a394" executionId="97ffbf43-7565-4063-b5a4-449292a75183" testListId="8c84fa94-04c1-424b-9868-57a2d4851a1d" />
    <TestEntry testId="673db033-165d-1ab9-cc40-158746119b65" executionId="492d10d2-40a7-4d59-953b-c3df7d192024" testListId="8c84fa94-04c1-424b-9868-57a2d4851a1d" />
    <TestEntry testId="9427decb-f306-3d31-f59a-77bbc1b0e6a9" executionId="1a4fa5aa-8861-4c61-81db-db6c52962e40" testListId="8c84fa94-04c1-424b-9868-57a2d4851a1d" />
    <TestEntry testId="58a72e1d-658d-9fa1-aa6f-cda43cebeff2" executionId="ccf2a5c0-ab92-4751-b7ab-9a89a46eedc6" testListId="8c84fa94-04c1-424b-9868-57a2d4851a1d" />
    <TestEntry testId="4a0fb49e-fc73-829b-ff0d-b6d68a6df75a" executionId="2c107c10-6f77-4841-a855-72ac1640a315" testListId="8c84fa94-04c1-424b-9868-57a2d4851a1d" />
    <TestEntry testId="90a86e04-2620-ff98-55fe-ada2a0a49371" executionId="accb12c5-0773-4723-9afc-1178d865e56c" testListId="8c84fa94-04c1-424b-9868-57a2d4851a1d" />
    <TestEntry testId="b8a62e7c-1ae6-937d-95c2-86feda121ed8" executionId="926e9881-2385-4e00-833a-6ddc521de9bd" testListId="8c84fa94-04c1-424b-9868-57a2d4851a1d" />
    <TestEntry testId="7eaa51fc-8a4a-d85d-4844-89a9ca12bfdc" executionId="377820e4-9d5b-4b28-b267-da0e97fbef6a" testListId="8c84fa94-04c1-424b-9868-57a2d4851a1d" />
    <TestEntry testId="64ef2cad-6685-d187-75eb-5a99025151d1" executionId="d7108501-121f-4d17-86c8-c333f29b6c18" testListId="8c84fa94-04c1-424b-9868-57a2d4851a1d" />
    <TestEntry testId="4c50c6be-4f47-d525-c26e-bad8c73b756c" executionId="d3bb38c8-3c90-4dbc-bf49-6a4020d3ba75" testListId="8c84fa94-04c1-424b-9868-57a2d4851a1d" />
    <TestEntry testId="3f3c332b-d89c-916a-65d7-bbe7f6535a04" executionId="5ef79b89-9e32-437d-89eb-f4e5ccc6e737" testListId="8c84fa94-04c1-424b-9868-57a2d4851a1d" />
    <TestEntry testId="13fb5940-3fca-acbb-6865-75587aacd7b6" executionId="aa466b71-7585-4eb2-a7d0-ff48aca0a382" testListId="8c84fa94-04c1-424b-9868-57a2d4851a1d" />
    <TestEntry testId="522763ee-8c2f-35eb-8775-d432c99bf119" executionId="c1de0471-9b65-43e6-b8bc-d577fd194ef6" testListId="8c84fa94-04c1-424b-9868-57a2d4851a1d" />
    <TestEntry testId="b1e93462-f0d3-5be8-e6fa-30f05b48e843" executionId="99d77b45-304b-46ac-bde9-a498b77a96d6" testListId="8c84fa94-04c1-424b-9868-57a2d4851a1d" />
    <TestEntry testId="bf937fef-1f4f-4fc0-6493-52711429797f" executionId="76f70ee9-fad8-469b-8e07-b92e4dc2d926" testListId="8c84fa94-04c1-424b-9868-57a2d4851a1d" />
    <TestEntry testId="298077a7-4a96-0f2c-f8c8-e2d4b32d4fe5" executionId="a693a7f6-d5aa-4144-b65f-b9e342fdd584" testListId="8c84fa94-04c1-424b-9868-57a2d4851a1d" />
    <TestEntry testId="6fa5781c-9ab5-52d5-869a-e4e07baa8ef9" executionId="82ed0a8a-f2fa-4425-9caa-5b718bdb903e" testListId="8c84fa94-04c1-424b-9868-57a2d4851a1d" />
    <TestEntry testId="8e2fe845-629a-a7c8-ff56-94450b3bd2c1" executionId="04c0ca02-8abe-46de-a1c1-4f9fa9d586a5" testListId="8c84fa94-04c1-424b-9868-57a2d4851a1d" />
    <TestEntry testId="484b5307-947e-384f-f98f-fda92757fe09" executionId="36f52a63-3ea4-4b3e-9692-64b410a9f3c0" testListId="8c84fa94-04c1-424b-9868-57a2d4851a1d" />
    <TestEntry testId="761c5bcf-72b9-056b-66ae-e916b4f05698" executionId="6453002e-eb4d-426a-96a9-6c5b6f15b1f7" testListId="8c84fa94-04c1-424b-9868-57a2d4851a1d" />
    <TestEntry testId="bf916e7a-587f-db61-e51f-c1c138fae08e" executionId="f20a9daa-5ba6-4b4b-b117-e15e461ef212" testListId="8c84fa94-04c1-424b-9868-57a2d4851a1d" />
    <TestEntry testId="76051859-7ac0-8b79-ccaa-ab7615fa6ca9" executionId="4ff53b89-0d38-42e5-8df7-fee85e1643a6" testListId="8c84fa94-04c1-424b-9868-57a2d4851a1d" />
    <TestEntry testId="7b868729-a7d9-b4bd-a35b-2b2d7b5d9bb5" executionId="4c830af9-644d-4a84-9c6d-543990531913" testListId="8c84fa94-04c1-424b-9868-57a2d4851a1d" />
    <TestEntry testId="efbe4f48-5f09-2807-9859-cf733d88656a" executionId="723579bb-e084-461a-b346-5fe1e8485a8d" testListId="8c84fa94-04c1-424b-9868-57a2d4851a1d" />
    <TestEntry testId="22d19ee1-5bed-6913-69ec-95f0b2a325a6" executionId="92ca770c-a8ce-45ba-95c1-bcf39e4fd0cf" testListId="8c84fa94-04c1-424b-9868-57a2d4851a1d" />
    <TestEntry testId="868c51cd-2ed0-caf4-930e-a32f76e34612" executionId="87d8eb63-544e-4119-84ce-0d1baa8b3f77" testListId="8c84fa94-04c1-424b-9868-57a2d4851a1d" />
    <TestEntry testId="dfeadfcc-d335-58a2-4fe6-4cc30cd1d50e" executionId="9ce08230-459f-4d39-ae18-0f10430ede08" testListId="8c84fa94-04c1-424b-9868-57a2d4851a1d" />
    <TestEntry testId="cf1a7f54-772d-feca-c793-c785bf7a9a48" executionId="139cc85c-9762-413c-9b8f-2a991f1418c9" testListId="8c84fa94-04c1-424b-9868-57a2d4851a1d" />
    <TestEntry testId="03e7943a-3a85-b865-9cc9-5086866667ef" executionId="bb0bd628-a252-46ad-b9e1-7b95a749128f" testListId="8c84fa94-04c1-424b-9868-57a2d4851a1d" />
    <TestEntry testId="d1f3747c-5eca-0c4a-aa49-6dab5734bd8b" executionId="df486827-3648-4ad7-b738-23448b3e142a" testListId="8c84fa94-04c1-424b-9868-57a2d4851a1d" />
    <TestEntry testId="4a43a7a6-36bc-cdb3-7cd5-941f7a6a6201" executionId="f029c7f5-0551-425d-8cdb-ff4fed0dd6bd" testListId="8c84fa94-04c1-424b-9868-57a2d4851a1d" />
    <TestEntry testId="f64db5b4-7094-7bf1-b9ca-49c67e2cb640" executionId="0e9acb84-55c3-4719-addf-7d9a6d667635" testListId="8c84fa94-04c1-424b-9868-57a2d4851a1d" />
    <TestEntry testId="e8789788-d062-7bcb-8ca7-f4bbe3703bf0" executionId="7cd2bd29-09d9-4baa-be89-86e9ba0ebf5f" testListId="8c84fa94-04c1-424b-9868-57a2d4851a1d" />
    <TestEntry testId="5db20d54-1299-6913-ba76-5c31c4a4c6c7" executionId="12c3f275-e3f4-48b7-b177-8fabb57675bb" testListId="8c84fa94-04c1-424b-9868-57a2d4851a1d" />
    <TestEntry testId="ec2bb5ce-8ba6-da2f-68fc-027eb9686dc6" executionId="446c4da9-fedb-457b-a4cb-588579cc2c98" testListId="8c84fa94-04c1-424b-9868-57a2d4851a1d" />
    <TestEntry testId="e173c1c9-10bd-ebda-c266-dc1fd9e5ce2d" executionId="96b9b64a-649e-45f9-9263-f357a675ff80" testListId="8c84fa94-04c1-424b-9868-57a2d4851a1d" />
    <TestEntry testId="b7ff3946-0887-9b45-ae52-918c1fb3f91c" executionId="df2c2965-a17e-40c6-a971-ff54f95d43ca" testListId="8c84fa94-04c1-424b-9868-57a2d4851a1d" />
    <TestEntry testId="e551185a-d579-d0ef-e15f-99ac640e1edf" executionId="f842ff98-c5af-405f-adce-3e68845e01b9" testListId="8c84fa94-04c1-424b-9868-57a2d4851a1d" />
    <TestEntry testId="0fe2c665-0216-827d-74dd-e7abb80c09e8" executionId="3403326f-a2ac-414b-89d9-39c413cecd15" testListId="8c84fa94-04c1-424b-9868-57a2d4851a1d" />
    <TestEntry testId="8c1155ad-4343-9dd1-ae6d-966d43220ef5" executionId="5fe4bf30-f76e-4c92-a42f-b71d7956c93c" testListId="8c84fa94-04c1-424b-9868-57a2d4851a1d" />
    <TestEntry testId="162a25bc-d9c0-06f2-a10c-807e73da194d" executionId="5be0d1c4-de82-4227-98e2-7d4716b03166" testListId="8c84fa94-04c1-424b-9868-57a2d4851a1d" />
    <TestEntry testId="e8b54d22-5833-c6af-1880-51bbe4ef646b" executionId="cca9c030-35ec-41b7-a692-690705c2250b" testListId="8c84fa94-04c1-424b-9868-57a2d4851a1d" />
    <TestEntry testId="7e2d3571-f2ff-98a7-4489-389f2f7bc9b4" executionId="ecb20d76-e1e3-42bb-a8e4-112ed9bd0a0c" testListId="8c84fa94-04c1-424b-9868-57a2d4851a1d" />
    <TestEntry testId="fae3e5b1-3471-b55c-201c-61cba1fe0533" executionId="7cfa4d05-ba69-49f0-8557-66f9ddbe8d9a" testListId="8c84fa94-04c1-424b-9868-57a2d4851a1d" />
    <TestEntry testId="17ac4f67-f18c-90cf-b739-cb5128c7d3ff" executionId="15599c60-948c-4d0f-af16-da36e92af557" testListId="8c84fa94-04c1-424b-9868-57a2d4851a1d" />
    <TestEntry testId="afe1a36e-4732-7a8d-4923-ec2de8944d6a" executionId="62f2bc36-cdb6-4075-86af-2d4af3c7c9f1" testListId="8c84fa94-04c1-424b-9868-57a2d4851a1d" />
    <TestEntry testId="036c511c-80d5-ae60-9b16-887ddc6cfe56" executionId="35a04af5-7c1d-47d1-8649-9ac1d8e851f2" testListId="8c84fa94-04c1-424b-9868-57a2d4851a1d" />
    <TestEntry testId="ed63e1b5-13ae-37d5-c378-4e13d627385f" executionId="c332e664-8b20-4756-8f35-f90278b37614" testListId="8c84fa94-04c1-424b-9868-57a2d4851a1d" />
    <TestEntry testId="72e3145c-4ea1-d1a7-64e1-28f713cddac2" executionId="175c2314-db5f-4d82-9afb-64048d7c06ae" testListId="8c84fa94-04c1-424b-9868-57a2d4851a1d" />
    <TestEntry testId="ec935b51-0165-c4fe-9fa1-818a3a3f82b1" executionId="fc8e7136-2d3b-4e78-a9c2-7f83fcbe1e6e" testListId="8c84fa94-04c1-424b-9868-57a2d4851a1d" />
    <TestEntry testId="016bf2f1-df16-a342-9272-3c7aedd499ed" executionId="6a9ec2eb-4756-4eb3-80a9-010751e2c2b6" testListId="8c84fa94-04c1-424b-9868-57a2d4851a1d" />
    <TestEntry testId="2360b82e-3556-ae4b-94fe-bf467a8d1ccc" executionId="52ace822-7714-4fda-8da2-652a67d06cca" testListId="8c84fa94-04c1-424b-9868-57a2d4851a1d" />
    <TestEntry testId="c708e35f-fa80-f514-5ce2-0b0cc0be164e" executionId="60f4bf6b-a73b-429d-9fd1-94b6d9cbd501" testListId="8c84fa94-04c1-424b-9868-57a2d4851a1d" />
    <TestEntry testId="ff2fdd81-30cb-9dc1-bc21-2073ccbe1b4c" executionId="643281c1-4222-466c-8ab4-c369040e8ddc" testListId="8c84fa94-04c1-424b-9868-57a2d4851a1d" />
    <TestEntry testId="e4a7b75b-3e76-566f-5442-8c2f1c53ec4d" executionId="e88b02b2-1516-48db-a955-32c514deee60" testListId="8c84fa94-04c1-424b-9868-57a2d4851a1d" />
    <TestEntry testId="f5abbcc0-257e-8b42-2348-c9df372a9e6d" executionId="f61990a9-42a6-4ec7-8183-8076cd93e337" testListId="8c84fa94-04c1-424b-9868-57a2d4851a1d" />
    <TestEntry testId="04dafb86-8996-a999-877f-2a2a272a89ae" executionId="80ddda5b-db65-494d-85ae-4cb1726625fd" testListId="8c84fa94-04c1-424b-9868-57a2d4851a1d" />
    <TestEntry testId="5d63c57a-86be-491e-34f7-6eb59fd48721" executionId="16d8bf1f-c8d5-40b4-8159-f93624f16970" testListId="8c84fa94-04c1-424b-9868-57a2d4851a1d" />
    <TestEntry testId="8a31fdcd-7701-6e26-3585-8ccad978486a" executionId="caf41965-9599-42ca-b86d-85a48abe9501" testListId="8c84fa94-04c1-424b-9868-57a2d4851a1d" />
    <TestEntry testId="c8ab2aa8-63ff-b76e-96e3-3aa47b9973ea" executionId="ff9ff722-c1d8-45b7-9c10-17c869bc7a8b" testListId="8c84fa94-04c1-424b-9868-57a2d4851a1d" />
    <TestEntry testId="9b5aab13-83b9-7378-f488-5e937be07161" executionId="c9d6e695-f17a-455c-867b-a879241030ed" testListId="8c84fa94-04c1-424b-9868-57a2d4851a1d" />
    <TestEntry testId="b8e1eef2-131d-8592-a368-537ddef100fa" executionId="65fc0fe7-2bfe-41ba-b90e-099b589c12be" testListId="8c84fa94-04c1-424b-9868-57a2d4851a1d" />
    <TestEntry testId="eb00c80c-12f6-9b14-e2d2-50b39f2f1123" executionId="217f425e-790b-4dc6-9444-585576247034" testListId="8c84fa94-04c1-424b-9868-57a2d4851a1d" />
    <TestEntry testId="d585e9e9-48cc-838a-2f35-65788b15a4b8" executionId="9b4fa0f9-2546-4501-a2e0-e0ec107e4221" testListId="8c84fa94-04c1-424b-9868-57a2d4851a1d" />
    <TestEntry testId="5325b28c-cdeb-9a24-7dbb-b6729326ea8e" executionId="d1a38998-2cb0-4e9b-9f47-a2d35cdc142f" testListId="8c84fa94-04c1-424b-9868-57a2d4851a1d" />
    <TestEntry testId="1993d5a1-a7b3-ca60-e566-97efedc24cb2" executionId="e0b125ef-3e89-4418-9b89-10554dbceeab" testListId="8c84fa94-04c1-424b-9868-57a2d4851a1d" />
    <TestEntry testId="b39c0b72-7fc4-e6d0-7529-c4640b0961f8" executionId="3fb0f925-8bb8-4f98-89d0-24e311fbbfdf" testListId="8c84fa94-04c1-424b-9868-57a2d4851a1d" />
    <TestEntry testId="d4556c88-8924-3e02-06a0-f55d28ae2acc" executionId="7f046e27-0764-4147-b66e-df1bf09c82be" testListId="8c84fa94-04c1-424b-9868-57a2d4851a1d" />
    <TestEntry testId="98919f41-5e51-78f7-8855-60ea670efed2" executionId="4c93f7ab-bfc6-40f2-9306-2235e5ab73c9" testListId="8c84fa94-04c1-424b-9868-57a2d4851a1d" />
    <TestEntry testId="60e2dc9f-c7f1-d051-6e02-0f369f93a959" executionId="feb68355-3e0e-48a3-be4d-be67c73f767f" testListId="8c84fa94-04c1-424b-9868-57a2d4851a1d" />
    <TestEntry testId="6f1c9bac-3344-687c-d49a-8016924ba8da" executionId="7742611e-2dc0-488a-abfb-b843bd9c35dd" testListId="8c84fa94-04c1-424b-9868-57a2d4851a1d" />
    <TestEntry testId="062a688c-4fde-27de-d870-b728fe6c388a" executionId="6e6b3767-19a4-431e-8798-2d91a58c3946" testListId="8c84fa94-04c1-424b-9868-57a2d4851a1d" />
    <TestEntry testId="d71b89ba-42a4-fd1e-3c59-df1efa14fb75" executionId="ee8e937c-9cae-4596-8ad6-d6506632f3fc" testListId="8c84fa94-04c1-424b-9868-57a2d4851a1d" />
    <TestEntry testId="10cac10a-4372-afbd-2acd-ab8cc99cdea0" executionId="e052c763-4dae-442e-a2ba-8c0482459ed6" testListId="8c84fa94-04c1-424b-9868-57a2d4851a1d" />
    <TestEntry testId="04f487bc-1ffd-e7f0-5006-216fb959258b" executionId="c18e940f-517a-4815-bace-55ac7c885f24" testListId="8c84fa94-04c1-424b-9868-57a2d4851a1d" />
    <TestEntry testId="980e369b-b387-777f-1863-080ea651a2f6" executionId="08c4b218-bfa9-48fe-bd7a-353813e5914e" testListId="8c84fa94-04c1-424b-9868-57a2d4851a1d" />
    <TestEntry testId="84b03693-a85f-6b3e-5bb8-0fea81f6c3a9" executionId="e0bb2fe8-46b8-44e7-bd95-512bfa9543c1" testListId="8c84fa94-04c1-424b-9868-57a2d4851a1d" />
    <TestEntry testId="8286c8f0-6fea-d8df-7061-3b900eb63242" executionId="23b0e037-a472-4fbb-ac76-08890dda0791" testListId="8c84fa94-04c1-424b-9868-57a2d4851a1d" />
    <TestEntry testId="7bcab9c1-6d26-6760-a7d3-0c5a68c42192" executionId="631ea6e4-910e-415d-b4dd-b7fcf6f0e31a" testListId="8c84fa94-04c1-424b-9868-57a2d4851a1d" />
    <TestEntry testId="ea91cfe3-47f8-215d-cc58-f51023864dbb" executionId="3aac722d-476a-4d37-8a99-afc966c0e027" testListId="8c84fa94-04c1-424b-9868-57a2d4851a1d" />
    <TestEntry testId="6ed10f90-112e-2423-03b0-83cb65545565" executionId="6055036b-7dd4-43ea-ac2c-23f169dafb33" testListId="8c84fa94-04c1-424b-9868-57a2d4851a1d" />
    <TestEntry testId="5cbd0d44-4b78-c09b-cd2e-049f25aea0e3" executionId="a61abeae-0c29-43a8-9f5b-89c512cb2a7e" testListId="8c84fa94-04c1-424b-9868-57a2d4851a1d" />
    <TestEntry testId="66a937bc-22e3-ae10-d1fe-48e2cfff75c1" executionId="002a29f1-8068-4fbc-a756-918141ac1f6f" testListId="8c84fa94-04c1-424b-9868-57a2d4851a1d" />
    <TestEntry testId="6ffa6ac0-06e3-6f92-4fd1-52cdb7a14458" executionId="94dcaff2-f410-4102-9bd6-a2891e80ff4b" testListId="8c84fa94-04c1-424b-9868-57a2d4851a1d" />
    <TestEntry testId="0c36186c-36f8-f3bd-83b7-fe5cad2012e5" executionId="9b00983c-bd60-4249-adde-716a70cedd29" testListId="8c84fa94-04c1-424b-9868-57a2d4851a1d" />
    <TestEntry testId="f17f8983-4b30-1924-b964-b27583e5ec8d" executionId="771676fd-3b72-43d1-ad8e-21dbae4d654c" testListId="8c84fa94-04c1-424b-9868-57a2d4851a1d" />
    <TestEntry testId="a2e4d76f-1d88-8fb7-d25f-784466cdaf43" executionId="f0a596fb-5493-4e6f-9243-7068d82695c8" testListId="8c84fa94-04c1-424b-9868-57a2d4851a1d" />
    <TestEntry testId="21a51580-5212-2d77-d356-30d892852627" executionId="9cd62ebc-2bbc-4342-bff2-a07bb1be1011" testListId="8c84fa94-04c1-424b-9868-57a2d4851a1d" />
    <TestEntry testId="a0f5417e-7a29-4837-0986-398d06e91e59" executionId="68ac9cea-0bdf-4574-a3d7-6d09a82936ff" testListId="8c84fa94-04c1-424b-9868-57a2d4851a1d" />
    <TestEntry testId="547ed9c1-0360-0183-99a9-116da1001a18" executionId="85b90013-cbc5-409a-adc2-2974172e67d8" testListId="8c84fa94-04c1-424b-9868-57a2d4851a1d" />
    <TestEntry testId="e40cd2cf-af31-570a-1442-15a9a02c408a" executionId="0d6f14a2-ffc9-4cdb-bc83-42fad05a661d" testListId="8c84fa94-04c1-424b-9868-57a2d4851a1d" />
    <TestEntry testId="f32844a7-b3cf-7504-5b22-9a1d6b9fb1c7" executionId="2dc3d45e-f9ed-4341-a3ac-ba7796ff0390" testListId="8c84fa94-04c1-424b-9868-57a2d4851a1d" />
    <TestEntry testId="367b67b2-c151-ec3a-19eb-bb4842e863ae" executionId="a9a64f71-ecfb-403c-bd57-97a5a05046ca" testListId="8c84fa94-04c1-424b-9868-57a2d4851a1d" />
    <TestEntry testId="757256dd-467f-81b8-f45d-d689ac7088a4" executionId="926a7f3b-2ec1-4db9-bc69-4beb2fcd47ce" testListId="8c84fa94-04c1-424b-9868-57a2d4851a1d" />
    <TestEntry testId="351f048c-71c4-dc8b-99ca-3461752db860" executionId="3aace9d1-6906-4f16-a1e2-ff53830cdd47" testListId="8c84fa94-04c1-424b-9868-57a2d4851a1d" />
    <TestEntry testId="27ff7b48-1381-0d7a-0bd1-5361a81958af" executionId="7f9959af-c0c2-49de-b429-038bd68e9d2f" testListId="8c84fa94-04c1-424b-9868-57a2d4851a1d" />
    <TestEntry testId="1534eb68-5d5b-3b4b-0ae0-de3a87eb9a98" executionId="2c4e2a5f-adac-4aee-925a-a9b71bca2276" testListId="8c84fa94-04c1-424b-9868-57a2d4851a1d" />
    <TestEntry testId="b7d7a6a8-81ec-bfc7-1574-3ef76fea150f" executionId="6505f223-2ba0-437b-9a09-74644100cb03" testListId="8c84fa94-04c1-424b-9868-57a2d4851a1d" />
    <TestEntry testId="0b7ca725-354a-4810-ee75-a0712c9d04e9" executionId="90d92e15-d8e4-42a4-8e0c-a906657ede38" testListId="8c84fa94-04c1-424b-9868-57a2d4851a1d" />
    <TestEntry testId="07683f56-0598-a6bc-fd4b-33f4c089fb24" executionId="7f27ec44-b429-419f-8a6d-7a109f099092" testListId="8c84fa94-04c1-424b-9868-57a2d4851a1d" />
    <TestEntry testId="5e0da68f-f897-ea19-b5ee-220614b4fd75" executionId="314c5619-1928-42e1-acac-7e13cf0c8103" testListId="8c84fa94-04c1-424b-9868-57a2d4851a1d" />
    <TestEntry testId="b6e697b0-331f-09b2-0c91-72e4a8018e31" executionId="8a0b8e5f-ef15-4b6b-a6f5-a17e9d0eb147" testListId="8c84fa94-04c1-424b-9868-57a2d4851a1d" />
    <TestEntry testId="509764e7-8272-a7e5-b6e9-2e44191619f1" executionId="779408b6-5e62-44b9-9c92-3698177fc2b9" testListId="8c84fa94-04c1-424b-9868-57a2d4851a1d" />
    <TestEntry testId="4f94d29f-00b3-0b43-5a8e-bb0f7865bba3" executionId="11ce0639-ae68-42fa-abb3-e254c450e3cf" testListId="8c84fa94-04c1-424b-9868-57a2d4851a1d" />
    <TestEntry testId="97650845-4cd3-5ee7-64de-36675a4ef289" executionId="661cb688-a450-47da-90af-99150efb8485" testListId="8c84fa94-04c1-424b-9868-57a2d4851a1d" />
  </TestEntries>
  <TestLists>
    <TestList name="Results Not in a List" id="8c84fa94-04c1-424b-9868-57a2d4851a1d" />
    <TestList name="All Loaded Results" id="19431567-8539-422a-85d7-44ee4e166bda" />
  </TestLists>
  <ResultSummary outcome="Completed">
    <Counters total="670" executed="670" passed="670" failed="0" error="0" timeout="0" aborted="0" inconclusive="0" passedButRunAborted="0" notRunnable="0" notExecuted="0" disconnected="0" warning="0" completed="0" inProgress="0" pending="0" />
    <Output>
      <StdOut>NUnit Adapter 4.5.0.0: Test execution started&#xD;
Running all tests in C:\Users\mtnoo\OneDrive\Desktop\EasyHMS\easyHMSAPI\EasyHMSAPI.UnitTests\bin\Debug\net8.0\EasyHMSAPI.UnitTests.dll&#xD;
   NUnit3TestExecutor discovered 670 of 670 NUnit test cases using Current Discovery mode, Non-Explicit run&#xD;
NUnit Adapter 4.5.0.0: Test execution complete&#xD;
</StdOut>
    </Output>
  </ResultSummary>
</TestRun>